#
# There is insufficient memory for the Java Runtime Environment to continue.
# Native memory allocation (malloc) failed to allocate 32744 bytes for ChunkPool::allocate
# Possible reasons:
#   The system is out of physical RAM or swap space
#   The process is running with CompressedOops enabled, and the Java Heap may be blocking the growth of the native heap
# Possible solutions:
#   Reduce memory load on the system
#   Increase physical memory or swap space
#   Check if swap backing store is full
#   Decrease Java heap size (-Xmx/-Xms)
#   Decrease number of Java threads
#   Decrease Java thread stack sizes (-Xss)
#   Set larger code cache with -XX:ReservedCodeCacheSize=
#
#  , tid=1476
Host: Intel(R) Core(TM) i5-9300H CPU @ 2.40GHz, 8 cores, 15G,  Windows 10 , 64 bit Build 19041 (10.0.19041.928)
Time: Wed May 12 09:23:15 2021 Hora est. Pacífico, Sudamérica elapsed time: 15.151661 seconds (0d 0h 0m 15s)

---------------  T H R E A D  ---------------

Current thread (0x000001ea6a05f8b0):  JavaThread "C1 CompilerThread0" daemon [_thread_in_native, id=1476, stack(0x000000b68ad00000,0x000000b68ae00000)]


Current CompileTask:
C1:  15151 4237       1      
[error occurred during error reporting (printing current compile task), id 0xe0000001, Out of Memory Error (./open/src/hotspot/share/memory/arena.cpp:79)]

Stack: [0x000000b68ad00000,0x000000b68ae00000]
Native frames: (J=compiled Java code, j=interpreted, Vv=VM code, C=native code)
V  [jvm.dll+0x62ae9a]
V  [jvm.dll+0x7817a9]
V  [jvm.dll+0x782f03]
V  [jvm.dll+0x783563]
V  [jvm.dll+0x216325]
V  [jvm.dll+0x982cf]
V  [jvm.dll+0x9861c]
V  [jvm.dll+0x6f685c]
V  [jvm.dll+0x6f6949]
V  [jvm.dll+0x502ee3]
V  [jvm.dll+0x5e0439]
V  [jvm.dll+0x1fda66]
V  [jvm.dll+0x1fdfe7]
V  [jvm.dll+0x78163f]
V  [jvm.dll+0x782f03]
V  [jvm.dll+0x783563]
V  [jvm.dll+0x216325]
V  [jvm.dll+0x982cf]
V  [jvm.dll+0x9861c]
V  [jvm.dll+0xf68f5]
V  [jvm.dll+0x155cb3]
V  [jvm.dll+0x156273]
V  [jvm.dll+0x110065]
V  [jvm.dll+0x10f91f]
V  [jvm.dll+0x10fb54]
V  [jvm.dll+0x10ee92]
V  [jvm.dll+0x110d2c]
V  [jvm.dll+0x1f9225]
V  [jvm.dll+0x1f72cc]
V  [jvm.dll+0x74495d]
V  [jvm.dll+0x73d75a]
V  [jvm.dll+0x629c56]
C  [ucrtbase.dll+0x21bb2]
C  [KERNEL32.DLL+0x17034]
C  [ntdll.dll+0x52651]


---------------  P R O C E S S  ---------------

Threads class SMR info:
_java_thread_list=0x000001ea6d5a4aa0, length=28, elements={
0x000001ea4a87b930, 0x000001ea6a03c130, 0x000001ea6a03f3c0, 0x000001ea6a05b6b0,
0x000001ea6a05c070, 0x000001ea6a05ee40, 0x000001ea6a05f8b0, 0x000001ea6a091930,
0x000001ea6a1f5020, 0x000001ea6a255930, 0x000001ea6a2587e0, 0x000001ea6a259470,
0x000001ea6ab0d880, 0x000001ea6ace9ef0, 0x000001ea6ac8a6b0, 0x000001ea6ac8de10,
0x000001ea6a268840, 0x000001ea6b9b11f0, 0x000001ea6b9d1010, 0x000001ea6b9ec130,
0x000001ea6bc57420, 0x000001ea6bc57dc0, 0x000001ea6bc5a440, 0x000001ea6bc58290,
0x000001ea6bc578f0, 0x000001ea6bc58760, 0x000001ea6bc59100, 0x000001ea6bc59aa0
}

Java Threads: ( => current thread )
  0x000001ea4a87b930 JavaThread "main" [_thread_in_native, id=19992, stack(0x000000b68a000000,0x000000b68a100000)]
  0x000001ea6a03c130 JavaThread "Reference Handler" daemon [_thread_blocked, id=23116, stack(0x000000b68a800000,0x000000b68a900000)]
  0x000001ea6a03f3c0 JavaThread "Finalizer" daemon [_thread_blocked, id=7904, stack(0x000000b68a900000,0x000000b68aa00000)]
  0x000001ea6a05b6b0 JavaThread "Signal Dispatcher" daemon [_thread_blocked, id=2788, stack(0x000000b68aa00000,0x000000b68ab00000)]
  0x000001ea6a05c070 JavaThread "Attach Listener" daemon [_thread_blocked, id=21520, stack(0x000000b68ab00000,0x000000b68ac00000)]
  0x000001ea6a05ee40 JavaThread "Service Thread" daemon [_thread_blocked, id=16724, stack(0x000000b68ac00000,0x000000b68ad00000)]
=>0x000001ea6a05f8b0 JavaThread "C1 CompilerThread0" daemon [_thread_in_native, id=1476, stack(0x000000b68ad00000,0x000000b68ae00000)]
  0x000001ea6a091930 JavaThread "Sweeper thread" daemon [_thread_blocked, id=11440, stack(0x000000b68ae00000,0x000000b68af00000)]
  0x000001ea6a1f5020 JavaThread "Common-Cleaner" daemon [_thread_blocked, id=24904, stack(0x000000b68af00000,0x000000b68b000000)]
  0x000001ea6a255930 JavaThread "JDWP Transport Listener: dt_socket" daemon [_thread_blocked, id=22736, stack(0x000000b68b000000,0x000000b68b100000)]
  0x000001ea6a2587e0 JavaThread "JDWP Event Helper Thread" daemon [_thread_blocked, id=18060, stack(0x000000b68b100000,0x000000b68b200000)]
  0x000001ea6a259470 JavaThread "JDWP Command Reader" daemon [_thread_in_native, id=23836, stack(0x000000b68b200000,0x000000b68b300000)]
  0x000001ea6ab0d880 JavaThread "Notification Thread" daemon [_thread_blocked, id=14320, stack(0x000000b68b300000,0x000000b68b400000)]
  0x000001ea6ace9ef0 JavaThread "RMI TCP Accept-0" daemon [_thread_in_native, id=18696, stack(0x000000b68b400000,0x000000b68b500000)]
  0x000001ea6ac8a6b0 JavaThread "RMI TCP Accept-55935" daemon [_thread_in_native, id=10764, stack(0x000000b68b500000,0x000000b68b600000)]
  0x000001ea6ac8de10 JavaThread "RMI TCP Accept-0" daemon [_thread_in_native, id=15144, stack(0x000000b68b600000,0x000000b68b700000)]
  0x000001ea6a268840 JavaThread "RMI TCP Connection(1)-127.0.0.1" daemon [_thread_in_native, id=22904, stack(0x000000b68be00000,0x000000b68bf00000)]
  0x000001ea6b9b11f0 JavaThread "RMI Scheduler(0)" daemon [_thread_blocked, id=25172, stack(0x000000b68bf00000,0x000000b68c000000)]
  0x000001ea6b9d1010 JavaThread "RMI TCP Connection(2)-127.0.0.1" daemon [_thread_in_native, id=25396, stack(0x000000b68c000000,0x000000b68c100000)]
  0x000001ea6b9ec130 JavaThread "JMX server connection timeout 24" daemon [_thread_blocked, id=19160, stack(0x000000b68c100000,0x000000b68c200000)]
  0x000001ea6bc57420 JavaThread "Catalina-utility-1" [_thread_blocked, id=19724, stack(0x000000b68c300000,0x000000b68c400000)]
  0x000001ea6bc57dc0 JavaThread "Catalina-utility-2" [_thread_blocked, id=18200, stack(0x000000b68c400000,0x000000b68c500000)]
  0x000001ea6bc5a440 JavaThread "container-0" [_thread_blocked, id=19320, stack(0x000000b68c500000,0x000000b68c600000)]
  0x000001ea6bc58290 JavaThread "Timer-0" daemon [_thread_blocked, id=6832, stack(0x000000b68c600000,0x000000b68c700000)]
  0x000001ea6bc578f0 JavaThread "oracle.jdbc.driver.BlockSource.ThreadedCachingBlockSource.BlockReleaser" daemon [_thread_blocked, id=2408, stack(0x000000b68c700000,0x000000b68c800000)]
  0x000001ea6bc58760 JavaThread "InterruptTimer" daemon [_thread_blocked, id=23432, stack(0x000000b68ca00000,0x000000b68cb00000)]
  0x000001ea6bc59100 JavaThread "HikariPool-1 housekeeper" daemon [_thread_blocked, id=24856, stack(0x000000b68cc00000,0x000000b68cd00000)]
  0x000001ea6bc59aa0 JavaThread "HikariPool-1 connection adder" daemon [_thread_in_native, id=11528, stack(0x000000b68cb00000,0x000000b68cc00000)]

Other Threads:
  0x000001ea6a005f40 VMThread "VM Thread" [stack: 0x000000b68a700000,0x000000b68a800000] [id=18776]
  0x000001ea4a87c470 WatcherThread [stack: 0x000000b68b700000,0x000000b68b800000] [id=22396]
  0x000001ea4a8cdaa0 GCTaskThread "GC Thread#0" [stack: 0x000000b68a200000,0x000000b68a300000] [id=23644]
  0x000001ea6ae0eb40 GCTaskThread "GC Thread#1" [stack: 0x000000b68b800000,0x000000b68b900000] [id=24644]
  0x000001ea6ae0de80 GCTaskThread "GC Thread#2" [stack: 0x000000b68b900000,0x000000b68ba00000] [id=17000]
  0x000001ea6ae11180 GCTaskThread "GC Thread#3" [stack: 0x000000b68ba00000,0x000000b68bb00000] [id=21684]
  0x000001ea6ae104c0 GCTaskThread "GC Thread#4" [stack: 0x000000b68bb00000,0x000000b68bc00000] [id=23376]
  0x000001ea6ae114b0 GCTaskThread "GC Thread#5" [stack: 0x000000b68bc00000,0x000000b68bd00000] [id=10580]
  0x000001ea6ae10b20 GCTaskThread "GC Thread#6" [stack: 0x000000b68c800000,0x000000b68c900000] [id=22392]
  0x000001ea6ae0f800 GCTaskThread "GC Thread#7" [stack: 0x000000b68c900000,0x000000b68ca00000] [id=22556]
  0x000001ea4a8dfae0 ConcurrentGCThread "G1 Main Marker" [stack: 0x000000b68a300000,0x000000b68a400000] [id=20724]
  0x000001ea4a8e0d80 ConcurrentGCThread "G1 Conc#0" [stack: 0x000000b68a400000,0x000000b68a500000] [id=23324]
  0x000001ea6ae0e4e0 ConcurrentGCThread "G1 Conc#1" [stack: 0x000000b68c200000,0x000000b68c300000] [id=23612]
  0x000001ea4a933300 ConcurrentGCThread "G1 Refine#0" [stack: 0x000000b68a500000,0x000000b68a600000] [id=18704]
  0x000001ea6ad8ac60 ConcurrentGCThread "G1 Refine#1" [stack: 0x000000b68bd00000,0x000000b68be00000] [id=7656]
  0x000001ea696324d0 ConcurrentGCThread "G1 Young RemSet Sampling" [stack: 0x000000b68a600000,0x000000b68a700000] [id=18580]

Threads with active compile tasks:
C1 CompilerThread0    15211 4237       1       java.util.regex.Pattern::sequence (704 bytes)

VM state: not at safepoint (normal execution)

VM Mutex/Monitor currently owned by a thread: None

Heap address: 0x0000000701200000, size: 4078 MB, Compressed Oops mode: Zero based, Oop shift amount: 3
CDS disabled.
Compressed class space mapped at: 0x0000000800000000-0x0000000840000000, size: 1073741824
Narrow klass base: 0x0000000800000000, Narrow klass shift: 0, Narrow klass range: 0x40000000

GC Precious Log:
 CPUs: 8 total, 8 available
 Memory: 16304M
 Large Page Support: Disabled
 NUMA Support: Disabled
 Compressed Oops: Enabled (Zero based)
 Heap Region Size: 2M
 Heap Min Capacity: 8M
 Heap Initial Capacity: 256M
 Heap Max Capacity: 4078M
 Pre-touch: Disabled
 Parallel Workers: 8
 Concurrent Workers: 2
 Concurrent Refinement Workers: 8
 Periodic GC: Disabled

Heap:
 garbage-first heap   total 157696K, used 61557K [0x0000000701200000, 0x0000000800000000)
  region size 2048K, 24 young (49152K), 2 survivors (4096K)
 Metaspace       used 52292K, capacity 52865K, committed 53120K, reserved 1095680K
  class space    used 6564K, capacity 6770K, committed 6784K, reserved 1048576K

Heap Regions: E=young(eden), S=young(survivor), O=old, HS=humongous(starts), HC=humongous(continues), CS=collection set, F=free, OA=open archive, CA=closed archive, TAMS=top-at-mark-start (previous, next)
|   0|0x0000000701200000, 0x0000000701400000, 0x0000000701400000|100%| O|  |TAMS 0x0000000701400000, 0x0000000701200000| Untracked 
|   1|0x0000000701400000, 0x0000000701600000, 0x0000000701600000|100%| O|  |TAMS 0x0000000701600000, 0x0000000701400000| Untracked 
|   2|0x0000000701600000, 0x0000000701800000, 0x0000000701800000|100%| O|  |TAMS 0x0000000701800000, 0x0000000701600000| Untracked 
|   3|0x0000000701800000, 0x000000070187c400, 0x0000000701a00000| 24%| O|  |TAMS 0x000000070187c400, 0x0000000701800000| Untracked 
|   4|0x0000000701a00000, 0x0000000701c00000, 0x0000000701c00000|100%| O|  |TAMS 0x0000000701c00000, 0x0000000701a00000| Untracked 
|   5|0x0000000701c00000, 0x0000000701e00000, 0x0000000701e00000|100%| O|  |TAMS 0x0000000701e00000, 0x0000000701c00000| Untracked 
|   6|0x0000000701e00000, 0x0000000702000000, 0x0000000702000000|100%| O|  |TAMS 0x0000000701f05200, 0x0000000701e00000| Untracked 
|   7|0x0000000702000000, 0x0000000702200000, 0x0000000702200000|100%| O|  |TAMS 0x0000000702000000, 0x0000000702000000| Untracked 
|   8|0x0000000702200000, 0x000000070222d000, 0x0000000702400000|  8%| O|  |TAMS 0x0000000702200000, 0x0000000702200000| Untracked 
|   9|0x0000000702400000, 0x0000000702400000, 0x0000000702600000|  0%| F|  |TAMS 0x0000000702400000, 0x0000000702400000| Untracked 
|  10|0x0000000702600000, 0x0000000702600000, 0x0000000702800000|  0%| F|  |TAMS 0x0000000702600000, 0x0000000702600000| Untracked 
|  11|0x0000000702800000, 0x0000000702800000, 0x0000000702a00000|  0%| F|  |TAMS 0x0000000702800000, 0x0000000702800000| Untracked 
|  12|0x0000000702a00000, 0x0000000702a00000, 0x0000000702c00000|  0%| F|  |TAMS 0x0000000702a00000, 0x0000000702a00000| Untracked 
|  13|0x0000000702c00000, 0x0000000702c00000, 0x0000000702e00000|  0%| F|  |TAMS 0x0000000702c00000, 0x0000000702c00000| Untracked 
|  14|0x0000000702e00000, 0x0000000702e00000, 0x0000000703000000|  0%| F|  |TAMS 0x0000000702e00000, 0x0000000702e00000| Untracked 
|  15|0x0000000703000000, 0x0000000703000000, 0x0000000703200000|  0%| F|  |TAMS 0x0000000703000000, 0x0000000703000000| Untracked 
|  16|0x0000000703200000, 0x0000000703200000, 0x0000000703400000|  0%| F|  |TAMS 0x0000000703200000, 0x0000000703200000| Untracked 
|  17|0x0000000703400000, 0x0000000703400000, 0x0000000703600000|  0%| F|  |TAMS 0x0000000703400000, 0x0000000703400000| Untracked 
|  18|0x0000000703600000, 0x0000000703600000, 0x0000000703800000|  0%| F|  |TAMS 0x0000000703600000, 0x0000000703600000| Untracked 
|  19|0x0000000703800000, 0x0000000703800000, 0x0000000703a00000|  0%| F|  |TAMS 0x0000000703800000, 0x0000000703800000| Untracked 
|  20|0x0000000703a00000, 0x0000000703a00000, 0x0000000703c00000|  0%| F|  |TAMS 0x0000000703a00000, 0x0000000703a00000| Untracked 
|  21|0x0000000703c00000, 0x0000000703c00000, 0x0000000703e00000|  0%| F|  |TAMS 0x0000000703c00000, 0x0000000703c00000| Untracked 
|  22|0x0000000703e00000, 0x0000000703e00000, 0x0000000704000000|  0%| F|  |TAMS 0x0000000703e00000, 0x0000000703e00000| Untracked 
|  23|0x0000000704000000, 0x0000000704000000, 0x0000000704200000|  0%| F|  |TAMS 0x0000000704000000, 0x0000000704000000| Untracked 
|  24|0x0000000704200000, 0x0000000704200000, 0x0000000704400000|  0%| F|  |TAMS 0x0000000704200000, 0x0000000704200000| Untracked 
|  25|0x0000000704400000, 0x0000000704400000, 0x0000000704600000|  0%| F|  |TAMS 0x0000000704400000, 0x0000000704400000| Untracked 
|  26|0x0000000704600000, 0x0000000704600000, 0x0000000704800000|  0%| F|  |TAMS 0x0000000704600000, 0x0000000704600000| Untracked 
|  27|0x0000000704800000, 0x0000000704800000, 0x0000000704a00000|  0%| F|  |TAMS 0x0000000704800000, 0x0000000704800000| Untracked 
|  28|0x0000000704a00000, 0x0000000704a00000, 0x0000000704c00000|  0%| F|  |TAMS 0x0000000704a00000, 0x0000000704a00000| Untracked 
|  29|0x0000000704c00000, 0x0000000704c00000, 0x0000000704e00000|  0%| F|  |TAMS 0x0000000704c00000, 0x0000000704c00000| Untracked 
|  30|0x0000000704e00000, 0x0000000704f74020, 0x0000000705000000| 72%| S|CS|TAMS 0x0000000704e00000, 0x0000000704e00000| Complete 
|  31|0x0000000705000000, 0x0000000705200000, 0x0000000705200000|100%| S|CS|TAMS 0x0000000705000000, 0x0000000705000000| Complete 
|  32|0x0000000705200000, 0x0000000705200000, 0x0000000705400000|  0%| F|  |TAMS 0x0000000705200000, 0x0000000705200000| Untracked 
|  33|0x0000000705400000, 0x0000000705400000, 0x0000000705600000|  0%| F|  |TAMS 0x0000000705400000, 0x0000000705400000| Untracked 
|  34|0x0000000705600000, 0x0000000705600000, 0x0000000705800000|  0%| F|  |TAMS 0x0000000705600000, 0x0000000705600000| Untracked 
|  35|0x0000000705800000, 0x0000000705800000, 0x0000000705a00000|  0%| F|  |TAMS 0x0000000705800000, 0x0000000705800000| Untracked 
|  36|0x0000000705a00000, 0x0000000705a00000, 0x0000000705c00000|  0%| F|  |TAMS 0x0000000705a00000, 0x0000000705a00000| Untracked 
|  37|0x0000000705c00000, 0x0000000705c00000, 0x0000000705e00000|  0%| F|  |TAMS 0x0000000705c00000, 0x0000000705c00000| Untracked 
|  38|0x0000000705e00000, 0x0000000705e00000, 0x0000000706000000|  0%| F|  |TAMS 0x0000000705e00000, 0x0000000705e00000| Untracked 
|  39|0x0000000706000000, 0x0000000706000000, 0x0000000706200000|  0%| F|  |TAMS 0x0000000706000000, 0x0000000706000000| Untracked 
|  40|0x0000000706200000, 0x0000000706200000, 0x0000000706400000|  0%| F|  |TAMS 0x0000000706200000, 0x0000000706200000| Untracked 
|  41|0x0000000706400000, 0x0000000706400000, 0x0000000706600000|  0%| F|  |TAMS 0x0000000706400000, 0x0000000706400000| Untracked 
|  42|0x0000000706600000, 0x0000000706600000, 0x0000000706800000|  0%| F|  |TAMS 0x0000000706600000, 0x0000000706600000| Untracked 
|  43|0x0000000706800000, 0x0000000706800000, 0x0000000706a00000|  0%| F|  |TAMS 0x0000000706800000, 0x0000000706800000| Untracked 
|  44|0x0000000706a00000, 0x0000000706a00000, 0x0000000706c00000|  0%| F|  |TAMS 0x0000000706a00000, 0x0000000706a00000| Untracked 
|  45|0x0000000706c00000, 0x0000000706c00000, 0x0000000706e00000|  0%| F|  |TAMS 0x0000000706c00000, 0x0000000706c00000| Untracked 
|  46|0x0000000706e00000, 0x0000000706e00000, 0x0000000707000000|  0%| F|  |TAMS 0x0000000706e00000, 0x0000000706e00000| Untracked 
|  47|0x0000000707000000, 0x0000000707000000, 0x0000000707200000|  0%| F|  |TAMS 0x0000000707000000, 0x0000000707000000| Untracked 
|  48|0x0000000707200000, 0x0000000707200000, 0x0000000707400000|  0%| F|  |TAMS 0x0000000707200000, 0x0000000707200000| Untracked 
|  49|0x0000000707400000, 0x0000000707400000, 0x0000000707600000|  0%| F|  |TAMS 0x0000000707400000, 0x0000000707400000| Untracked 
|  50|0x0000000707600000, 0x0000000707600000, 0x0000000707800000|  0%| F|  |TAMS 0x0000000707600000, 0x0000000707600000| Untracked 
|  51|0x0000000707800000, 0x0000000707800000, 0x0000000707a00000|  0%| F|  |TAMS 0x0000000707800000, 0x0000000707800000| Untracked 
|  52|0x0000000707a00000, 0x0000000707a00000, 0x0000000707c00000|  0%| F|  |TAMS 0x0000000707a00000, 0x0000000707a00000| Untracked 
|  53|0x0000000707c00000, 0x0000000707c00000, 0x0000000707e00000|  0%| F|  |TAMS 0x0000000707c00000, 0x0000000707c00000| Untracked 
|  54|0x0000000707e00000, 0x0000000707e00000, 0x0000000708000000|  0%| F|  |TAMS 0x0000000707e00000, 0x0000000707e00000| Untracked 
|  55|0x0000000708000000, 0x000000070812ce20, 0x0000000708200000| 58%| E|  |TAMS 0x0000000708000000, 0x0000000708000000| Complete 
|  56|0x0000000708200000, 0x0000000708400000, 0x0000000708400000|100%| E|CS|TAMS 0x0000000708200000, 0x0000000708200000| Complete 
|  57|0x0000000708400000, 0x0000000708600000, 0x0000000708600000|100%| E|CS|TAMS 0x0000000708400000, 0x0000000708400000| Complete 
|  58|0x0000000708600000, 0x0000000708800000, 0x0000000708800000|100%| E|CS|TAMS 0x0000000708600000, 0x0000000708600000| Complete 
|  59|0x0000000708800000, 0x0000000708a00000, 0x0000000708a00000|100%| E|CS|TAMS 0x0000000708800000, 0x0000000708800000| Complete 
|  60|0x0000000708a00000, 0x0000000708c00000, 0x0000000708c00000|100%| E|CS|TAMS 0x0000000708a00000, 0x0000000708a00000| Complete 
|  61|0x0000000708c00000, 0x0000000708e00000, 0x0000000708e00000|100%| E|CS|TAMS 0x0000000708c00000, 0x0000000708c00000| Complete 
|  62|0x0000000708e00000, 0x0000000709000000, 0x0000000709000000|100%| E|CS|TAMS 0x0000000708e00000, 0x0000000708e00000| Complete 
|  63|0x0000000709000000, 0x0000000709200000, 0x0000000709200000|100%| E|CS|TAMS 0x0000000709000000, 0x0000000709000000| Complete 
|  64|0x0000000709200000, 0x0000000709400000, 0x0000000709400000|100%| E|CS|TAMS 0x0000000709200000, 0x0000000709200000| Complete 
|  65|0x0000000709400000, 0x0000000709600000, 0x0000000709600000|100%| E|CS|TAMS 0x0000000709400000, 0x0000000709400000| Complete 
|  66|0x0000000709600000, 0x0000000709800000, 0x0000000709800000|100%| E|CS|TAMS 0x0000000709600000, 0x0000000709600000| Complete 
|  67|0x0000000709800000, 0x0000000709a00000, 0x0000000709a00000|100%| E|CS|TAMS 0x0000000709800000, 0x0000000709800000| Complete 
|  68|0x0000000709a00000, 0x0000000709c00000, 0x0000000709c00000|100%| E|CS|TAMS 0x0000000709a00000, 0x0000000709a00000| Complete 
|  69|0x0000000709c00000, 0x0000000709e00000, 0x0000000709e00000|100%| E|CS|TAMS 0x0000000709c00000, 0x0000000709c00000| Complete 
|  70|0x0000000709e00000, 0x000000070a000000, 0x000000070a000000|100%| E|CS|TAMS 0x0000000709e00000, 0x0000000709e00000| Complete 
|  71|0x000000070a000000, 0x000000070a200000, 0x000000070a200000|100%| E|CS|TAMS 0x000000070a000000, 0x000000070a000000| Complete 
|  72|0x000000070a200000, 0x000000070a400000, 0x000000070a400000|100%| E|CS|TAMS 0x000000070a200000, 0x000000070a200000| Complete 
|  73|0x000000070a400000, 0x000000070a600000, 0x000000070a600000|100%| E|CS|TAMS 0x000000070a400000, 0x000000070a400000| Complete 
| 112|0x000000070f200000, 0x000000070f400000, 0x000000070f400000|100%| E|CS|TAMS 0x000000070f200000, 0x000000070f200000| Complete 
| 113|0x000000070f400000, 0x000000070f600000, 0x000000070f600000|100%| E|CS|TAMS 0x000000070f400000, 0x000000070f400000| Complete 
| 127|0x0000000711000000, 0x0000000711200000, 0x0000000711200000|100%| E|CS|TAMS 0x0000000711000000, 0x0000000711000000| Complete 

Card table byte_map: [0x000001ea5ddb0000,0x000001ea5e5b0000] _byte_map_base: 0x000001ea5a5a7000

Marking Bits (Prev, Next): (CMBitMap*) 0x000001ea4a8ce220, (CMBitMap*) 0x000001ea4a8ce260
 Prev Bits: [0x000001ea5edb0000, 0x000001ea62d68000)
 Next Bits: [0x000001ea62d70000, 0x000001ea66d28000)

Polling page: 0x000001ea48760000

Metaspace:

Usage:
  Non-class:     45.01 MB capacity,    44.66 MB (>99%) used,   292.34 KB ( <1%) free+waste,    74.25 KB ( <1%) overhead. 
      Class:      6.61 MB capacity,     6.41 MB ( 97%) used,   177.18 KB (  3%) free+waste,    28.38 KB ( <1%) overhead. 
       Both:     51.63 MB capacity,    51.07 MB ( 99%) used,   469.52 KB ( <1%) free+waste,   102.62 KB ( <1%) overhead. 

Virtual space:
  Non-class space:       46.00 MB reserved,      45.25 MB ( 98%) committed 
      Class space:        1.00 GB reserved,       6.62 MB ( <1%) committed 
             Both:        1.04 GB reserved,      51.88 MB (  5%) committed 

Chunk freelists:
   Non-Class:  49.00 KB
       Class:  14.00 KB
        Both:  63.00 KB

MaxMetaspaceSize: 17179869184.00 GB
CompressedClassSpaceSize: 1.00 GB

CodeHeap 'non-profiled nmethods': size=238336Kb used=7348Kb max_used=7348Kb free=230987Kb
 bounds [0x000001ea4e9c0000, 0x000001ea4f0f0000, 0x000001ea5d280000]
CodeHeap 'non-nmethods': size=7424Kb used=1362Kb max_used=1362Kb free=6062Kb
 bounds [0x000001ea4e280000, 0x000001ea4e4f0000, 0x000001ea4e9c0000]
 total_blobs=4796 nmethods=4234 adapters=489
 compilation: enabled
              stopped_count=0, restarted_count=0
 full_count=0

Compilation events (20 events):
Event: 14.997 Thread 0x000001ea6a05f8b0 nmethod 4225 0x000001ea4f0e8890 code [0x000001ea4f0e8b00, 0x000001ea4f0e9598]
Event: 15.045 Thread 0x000001ea6a05f8b0 4226       1       java.security.Provider::ensureLegacyParsed (123 bytes)
Event: 15.046 Thread 0x000001ea6a05f8b0 nmethod 4226 0x000001ea4f0e9d90 code [0x000001ea4f0e9fc0, 0x000001ea4f0ea448]
Event: 15.046 Thread 0x000001ea6a05f8b0 4227       1       java.nio.CharBuffer::<init> (24 bytes)
Event: 15.046 Thread 0x000001ea6a05f8b0 nmethod 4227 0x000001ea4f0ea610 code [0x000001ea4f0ea7a0, 0x000001ea4f0ea908]
Event: 15.046 Thread 0x000001ea6a05f8b0 4228       1       java.nio.CharBuffer::limit (6 bytes)
Event: 15.046 Thread 0x000001ea6a05f8b0 nmethod 4228 0x000001ea4f0ea990 code [0x000001ea4f0eab20, 0x000001ea4f0eac08]
Event: 15.145 Thread 0x000001ea6a05f8b0 4229       1       oracle.jdbc.driver.T4CMAREngine::unmarshalBuffer (59 bytes)
Event: 15.145 Thread 0x000001ea6a05f8b0 nmethod 4229 0x000001ea4f0eac90 code [0x000001ea4f0eae40, 0x000001ea4f0eb008]
Event: 15.145 Thread 0x000001ea6a05f8b0 4232       1       oracle.sql.CharacterSet::convertAL32UTF8BytesToJavaChars (16 bytes)
Event: 15.145 Thread 0x000001ea6a05f8b0 nmethod 4232 0x000001ea4f0eb110 code [0x000001ea4f0eb2a0, 0x000001ea4f0eb3a8]
Event: 15.145 Thread 0x000001ea6a05f8b0 4233       1       oracle.jdbc.driver.T4CMAREngineNIO::unmarshalUB4 (10 bytes)
Event: 15.145 Thread 0x000001ea6a05f8b0 nmethod 4233 0x000001ea4f0eb490 code [0x000001ea4f0eb620, 0x000001ea4f0eb708]
Event: 15.145 Thread 0x000001ea6a05f8b0 4230       1       oracle.jdbc.driver.T4CMAREngine::unmarshalCLR (11 bytes)
Event: 15.146 Thread 0x000001ea6a05f8b0 nmethod 4230 0x000001ea4f0eb790 code [0x000001ea4f0eb920, 0x000001ea4f0eba28]
Event: 15.146 Thread 0x000001ea6a05f8b0 4231       1       oracle.jdbc.driver.T4CMAREngine::unmarshalCLR (432 bytes)
Event: 15.147 Thread 0x000001ea6a05f8b0 nmethod 4231 0x000001ea4f0ebb10 code [0x000001ea4f0ebda0, 0x000001ea4f0ec708]
Event: 15.147 Thread 0x000001ea6a05f8b0 4235       1       java.util.regex.Pattern::bitsOrSingle (106 bytes)
Event: 15.147 Thread 0x000001ea6a05f8b0 nmethod 4235 0x000001ea4f0ecd90 code [0x000001ea4f0ecf40, 0x000001ea4f0ed138]
Event: 15.147 Thread 0x000001ea6a05f8b0 4237       1       java.util.regex.Pattern::sequence (704 bytes)

GC Heap History (20 events):
Event: 8.190 GC heap before
{Heap before GC invocations=8 (full 0):
 garbage-first heap   total 53248K, used 36256K [0x0000000701200000, 0x0000000800000000)
  region size 2048K, 14 young (28672K), 1 survivors (2048K)
 Metaspace       used 27896K, capacity 28197K, committed 28416K, reserved 1075200K
  class space    used 3141K, capacity 3271K, committed 3328K, reserved 1048576K
}
Event: 8.192 GC heap after
{Heap after GC invocations=9 (full 0):
 garbage-first heap   total 53248K, used 11641K [0x0000000701200000, 0x0000000800000000)
  region size 2048K, 1 young (2048K), 1 survivors (2048K)
 Metaspace       used 27896K, capacity 28197K, committed 28416K, reserved 1075200K
  class space    used 3141K, capacity 3271K, committed 3328K, reserved 1048576K
}
Event: 8.493 GC heap before
{Heap before GC invocations=9 (full 0):
 garbage-first heap   total 53248K, used 38265K [0x0000000701200000, 0x0000000800000000)
  region size 2048K, 14 young (28672K), 1 survivors (2048K)
 Metaspace       used 29448K, capacity 29850K, committed 29952K, reserved 1075200K
  class space    used 3350K, capacity 3502K, committed 3584K, reserved 1048576K
}
Event: 8.496 GC heap after
{Heap after GC invocations=10 (full 0):
 garbage-first heap   total 53248K, used 12448K [0x0000000701200000, 0x0000000800000000)
  region size 2048K, 2 young (4096K), 2 survivors (4096K)
 Metaspace       used 29448K, capacity 29850K, committed 29952K, reserved 1075200K
  class space    used 3350K, capacity 3502K, committed 3584K, reserved 1048576K
}
Event: 8.890 GC heap before
{Heap before GC invocations=10 (full 0):
 garbage-first heap   total 53248K, used 39072K [0x0000000701200000, 0x0000000800000000)
  region size 2048K, 15 young (30720K), 2 survivors (4096K)
 Metaspace       used 30804K, capacity 31193K, committed 31360K, reserved 1077248K
  class space    used 3537K, capacity 3687K, committed 3712K, reserved 1048576K
}
Event: 8.894 GC heap after
{Heap after GC invocations=11 (full 0):
 garbage-first heap   total 53248K, used 12968K [0x0000000701200000, 0x0000000800000000)
  region size 2048K, 2 young (4096K), 2 survivors (4096K)
 Metaspace       used 30804K, capacity 31193K, committed 31360K, reserved 1077248K
  class space    used 3537K, capacity 3687K, committed 3712K, reserved 1048576K
}
Event: 9.480 GC heap before
{Heap before GC invocations=11 (full 0):
 garbage-first heap   total 53248K, used 39592K [0x0000000701200000, 0x0000000800000000)
  region size 2048K, 15 young (30720K), 2 survivors (4096K)
 Metaspace       used 32554K, capacity 32954K, committed 33152K, reserved 1079296K
  class space    used 3807K, capacity 3952K, committed 3968K, reserved 1048576K
}
Event: 9.488 GC heap after
{Heap after GC invocations=12 (full 0):
 garbage-first heap   total 53248K, used 14124K [0x0000000701200000, 0x0000000800000000)
  region size 2048K, 2 young (4096K), 2 survivors (4096K)
 Metaspace       used 32554K, capacity 32954K, committed 33152K, reserved 1079296K
  class space    used 3807K, capacity 3952K, committed 3968K, reserved 1048576K
}
Event: 9.961 GC heap before
{Heap before GC invocations=12 (full 0):
 garbage-first heap   total 53248K, used 38700K [0x0000000701200000, 0x0000000800000000)
  region size 2048K, 14 young (28672K), 2 survivors (4096K)
 Metaspace       used 34664K, capacity 35048K, committed 35328K, reserved 1081344K
  class space    used 4111K, capacity 4255K, committed 4352K, reserved 1048576K
}
Event: 9.971 GC heap after
{Heap after GC invocations=13 (full 0):
 garbage-first heap   total 53248K, used 15189K [0x0000000701200000, 0x0000000800000000)
  region size 2048K, 2 young (4096K), 2 survivors (4096K)
 Metaspace       used 34664K, capacity 35048K, committed 35328K, reserved 1081344K
  class space    used 4111K, capacity 4255K, committed 4352K, reserved 1048576K
}
Event: 10.843 GC heap before
{Heap before GC invocations=13 (full 0):
 garbage-first heap   total 53248K, used 17237K [0x0000000701200000, 0x0000000800000000)
  region size 2048K, 5 young (10240K), 2 survivors (4096K)
 Metaspace       used 35088K, capacity 35531K, committed 35584K, reserved 1081344K
  class space    used 4165K, capacity 4352K, committed 4352K, reserved 1048576K
}
Event: 10.853 GC heap after
{Heap after GC invocations=14 (full 0):
 garbage-first heap   total 53248K, used 15443K [0x0000000701200000, 0x0000000800000000)
  region size 2048K, 1 young (2048K), 1 survivors (2048K)
 Metaspace       used 35088K, capacity 35531K, committed 35584K, reserved 1081344K
  class space    used 4165K, capacity 4352K, committed 4352K, reserved 1048576K
}
Event: 11.373 GC heap before
{Heap before GC invocations=15 (full 0):
 garbage-first heap   total 53248K, used 40019K [0x0000000701200000, 0x0000000800000000)
  region size 2048K, 13 young (26624K), 1 survivors (2048K)
 Metaspace       used 37231K, capacity 37719K, committed 38016K, reserved 1083392K
  class space    used 4437K, capacity 4612K, committed 4736K, reserved 1048576K
}
Event: 11.382 GC heap after
{Heap after GC invocations=16 (full 0):
 garbage-first heap   total 53248K, used 16587K [0x0000000701200000, 0x0000000800000000)
  region size 2048K, 2 young (4096K), 2 survivors (4096K)
 Metaspace       used 37231K, capacity 37719K, committed 38016K, reserved 1083392K
  class space    used 4437K, capacity 4612K, committed 4736K, reserved 1048576K
}
Event: 11.404 GC heap before
{Heap before GC invocations=16 (full 0):
 garbage-first heap   total 53248K, used 37067K [0x0000000701200000, 0x0000000800000000)
  region size 2048K, 13 young (26624K), 2 survivors (4096K)
 Metaspace       used 37338K, capacity 37815K, committed 38016K, reserved 1083392K
  class space    used 4450K, capacity 4644K, committed 4736K, reserved 1048576K
}
Event: 11.410 GC heap after
{Heap after GC invocations=17 (full 0):
 garbage-first heap   total 53248K, used 16815K [0x0000000701200000, 0x0000000800000000)
  region size 2048K, 1 young (2048K), 1 survivors (2048K)
 Metaspace       used 37338K, capacity 37815K, committed 38016K, reserved 1083392K
  class space    used 4450K, capacity 4644K, committed 4736K, reserved 1048576K
}
Event: 11.499 GC heap before
{Heap before GC invocations=17 (full 0):
 garbage-first heap   total 53248K, used 37295K [0x0000000701200000, 0x0000000800000000)
  region size 2048K, 12 young (24576K), 1 survivors (2048K)
 Metaspace       used 37648K, capacity 38135K, committed 38272K, reserved 1083392K
  class space    used 4484K, capacity 4644K, committed 4736K, reserved 1048576K
}
Event: 11.504 GC heap after
{Heap after GC invocations=18 (full 0):
 garbage-first heap   total 157696K, used 16638K [0x0000000701200000, 0x0000000800000000)
  region size 2048K, 1 young (2048K), 1 survivors (2048K)
 Metaspace       used 37648K, capacity 38135K, committed 38272K, reserved 1083392K
  class space    used 4484K, capacity 4644K, committed 4736K, reserved 1048576K
}
Event: 13.207 GC heap before
{Heap before GC invocations=18 (full 0):
 garbage-first heap   total 157696K, used 108798K [0x0000000701200000, 0x0000000800000000)
  region size 2048K, 46 young (94208K), 1 survivors (2048K)
 Metaspace       used 47158K, capacity 47614K, committed 47744K, reserved 1091584K
  class space    used 5816K, capacity 5966K, committed 6016K, reserved 1048576K
}
Event: 13.218 GC heap after
{Heap after GC invocations=19 (full 0):
 garbage-first heap   total 157696K, used 18549K [0x0000000701200000, 0x0000000800000000)
  region size 2048K, 2 young (4096K), 2 survivors (4096K)
 Metaspace       used 47158K, capacity 47614K, committed 47744K, reserved 1091584K
  class space    used 5816K, capacity 5966K, committed 6016K, reserved 1048576K
}

Deoptimization events (20 events):
Event: 14.449 Thread 0x000001ea4a87b930 DEOPT PACKING pc=0x000001ea4eb5725c sp=0x000000b68a0fd210
Event: 14.449 Thread 0x000001ea4a87b930 DEOPT UNPACKING pc=0x000001ea4e2ce23f sp=0x000000b68a0fc700 mode 1
Event: 14.449 Thread 0x000001ea4a87b930 DEOPT PACKING pc=0x000001ea4ebdeae4 sp=0x000000b68a0fc730
Event: 14.449 Thread 0x000001ea4a87b930 DEOPT UNPACKING pc=0x000001ea4e2ce23f sp=0x000000b68a0fbbc8 mode 1
Event: 14.449 Thread 0x000001ea4a87b930 DEOPT PACKING pc=0x000001ea4ebdbc7c sp=0x000000b68a0fc800
Event: 14.449 Thread 0x000001ea4a87b930 DEOPT UNPACKING pc=0x000001ea4e2ce23f sp=0x000000b68a0fbcb8 mode 1
Event: 14.449 Thread 0x000001ea4a87b930 DEOPT PACKING pc=0x000001ea4eb5725c sp=0x000000b68a0fd210
Event: 14.449 Thread 0x000001ea4a87b930 DEOPT UNPACKING pc=0x000001ea4e2ce23f sp=0x000000b68a0fc700 mode 1
Event: 14.461 Thread 0x000001ea4a87b930 DEOPT PACKING pc=0x000001ea4ebdeae4 sp=0x000000b68a0fc310
Event: 14.461 Thread 0x000001ea4a87b930 DEOPT UNPACKING pc=0x000001ea4e2ce23f sp=0x000000b68a0fb7a8 mode 1
Event: 14.461 Thread 0x000001ea4a87b930 DEOPT PACKING pc=0x000001ea4ebdbc7c sp=0x000000b68a0fc3e0
Event: 14.461 Thread 0x000001ea4a87b930 DEOPT UNPACKING pc=0x000001ea4e2ce23f sp=0x000000b68a0fb898 mode 1
Event: 14.461 Thread 0x000001ea4a87b930 DEOPT PACKING pc=0x000001ea4eb5725c sp=0x000000b68a0fcdf0
Event: 14.461 Thread 0x000001ea4a87b930 DEOPT UNPACKING pc=0x000001ea4e2ce23f sp=0x000000b68a0fc2e0 mode 1
Event: 14.461 Thread 0x000001ea4a87b930 DEOPT PACKING pc=0x000001ea4ebdeae4 sp=0x000000b68a0fc310
Event: 14.461 Thread 0x000001ea4a87b930 DEOPT UNPACKING pc=0x000001ea4e2ce23f sp=0x000000b68a0fb7a8 mode 1
Event: 14.461 Thread 0x000001ea4a87b930 DEOPT PACKING pc=0x000001ea4ebdbc7c sp=0x000000b68a0fc3e0
Event: 14.461 Thread 0x000001ea4a87b930 DEOPT UNPACKING pc=0x000001ea4e2ce23f sp=0x000000b68a0fb898 mode 1
Event: 14.461 Thread 0x000001ea4a87b930 DEOPT PACKING pc=0x000001ea4eb5725c sp=0x000000b68a0fcdf0
Event: 14.461 Thread 0x000001ea4a87b930 DEOPT UNPACKING pc=0x000001ea4e2ce23f sp=0x000000b68a0fc2e0 mode 1

Classes unloaded (0 events):
No events

Classes redefined (0 events):
No events

Internal exceptions (20 events):
Event: 9.936 Thread 0x000001ea4a87b930 Exception <a 'java/lang/NoSuchMethodError'{0x0000000702e0b410}: 'java.lang.Object java.lang.invoke.DirectMethodHandle$Holder.invokeSpecialIFC(java.lang.Object, java.lang.Object, java.lang.Object)'> (0x0000000702e0b410) 
thrown [./open/src/hotspot/share/interpreter/linkResolver.cpp, line 782]
Event: 10.349 Thread 0x000001ea6b9d1010 Exception <a 'java/lang/reflect/InvocationTargetException'{0x0000000711075b98}> (0x0000000711075b98) 
thrown [./open/src/hotspot/share/runtime/reflection.cpp, line 1157]
Event: 10.808 Thread 0x000001ea4a87b930 Exception <a 'java/lang/NoSuchMethodError'{0x00000007110e1738}: 'int java.lang.invoke.DirectMethodHandle$Holder.invokeSpecial(java.lang.Object, java.lang.Object, java.lang.Object, java.lang.Object, java.lang.Object)'> (0x00000007110e1738) 
thrown [./open/src/hotspot/share/interpreter/linkResolver.cpp, line 782]
Event: 10.896 Thread 0x000001ea4a87b930 Exception <a 'java/lang/NoSuchMethodError'{0x000000070f437450}: 'void java.lang.invoke.DirectMethodHandle$Holder.invokeInterface(java.lang.Object, java.lang.Object, int)'> (0x000000070f437450) 
thrown [./open/src/hotspot/share/interpreter/linkResolver.cpp, line 782]
Event: 10.898 Thread 0x000001ea4a87b930 Exception <a 'java/lang/NoSuchMethodError'{0x000000070f452970}: 'int java.lang.invoke.DirectMethodHandle$Holder.invokeVirtual(java.lang.Object, java.lang.Object)'> (0x000000070f452970) 
thrown [./open/src/hotspot/share/interpreter/linkResolver.cpp, line 782]
Event: 10.902 Thread 0x000001ea4a87b930 Exception <a 'java/lang/IncompatibleClassChangeError'{0x000000070f4909a0}: Found class java.lang.Object, but interface was expected> (0x000000070f4909a0) 
thrown [./open/src/hotspot/share/interpreter/linkResolver.cpp, line 848]
Event: 10.903 Thread 0x000001ea4a87b930 Exception <a 'java/lang/NoSuchMethodError'{0x000000070f496088}: 'void java.lang.invoke.DirectMethodHandle$Holder.invokeStatic(java.lang.Object, int, java.lang.Object)'> (0x000000070f496088) 
thrown [./open/src/hotspot/share/interpreter/linkResolver.cpp, line 782]
Event: 10.907 Thread 0x000001ea4a87b930 Exception <a 'java/lang/NoSuchMethodError'{0x000000070f4cc810}: 'int java.lang.invoke.DirectMethodHandle$Holder.invokeSpecial(java.lang.Object, java.lang.Object, int)'> (0x000000070f4cc810) 
thrown [./open/src/hotspot/share/interpreter/linkResolver.cpp, line 782]
Event: 11.474 Thread 0x000001ea4a87b930 Exception <a 'java/io/FileNotFoundException'{0x0000000703056558}> (0x0000000703056558) 
thrown [./open/src/hotspot/share/prims/jni.cpp, line 578]
Event: 11.517 Thread 0x000001ea4a87b930 Exception <a 'java/lang/NoSuchMethodError'{0x000000071114b9d0}: 'int java.lang.invoke.DirectMethodHandle$Holder.invokeInterface(java.lang.Object, java.lang.Object, java.lang.Object, java.lang.Object)'> (0x000000071114b9d0) 
thrown [./open/src/hotspot/share/interpreter/linkResolver.cpp, line 782]
Event: 11.579 Thread 0x000001ea4a87b930 Exception <a 'java/io/FileNotFoundException'{0x000000070f368850}> (0x000000070f368850) 
thrown [./open/src/hotspot/share/prims/jni.cpp, line 578]
Event: 11.641 Thread 0x000001ea4a87b930 Exception <a 'java/lang/NoSuchMethodError'{0x000000070a01a910}: 'void java.lang.invoke.DirectMethodHandle$Holder.invokeStaticInit(java.lang.Object)'> (0x000000070a01a910) 
thrown [./open/src/hotspot/share/interpreter/linkResolver.cpp, line 782]
Event: 11.675 Thread 0x000001ea4a87b930 Exception <a 'java/lang/NoClassDefFoundError'{0x0000000709eba668}: oracle/security/pki/OraclePKIProvider> (0x0000000709eba668) 
thrown [./open/src/hotspot/share/classfile/systemDictionary.cpp, line 284]
Event: 13.166 Thread 0x000001ea4a87b930 Exception <a 'java/lang/NoSuchMethodError'{0x00000007055ea2c0}: 'int java.lang.invoke.DirectMethodHandle$Holder.invokeStaticInit(java.lang.Object, java.lang.Object, java.lang.Object, java.lang.Object)'> (0x00000007055ea2c0) 
thrown [./open/src/hotspot/share/interpreter/linkResolver.cpp, line 782]
Event: 13.171 Thread 0x000001ea4a87b930 Exception <a 'sun/nio/fs/WindowsException'{0x0000000705226590}> (0x0000000705226590) 
thrown [./open/src/hotspot/share/prims/jni.cpp, line 578]
Event: 13.618 Thread 0x000001ea4a87b930 Exception <a 'java/lang/NoSuchMethodError'{0x000000070f3056a0}: 'java.lang.Object java.lang.invoke.DirectMethodHandle$Holder.invokeVirtual(java.lang.Object, java.lang.Object, int)'> (0x000000070f3056a0) 
thrown [./open/src/hotspot/share/interpreter/linkResolver.cpp, line 782]
Event: 14.582 Thread 0x000001ea4a87b930 Exception <a 'java/lang/NoSuchMethodError'{0x0000000708843ae0}: 'java.lang.Object java.lang.invoke.DirectMethodHandle$Holder.invokeSpecial(java.lang.Object, java.lang.Object, long, java.lang.Object, java.lang.Object, java.lang.Object, java.lang.Object, java.lang.Object, java.lang.Object, java.lang.Object, java.lang.Object, java.lang.Object)'> (0x0000000708843ae0) 
thrown [./open/src/hotspot/share/interpreter/linkResolver.cpp, line 782]
Event: 14.583 Thread 0x000001ea4a87b930 Exception <a 'java/lang/NoSuchMethodError'{0x00000007088484d0}: 'java.lang.Object java.lang.invoke.DelegatingMethodHandle$Holder.reinvoke_L(java.lang.Object, long, java.lang.Object, java.lang.Object, java.lang.Object, java.lang.Object, java.lang.Object, java.lang.Object, java.lang.Object, java.lang.Object, java.lang.Object)'> (0x00000007088484d0) 
thrown [./open/src/hotspot/share/interpreter/linkResolver.cpp, line 782]
Event: 14.586 Thread 0x000001ea4a87b930 Exception <a 'java/lang/NoSuchMethodError'{0x00000007088782a8}: 'java.lang.Object java.lang.invoke.DirectMethodHandle$Holder.invokeSpecial(java.lang.Object, java.lang.Object, java.lang.Object, java.lang.Object, java.lang.Object, java.lang.Object, java.lang.Object, java.lang.Object, java.lang.Object, java.lang.Object, java.lang.Object)'> (0x00000007088782a8) 
thrown [./open/src/hotspot/share/interpreter/linkResolver.cpp, line 782]
Event: 14.586 Thread 0x000001ea4a87b930 Exception <a 'java/lang/NoSuchMethodError'{0x000000070887cf08}: 'java.lang.Object java.lang.invoke.Invokers$Holder.linkToTargetMethod(java.lang.Object, java.lang.Object, java.lang.Object, java.lang.Object, java.lang.Object, java.lang.Object, java.lang.Object, java.lang.Object, java.lang.Object, java.lang.Object)'> (0x000000070887cf08) 
thrown [./open/src/hotspot/share/interpreter/linkResolver.cpp, line 782]

Events (20 events):
Event: 14.548 loading class java/io/StreamCorruptedException done
Event: 14.548 loading class java/util/zip/ZipOutputStream
Event: 14.548 loading class java/util/zip/DeflaterOutputStream
Event: 14.548 loading class java/util/zip/DeflaterOutputStream done
Event: 14.548 loading class java/util/zip/ZipOutputStream done
Event: 14.580 loading class java/lang/invoke/BoundMethodHandle$Species_LLLLLLLLLLLL
Event: 14.580 loading class java/lang/invoke/BoundMethodHandle$Species_LLLLLLLLLLLL done
Event: 14.581 loading class java/lang/invoke/BoundMethodHandle$Species_LLLLLLLLLLLLL
Event: 14.581 loading class java/lang/invoke/BoundMethodHandle$Species_LLLLLLLLLLLLL done
Event: 14.663 loading class java/math/BigDecimal$1
Event: 14.663 loading class java/math/BigDecimal$1 done
Event: 14.723 Thread 0x000001ea6bc59aa0 Thread added: 0x000001ea6bc59aa0
Event: 14.962 Executing VM operation: ICBufferFull
Event: 14.962 Executing VM operation: ICBufferFull done
Event: 14.962 Executing VM operation: HandshakeAllThreads
Event: 14.962 Executing VM operation: HandshakeAllThreads done
Event: 15.147 Executing VM operation: ICBufferFull
Event: 15.147 Executing VM operation: ICBufferFull done
Event: 15.147 Executing VM operation: HandshakeAllThreads
Event: 15.148 Executing VM operation: HandshakeAllThreads done


Dynamic libraries:
0x00007ff7464c0000 - 0x00007ff7464cd000 	D:\ProgramFiles\SpringTools4\sts-4.10.0.RELEASE\plugins\org.eclipse.justj.openjdk.hotspot.jre.full.win32.x86_64_15.0.2.v20210201-0955\jre\bin\javaw.exe
0x00007ffd2dd50000 - 0x00007ffd2df45000 	C:\WINDOWS\SYSTEM32\ntdll.dll
0x00007ffd2c310000 - 0x00007ffd2c3cd000 	C:\WINDOWS\System32\KERNEL32.DLL
0x00007ffd2bab0000 - 0x00007ffd2bd78000 	C:\WINDOWS\System32\KERNELBASE.dll
0x00007ffd2b7a0000 - 0x00007ffd2b8a0000 	C:\WINDOWS\System32\ucrtbase.dll
0x00007ffd14250000 - 0x00007ffd14268000 	D:\ProgramFiles\SpringTools4\sts-4.10.0.RELEASE\plugins\org.eclipse.justj.openjdk.hotspot.jre.full.win32.x86_64_15.0.2.v20210201-0955\jre\bin\jli.dll
0x00007ffd2d860000 - 0x00007ffd2da00000 	C:\WINDOWS\System32\USER32.dll
0x00007ffd2bd80000 - 0x00007ffd2bda2000 	C:\WINDOWS\System32\win32u.dll
0x00007ffd2c090000 - 0x00007ffd2c0ba000 	C:\WINDOWS\System32\GDI32.dll
0x00007ffd2b8f0000 - 0x00007ffd2b9fb000 	C:\WINDOWS\System32\gdi32full.dll
0x00007ffd2b700000 - 0x00007ffd2b79d000 	C:\WINDOWS\System32\msvcp_win.dll
0x00007ffd01f50000 - 0x00007ffd01f69000 	D:\ProgramFiles\SpringTools4\sts-4.10.0.RELEASE\plugins\org.eclipse.justj.openjdk.hotspot.jre.full.win32.x86_64_15.0.2.v20210201-0955\jre\bin\VCRUNTIME140.dll
0x00007ffd1df60000 - 0x00007ffd1e1fa000 	C:\WINDOWS\WinSxS\amd64_microsoft.windows.common-controls_6595b64144ccf1df_6.0.19041.844_none_ca00b6081b84eb1d\COMCTL32.dll
0x00007ffd2d730000 - 0x00007ffd2d7ce000 	C:\WINDOWS\System32\msvcrt.dll
0x00007ffd2c480000 - 0x00007ffd2c4b0000 	C:\WINDOWS\System32\IMM32.DLL
0x00007ffd154a0000 - 0x00007ffd154ac000 	D:\ProgramFiles\SpringTools4\sts-4.10.0.RELEASE\plugins\org.eclipse.justj.openjdk.hotspot.jre.full.win32.x86_64_15.0.2.v20210201-0955\jre\bin\vcruntime140_1.dll
0x00007ffcdaa30000 - 0x00007ffcdaac1000 	D:\ProgramFiles\SpringTools4\sts-4.10.0.RELEASE\plugins\org.eclipse.justj.openjdk.hotspot.jre.full.win32.x86_64_15.0.2.v20210201-0955\jre\bin\msvcp140.dll
0x00007ffcbc010000 - 0x00007ffcbcb6e000 	D:\ProgramFiles\SpringTools4\sts-4.10.0.RELEASE\plugins\org.eclipse.justj.openjdk.hotspot.jre.full.win32.x86_64_15.0.2.v20210201-0955\jre\bin\server\jvm.dll
0x00007ffd2c3d0000 - 0x00007ffd2c47c000 	C:\WINDOWS\System32\ADVAPI32.dll
0x00007ffd2c270000 - 0x00007ffd2c30b000 	C:\WINDOWS\System32\sechost.dll
0x00007ffd2dac0000 - 0x00007ffd2dbeb000 	C:\WINDOWS\System32\RPCRT4.dll
0x00007ffd2c4b0000 - 0x00007ffd2c4b8000 	C:\WINDOWS\System32\PSAPI.DLL
0x00007ffd11b20000 - 0x00007ffd11b29000 	C:\WINDOWS\SYSTEM32\WSOCK32.dll
0x00007ffd2c0c0000 - 0x00007ffd2c12b000 	C:\WINDOWS\System32\WS2_32.dll
0x00007ffd1e570000 - 0x00007ffd1e597000 	C:\WINDOWS\SYSTEM32\WINMM.dll
0x00007ffd21110000 - 0x00007ffd2111a000 	C:\WINDOWS\SYSTEM32\VERSION.dll
0x00007ffd29400000 - 0x00007ffd29412000 	C:\WINDOWS\SYSTEM32\kernel.appcore.dll
0x00007ffd15740000 - 0x00007ffd1574a000 	D:\ProgramFiles\SpringTools4\sts-4.10.0.RELEASE\plugins\org.eclipse.justj.openjdk.hotspot.jre.full.win32.x86_64_15.0.2.v20210201-0955\jre\bin\jimage.dll
0x00007ffd28cd0000 - 0x00007ffd28eb4000 	C:\WINDOWS\SYSTEM32\DBGHELP.DLL
0x00007ffd08170000 - 0x00007ffd0819c000 	C:\WINDOWS\SYSTEM32\dbgcore.DLL
0x00007ffd2b520000 - 0x00007ffd2b5a0000 	C:\WINDOWS\System32\bcryptPrimitives.dll
0x00007ffd02900000 - 0x00007ffd02939000 	D:\ProgramFiles\SpringTools4\sts-4.10.0.RELEASE\plugins\org.eclipse.justj.openjdk.hotspot.jre.full.win32.x86_64_15.0.2.v20210201-0955\jre\bin\jdwp.dll
0x00007ffd15640000 - 0x00007ffd1564e000 	D:\ProgramFiles\SpringTools4\sts-4.10.0.RELEASE\plugins\org.eclipse.justj.openjdk.hotspot.jre.full.win32.x86_64_15.0.2.v20210201-0955\jre\bin\instrument.dll
0x00007ffcff4d0000 - 0x00007ffcff4f5000 	D:\ProgramFiles\SpringTools4\sts-4.10.0.RELEASE\plugins\org.eclipse.justj.openjdk.hotspot.jre.full.win32.x86_64_15.0.2.v20210201-0955\jre\bin\java.dll
0x00007ffd02dc0000 - 0x00007ffd02dd8000 	D:\ProgramFiles\SpringTools4\sts-4.10.0.RELEASE\plugins\org.eclipse.justj.openjdk.hotspot.jre.full.win32.x86_64_15.0.2.v20210201-0955\jre\bin\zip.dll
0x00007ffd2c960000 - 0x00007ffd2d0a2000 	C:\WINDOWS\System32\SHELL32.dll
0x00007ffd29590000 - 0x00007ffd29d21000 	C:\WINDOWS\SYSTEM32\windows.storage.dll
0x00007ffd2c600000 - 0x00007ffd2c955000 	C:\WINDOWS\System32\combase.dll
0x00007ffd2ae30000 - 0x00007ffd2ae5c000 	C:\WINDOWS\SYSTEM32\Wldp.dll
0x00007ffd2bf10000 - 0x00007ffd2bfbe000 	C:\WINDOWS\System32\SHCORE.dll
0x00007ffd2d0b0000 - 0x00007ffd2d105000 	C:\WINDOWS\System32\shlwapi.dll
0x00007ffd2b3d0000 - 0x00007ffd2b3ef000 	C:\WINDOWS\SYSTEM32\profapi.dll
0x00007ffd26070000 - 0x00007ffd2607b000 	D:\ProgramFiles\SpringTools4\sts-4.10.0.RELEASE\plugins\org.eclipse.justj.openjdk.hotspot.jre.full.win32.x86_64_15.0.2.v20210201-0955\jre\bin\dt_socket.dll
0x00007ffd2a8d0000 - 0x00007ffd2a90b000 	C:\WINDOWS\SYSTEM32\IPHLPAPI.DLL
0x00007ffd2ac10000 - 0x00007ffd2ac7a000 	C:\WINDOWS\system32\mswsock.dll
0x00007ffd2a910000 - 0x00007ffd2a9dc000 	C:\WINDOWS\SYSTEM32\DNSAPI.dll
0x00007ffd2dbf0000 - 0x00007ffd2dbf8000 	C:\WINDOWS\System32\NSI.dll
0x00007ffd22f40000 - 0x00007ffd22f4a000 	C:\Windows\System32\rasadhlp.dll
0x00007ffd19800000 - 0x00007ffd1987f000 	C:\WINDOWS\System32\fwpuclnt.dll
0x00007ffd2b4f0000 - 0x00007ffd2b517000 	C:\WINDOWS\System32\bcrypt.dll
0x00007ffd00540000 - 0x00007ffd00559000 	D:\ProgramFiles\SpringTools4\sts-4.10.0.RELEASE\plugins\org.eclipse.justj.openjdk.hotspot.jre.full.win32.x86_64_15.0.2.v20210201-0955\jre\bin\net.dll
0x00007ffd19ff0000 - 0x00007ffd1a0fb000 	C:\WINDOWS\SYSTEM32\WINHTTP.dll
0x00007ffcfe430000 - 0x00007ffcfe442000 	D:\ProgramFiles\SpringTools4\sts-4.10.0.RELEASE\plugins\org.eclipse.justj.openjdk.hotspot.jre.full.win32.x86_64_15.0.2.v20210201-0955\jre\bin\nio.dll
0x00007ffd14de0000 - 0x00007ffd14de9000 	D:\ProgramFiles\SpringTools4\sts-4.10.0.RELEASE\plugins\org.eclipse.justj.openjdk.hotspot.jre.full.win32.x86_64_15.0.2.v20210201-0955\jre\bin\management.dll
0x00007ffd08350000 - 0x00007ffd0835b000 	D:\ProgramFiles\SpringTools4\sts-4.10.0.RELEASE\plugins\org.eclipse.justj.openjdk.hotspot.jre.full.win32.x86_64_15.0.2.v20210201-0955\jre\bin\management_ext.dll
0x00007ffd085e0000 - 0x00007ffd085f7000 	C:\WINDOWS\system32\napinsp.dll
0x00007ffd085c0000 - 0x00007ffd085db000 	C:\WINDOWS\system32\pnrpnsp.dll
0x00007ffd25520000 - 0x00007ffd25535000 	C:\WINDOWS\system32\wshbth.dll
0x00007ffd25f20000 - 0x00007ffd25f3d000 	C:\WINDOWS\system32\NLAapi.dll
0x00007ffd083f0000 - 0x00007ffd08402000 	C:\WINDOWS\System32\winrnr.dll
0x00007ffd2b160000 - 0x00007ffd2b178000 	C:\WINDOWS\SYSTEM32\CRYPTSP.dll
0x00007ffd2a560000 - 0x00007ffd2a594000 	C:\WINDOWS\system32\rsaenh.dll
0x00007ffd2b390000 - 0x00007ffd2b3be000 	C:\WINDOWS\SYSTEM32\USERENV.dll
0x00007ffd2ad90000 - 0x00007ffd2ad9c000 	C:\WINDOWS\SYSTEM32\CRYPTBASE.dll
0x00007ffd234d0000 - 0x00007ffd234e7000 	C:\WINDOWS\SYSTEM32\dhcpcsvc6.DLL
0x00007ffd22f90000 - 0x00007ffd22fad000 	C:\WINDOWS\SYSTEM32\dhcpcsvc.DLL
0x00007ffd15630000 - 0x00007ffd15640000 	D:\ProgramFiles\SpringTools4\sts-4.10.0.RELEASE\plugins\org.eclipse.justj.openjdk.hotspot.jre.full.win32.x86_64_15.0.2.v20210201-0955\jre\bin\verify.dll
0x00007ffd26100000 - 0x00007ffd2610d000 	D:\ProgramFiles\SpringTools4\sts-4.10.0.RELEASE\plugins\org.eclipse.justj.openjdk.hotspot.jre.full.win32.x86_64_15.0.2.v20210201-0955\jre\bin\sunmscapi.dll
0x00007ffd2b5a0000 - 0x00007ffd2b6ff000 	C:\WINDOWS\System32\CRYPT32.dll
0x00007ffd2aea0000 - 0x00007ffd2aec7000 	C:\WINDOWS\SYSTEM32\ncrypt.dll
0x00007ffd2ae60000 - 0x00007ffd2ae9b000 	C:\WINDOWS\SYSTEM32\NTASN1.dll

dbghelp: loaded successfully - version: 4.0.5 - missing functions: none
symbol engine: initialized successfully - sym options: 0x614 - pdb path: .;D:\ProgramFiles\SpringTools4\sts-4.10.0.RELEASE\plugins\org.eclipse.justj.openjdk.hotspot.jre.full.win32.x86_64_15.0.2.v20210201-0955\jre\bin;C:\WINDOWS\SYSTEM32;C:\WINDOWS\WinSxS\amd64_microsoft.windows.common-controls_6595b64144ccf1df_6.0.19041.844_none_ca00b6081b84eb1d;D:\ProgramFiles\SpringTools4\sts-4.10.0.RELEASE\plugins\org.eclipse.justj.openjdk.hotspot.jre.full.win32.x86_64_15.0.2.v20210201-0955\jre\bin\server

VM Arguments:
jvm_args: -XX:+ShowCodeDetailsInExceptionMessages -agentlib:jdwp=transport=dt_socket,suspend=y,address=localhost:55939 -Dcom.sun.management.jmxremote -Dcom.sun.management.jmxremote.port=55935 -Dcom.sun.management.jmxremote.authenticate=false -Dcom.sun.management.jmxremote.ssl=false -Djava.rmi.server.hostname=localhost -Dspring.jmx.enabled=true -Dspring.application.admin.enabled=true -XX:TieredStopAtLevel=1 -Dspring.boot.project.name=Bank -javaagent:D:\ProgramFiles\SpringTools4\sts-4.10.0.RELEASE\configuration\org.eclipse.osgi\254\0\.cp\lib\javaagent-shaded.jar -Dfile.encoding=Cp1252 
java_command: com.intership.bank.BankApplication --spring.output.ansi.enabled=always
java_class_path (initial): D:\MyData\Camilo\workspace\Java\workspace-spring-tool-suite-4-4.10.0.RELEASE\Bank\bin\main;C:\Users\camilo\.gradle\caches\modules-2\files-2.1\org.projectlombok\lombok\1.18.20\18bcea7d5df4d49227b4a0743a536208ce4825bb\lombok-1.18.20.jar;C:\Users\camilo\.gradle\caches\modules-2\files-2.1\io.springfox\springfox-swagger2\2.9.2\362676bc7f4c6f9f1d568741becab0dfc198c898\springfox-swagger2-2.9.2.jar;C:\Users\camilo\.gradle\caches\modules-2\files-2.1\io.springfox\springfox-swagger-ui\2.9.2\d542382a88ff3ea8d4032c28b2b0325797fada7d\springfox-swagger-ui-2.9.2.jar;C:\Users\camilo\.gradle\caches\modules-2\files-2.1\org.springframework.boot\spring-boot-starter-web\2.4.5\93cf2655557534e35723fbafa069bed2ee125832\spring-boot-starter-web-2.4.5.jar;C:\Users\camilo\.gradle\caches\modules-2\files-2.1\org.springframework.boot\spring-boot-starter-data-jpa\2.4.5\cba91e070e601c55eec0d8a1948dcca15703ad37\spring-boot-starter-data-jpa-2.4.5.jar;C:\Users\camilo\.gradle\caches\modules-2\files-2.1\com.oracle.database.jdbc\ojdbc10\19.10.0.0\4174e8d8acc29676b9d0784a61138408da7f626b\ojdbc10-19.10.0.0.jar;C:\Users\camilo\.gradle\caches\modules-2\files-2.1\io.springfox\springfox-swagger-common\2.9.2\b38a41b3044af80cb7f41f67be5d158c9f6491ec\springfox-swagger-common-2.9.2.jar;C:\Users\camilo\.gradle\caches\modules-2\files-2.1\io.swagger\swagger-models\1.5.20\fb3a23bad80c5ed84db9dd150db2cba699531458\swagger-models-1.5.20.jar;C:\Users\camilo\.gradle\caches\modules-2\files-2.1\io.swagger\swagger-annotations\1.5.20\16051f93ce11ca489a5313775d825f82fcc2cd6c\swagger-annotations-1.5.20.jar;C:\Users\camilo\.gradle\caches\modules-2\files-2.1\io.springfox\springfox-schema\2.9.2\e268f38774b16bb51a92ccaef0dcf3dc651c0cee\springfox-schema-2.9.2.jar;C:\Users\camilo\.gradle\caches\modules-2\files-2.1\io.springfox\springfox-spring-web\2.9.2\ed2ed714a6cba8804d00f80f0534901e4c7a3211\springfox-spring-web-2.9.2.jar;C:\Users\camilo\.gradle\caches\modules-2\files-2.1\io.springfox\springfox-spi\2.9.2\
Launcher Type: SUN_STANDARD

[Global flags]
     intx CICompilerCount                          = 4                                         {product} {ergonomic}
     uint ConcGCThreads                            = 2                                         {product} {ergonomic}
     uint G1ConcRefinementThreads                  = 8                                         {product} {ergonomic}
   size_t G1HeapRegionSize                         = 2097152                                   {product} {ergonomic}
    uintx GCDrainStackTargetSize                   = 64                                        {product} {ergonomic}
   size_t InitialHeapSize                          = 268435456                                 {product} {ergonomic}
     bool ManagementServer                         = true                                      {product} {command line}
   size_t MarkStackSize                            = 4194304                                   {product} {ergonomic}
   size_t MaxHeapSize                              = 4276092928                                {product} {ergonomic}
   size_t MaxNewSize                               = 2564816896                                {product} {ergonomic}
   size_t MinHeapDeltaBytes                        = 2097152                                   {product} {ergonomic}
   size_t MinHeapSize                              = 8388608                                   {product} {ergonomic}
    uintx NonNMethodCodeHeapSize                   = 7549744                                {pd product} {ergonomic}
    uintx NonProfiledCodeHeapSize                  = 244108496                              {pd product} {ergonomic}
    uintx ProfiledCodeHeapSize                     = 0                                      {pd product} {ergonomic}
    uintx ReservedCodeCacheSize                    = 251658240                              {pd product} {ergonomic}
     bool SegmentedCodeCache                       = true                                      {product} {ergonomic}
     bool ShowCodeDetailsInExceptionMessages       = true                                   {manageable} {command line}
   size_t SoftMaxHeapSize                          = 4276092928                             {manageable} {ergonomic}
     intx TieredStopAtLevel                        = 1                                         {product} {command line}
     bool UseCompressedClassPointers               = true                                 {lp64_product} {ergonomic}
     bool UseCompressedOops                        = true                                 {lp64_product} {ergonomic}
     bool UseG1GC                                  = true                                      {product} {ergonomic}
     bool UseLargePagesIndividualAllocation        = false                                  {pd product} {ergonomic}

Logging:
Log output configuration:
 #0: stdout all=warning uptime,level,tags
 #1: stderr all=off uptime,level,tags

Environment Variables:
JAVA_HOME=C:\Program Files\Java\jdk-11.0.11
PATH=D:\ProgramFiles\SpringTools4\sts-4.10.0.RELEASE\plugins\org.eclipse.justj.openjdk.hotspot.jre.full.win32.x86_64_15.0.2.v20210201-0955\jre\bin;D:/ProgramFiles/SpringTools4/sts-4.10.0.RELEASE//plugins/org.eclipse.justj.openjdk.hotspot.jre.full.win32.x86_64_15.0.2.v20210201-0955/jre/bin/server;D:/ProgramFiles/SpringTools4/sts-4.10.0.RELEASE//plugins/org.eclipse.justj.openjdk.hotspot.jre.full.win32.x86_64_15.0.2.v20210201-0955/jre/bin;D:\ProgramFiles\Oracle\Oracle18c\dbhomeXE\bin;D:\ProgramFiles\Oracle18cXE\dbhomeXE\bin;C:\WINDOWS\system32;C:\WINDOWS;C:\WINDOWS\System32\Wbem;C:\WINDOWS\System32\WindowsPowerShell\v1.0\;D:\Archivos de Programa\Git\cmd;C:\WINDOWS\System32\OpenSSH\;C:\Program Files\NVIDIA Corporation\NVIDIA NvDLISR;C:\Program Files\Java\jdk-11.0.11\bin;C:\Python27;C:\Program Files\gradle-6.6\bin;C:\Users\camilo\AppData\Roaming\nvm;C:\Program Files\nodejs;C:\Program Files\Git\cmd;D:\ProgramFiles\xampp\php;C:\Program Files\mongodb4.0.20x64\bin;C:\WINDOWS\system32;C:\WINDOWS;C:\WINDOWS\System32\Wbem;C:\WINDOWS\System32\WindowsPowerShell\v1.0\;C:\WINDOWS\System32\OpenSSH\;C:\Program Files\dotnet\;C:\Program Files\Microsoft SQL Server\130\Tools\Binn\;C:\Program Files\Docker\Docker\resources\bin;C:\ProgramData\DockerDesktop\version-bin;D:\ProgramFiles\heroku\bin;C:\Program Files\MySQL\MySQL Shell 8.0\bin\;C:\Users\camilo\AppData\Local\Programs\Python\Python39\Scripts\;C:\Users\camilo\AppData\Local\Programs\Python\Python39\;C:\WINDOWS\system32;C:\WINDOWS;C:\WINDOWS\System32\Wbem;C:\WINDOWS\System32\WindowsPowerShell\v1.0\;D:\Archivos de Programa\Git\cmd;C:\WINDOWS\System32\OpenSSH\;C:\Program Files\NVIDIA Corporation\NVIDIA NvDLISR;C:\Python27;C:\Program Files\gradle-6.6\bin;C:\Users\camilo\AppData\Roaming\nvm;C:\Program Files\nodejs;C:\Program Files\dotnet\;C:\Program Files\Microsoft SQL Server\130\Tools\Binn\;C:\Program Files\Microsoft SQL Server\Client SDK\ODBC\170\Tools\Binn\;C:\Program Files\Git\cmd;C:\ProgramData\ComposerSetup\bin;C:\Program Files\mongodb4
USERNAME=camilo
OS=Windows_NT
PROCESSOR_IDENTIFIER=Intel64 Family 6 Model 158 Stepping 10, GenuineIntel



---------------  S Y S T E M  ---------------

OS:
 Windows 10 , 64 bit Build 19041 (10.0.19041.928)
OS uptime: 0 days 18:23 hours
HyperV virtualization detected

CPU: total 8 (initial active 8) (4 cores per cpu, 2 threads per core) family 6 model 158 stepping 10 microcode 0xde, cmov, cx8, fxsr, mmx, sse, sse2, sse3, ssse3, sse4.1, sse4.2, popcnt, vzeroupper, avx, avx2, aes, clmul, erms, 3dnowpref, lzcnt, ht, tsc, tscinvbit, bmi1, bmi2, adx, fma, clflush, clflushopt

Memory: 4k page, system-wide physical 16304M (2879M free)
TotalPageFile size 31431M (AvailPageFile size 132M)
current process WorkingSet (physical memory assigned to process): 259M, peak: 259M
current process commit charge ("private bytes"): 311M, peak: 365M

vm_info: OpenJDK 64-Bit Server VM (15.0.2+7-27) for windows-amd64 JRE (15.0.2+7-27), built on Dec  7 2020 20:02:38 by "mach5one" with unknown MS VC++:1925

END.
