#
# There is insufficient memory for the Java Runtime Environment to continue.
# Native memory allocation (malloc) failed to allocate 1048576 bytes for AllocateHeap
# Possible reasons:
#   The system is out of physical RAM or swap space
#   The process is running with CompressedOops enabled, and the Java Heap may be blocking the growth of the native heap
# Possible solutions:
#   Reduce memory load on the system
#   Increase physical memory or swap space
#   Check if swap backing store is full
#   Decrease Java heap size (-Xmx/-Xms)
#   Decrease number of Java threads
#   Decrease Java thread stack sizes (-Xss)
#   Set larger code cache with -XX:ReservedCodeCacheSize=
#   JVM is running with Zero Based Compressed Oops mode in which the Java heap is
#     placed in the first 32GB address space. The Java Heap base address is the
#     maximum limit for the native heap growth. Please use -XX:HeapBaseMinAddress
#     to set the Java Heap base and to place the Java Heap above 32GB virtual address.
# This output file may be truncated or incomplete.
#
#  Out of Memory Error (./open/src/hotspot/share/memory/allocation.cpp:44), pid=19672, tid=24204
#
# JRE version: OpenJDK Runtime Environment (15.0.2+7) (build 15.0.2+7-27)
# Java VM: OpenJDK 64-Bit Server VM (15.0.2+7-27, mixed mode, tiered, compressed oops, g1 gc, windows-amd64)
# No core dump will be written. Minidumps are not enabled by default on client versions of Windows
#

---------------  S U M M A R Y ------------

Command Line: -XX:+ShowCodeDetailsInExceptionMessages -agentlib:jdwp=transport=dt_socket,suspend=y,address=localhost:55940 -Dcom.sun.management.jmxremote -Dcom.sun.management.jmxremote.port=55933 -Dcom.sun.management.jmxremote.authenticate=false -Dcom.sun.management.jmxremote.ssl=false -Djava.rmi.server.hostname=localhost -Dspring.jmx.enabled=true -Dspring.application.admin.enabled=true -XX:TieredStopAtLevel=1 -Dspring.boot.project.name=Bank -javaagent:D:\ProgramFiles\SpringTools4\sts-4.10.0.RELEASE\configuration\org.eclipse.osgi\254\0\.cp\lib\javaagent-shaded.jar -Dfile.encoding=Cp1252 com.intership.bank.BankApplication --spring.output.ansi.enabled=always

Host: Intel(R) Core(TM) i5-9300H CPU @ 2.40GHz, 8 cores, 15G,  Windows 10 , 64 bit Build 19041 (10.0.19041.928)
Time: Wed May 12 09:23:15 2021 Hora est. Pacífico, Sudamérica elapsed time: 15.064474 seconds (0d 0h 0m 15s)

---------------  T H R E A D  ---------------

Current thread (0x0000020b0f75ea30):  VMThread "VM Thread" [stack: 0x00000093e0a00000,0x00000093e0b00000] [id=24204]

Stack: [0x00000093e0a00000,0x00000093e0b00000]
[error occurred during error reporting (printing stack bounds), id 0xc0000005, EXCEPTION_ACCESS_VIOLATION (0xc0000005) at pc=0x0000020b000010ad]

Native frames: (J=compiled Java code, j=interpreted, Vv=VM code, C=native code)
V  [jvm.dll+0x62ae9a]
V  [jvm.dll+0x7817a9]
V  [jvm.dll+0x782f03]
V  [jvm.dll+0x7834c5]
V  [jvm.dll+0x78347b]
V  [jvm.dll+0x62a2b9]
V  [jvm.dll+0x62aa88]
C  [ntdll.dll+0xa207f]
C  [ntdll.dll+0x51454]
C  [ntdll.dll+0xa0bae]
C  0x0000020b000010ad

VM_Operation (0x00000093e03f9dc0): CollectForMetadataAllocation, mode: safepoint, requested by thread 0x0000020b7077b930


---------------  P R O C E S S  ---------------

Threads class SMR info:
_java_thread_list=0x0000020b133ed600, length=23, elements={
0x0000020b7077b930, 0x0000020b0ffe9130, 0x0000020b0ffebc20, 0x0000020b1000d520,
0x0000020b1000dee0, 0x0000020b100108b0, 0x0000020b10011320, 0x0000020b10049cd0,
0x0000020b0f74cce0, 0x0000020b10209330, 0x0000020b10209fe0, 0x0000020b1020acf0,
0x0000020b10aef1c0, 0x0000020b10c8d950, 0x0000020b10c8ee30, 0x0000020b10caaa40,
0x0000020b10d961a0, 0x0000020b10e50410, 0x0000020b10e7be10, 0x0000020b10ed24c0,
0x0000020b11e7ad70, 0x0000020b11e7bbe0, 0x0000020b11e7a3d0
}

Java Threads: ( => current thread )
  0x0000020b7077b930 JavaThread "main" [_thread_blocked, id=428, stack(0x00000093e0300000,0x00000093e0400000)]
  0x0000020b0ffe9130 JavaThread "Reference Handler" daemon [_thread_blocked, id=24404, stack(0x00000093e0b00000,0x00000093e0c00000)]
  0x0000020b0ffebc20 JavaThread "Finalizer" daemon [_thread_blocked, id=22196, stack(0x00000093e0c00000,0x00000093e0d00000)]
  0x0000020b1000d520 JavaThread "Signal Dispatcher" daemon [_thread_blocked, id=7936, stack(0x00000093e0d00000,0x00000093e0e00000)]
  0x0000020b1000dee0 JavaThread "Attach Listener" daemon [_thread_blocked, id=15968, stack(0x00000093e0e00000,0x00000093e0f00000)]
  0x0000020b100108b0 JavaThread "Service Thread" daemon [_thread_blocked, id=22548, stack(0x00000093e0f00000,0x00000093e1000000)]
  0x0000020b10011320 JavaThread "C1 CompilerThread0" daemon [_thread_blocked, id=15500, stack(0x00000093e1000000,0x00000093e1100000)]
  0x0000020b10049cd0 JavaThread "Sweeper thread" daemon [_thread_blocked, id=18332, stack(0x00000093e1100000,0x00000093e1200000)]
  0x0000020b0f74cce0 JavaThread "Common-Cleaner" daemon [_thread_blocked, id=5532, stack(0x00000093e1200000,0x00000093e1300000)]
  0x0000020b10209330 JavaThread "JDWP Transport Listener: dt_socket" daemon [_thread_blocked, id=8468, stack(0x00000093e1300000,0x00000093e1400000)]
  0x0000020b10209fe0 JavaThread "JDWP Event Helper Thread" daemon [_thread_blocked, id=9420, stack(0x00000093e1400000,0x00000093e1500000)]
  0x0000020b1020acf0 JavaThread "JDWP Command Reader" daemon [_thread_in_native, id=20208, stack(0x00000093e1500000,0x00000093e1600000)]
  0x0000020b10aef1c0 JavaThread "Notification Thread" daemon [_thread_blocked, id=18948, stack(0x00000093e1600000,0x00000093e1700000)]
  0x0000020b10c8d950 JavaThread "RMI TCP Accept-0" daemon [_thread_in_native, id=15316, stack(0x00000093e1700000,0x00000093e1800000)]
  0x0000020b10c8ee30 JavaThread "RMI TCP Accept-55933" daemon [_thread_in_native, id=23320, stack(0x00000093e1800000,0x00000093e1900000)]
  0x0000020b10caaa40 JavaThread "RMI TCP Accept-0" daemon [_thread_in_native, id=22124, stack(0x00000093e1900000,0x00000093e1a00000)]
  0x0000020b10d961a0 JavaThread "RMI TCP Connection(1)-127.0.0.1" daemon [_thread_in_native, id=22640, stack(0x00000093e1b00000,0x00000093e1c00000)]
  0x0000020b10e50410 JavaThread "RMI TCP Connection(2)-127.0.0.1" daemon [_thread_in_native, id=2088, stack(0x00000093e1c00000,0x00000093e1d00000)]
  0x0000020b10e7be10 JavaThread "RMI Scheduler(0)" daemon [_thread_blocked, id=12916, stack(0x00000093e1d00000,0x00000093e1e00000)]
  0x0000020b10ed24c0 JavaThread "JMX server connection timeout 24" daemon [_thread_blocked, id=5208, stack(0x00000093e2300000,0x00000093e2400000)]
  0x0000020b11e7ad70 JavaThread "Catalina-utility-1" [_thread_blocked, id=23168, stack(0x00000093e2500000,0x00000093e2600000)]
  0x0000020b11e7bbe0 JavaThread "Catalina-utility-2" [_thread_blocked, id=6524, stack(0x00000093e2600000,0x00000093e2700000)]
  0x0000020b11e7a3d0 JavaThread "container-0" [_thread_blocked, id=5228, stack(0x00000093e2700000,0x00000093e2800000)]

Other Threads:
=>0x0000020b0f75ea30 VMThread "VM Thread" [stack: 0x00000093e0a00000,0x00000093e0b00000] [id=24204]
  0x0000020b7077c680 WatcherThread [stack: 0x00000093e1a00000,0x00000093e1b00000] [id=1220]
  0x0000020b707cdaa0 GCTaskThread "GC Thread#0" [stack: 0x00000093e0500000,0x00000093e0600000] [id=23764]
  0x0000020b10d11290 GCTaskThread "GC Thread#1" [stack: 0x00000093e1e00000,0x00000093e1f00000] [id=19740]
  0x0000020b10d138d0 GCTaskThread "GC Thread#2" [stack: 0x00000093e1f00000,0x00000093e2000000] [id=18648]
  0x0000020b10d135a0 GCTaskThread "GC Thread#3" [stack: 0x00000093e2000000,0x00000093e2100000] [id=21544]
  0x0000020b10d11f50 GCTaskThread "GC Thread#4" [stack: 0x00000093e2100000,0x00000093e2200000] [id=24724]
  0x0000020b10d14bf0 GCTaskThread "GC Thread#5" [stack: 0x00000093e2200000,0x00000093e2300000] [id=23752]
  0x0000020b10d125b0 GCTaskThread "GC Thread#6" [stack: 0x00000093e2800000,0x00000093e2900000] [id=5440]
  0x0000020b10d128e0 GCTaskThread "GC Thread#7" [stack: 0x00000093e2900000,0x00000093e2a00000] [id=19968]
  0x0000020b707dfae0 ConcurrentGCThread "G1 Main Marker" [stack: 0x00000093e0600000,0x00000093e0700000] [id=24832]
  0x0000020b707e05e0 ConcurrentGCThread "G1 Conc#0" [stack: 0x00000093e0700000,0x00000093e0800000] [id=10448]
  0x0000020b10d13c00 ConcurrentGCThread "G1 Conc#1" [stack: 0x00000093e2400000,0x00000093e2500000] [id=11532]
  0x0000020b70837490 ConcurrentGCThread "G1 Refine#0" [stack: 0x00000093e0800000,0x00000093e0900000] [id=22260]
  0x0000020b0f5e20d0 ConcurrentGCThread "G1 Young RemSet Sampling" [stack: 0x00000093e0900000,0x00000093e0a00000] [id=13584]

Threads with active compile tasks:

VM state: at safepoint (normal execution)

VM Mutex/Monitor currently owned by a thread:  ([mutex/lock_event])
[0x0000020b7076df70] Threads_lock - owner thread: 0x0000020b0f75ea30
[0x0000020b70778600] Heap_lock - owner thread: 0x0000020b7077b930

Heap address: 0x0000000701200000, size: 4078 MB, Compressed Oops mode: Zero based, Oop shift amount: 3
CDS disabled.
Compressed class space mapped at: 0x0000000800000000-0x0000000840000000, size: 1073741824
Narrow klass base: 0x0000000800000000, Narrow klass shift: 0, Narrow klass range: 0x40000000

GC Precious Log:
 CPUs: 8 total, 8 available
 Memory: 16304M
 Large Page Support: Disabled
 NUMA Support: Disabled
 Compressed Oops: Enabled (Zero based)
 Heap Region Size: 2M
 Heap Min Capacity: 8M
 Heap Initial Capacity: 256M
 Heap Max Capacity: 4078M
 Pre-touch: Disabled
 Parallel Workers: 8
 Concurrent Workers: 2
 Concurrent Refinement Workers: 8
 Periodic GC: Disabled

Heap:
 garbage-first heap   total 55296K, used 18347K [0x0000000701200000, 0x0000000800000000)
  region size 2048K, 2 young (4096K), 2 survivors (4096K)
 Metaspace       used 40134K, capacity 40515K, committed 40576K, reserved 1093632K
  class space    used 4815K, capacity 4968K, committed 4992K, reserved 1048576K

Heap Regions: E=young(eden), S=young(survivor), O=old, HS=humongous(starts), HC=humongous(continues), CS=collection set, F=free, OA=open archive, CA=closed archive, TAMS=top-at-mark-start (previous, next)
|   0|0x0000000701200000, 0x0000000701400000, 0x0000000701400000|100%| O|  |TAMS 0x0000000701400000, 0x0000000701400000| Untracked 
|   1|0x0000000701400000, 0x0000000701600000, 0x0000000701600000|100%| O|  |TAMS 0x0000000701600000, 0x0000000701600000| Untracked 
|   2|0x0000000701600000, 0x0000000701800000, 0x0000000701800000|100%| O|  |TAMS 0x0000000701800000, 0x0000000701800000| Untracked 
|   3|0x0000000701800000, 0x00000007018e9000, 0x0000000701a00000| 45%| O|  |TAMS 0x00000007018e9000, 0x00000007018e9000| Untracked 
|   4|0x0000000701a00000, 0x0000000701c00000, 0x0000000701c00000|100%| O|  |TAMS 0x0000000701c00000, 0x0000000701c00000| Untracked 
|   5|0x0000000701c00000, 0x0000000701e00000, 0x0000000701e00000|100%| O|  |TAMS 0x0000000701e00000, 0x0000000701e00000| Untracked 
|   6|0x0000000701e00000, 0x0000000702000000, 0x0000000702000000|100%| O|  |TAMS 0x0000000701f4e000, 0x0000000702000000| Untracked 
|   7|0x0000000702000000, 0x0000000702200000, 0x0000000702200000|100%| O|  |TAMS 0x0000000702000000, 0x0000000702200000| Untracked 
|   8|0x0000000702200000, 0x000000070228b000, 0x0000000702400000| 27%| O|  |TAMS 0x0000000702200000, 0x000000070228b000| Untracked 
|   9|0x0000000702400000, 0x0000000702400000, 0x0000000702600000|  0%| F|  |TAMS 0x0000000702400000, 0x0000000702400000| Untracked 
|  10|0x0000000702600000, 0x0000000702600000, 0x0000000702800000|  0%| F|  |TAMS 0x0000000702600000, 0x0000000702600000| Untracked 
|  11|0x0000000702800000, 0x0000000702800000, 0x0000000702a00000|  0%| F|  |TAMS 0x0000000702800000, 0x0000000702800000| Untracked 
|  12|0x0000000702a00000, 0x0000000702a00000, 0x0000000702c00000|  0%| F|  |TAMS 0x0000000702a00000, 0x0000000702a00000| Untracked 
|  13|0x0000000702c00000, 0x0000000702c00000, 0x0000000702e00000|  0%| F|  |TAMS 0x0000000702c00000, 0x0000000702c00000| Untracked 
|  14|0x0000000702e00000, 0x0000000702e76cb0, 0x0000000703000000| 23%| S|CS|TAMS 0x0000000702e00000, 0x0000000702e00000| Complete 
|  15|0x0000000703000000, 0x0000000703200000, 0x0000000703200000|100%| S|CS|TAMS 0x0000000703000000, 0x0000000703000000| Complete 
|  16|0x0000000703200000, 0x0000000703200000, 0x0000000703400000|  0%| F|  |TAMS 0x0000000703200000, 0x0000000703200000| Untracked 
|  17|0x0000000703400000, 0x0000000703400000, 0x0000000703600000|  0%| F|  |TAMS 0x0000000703400000, 0x0000000703400000| Untracked 
|  18|0x0000000703600000, 0x0000000703600000, 0x0000000703800000|  0%| F|  |TAMS 0x0000000703600000, 0x0000000703600000| Untracked 
|  19|0x0000000703800000, 0x0000000703800000, 0x0000000703a00000|  0%| F|  |TAMS 0x0000000703800000, 0x0000000703800000| Untracked 
|  20|0x0000000703a00000, 0x0000000703a00000, 0x0000000703c00000|  0%| F|  |TAMS 0x0000000703a00000, 0x0000000703a00000| Untracked 
|  21|0x0000000703c00000, 0x0000000703c00000, 0x0000000703e00000|  0%| F|  |TAMS 0x0000000703c00000, 0x0000000703c00000| Untracked 
|  22|0x0000000703e00000, 0x0000000703e00000, 0x0000000704000000|  0%| F|  |TAMS 0x0000000703e00000, 0x0000000703e00000| Untracked 
| 112|0x000000070f200000, 0x000000070f200000, 0x000000070f400000|  0%| F|  |TAMS 0x000000070f200000, 0x000000070f200000| Untracked 
| 114|0x000000070f600000, 0x000000070f600000, 0x000000070f800000|  0%| F|  |TAMS 0x000000070f600000, 0x000000070f600000| Untracked 
| 126|0x0000000710e00000, 0x0000000710e00000, 0x0000000711000000|  0%| F|  |TAMS 0x0000000710e00000, 0x0000000710e00000| Untracked 
| 127|0x0000000711000000, 0x0000000711000000, 0x0000000711200000|  0%| F|  |TAMS 0x0000000711000000, 0x0000000711000000| Untracked 

Card table byte_map: [0x0000020b74cb0000,0x0000020b754b0000] _byte_map_base: 0x0000020b714a7000

Marking Bits (Prev, Next): (CMBitMap*) 0x0000020b707ce220, (CMBitMap*) 0x0000020b707ce260
 Prev Bits: [0x0000020b75cb0000, 0x0000020b79c68000)
 Next Bits: [0x0000020b79c70000, 0x0000020b7dc28000)

Polling page: 0x0000020b6e5a0000

Metaspace:

Usage:
  Non-class:     34.71 MB capacity,    34.49 MB (>99%) used,   169.97 KB ( <1%) free+waste,    57.94 KB ( <1%) overhead. 
      Class:      4.85 MB capacity,     4.70 MB ( 97%) used,   130.21 KB (  3%) free+waste,    22.31 KB ( <1%) overhead. 
       Both:     39.57 MB capacity,    39.19 MB (>99%) used,   300.18 KB ( <1%) free+waste,    80.25 KB ( <1%) overhead. 

Virtual space:
  Non-class space:       44.00 MB reserved,      34.75 MB ( 79%) committed 
      Class space:        1.00 GB reserved,       4.88 MB ( <1%) committed 
             Both:        1.04 GB reserved,      39.62 MB (  4%) committed 

Chunk freelists:
   Non-Class:  37.00 KB
       Class:  24.00 KB
        Both:  61.00 KB

MaxMetaspaceSize: 17179869184.00 GB
CompressedClassSpaceSize: 1.00 GB

CodeHeap 'non-profiled nmethods': size=238336Kb used=6920Kb max_used=6920Kb free=231415Kb
 bounds [0x0000020b00740000, 0x0000020b00e10000, 0x0000020b0f000000]
CodeHeap 'non-nmethods': size=7424Kb used=1293Kb max_used=1293Kb free=6130Kb
 bounds [0x0000020b00000000, 0x0000020b00270000, 0x0000020b00740000]
 total_blobs=4455 nmethods=3981 adapters=401
 compilation: enabled
              stopped_count=0, restarted_count=0
 full_count=0

Compilation events (20 events):
Event: 15.002 Thread 0x0000020b10011320 3981       1       org.apache.logging.log4j.util.PropertiesUtil$Environment::access$500 (5 bytes)
Event: 15.002 Thread 0x0000020b10011320 nmethod 3981 0x0000020b00dfe610 code [0x0000020b00dfe7a0, 0x0000020b00dfe838]
Event: 15.002 Thread 0x0000020b10011320 3982       1       org.apache.logging.log4j.util.PropertiesUtil$Environment::access$600 (5 bytes)
Event: 15.002 Thread 0x0000020b10011320 nmethod 3982 0x0000020b00dfe910 code [0x0000020b00dfeaa0, 0x0000020b00dfeb38]
Event: 15.004 Thread 0x0000020b10011320 3984       1       java.util.regex.Pattern$BranchConn::match (11 bytes)
Event: 15.004 Thread 0x0000020b10011320 nmethod 3984 0x0000020b00dfec10 code [0x0000020b00dfeda0, 0x0000020b00dfeea8]
Event: 15.011 Thread 0x0000020b10011320 3985       1       jdk.internal.loader.BuiltinClassLoader$1::hasNext (93 bytes)
Event: 15.011 Thread 0x0000020b10011320 nmethod 3985 0x0000020b00dfef10 code [0x0000020b00dff100, 0x0000020b00dff4a8]
Event: 15.011 Thread 0x0000020b10011320 3986       1       java.util.Collections$EmptyEnumeration::hasMoreElements (2 bytes)
Event: 15.011 Thread 0x0000020b10011320 nmethod 3986 0x0000020b00dff610 code [0x0000020b00dff7a0, 0x0000020b00dff858]
Event: 15.021 Thread 0x0000020b10011320 3987       1       org.springframework.core.MethodParameter::getParameterType (48 bytes)
Event: 15.021 Thread 0x0000020b10011320 nmethod 3987 0x0000020b00dff910 code [0x0000020b00dffae0, 0x0000020b00dffd38]
Event: 15.022 Thread 0x0000020b10011320 3988   !   1       org.springframework.util.ReflectionUtils::getDeclaredFields (104 bytes)
Event: 15.024 Thread 0x0000020b10011320 nmethod 3988 0x0000020b00dffe90 code [0x0000020b00e00160, 0x0000020b00e00b38]
Event: 15.024 Thread 0x0000020b10011320 3989       1       org.springframework.beans.factory.config.BeanPostProcessor::postProcessAfterInitialization (2 bytes)
Event: 15.024 Thread 0x0000020b10011320 nmethod 3989 0x0000020b00e01290 code [0x0000020b00e01420, 0x0000020b00e014d8]
Event: 15.037 Thread 0x0000020b10011320 3990   !   1       com.sun.proxy.$Proxy0::annotationType (29 bytes)
Event: 15.037 Thread 0x0000020b10011320 nmethod 3990 0x0000020b00e01590 code [0x0000020b00e01760, 0x0000020b00e019d8]
Event: 15.040 Thread 0x0000020b10011320 3991   !   1       com.sun.proxy.$Proxy37::annotationType (29 bytes)
Event: 15.041 Thread 0x0000020b10011320 nmethod 3991 0x0000020b00e01b90 code [0x0000020b00e01d60, 0x0000020b00e01fd8]

GC Heap History (20 events):
Event: 8.348 GC heap before
{Heap before GC invocations=8 (full 0):
 garbage-first heap   total 55296K, used 38607K [0x0000000701200000, 0x0000000800000000)
  region size 2048K, 15 young (30720K), 1 survivors (2048K)
 Metaspace       used 27762K, capacity 28067K, committed 28416K, reserved 1075200K
  class space    used 3099K, capacity 3205K, committed 3328K, reserved 1048576K
}
Event: 8.350 GC heap after
{Heap after GC invocations=9 (full 0):
 garbage-first heap   total 55296K, used 12230K [0x0000000701200000, 0x0000000800000000)
  region size 2048K, 2 young (4096K), 2 survivors (4096K)
 Metaspace       used 27762K, capacity 28067K, committed 28416K, reserved 1075200K
  class space    used 3099K, capacity 3205K, committed 3328K, reserved 1048576K
}
Event: 8.691 GC heap before
{Heap before GC invocations=9 (full 0):
 garbage-first heap   total 55296K, used 38854K [0x0000000701200000, 0x0000000800000000)
  region size 2048K, 15 young (30720K), 2 survivors (4096K)
 Metaspace       used 29347K, capacity 29745K, committed 29952K, reserved 1075200K
  class space    used 3336K, capacity 3509K, committed 3584K, reserved 1048576K
}
Event: 8.694 GC heap after
{Heap after GC invocations=10 (full 0):
 garbage-first heap   total 55296K, used 13036K [0x0000000701200000, 0x0000000800000000)
  region size 2048K, 2 young (4096K), 2 survivors (4096K)
 Metaspace       used 29347K, capacity 29745K, committed 29952K, reserved 1075200K
  class space    used 3336K, capacity 3509K, committed 3584K, reserved 1048576K
}
Event: 9.152 GC heap before
{Heap before GC invocations=10 (full 0):
 garbage-first heap   total 55296K, used 41708K [0x0000000701200000, 0x0000000800000000)
  region size 2048K, 16 young (32768K), 2 survivors (4096K)
 Metaspace       used 30978K, capacity 31353K, committed 31488K, reserved 1077248K
  class space    used 3555K, capacity 3719K, committed 3840K, reserved 1048576K
}
Event: 9.158 GC heap after
{Heap after GC invocations=11 (full 0):
 garbage-first heap   total 55296K, used 13529K [0x0000000701200000, 0x0000000800000000)
  region size 2048K, 2 young (4096K), 2 survivors (4096K)
 Metaspace       used 30978K, capacity 31353K, committed 31488K, reserved 1077248K
  class space    used 3555K, capacity 3719K, committed 3840K, reserved 1048576K
}
Event: 9.728 GC heap before
{Heap before GC invocations=11 (full 0):
 garbage-first heap   total 55296K, used 40153K [0x0000000701200000, 0x0000000800000000)
  region size 2048K, 15 young (30720K), 2 survivors (4096K)
 Metaspace       used 32766K, capacity 33210K, committed 33536K, reserved 1079296K
  class space    used 3840K, capacity 4016K, committed 4096K, reserved 1048576K
}
Event: 9.735 GC heap after
{Heap after GC invocations=12 (full 0):
 garbage-first heap   total 55296K, used 14467K [0x0000000701200000, 0x0000000800000000)
  region size 2048K, 2 young (4096K), 2 survivors (4096K)
 Metaspace       used 32766K, capacity 33210K, committed 33536K, reserved 1079296K
  class space    used 3840K, capacity 4016K, committed 4096K, reserved 1048576K
}
Event: 13.310 GC heap before
{Heap before GC invocations=12 (full 0):
 garbage-first heap   total 55296K, used 39043K [0x0000000701200000, 0x0000000800000000)
  region size 2048K, 15 young (30720K), 2 survivors (4096K)
 Metaspace       used 35109K, capacity 35531K, committed 35584K, reserved 1081344K
  class space    used 4171K, capacity 4352K, committed 4352K, reserved 1048576K
}
Event: 13.320 GC heap after
{Heap after GC invocations=13 (full 0):
 garbage-first heap   total 55296K, used 16018K [0x0000000701200000, 0x0000000800000000)
  region size 2048K, 2 young (4096K), 2 survivors (4096K)
 Metaspace       used 35109K, capacity 35531K, committed 35584K, reserved 1081344K
  class space    used 4171K, capacity 4352K, committed 4352K, reserved 1048576K
}
Event: 13.328 GC heap before
{Heap before GC invocations=13 (full 0):
 garbage-first heap   total 55296K, used 16018K [0x0000000701200000, 0x0000000800000000)
  region size 2048K, 3 young (6144K), 2 survivors (4096K)
 Metaspace       used 35156K, capacity 35531K, committed 35584K, reserved 1081344K
  class space    used 4179K, capacity 4352K, committed 4352K, reserved 1048576K
}
Event: 13.337 GC heap after
{Heap after GC invocations=14 (full 0):
 garbage-first heap   total 55296K, used 16099K [0x0000000701200000, 0x0000000800000000)
  region size 2048K, 1 young (2048K), 1 survivors (2048K)
 Metaspace       used 35156K, capacity 35531K, committed 35584K, reserved 1081344K
  class space    used 4179K, capacity 4352K, committed 4352K, reserved 1048576K
}
Event: 13.904 GC heap before
{Heap before GC invocations=15 (full 0):
 garbage-first heap   total 55296K, used 42723K [0x0000000701200000, 0x0000000800000000)
  region size 2048K, 14 young (28672K), 1 survivors (2048K)
 Metaspace       used 37342K, capacity 37879K, committed 38016K, reserved 1083392K
  class space    used 4448K, capacity 4644K, committed 4736K, reserved 1048576K
}
Event: 13.912 GC heap after
{Heap after GC invocations=16 (full 0):
 garbage-first heap   total 55296K, used 17294K [0x0000000701200000, 0x0000000800000000)
  region size 2048K, 2 young (4096K), 2 survivors (4096K)
 Metaspace       used 37342K, capacity 37879K, committed 38016K, reserved 1083392K
  class space    used 4448K, capacity 4644K, committed 4736K, reserved 1048576K
}
Event: 13.916 GC heap before
{Heap before GC invocations=16 (full 0):
 garbage-first heap   total 55296K, used 39822K [0x0000000701200000, 0x0000000800000000)
  region size 2048K, 14 young (28672K), 2 survivors (4096K)
 Metaspace       used 37342K, capacity 37879K, committed 38016K, reserved 1083392K
  class space    used 4448K, capacity 4644K, committed 4736K, reserved 1048576K
}
Event: 13.923 GC heap after
{Heap after GC invocations=17 (full 0):
 garbage-first heap   total 55296K, used 17395K [0x0000000701200000, 0x0000000800000000)
  region size 2048K, 1 young (2048K), 1 survivors (2048K)
 Metaspace       used 37342K, capacity 37879K, committed 38016K, reserved 1083392K
  class space    used 4448K, capacity 4644K, committed 4736K, reserved 1048576K
}
Event: 14.495 GC heap before
{Heap before GC invocations=17 (full 0):
 garbage-first heap   total 55296K, used 39923K [0x0000000701200000, 0x0000000800000000)
  region size 2048K, 13 young (26624K), 1 survivors (2048K)
 Metaspace       used 38229K, capacity 38746K, committed 38912K, reserved 1083392K
  class space    used 4562K, capacity 4741K, committed 4864K, reserved 1048576K
}
Event: 14.775 GC heap after
{Heap after GC invocations=18 (full 0):
 garbage-first heap   total 55296K, used 17509K [0x0000000701200000, 0x0000000800000000)
  region size 2048K, 1 young (2048K), 1 survivors (2048K)
 Metaspace       used 38229K, capacity 38746K, committed 38912K, reserved 1083392K
  class space    used 4562K, capacity 4741K, committed 4864K, reserved 1048576K
}
Event: 15.060 GC heap before
{Heap before GC invocations=18 (full 0):
 garbage-first heap   total 55296K, used 35941K [0x0000000701200000, 0x0000000800000000)
  region size 2048K, 12 young (24576K), 1 survivors (2048K)
 Metaspace       used 40134K, capacity 40515K, committed 40576K, reserved 1091584K
  class space    used 4815K, capacity 4968K, committed 4992K, reserved 1048576K
}
Event: 15.063 GC heap after
{Heap after GC invocations=19 (full 0):
 garbage-first heap   total 55296K, used 18347K [0x0000000701200000, 0x0000000800000000)
  region size 2048K, 2 young (4096K), 2 survivors (4096K)
 Metaspace       used 40134K, capacity 40515K, committed 40576K, reserved 1091584K
  class space    used 4815K, capacity 4968K, committed 4992K, reserved 1048576K
}

Deoptimization events (20 events):
Event: 15.032 Thread 0x0000020b7077b930 DEOPT PACKING pc=0x0000020b00c67e1c sp=0x00000093e03fd4d0
Event: 15.032 Thread 0x0000020b7077b930 DEOPT UNPACKING pc=0x0000020b0004e23f sp=0x00000093e03fc9a0 mode 1
Event: 15.032 Thread 0x0000020b7077b930 DEOPT PACKING pc=0x0000020b00cf4f6c sp=0x00000093e03fd560
Event: 15.032 Thread 0x0000020b7077b930 DEOPT UNPACKING pc=0x0000020b0004e23f sp=0x00000093e03fcc50 mode 1
Event: 15.032 Thread 0x0000020b7077b930 DEOPT PACKING pc=0x0000020b00c39a04 sp=0x00000093e03fd880
Event: 15.032 Thread 0x0000020b7077b930 DEOPT UNPACKING pc=0x0000020b0004e23f sp=0x00000093e03fcd48 mode 1
Event: 15.043 Thread 0x0000020b7077b930 DEOPT PACKING pc=0x0000020b00942fe4 sp=0x00000093e03fcd80
Event: 15.043 Thread 0x0000020b7077b930 DEOPT UNPACKING pc=0x0000020b0004e23f sp=0x00000093e03fc218 mode 1
Event: 15.043 Thread 0x0000020b7077b930 DEOPT PACKING pc=0x0000020b0093837c sp=0x00000093e03fce50
Event: 15.043 Thread 0x0000020b7077b930 DEOPT UNPACKING pc=0x0000020b0004e23f sp=0x00000093e03fc308 mode 1
Event: 15.043 Thread 0x0000020b7077b930 DEOPT PACKING pc=0x0000020b0098aa5c sp=0x00000093e03fd860
Event: 15.043 Thread 0x0000020b7077b930 DEOPT UNPACKING pc=0x0000020b0004e23f sp=0x00000093e03fcd38 mode 1
Event: 15.043 Thread 0x0000020b7077b930 DEOPT PACKING pc=0x0000020b00b8a09c sp=0x00000093e03fd900
Event: 15.043 Thread 0x0000020b7077b930 DEOPT UNPACKING pc=0x0000020b0004e23f sp=0x00000093e03fce98 mode 1
Event: 15.043 Thread 0x0000020b7077b930 DEOPT PACKING pc=0x0000020b00942fe4 sp=0x00000093e03fce30
Event: 15.043 Thread 0x0000020b7077b930 DEOPT UNPACKING pc=0x0000020b0004e23f sp=0x00000093e03fc2c8 mode 1
Event: 15.043 Thread 0x0000020b7077b930 DEOPT PACKING pc=0x0000020b0093837c sp=0x00000093e03fcf00
Event: 15.043 Thread 0x0000020b7077b930 DEOPT UNPACKING pc=0x0000020b0004e23f sp=0x00000093e03fc3b8 mode 1
Event: 15.043 Thread 0x0000020b7077b930 DEOPT PACKING pc=0x0000020b0098aa5c sp=0x00000093e03fd910
Event: 15.043 Thread 0x0000020b7077b930 DEOPT UNPACKING pc=0x0000020b0004e23f sp=0x00000093e03fce00 mode 1

Classes unloaded (0 events):
No events

Classes redefined (0 events):
No events

Internal exceptions (20 events):
Event: 9.942 Thread 0x0000020b7077b930 Exception <a 'java/lang/ClassNotFoundException'{0x0000000703c00a00}: org/springframework/beans/factory/AwareCustomizer> (0x0000000703c00a00) 
thrown [./open/src/hotspot/share/classfile/systemDictionary.cpp, line 295]
Event: 9.943 Thread 0x0000020b7077b930 Exception <a 'java/lang/ClassNotFoundException'{0x0000000703c045f0}: org/springframework/aop/framework/AopInfrastructureBeanCustomizer> (0x0000000703c045f0) 
thrown [./open/src/hotspot/share/classfile/systemDictionary.cpp, line 295]
Event: 10.035 Thread 0x0000020b7077b930 Exception <a 'java/lang/ClassNotFoundException'{0x00000007038f00d8}: java/lang/ObjectCustomizer> (0x00000007038f00d8) 
thrown [./open/src/hotspot/share/classfile/systemDictionary.cpp, line 295]
Event: 10.036 Thread 0x0000020b7077b930 Exception <a 'java/lang/ClassNotFoundException'{0x00000007038f77c0}: org/springframework/transaction/annotation/AbstractTransactionManagementConfigurationCustomizer> (0x00000007038f77c0) 
thrown [./open/src/hotspot/share/classfile/systemDictionary.cpp, line 295]
Event: 10.037 Thread 0x0000020b7077b930 Exception <a 'java/lang/ClassNotFoundException'{0x00000007038fdec0}: org/springframework/transaction/annotation/ProxyTransactionManagementConfigurationCustomizer> (0x00000007038fdec0) 
thrown [./open/src/hotspot/share/classfile/systemDictionary.cpp, line 295]
Event: 10.038 Thread 0x0000020b7077b930 Exception <a 'java/lang/ClassNotFoundException'{0x0000000703905cb8}: org/springframework/context/annotation/ImportAwareCustomizer> (0x0000000703905cb8) 
thrown [./open/src/hotspot/share/classfile/systemDictionary.cpp, line 295]
Event: 10.038 Thread 0x0000020b7077b930 Exception <a 'java/lang/ClassNotFoundException'{0x000000070390a898}: org/springframework/beans/factory/AwareCustomizer> (0x000000070390a898) 
thrown [./open/src/hotspot/share/classfile/systemDictionary.cpp, line 295]
Event: 10.103 Thread 0x0000020b7077b930 Exception <a 'java/lang/NoSuchMethodError'{0x00000007035a68d0}: 'java.lang.Object java.lang.invoke.DirectMethodHandle$Holder.invokeSpecialIFC(java.lang.Object, java.lang.Object, java.lang.Object)'> (0x00000007035a68d0) 
thrown [./open/src/hotspot/share/interpreter/linkResolver.cpp, line 782]
Event: 10.368 Thread 0x0000020b10e50410 Exception <a 'java/lang/reflect/InvocationTargetException'{0x0000000703075c80}> (0x0000000703075c80) 
thrown [./open/src/hotspot/share/runtime/reflection.cpp, line 1157]
Event: 13.257 Thread 0x0000020b7077b930 Exception <a 'java/lang/NoSuchMethodError'{0x0000000703065770}: 'int java.lang.invoke.DirectMethodHandle$Holder.invokeSpecial(java.lang.Object, java.lang.Object, java.lang.Object, java.lang.Object, java.lang.Object)'> (0x0000000703065770) 
thrown [./open/src/hotspot/share/interpreter/linkResolver.cpp, line 782]
Event: 13.381 Thread 0x0000020b7077b930 Exception <a 'java/lang/NoSuchMethodError'{0x0000000711174550}: 'void java.lang.invoke.DirectMethodHandle$Holder.invokeInterface(java.lang.Object, java.lang.Object, int)'> (0x0000000711174550) 
thrown [./open/src/hotspot/share/interpreter/linkResolver.cpp, line 782]
Event: 13.383 Thread 0x0000020b7077b930 Exception <a 'java/lang/NoSuchMethodError'{0x000000071118fa70}: 'int java.lang.invoke.DirectMethodHandle$Holder.invokeVirtual(java.lang.Object, java.lang.Object)'> (0x000000071118fa70) 
thrown [./open/src/hotspot/share/interpreter/linkResolver.cpp, line 782]
Event: 13.387 Thread 0x0000020b7077b930 Exception <a 'java/lang/IncompatibleClassChangeError'{0x00000007111cd820}: Found class java.lang.Object, but interface was expected> (0x00000007111cd820) 
thrown [./open/src/hotspot/share/interpreter/linkResolver.cpp, line 848]
Event: 13.388 Thread 0x0000020b7077b930 Exception <a 'java/lang/NoSuchMethodError'{0x00000007111d2f08}: 'void java.lang.invoke.DirectMethodHandle$Holder.invokeStatic(java.lang.Object, int, java.lang.Object)'> (0x00000007111d2f08) 
thrown [./open/src/hotspot/share/interpreter/linkResolver.cpp, line 782]
Event: 13.397 Thread 0x0000020b7077b930 Exception <a 'java/lang/NoSuchMethodError'{0x000000070f60a1b0}: 'int java.lang.invoke.DirectMethodHandle$Holder.invokeSpecial(java.lang.Object, java.lang.Object, int)'> (0x000000070f60a1b0) 
thrown [./open/src/hotspot/share/interpreter/linkResolver.cpp, line 782]
Event: 13.990 Thread 0x0000020b7077b930 Exception <a 'java/io/FileNotFoundException'{0x000000070398c718}> (0x000000070398c718) 
thrown [./open/src/hotspot/share/prims/jni.cpp, line 578]
Event: 14.046 Thread 0x0000020b7077b930 Exception <a 'java/lang/NoSuchMethodError'{0x0000000703482250}: 'int java.lang.invoke.DirectMethodHandle$Holder.invokeInterface(java.lang.Object, java.lang.Object, java.lang.Object, java.lang.Object)'> (0x0000000703482250) 
thrown [./open/src/hotspot/share/interpreter/linkResolver.cpp, line 782]
Event: 14.117 Thread 0x0000020b7077b930 Exception <a 'java/io/FileNotFoundException'{0x00000007030a3c80}> (0x00000007030a3c80) 
thrown [./open/src/hotspot/share/prims/jni.cpp, line 578]
Event: 14.821 Thread 0x0000020b7077b930 Exception <a 'java/lang/NoSuchMethodError'{0x0000000710eeaa38}: 'void java.lang.invoke.DirectMethodHandle$Holder.invokeStaticInit(java.lang.Object)'> (0x0000000710eeaa38) 
thrown [./open/src/hotspot/share/interpreter/linkResolver.cpp, line 782]
Event: 14.857 Thread 0x0000020b7077b930 Exception <a 'java/lang/NoClassDefFoundError'{0x000000070f78ced0}: oracle/security/pki/OraclePKIProvider> (0x000000070f78ced0) 
thrown [./open/src/hotspot/share/classfile/systemDictionary.cpp, line 284]

Events (20 events):
Event: 14.788 loading class java/util/concurrent/ForkJoinPool$ForkJoinWorkerThreadFactory
Event: 14.788 loading class java/util/concurrent/ForkJoinPool$ForkJoinWorkerThreadFactory done
Event: 14.788 loading class java/util/concurrent/ForkJoinPool$DefaultForkJoinWorkerThreadFactory done
Event: 14.788 loading class java/util/concurrent/ForkJoinPool$1
Event: 14.788 loading class java/util/concurrent/ForkJoinPool$1 done
Event: 14.788 loading class java/util/concurrent/ForkJoinPool$WorkQueue
Event: 14.788 loading class java/util/concurrent/ForkJoinPool$WorkQueue done
Event: 14.788 loading class java/util/concurrent/ForkJoinWorkerThread
Event: 14.789 loading class java/util/concurrent/ForkJoinWorkerThread done
Event: 14.837 loading class java/lang/StringIndexOutOfBoundsException
Event: 14.837 loading class java/lang/StringIndexOutOfBoundsException done
Event: 14.856 loading class javax/management/openmbean/OpenMBeanConstructorInfo
Event: 14.856 loading class javax/management/openmbean/OpenMBeanConstructorInfo done
Event: 14.963 loading class java/util/ServiceConfigurationError
Event: 14.963 loading class java/util/ServiceConfigurationError done
Event: 14.990 loading class java/util/regex/Pattern$1
Event: 14.990 loading class java/util/regex/Pattern$1 done
Event: 15.019 loading class javax/naming/Referenceable
Event: 15.019 loading class javax/naming/Referenceable done
Event: 15.060 Executing VM operation: CollectForMetadataAllocation


Dynamic libraries:
0x00007ff7464c0000 - 0x00007ff7464cd000 	D:\ProgramFiles\SpringTools4\sts-4.10.0.RELEASE\plugins\org.eclipse.justj.openjdk.hotspot.jre.full.win32.x86_64_15.0.2.v20210201-0955\jre\bin\javaw.exe
0x00007ffd2dd50000 - 0x00007ffd2df45000 	C:\WINDOWS\SYSTEM32\ntdll.dll
0x00007ffd2c310000 - 0x00007ffd2c3cd000 	C:\WINDOWS\System32\KERNEL32.DLL
0x00007ffd2bab0000 - 0x00007ffd2bd78000 	C:\WINDOWS\System32\KERNELBASE.dll
0x00007ffd2b7a0000 - 0x00007ffd2b8a0000 	C:\WINDOWS\System32\ucrtbase.dll
0x00007ffd14250000 - 0x00007ffd14268000 	D:\ProgramFiles\SpringTools4\sts-4.10.0.RELEASE\plugins\org.eclipse.justj.openjdk.hotspot.jre.full.win32.x86_64_15.0.2.v20210201-0955\jre\bin\jli.dll
0x00007ffd2d860000 - 0x00007ffd2da00000 	C:\WINDOWS\System32\USER32.dll
0x00007ffd2bd80000 - 0x00007ffd2bda2000 	C:\WINDOWS\System32\win32u.dll
0x00007ffd2c090000 - 0x00007ffd2c0ba000 	C:\WINDOWS\System32\GDI32.dll
0x00007ffd2b8f0000 - 0x00007ffd2b9fb000 	C:\WINDOWS\System32\gdi32full.dll
0x00007ffd2b700000 - 0x00007ffd2b79d000 	C:\WINDOWS\System32\msvcp_win.dll
0x00007ffd01f50000 - 0x00007ffd01f69000 	D:\ProgramFiles\SpringTools4\sts-4.10.0.RELEASE\plugins\org.eclipse.justj.openjdk.hotspot.jre.full.win32.x86_64_15.0.2.v20210201-0955\jre\bin\VCRUNTIME140.dll
0x00007ffd1df60000 - 0x00007ffd1e1fa000 	C:\WINDOWS\WinSxS\amd64_microsoft.windows.common-controls_6595b64144ccf1df_6.0.19041.844_none_ca00b6081b84eb1d\COMCTL32.dll
0x00007ffd2d730000 - 0x00007ffd2d7ce000 	C:\WINDOWS\System32\msvcrt.dll
0x00007ffd2c480000 - 0x00007ffd2c4b0000 	C:\WINDOWS\System32\IMM32.DLL
0x00007ffd154a0000 - 0x00007ffd154ac000 	D:\ProgramFiles\SpringTools4\sts-4.10.0.RELEASE\plugins\org.eclipse.justj.openjdk.hotspot.jre.full.win32.x86_64_15.0.2.v20210201-0955\jre\bin\vcruntime140_1.dll
0x00007ffcdaa30000 - 0x00007ffcdaac1000 	D:\ProgramFiles\SpringTools4\sts-4.10.0.RELEASE\plugins\org.eclipse.justj.openjdk.hotspot.jre.full.win32.x86_64_15.0.2.v20210201-0955\jre\bin\msvcp140.dll
0x00007ffcbc010000 - 0x00007ffcbcb6e000 	D:\ProgramFiles\SpringTools4\sts-4.10.0.RELEASE\plugins\org.eclipse.justj.openjdk.hotspot.jre.full.win32.x86_64_15.0.2.v20210201-0955\jre\bin\server\jvm.dll
0x00007ffd2c3d0000 - 0x00007ffd2c47c000 	C:\WINDOWS\System32\ADVAPI32.dll
0x00007ffd2c270000 - 0x00007ffd2c30b000 	C:\WINDOWS\System32\sechost.dll
0x00007ffd2dac0000 - 0x00007ffd2dbeb000 	C:\WINDOWS\System32\RPCRT4.dll
0x00007ffd2c4b0000 - 0x00007ffd2c4b8000 	C:\WINDOWS\System32\PSAPI.DLL
0x00007ffd11b20000 - 0x00007ffd11b29000 	C:\WINDOWS\SYSTEM32\WSOCK32.dll
0x00007ffd2c0c0000 - 0x00007ffd2c12b000 	C:\WINDOWS\System32\WS2_32.dll
0x00007ffd1e570000 - 0x00007ffd1e597000 	C:\WINDOWS\SYSTEM32\WINMM.dll
0x00007ffd21110000 - 0x00007ffd2111a000 	C:\WINDOWS\SYSTEM32\VERSION.dll
0x00007ffd29400000 - 0x00007ffd29412000 	C:\WINDOWS\SYSTEM32\kernel.appcore.dll
0x00007ffd15740000 - 0x00007ffd1574a000 	D:\ProgramFiles\SpringTools4\sts-4.10.0.RELEASE\plugins\org.eclipse.justj.openjdk.hotspot.jre.full.win32.x86_64_15.0.2.v20210201-0955\jre\bin\jimage.dll
0x00007ffd28cd0000 - 0x00007ffd28eb4000 	C:\WINDOWS\SYSTEM32\DBGHELP.DLL
0x00007ffd08170000 - 0x00007ffd0819c000 	C:\WINDOWS\SYSTEM32\dbgcore.DLL
0x00007ffd2b520000 - 0x00007ffd2b5a0000 	C:\WINDOWS\System32\bcryptPrimitives.dll
0x00007ffd02900000 - 0x00007ffd02939000 	D:\ProgramFiles\SpringTools4\sts-4.10.0.RELEASE\plugins\org.eclipse.justj.openjdk.hotspot.jre.full.win32.x86_64_15.0.2.v20210201-0955\jre\bin\jdwp.dll
0x00007ffd15640000 - 0x00007ffd1564e000 	D:\ProgramFiles\SpringTools4\sts-4.10.0.RELEASE\plugins\org.eclipse.justj.openjdk.hotspot.jre.full.win32.x86_64_15.0.2.v20210201-0955\jre\bin\instrument.dll
0x00007ffcff4d0000 - 0x00007ffcff4f5000 	D:\ProgramFiles\SpringTools4\sts-4.10.0.RELEASE\plugins\org.eclipse.justj.openjdk.hotspot.jre.full.win32.x86_64_15.0.2.v20210201-0955\jre\bin\java.dll
0x00007ffd02dc0000 - 0x00007ffd02dd8000 	D:\ProgramFiles\SpringTools4\sts-4.10.0.RELEASE\plugins\org.eclipse.justj.openjdk.hotspot.jre.full.win32.x86_64_15.0.2.v20210201-0955\jre\bin\zip.dll
0x00007ffd2c960000 - 0x00007ffd2d0a2000 	C:\WINDOWS\System32\SHELL32.dll
0x00007ffd29590000 - 0x00007ffd29d21000 	C:\WINDOWS\SYSTEM32\windows.storage.dll
0x00007ffd2c600000 - 0x00007ffd2c955000 	C:\WINDOWS\System32\combase.dll
0x00007ffd2ae30000 - 0x00007ffd2ae5c000 	C:\WINDOWS\SYSTEM32\Wldp.dll
0x00007ffd2bf10000 - 0x00007ffd2bfbe000 	C:\WINDOWS\System32\SHCORE.dll
0x00007ffd2d0b0000 - 0x00007ffd2d105000 	C:\WINDOWS\System32\shlwapi.dll
0x00007ffd2b3d0000 - 0x00007ffd2b3ef000 	C:\WINDOWS\SYSTEM32\profapi.dll
0x00007ffd26070000 - 0x00007ffd2607b000 	D:\ProgramFiles\SpringTools4\sts-4.10.0.RELEASE\plugins\org.eclipse.justj.openjdk.hotspot.jre.full.win32.x86_64_15.0.2.v20210201-0955\jre\bin\dt_socket.dll
0x00007ffd2a8d0000 - 0x00007ffd2a90b000 	C:\WINDOWS\SYSTEM32\IPHLPAPI.DLL
0x00007ffd2ac10000 - 0x00007ffd2ac7a000 	C:\WINDOWS\system32\mswsock.dll
0x00007ffd2a910000 - 0x00007ffd2a9dc000 	C:\WINDOWS\SYSTEM32\DNSAPI.dll
0x00007ffd2dbf0000 - 0x00007ffd2dbf8000 	C:\WINDOWS\System32\NSI.dll
0x00007ffd22f40000 - 0x00007ffd22f4a000 	C:\Windows\System32\rasadhlp.dll
0x00007ffd19800000 - 0x00007ffd1987f000 	C:\WINDOWS\System32\fwpuclnt.dll
0x00007ffd2b4f0000 - 0x00007ffd2b517000 	C:\WINDOWS\System32\bcrypt.dll
0x00007ffd00540000 - 0x00007ffd00559000 	D:\ProgramFiles\SpringTools4\sts-4.10.0.RELEASE\plugins\org.eclipse.justj.openjdk.hotspot.jre.full.win32.x86_64_15.0.2.v20210201-0955\jre\bin\net.dll
0x00007ffd19ff0000 - 0x00007ffd1a0fb000 	C:\WINDOWS\SYSTEM32\WINHTTP.dll
0x00007ffcfe430000 - 0x00007ffcfe442000 	D:\ProgramFiles\SpringTools4\sts-4.10.0.RELEASE\plugins\org.eclipse.justj.openjdk.hotspot.jre.full.win32.x86_64_15.0.2.v20210201-0955\jre\bin\nio.dll
0x00007ffd14de0000 - 0x00007ffd14de9000 	D:\ProgramFiles\SpringTools4\sts-4.10.0.RELEASE\plugins\org.eclipse.justj.openjdk.hotspot.jre.full.win32.x86_64_15.0.2.v20210201-0955\jre\bin\management.dll
0x00007ffd08350000 - 0x00007ffd0835b000 	D:\ProgramFiles\SpringTools4\sts-4.10.0.RELEASE\plugins\org.eclipse.justj.openjdk.hotspot.jre.full.win32.x86_64_15.0.2.v20210201-0955\jre\bin\management_ext.dll
0x00007ffd085e0000 - 0x00007ffd085f7000 	C:\WINDOWS\system32\napinsp.dll
0x00007ffd085c0000 - 0x00007ffd085db000 	C:\WINDOWS\system32\pnrpnsp.dll
0x00007ffd25520000 - 0x00007ffd25535000 	C:\WINDOWS\system32\wshbth.dll
0x00007ffd25f20000 - 0x00007ffd25f3d000 	C:\WINDOWS\system32\NLAapi.dll
0x00007ffd083f0000 - 0x00007ffd08402000 	C:\WINDOWS\System32\winrnr.dll
0x00007ffd2b160000 - 0x00007ffd2b178000 	C:\WINDOWS\SYSTEM32\CRYPTSP.dll
0x00007ffd2a560000 - 0x00007ffd2a594000 	C:\WINDOWS\system32\rsaenh.dll
0x00007ffd2b390000 - 0x00007ffd2b3be000 	C:\WINDOWS\SYSTEM32\USERENV.dll
0x00007ffd2ad90000 - 0x00007ffd2ad9c000 	C:\WINDOWS\SYSTEM32\CRYPTBASE.dll
0x00007ffd234d0000 - 0x00007ffd234e7000 	C:\WINDOWS\SYSTEM32\dhcpcsvc6.DLL
0x00007ffd22f90000 - 0x00007ffd22fad000 	C:\WINDOWS\SYSTEM32\dhcpcsvc.DLL
0x00007ffd15630000 - 0x00007ffd15640000 	D:\ProgramFiles\SpringTools4\sts-4.10.0.RELEASE\plugins\org.eclipse.justj.openjdk.hotspot.jre.full.win32.x86_64_15.0.2.v20210201-0955\jre\bin\verify.dll

dbghelp: loaded successfully - version: 4.0.5 - missing functions: none
symbol engine: initialized successfully - sym options: 0x614 - pdb path: .;D:\ProgramFiles\SpringTools4\sts-4.10.0.RELEASE\plugins\org.eclipse.justj.openjdk.hotspot.jre.full.win32.x86_64_15.0.2.v20210201-0955\jre\bin;C:\WINDOWS\SYSTEM32;C:\WINDOWS\WinSxS\amd64_microsoft.windows.common-controls_6595b64144ccf1df_6.0.19041.844_none_ca00b6081b84eb1d;D:\ProgramFiles\SpringTools4\sts-4.10.0.RELEASE\plugins\org.eclipse.justj.openjdk.hotspot.jre.full.win32.x86_64_15.0.2.v20210201-0955\jre\bin\server

VM Arguments:
jvm_args: -XX:+ShowCodeDetailsInExceptionMessages -agentlib:jdwp=transport=dt_socket,suspend=y,address=localhost:55940 -Dcom.sun.management.jmxremote -Dcom.sun.management.jmxremote.port=55933 -Dcom.sun.management.jmxremote.authenticate=false -Dcom.sun.management.jmxremote.ssl=false -Djava.rmi.server.hostname=localhost -Dspring.jmx.enabled=true -Dspring.application.admin.enabled=true -XX:TieredStopAtLevel=1 -Dspring.boot.project.name=Bank -javaagent:D:\ProgramFiles\SpringTools4\sts-4.10.0.RELEASE\configuration\org.eclipse.osgi\254\0\.cp\lib\javaagent-shaded.jar -Dfile.encoding=Cp1252 
java_command: com.intership.bank.BankApplication --spring.output.ansi.enabled=always
java_class_path (initial): D:\MyData\Camilo\workspace\Java\workspace-spring-tool-suite-4-4.10.0.RELEASE\Bank\bin\main;C:\Users\camilo\.gradle\caches\modules-2\files-2.1\org.projectlombok\lombok\1.18.20\18bcea7d5df4d49227b4a0743a536208ce4825bb\lombok-1.18.20.jar;C:\Users\camilo\.gradle\caches\modules-2\files-2.1\io.springfox\springfox-swagger2\2.9.2\362676bc7f4c6f9f1d568741becab0dfc198c898\springfox-swagger2-2.9.2.jar;C:\Users\camilo\.gradle\caches\modules-2\files-2.1\io.springfox\springfox-swagger-ui\2.9.2\d542382a88ff3ea8d4032c28b2b0325797fada7d\springfox-swagger-ui-2.9.2.jar;C:\Users\camilo\.gradle\caches\modules-2\files-2.1\org.springframework.boot\spring-boot-starter-web\2.4.5\93cf2655557534e35723fbafa069bed2ee125832\spring-boot-starter-web-2.4.5.jar;C:\Users\camilo\.gradle\caches\modules-2\files-2.1\org.springframework.boot\spring-boot-starter-data-jpa\2.4.5\cba91e070e601c55eec0d8a1948dcca15703ad37\spring-boot-starter-data-jpa-2.4.5.jar;C:\Users\camilo\.gradle\caches\modules-2\files-2.1\com.oracle.database.jdbc\ojdbc10\19.10.0.0\4174e8d8acc29676b9d0784a61138408da7f626b\ojdbc10-19.10.0.0.jar;C:\Users\camilo\.gradle\caches\modules-2\files-2.1\io.springfox\springfox-swagger-common\2.9.2\b38a41b3044af80cb7f41f67be5d158c9f6491ec\springfox-swagger-common-2.9.2.jar;C:\Users\camilo\.gradle\caches\modules-2\files-2.1\io.swagger\swagger-models\1.5.20\fb3a23bad80c5ed84db9dd150db2cba699531458\swagger-models-1.5.20.jar;C:\Users\camilo\.gradle\caches\modules-2\files-2.1\io.swagger\swagger-annotations\1.5.20\16051f93ce11ca489a5313775d825f82fcc2cd6c\swagger-annotations-1.5.20.jar;C:\Users\camilo\.gradle\caches\modules-2\files-2.1\io.springfox\springfox-schema\2.9.2\e268f38774b16bb51a92ccaef0dcf3dc651c0cee\springfox-schema-2.9.2.jar;C:\Users\camilo\.gradle\caches\modules-2\files-2.1\io.springfox\springfox-spring-web\2.9.2\ed2ed714a6cba8804d00f80f0534901e4c7a3211\springfox-spring-web-2.9.2.jar;C:\Users\camilo\.gradle\caches\modules-2\files-2.1\io.springfox\springfox-spi\2.9.2\
Launcher Type: SUN_STANDARD

[Global flags]
     intx CICompilerCount                          = 4                                         {product} {ergonomic}
     uint ConcGCThreads                            = 2                                         {product} {ergonomic}
     uint G1ConcRefinementThreads                  = 8                                         {product} {ergonomic}
   size_t G1HeapRegionSize                         = 2097152                                   {product} {ergonomic}
    uintx GCDrainStackTargetSize                   = 64                                        {product} {ergonomic}
   size_t InitialHeapSize                          = 268435456                                 {product} {ergonomic}
     bool ManagementServer                         = true                                      {product} {command line}
   size_t MarkStackSize                            = 4194304                                   {product} {ergonomic}
   size_t MaxHeapSize                              = 4276092928                                {product} {ergonomic}
   size_t MaxNewSize                               = 2564816896                                {product} {ergonomic}
   size_t MinHeapDeltaBytes                        = 2097152                                   {product} {ergonomic}
   size_t MinHeapSize                              = 8388608                                   {product} {ergonomic}
    uintx NonNMethodCodeHeapSize                   = 7549744                                {pd product} {ergonomic}
    uintx NonProfiledCodeHeapSize                  = 244108496                              {pd product} {ergonomic}
    uintx ProfiledCodeHeapSize                     = 0                                      {pd product} {ergonomic}
    uintx ReservedCodeCacheSize                    = 251658240                              {pd product} {ergonomic}
     bool SegmentedCodeCache                       = true                                      {product} {ergonomic}
     bool ShowCodeDetailsInExceptionMessages       = true                                   {manageable} {command line}
   size_t SoftMaxHeapSize                          = 4276092928                             {manageable} {ergonomic}
     intx TieredStopAtLevel                        = 1                                         {product} {command line}
     bool UseCompressedClassPointers               = true                                 {lp64_product} {ergonomic}
     bool UseCompressedOops                        = true                                 {lp64_product} {ergonomic}
     bool UseG1GC                                  = true                                      {product} {ergonomic}
     bool UseLargePagesIndividualAllocation        = false                                  {pd product} {ergonomic}

Logging:
Log output configuration:
 #0: stdout all=warning uptime,level,tags
 #1: stderr all=off uptime,level,tags

Environment Variables:
JAVA_HOME=C:\Program Files\Java\jdk-11.0.11
PATH=D:\ProgramFiles\SpringTools4\sts-4.10.0.RELEASE\plugins\org.eclipse.justj.openjdk.hotspot.jre.full.win32.x86_64_15.0.2.v20210201-0955\jre\bin;D:/ProgramFiles/SpringTools4/sts-4.10.0.RELEASE//plugins/org.eclipse.justj.openjdk.hotspot.jre.full.win32.x86_64_15.0.2.v20210201-0955/jre/bin/server;D:/ProgramFiles/SpringTools4/sts-4.10.0.RELEASE//plugins/org.eclipse.justj.openjdk.hotspot.jre.full.win32.x86_64_15.0.2.v20210201-0955/jre/bin;D:\ProgramFiles\Oracle\Oracle18c\dbhomeXE\bin;D:\ProgramFiles\Oracle18cXE\dbhomeXE\bin;C:\WINDOWS\system32;C:\WINDOWS;C:\WINDOWS\System32\Wbem;C:\WINDOWS\System32\WindowsPowerShell\v1.0\;D:\Archivos de Programa\Git\cmd;C:\WINDOWS\System32\OpenSSH\;C:\Program Files\NVIDIA Corporation\NVIDIA NvDLISR;C:\Program Files\Java\jdk-11.0.11\bin;C:\Python27;C:\Program Files\gradle-6.6\bin;C:\Users\camilo\AppData\Roaming\nvm;C:\Program Files\nodejs;C:\Program Files\Git\cmd;D:\ProgramFiles\xampp\php;C:\Program Files\mongodb4.0.20x64\bin;C:\WINDOWS\system32;C:\WINDOWS;C:\WINDOWS\System32\Wbem;C:\WINDOWS\System32\WindowsPowerShell\v1.0\;C:\WINDOWS\System32\OpenSSH\;C:\Program Files\dotnet\;C:\Program Files\Microsoft SQL Server\130\Tools\Binn\;C:\Program Files\Docker\Docker\resources\bin;C:\ProgramData\DockerDesktop\version-bin;D:\ProgramFiles\heroku\bin;C:\Program Files\MySQL\MySQL Shell 8.0\bin\;C:\Users\camilo\AppData\Local\Programs\Python\Python39\Scripts\;C:\Users\camilo\AppData\Local\Programs\Python\Python39\;C:\WINDOWS\system32;C:\WINDOWS;C:\WINDOWS\System32\Wbem;C:\WINDOWS\System32\WindowsPowerShell\v1.0\;D:\Archivos de Programa\Git\cmd;C:\WINDOWS\System32\OpenSSH\;C:\Program Files\NVIDIA Corporation\NVIDIA NvDLISR;C:\Python27;C:\Program Files\gradle-6.6\bin;C:\Users\camilo\AppData\Roaming\nvm;C:\Program Files\nodejs;C:\Program Files\dotnet\;C:\Program Files\Microsoft SQL Server\130\Tools\Binn\;C:\Program Files\Microsoft SQL Server\Client SDK\ODBC\170\Tools\Binn\;C:\Program Files\Git\cmd;C:\ProgramData\ComposerSetup\bin;C:\Program Files\mongodb4
USERNAME=camilo
OS=Windows_NT
PROCESSOR_IDENTIFIER=Intel64 Family 6 Model 158 Stepping 10, GenuineIntel



---------------  S Y S T E M  ---------------

OS:
 Windows 10 , 64 bit Build 19041 (10.0.19041.928)
OS uptime: 0 days 18:23 hours
HyperV virtualization detected

CPU: total 8 (initial active 8) (4 cores per cpu, 2 threads per core) family 6 model 158 stepping 10 microcode 0xde, cmov, cx8, fxsr, mmx, sse, sse2, sse3, ssse3, sse4.1, sse4.2, popcnt, vzeroupper, avx, avx2, aes, clmul, erms, 3dnowpref, lzcnt, ht, tsc, tscinvbit, bmi1, bmi2, adx, fma, clflush, clflushopt

Memory: 4k page, system-wide physical 16304M (2759M free)
TotalPageFile size 31431M (AvailPageFile size 0M)
current process WorkingSet (physical memory assigned to process): 153M, peak: 153M
current process commit charge ("private bytes"): 192M, peak: 365M

vm_info: OpenJDK 64-Bit Server VM (15.0.2+7-27) for windows-amd64 JRE (15.0.2+7-27), built on Dec  7 2020 20:02:38 by "mach5one" with unknown MS VC++:1925

END.
