#
# There is insufficient memory for the Java Runtime Environment to continue.
# Native memory allocation (malloc) failed to allocate 1048576 bytes for AllocateHeap
# Possible reasons:
#   The system is out of physical RAM or swap space
#   The process is running with CompressedOops enabled, and the Java Heap may be blocking the growth of the native heap
# Possible solutions:
#   Reduce memory load on the system
#   Increase physical memory or swap space
#   Check if swap backing store is full
#   Decrease Java heap size (-Xmx/-Xms)
#   Decrease number of Java threads
#   Decrease Java thread stack sizes (-Xss)
#   Set larger code cache with -XX:ReservedCodeCacheSize=
#   JVM is running with Zero Based Compressed Oops mode in which the Java heap is
#     placed in the first 32GB address space. The Java Heap base address is the
#     maximum limit for the native heap growth. Please use -XX:HeapBaseMinAddress
#     to set the Java Heap base and to place the Java Heap above 32GB virtual address.
# This output file may be truncated or incomplete.
#
#  Out of Memory Error (./open/src/hotspot/share/memory/allocation.cpp:44), pid=23096, tid=5936
#
# JRE version: OpenJDK Runtime Environment (15.0.2+7) (build 15.0.2+7-27)
# Java VM: OpenJDK 64-Bit Server VM (15.0.2+7-27, mixed mode, tiered, compressed oops, g1 gc, windows-amd64)
# No core dump will be written. Minidumps are not enabled by default on client versions of Windows
#

---------------  S U M M A R Y ------------

Command Line: -XX:+ShowCodeDetailsInExceptionMessages -agentlib:jdwp=transport=dt_socket,suspend=y,address=localhost:56101 -Dcom.sun.management.jmxremote -Dcom.sun.management.jmxremote.port=56002 -Dcom.sun.management.jmxremote.authenticate=false -Dcom.sun.management.jmxremote.ssl=false -Djava.rmi.server.hostname=localhost -Dspring.jmx.enabled=true -Dspring.application.admin.enabled=true -XX:TieredStopAtLevel=1 -Dspring.boot.project.name=Bank -javaagent:D:\ProgramFiles\SpringTools4\sts-4.10.0.RELEASE\configuration\org.eclipse.osgi\254\0\.cp\lib\javaagent-shaded.jar -Dfile.encoding=Cp1252 com.intership.bank.BankApplication --spring.output.ansi.enabled=always

Host: Intel(R) Core(TM) i5-9300H CPU @ 2.40GHz, 8 cores, 15G,  Windows 10 , 64 bit Build 19041 (10.0.19041.928)
Time: Wed May 12 09:24:19 2021 Hora est. Pacífico, Sudamérica elapsed time: 65.987947 seconds (0d 0h 1m 5s)

---------------  T H R E A D  ---------------

Current thread (0x00000248756c2a60):  VMThread "VM Thread" [stack: 0x000000543fe00000,0x000000543ff00000] [id=5936]

Stack: [0x000000543fe00000,0x000000543ff00000]
[error occurred during error reporting (printing stack bounds), id 0xc0000005, EXCEPTION_ACCESS_VIOLATION (0xc0000005) at pc=0x00000248599410ad]

Native frames: (J=compiled Java code, j=interpreted, Vv=VM code, C=native code)
V  [jvm.dll+0x62ae9a]
V  [jvm.dll+0x7817a9]
V  [jvm.dll+0x782f03]
V  [jvm.dll+0x7834c5]
V  [jvm.dll+0x78347b]
V  [jvm.dll+0x62a2b9]
V  [jvm.dll+0x62aa88]
C  [ntdll.dll+0xa207f]
C  [ntdll.dll+0x51454]
C  [ntdll.dll+0xa0bae]
C  0x00000248599410ad

VM_Operation (0x000000543f8facb0): CollectForMetadataAllocation, mode: safepoint, requested by thread 0x0000024855f3ce50


---------------  P R O C E S S  ---------------

Threads class SMR info:
_java_thread_list=0x0000024876594660, length=20, elements={
0x0000024855f3ce50, 0x00000248756f9130, 0x00000248756fc6a0, 0x000002487571d0b0,
0x000002487571da70, 0x0000024875720840, 0x00000248757212b0, 0x0000024875754ae0,
0x00000248757ab400, 0x0000024875945130, 0x00000248759b55a0, 0x00000248759b5a90,
0x00000248761912b0, 0x00000248763ca310, 0x00000248763fb390, 0x00000248763ec050,
0x00000248759c3a90, 0x00000248765b9580, 0x0000024876f87ff0, 0x00000248766ce940
}

Java Threads: ( => current thread )
  0x0000024855f3ce50 JavaThread "main" [_thread_blocked, id=4168, stack(0x000000543f800000,0x000000543f900000)]
  0x00000248756f9130 JavaThread "Reference Handler" daemon [_thread_blocked, id=19472, stack(0x000000543ff00000,0x0000005440000000)]
  0x00000248756fc6a0 JavaThread "Finalizer" daemon [_thread_blocked, id=9476, stack(0x0000005440000000,0x0000005440100000)]
  0x000002487571d0b0 JavaThread "Signal Dispatcher" daemon [_thread_blocked, id=6160, stack(0x0000005440100000,0x0000005440200000)]
  0x000002487571da70 JavaThread "Attach Listener" daemon [_thread_blocked, id=9544, stack(0x0000005440200000,0x0000005440300000)]
  0x0000024875720840 JavaThread "Service Thread" daemon [_thread_blocked, id=19716, stack(0x0000005440300000,0x0000005440400000)]
  0x00000248757212b0 JavaThread "C1 CompilerThread0" daemon [_thread_blocked, id=21292, stack(0x0000005440400000,0x0000005440500000)]
  0x0000024875754ae0 JavaThread "Sweeper thread" daemon [_thread_blocked, id=2232, stack(0x0000005440500000,0x0000005440600000)]
  0x00000248757ab400 JavaThread "Common-Cleaner" daemon [_thread_blocked, id=6176, stack(0x0000005440600000,0x0000005440700000)]
  0x0000024875945130 JavaThread "JDWP Transport Listener: dt_socket" daemon [_thread_blocked, id=26800, stack(0x0000005440700000,0x0000005440800000)]
  0x00000248759b55a0 JavaThread "JDWP Event Helper Thread" daemon [_thread_blocked, id=26812, stack(0x0000005440800000,0x0000005440900000)]
  0x00000248759b5a90 JavaThread "JDWP Command Reader" daemon [_thread_in_native, id=26832, stack(0x0000005440900000,0x0000005440a00000)]
  0x00000248761912b0 JavaThread "Notification Thread" daemon [_thread_blocked, id=27588, stack(0x0000005440a00000,0x0000005440b00000)]
  0x00000248763ca310 JavaThread "RMI TCP Accept-0" daemon [_thread_in_native, id=19916, stack(0x0000005440c00000,0x0000005440d00000)]
  0x00000248763fb390 JavaThread "RMI TCP Accept-56002" daemon [_thread_in_native, id=10556, stack(0x0000005440d00000,0x0000005440e00000)]
  0x00000248763ec050 JavaThread "RMI TCP Accept-0" daemon [_thread_in_native, id=19260, stack(0x0000005440e00000,0x0000005440f00000)]
  0x00000248759c3a90 JavaThread "RMI TCP Connection(idle)" daemon [_thread_blocked, id=27740, stack(0x0000005441700000,0x0000005441800000)]
  0x00000248765b9580 JavaThread "RMI Scheduler(0)" daemon [_thread_blocked, id=27776, stack(0x0000005441800000,0x0000005441900000)]
  0x0000024876f87ff0 JavaThread "RMI TCP Connection(2)-127.0.0.1" daemon [_thread_in_native, id=27828, stack(0x0000005441900000,0x0000005441a00000)]
  0x00000248766ce940 JavaThread "JMX server connection timeout 24" daemon [_thread_blocked, id=27936, stack(0x0000005441a00000,0x0000005441b00000)]

Other Threads:
=>0x00000248756c2a60 VMThread "VM Thread" [stack: 0x000000543fe00000,0x000000543ff00000] [id=5936]
  0x0000024855f3daf0 WatcherThread [stack: 0x0000005440f00000,0x0000005441000000] [id=17220]
  0x0000024855f8f050 GCTaskThread "GC Thread#0" [stack: 0x000000543f900000,0x000000543fa00000] [id=5708]
  0x0000024876461b60 GCTaskThread "GC Thread#1" [stack: 0x0000005441000000,0x0000005441100000] [id=4076]
  0x00000248764611d0 GCTaskThread "GC Thread#2" [stack: 0x0000005441100000,0x0000005441200000] [id=27444]
  0x00000248764631b0 GCTaskThread "GC Thread#3" [stack: 0x0000005441200000,0x0000005441300000] [id=25048]
  0x0000024876461e90 GCTaskThread "GC Thread#4" [stack: 0x0000005441300000,0x0000005441400000] [id=26640]
  0x0000024876463810 GCTaskThread "GC Thread#5" [stack: 0x0000005441400000,0x0000005441500000] [id=8176]
  0x0000024855fa0100 ConcurrentGCThread "G1 Main Marker" [stack: 0x000000543fa00000,0x000000543fb00000] [id=12012]
  0x0000024855fa1c10 ConcurrentGCThread "G1 Conc#0" [stack: 0x000000543fb00000,0x000000543fc00000] [id=18688]
  0x0000024876462e80 ConcurrentGCThread "G1 Conc#1" [stack: 0x0000005441b00000,0x0000005441c00000] [id=25976]
  0x0000024874cf20d0 ConcurrentGCThread "G1 Refine#0" [stack: 0x000000543fc00000,0x000000543fd00000] [id=19660]
  0x00000248763f8c00 ConcurrentGCThread "G1 Refine#1" [stack: 0x0000005441500000,0x0000005441600000] [id=27684]
  0x0000024876472180 ConcurrentGCThread "G1 Refine#2" [stack: 0x0000005441600000,0x0000005441700000] [id=27688]
  0x0000024874cf2980 ConcurrentGCThread "G1 Young RemSet Sampling" [stack: 0x000000543fd00000,0x000000543fe00000] [id=6736]

Threads with active compile tasks:

VM state: at safepoint (normal execution)

VM Mutex/Monitor currently owned by a thread:  ([mutex/lock_event])
[0x0000024855f381d0] Threads_lock - owner thread: 0x00000248756c2a60
[0x0000024855f39970] Heap_lock - owner thread: 0x0000024855f3ce50

Heap address: 0x0000000701200000, size: 4078 MB, Compressed Oops mode: Zero based, Oop shift amount: 3
CDS disabled.
Compressed class space mapped at: 0x0000000800000000-0x0000000840000000, size: 1073741824
Narrow klass base: 0x0000000800000000, Narrow klass shift: 0, Narrow klass range: 0x40000000

GC Precious Log:
 CPUs: 8 total, 8 available
 Memory: 16304M
 Large Page Support: Disabled
 NUMA Support: Disabled
 Compressed Oops: Enabled (Zero based)
 Heap Region Size: 2M
 Heap Min Capacity: 8M
 Heap Initial Capacity: 256M
 Heap Max Capacity: 4078M
 Pre-touch: Disabled
 Parallel Workers: 8
 Concurrent Workers: 2
 Concurrent Refinement Workers: 8
 Periodic GC: Disabled

Heap:
 garbage-first heap   total 53248K, used 15874K [0x0000000701200000, 0x0000000800000000)
  region size 2048K, 2 young (4096K), 2 survivors (4096K)
 Metaspace       used 35397K, capacity 35799K, committed 35888K, reserved 1083392K
  class space    used 4246K, capacity 4420K, committed 4480K, reserved 1048576K

Heap Regions: E=young(eden), S=young(survivor), O=old, HS=humongous(starts), HC=humongous(continues), CS=collection set, F=free, OA=open archive, CA=closed archive, TAMS=top-at-mark-start (previous, next)
|   0|0x0000000701200000, 0x0000000701400000, 0x0000000701400000|100%| O|  |TAMS 0x0000000701400000, 0x0000000701400000| Untracked 
|   1|0x0000000701400000, 0x0000000701600000, 0x0000000701600000|100%| O|  |TAMS 0x0000000701600000, 0x0000000701600000| Untracked 
|   2|0x0000000701600000, 0x0000000701800000, 0x0000000701800000|100%| O|  |TAMS 0x0000000701800000, 0x0000000701800000| Untracked 
|   3|0x0000000701800000, 0x00000007018b0200, 0x0000000701a00000| 34%| O|  |TAMS 0x00000007018b0200, 0x00000007018b0200| Untracked 
|   4|0x0000000701a00000, 0x0000000701c00000, 0x0000000701c00000|100%| O|  |TAMS 0x0000000701a00000, 0x0000000701c00000| Untracked 
|   5|0x0000000701c00000, 0x0000000701e00000, 0x0000000701e00000|100%| O|  |TAMS 0x0000000701c00000, 0x0000000701e00000| Untracked 
|   6|0x0000000701e00000, 0x0000000702000000, 0x0000000702000000|100%| O|  |TAMS 0x0000000701e00000, 0x0000000701ef3800| Untracked 
|   7|0x0000000702000000, 0x0000000702085a00, 0x0000000702200000| 26%| O|  |TAMS 0x0000000702000000, 0x0000000702000000| Untracked 
|   8|0x0000000702200000, 0x0000000702200000, 0x0000000702400000|  0%| F|  |TAMS 0x0000000702200000, 0x0000000702200000| Untracked 
|   9|0x0000000702400000, 0x0000000702400000, 0x0000000702600000|  0%| F|  |TAMS 0x0000000702400000, 0x0000000702400000| Untracked 
|  10|0x0000000702600000, 0x0000000702600000, 0x0000000702800000|  0%| F|  |TAMS 0x0000000702600000, 0x0000000702600000| Untracked 
|  11|0x0000000702800000, 0x0000000702800000, 0x0000000702a00000|  0%| F|  |TAMS 0x0000000702800000, 0x0000000702800000| Untracked 
|  12|0x0000000702a00000, 0x0000000702a00000, 0x0000000702c00000|  0%| F|  |TAMS 0x0000000702a00000, 0x0000000702a00000| Untracked 
|  13|0x0000000702c00000, 0x0000000702c00000, 0x0000000702e00000|  0%| F|  |TAMS 0x0000000702c00000, 0x0000000702c00000| Untracked 
|  14|0x0000000702e00000, 0x0000000702e00000, 0x0000000703000000|  0%| F|  |TAMS 0x0000000702e00000, 0x0000000702e00000| Untracked 
|  15|0x0000000703000000, 0x0000000703000000, 0x0000000703200000|  0%| F|  |TAMS 0x0000000703000000, 0x0000000703000000| Untracked 
|  16|0x0000000703200000, 0x0000000703200000, 0x0000000703400000|  0%| F|  |TAMS 0x0000000703200000, 0x0000000703200000| Untracked 
|  17|0x0000000703400000, 0x0000000703400000, 0x0000000703600000|  0%| F|  |TAMS 0x0000000703400000, 0x0000000703400000| Untracked 
|  18|0x0000000703600000, 0x0000000703600000, 0x0000000703800000|  0%| F|  |TAMS 0x0000000703600000, 0x0000000703600000| Untracked 
|  19|0x0000000703800000, 0x0000000703800000, 0x0000000703a00000|  0%| F|  |TAMS 0x0000000703800000, 0x0000000703800000| Untracked 
|  20|0x0000000703a00000, 0x0000000703a00000, 0x0000000703c00000|  0%| F|  |TAMS 0x0000000703a00000, 0x0000000703a00000| Untracked 
|  21|0x0000000703c00000, 0x0000000703c00000, 0x0000000703e00000|  0%| F|  |TAMS 0x0000000703c00000, 0x0000000703c00000| Untracked 
|  22|0x0000000703e00000, 0x0000000703e4acf0, 0x0000000704000000| 14%| S|CS|TAMS 0x0000000703e00000, 0x0000000703e00000| Complete 
| 110|0x000000070ee00000, 0x000000070f000000, 0x000000070f000000|100%| S|CS|TAMS 0x000000070ee00000, 0x000000070ee00000| Complete 
| 111|0x000000070f000000, 0x000000070f000000, 0x000000070f200000|  0%| F|  |TAMS 0x000000070f000000, 0x000000070f000000| Untracked 
| 127|0x0000000711000000, 0x0000000711000000, 0x0000000711200000|  0%| F|  |TAMS 0x0000000711000000, 0x0000000711000000| Untracked 

Card table byte_map: [0x0000024869470000,0x0000024869c70000] _byte_map_base: 0x0000024865c67000

Marking Bits (Prev, Next): (CMBitMap*) 0x0000024855f8f810, (CMBitMap*) 0x0000024855f8f7d0
 Prev Bits: [0x000002486e430000, 0x00000248723e8000)
 Next Bits: [0x000002486a470000, 0x000002486e428000)

Polling page: 0x0000024853f00000

Metaspace:

Usage:
  Non-class:     30.64 MB capacity,    30.42 MB (>99%) used,   175.10 KB ( <1%) free+waste,    53.38 KB ( <1%) overhead. 
      Class:      4.32 MB capacity,     4.15 MB ( 96%) used,   152.08 KB (  3%) free+waste,    21.00 KB ( <1%) overhead. 
       Both:     34.96 MB capacity,    34.57 MB ( 99%) used,   327.18 KB ( <1%) free+waste,    74.38 KB ( <1%) overhead. 

Virtual space:
  Non-class space:       34.00 MB reserved,      30.67 MB ( 90%) committed 
      Class space:        1.00 GB reserved,       4.38 MB ( <1%) committed 
             Both:        1.03 GB reserved,      35.05 MB (  3%) committed 

Chunk freelists:
   Non-Class:  29.00 KB
       Class:  28.00 KB
        Both:  57.00 KB

MaxMetaspaceSize: 17179869184.00 GB
CompressedClassSpaceSize: 1.00 GB

CodeHeap 'non-profiled nmethods': size=238336Kb used=6568Kb max_used=6568Kb free=231767Kb
 bounds [0x000002485a080000, 0x000002485a6f0000, 0x0000024868940000]
CodeHeap 'non-nmethods': size=7424Kb used=1287Kb max_used=1287Kb free=6136Kb
 bounds [0x0000024859940000, 0x0000024859bb0000, 0x000002485a080000]
 total_blobs=4257 nmethods=3791 adapters=393
 compilation: enabled
              stopped_count=0, restarted_count=0
 full_count=0

Compilation events (20 events):
Event: 65.946 Thread 0x00000248757212b0 3783       1       org.springframework.boot.context.properties.bind.Binder::access$700 (5 bytes)
Event: 65.946 Thread 0x00000248757212b0 nmethod 3783 0x000002485a6e5210 code [0x000002485a6e53a0, 0x000002485a6e5438]
Event: 65.948 Thread 0x00000248757212b0 3784       1       org.springframework.core.MethodParameter::<init> (30 bytes)
Event: 65.949 Thread 0x00000248757212b0 nmethod 3784 0x000002485a6e5510 code [0x000002485a6e5700, 0x000002485a6e5b18]
Event: 65.949 Thread 0x00000248757212b0 3786       1       org.springframework.boot.context.properties.source.SpringIterableConfigurationPropertySource::containsDescendantOf (102 bytes)
Event: 65.949 Thread 0x00000248757212b0 nmethod 3786 0x000002485a6e5e90 code [0x000002485a6e60a0, 0x000002485a6e6528]
Event: 65.949 Thread 0x00000248757212b0 3789       1       org.springframework.core.MethodParameter::getGenericParameterType (147 bytes)
Event: 65.950 Thread 0x00000248757212b0 nmethod 3789 0x000002485a6e6910 code [0x000002485a6e6b80, 0x000002485a6e75e8]
Event: 65.950 Thread 0x00000248757212b0 3785       1       org.springframework.boot.env.OriginTrackedMapPropertySource::getProperty (23 bytes)
Event: 65.951 Thread 0x00000248757212b0 nmethod 3785 0x000002485a6e7b90 code [0x000002485a6e7d40, 0x000002485a6e7f58]
Event: 65.951 Thread 0x00000248757212b0 3787       1       org.springframework.core.SerializableTypeWrapper$MethodParameterTypeProvider::<init> (59 bytes)
Event: 65.951 Thread 0x00000248757212b0 nmethod 3787 0x000002485a6e8090 code [0x000002485a6e8260, 0x000002485a6e8678]
Event: 65.951 Thread 0x00000248757212b0 3792       1       org.springframework.core.annotation.AnnotatedElementUtils::getAnnotations (11 bytes)
Event: 65.952 Thread 0x00000248757212b0 nmethod 3792 0x000002485a6e8810 code [0x000002485a6e89e0, 0x000002485a6e8c68]
Event: 65.952 Thread 0x00000248757212b0 3791       1       org.springframework.util.ClassUtils::getUserClass (31 bytes)
Event: 65.952 Thread 0x00000248757212b0 nmethod 3791 0x000002485a6e8e10 code [0x000002485a6e8fc0, 0x000002485a6e9148]
Event: 65.952 Thread 0x00000248757212b0 3788       1       org.springframework.core.ResolvableType::getNested (121 bytes)
Event: 65.953 Thread 0x00000248757212b0 nmethod 3788 0x000002485a6e9290 code [0x000002485a6e94a0, 0x000002485a6e9a48]
Event: 65.953 Thread 0x00000248757212b0 3790       1       org.springframework.boot.context.properties.source.ConfigurationPropertyName::isIndexed (12 bytes)
Event: 65.953 Thread 0x00000248757212b0 nmethod 3790 0x000002485a6e9e90 code [0x000002485a6ea020, 0x000002485a6ea118]

GC Heap History (20 events):
Event: 41.669 GC heap before
{Heap before GC invocations=4 (full 0):
 garbage-first heap   total 49152K, used 45908K [0x0000000701200000, 0x0000000800000000)
  region size 2048K, 20 young (40960K), 2 survivors (4096K)
 Metaspace       used 24168K, capacity 24515K, committed 24752K, reserved 1073152K
  class space    used 2645K, capacity 2749K, committed 2816K, reserved 1048576K
}
Event: 41.673 GC heap after
{Heap after GC invocations=5 (full 0):
 garbage-first heap   total 53248K, used 9661K [0x0000000701200000, 0x0000000800000000)
  region size 2048K, 2 young (4096K), 2 survivors (4096K)
 Metaspace       used 24168K, capacity 24515K, committed 24752K, reserved 1073152K
  class space    used 2645K, capacity 2749K, committed 2816K, reserved 1048576K
}
Event: 50.071 GC heap before
{Heap before GC invocations=5 (full 0):
 garbage-first heap   total 53248K, used 32189K [0x0000000701200000, 0x0000000800000000)
  region size 2048K, 14 young (28672K), 2 survivors (4096K)
 Metaspace       used 26236K, capacity 26518K, committed 26800K, reserved 1073152K
  class space    used 2922K, capacity 3014K, committed 3072K, reserved 1048576K
}
Event: 50.075 GC heap after
{Heap after GC invocations=6 (full 0):
 garbage-first heap   total 53248K, used 9865K [0x0000000701200000, 0x0000000800000000)
  region size 2048K, 1 young (2048K), 1 survivors (2048K)
 Metaspace       used 26236K, capacity 26518K, committed 26800K, reserved 1073152K
  class space    used 2922K, capacity 3014K, committed 3072K, reserved 1048576K
}
Event: 51.999 GC heap before
{Heap before GC invocations=6 (full 0):
 garbage-first heap   total 53248K, used 36489K [0x0000000701200000, 0x0000000800000000)
  region size 2048K, 14 young (28672K), 1 survivors (2048K)
 Metaspace       used 27987K, capacity 28340K, committed 28592K, reserved 1075200K
  class space    used 3168K, capacity 3276K, committed 3328K, reserved 1048576K
}
Event: 52.006 GC heap after
{Heap after GC invocations=7 (full 0):
 garbage-first heap   total 53248K, used 10644K [0x0000000701200000, 0x0000000800000000)
  region size 2048K, 2 young (4096K), 2 survivors (4096K)
 Metaspace       used 27987K, capacity 28340K, committed 28592K, reserved 1075200K
  class space    used 3168K, capacity 3276K, committed 3328K, reserved 1048576K
}
Event: 52.616 GC heap before
{Heap before GC invocations=7 (full 0):
 garbage-first heap   total 53248K, used 33172K [0x0000000701200000, 0x0000000800000000)
  region size 2048K, 14 young (28672K), 2 survivors (4096K)
 Metaspace       used 28196K, capacity 28532K, committed 28720K, reserved 1075200K
  class space    used 3203K, capacity 3340K, committed 3456K, reserved 1048576K
}
Event: 52.620 GC heap after
{Heap after GC invocations=8 (full 0):
 garbage-first heap   total 53248K, used 11595K [0x0000000701200000, 0x0000000800000000)
  region size 2048K, 2 young (4096K), 2 survivors (4096K)
 Metaspace       used 28196K, capacity 28532K, committed 28720K, reserved 1075200K
  class space    used 3203K, capacity 3340K, committed 3456K, reserved 1048576K
}
Event: 52.625 GC heap before
{Heap before GC invocations=8 (full 0):
 garbage-first heap   total 53248K, used 36171K [0x0000000701200000, 0x0000000800000000)
  region size 2048K, 15 young (30720K), 2 survivors (4096K)
 Metaspace       used 28205K, capacity 28564K, committed 28720K, reserved 1075200K
  class space    used 3204K, capacity 3372K, committed 3456K, reserved 1048576K
}
Event: 52.628 GC heap after
{Heap after GC invocations=9 (full 0):
 garbage-first heap   total 53248K, used 11475K [0x0000000701200000, 0x0000000800000000)
  region size 2048K, 1 young (2048K), 1 survivors (2048K)
 Metaspace       used 28205K, capacity 28564K, committed 28720K, reserved 1075200K
  class space    used 3204K, capacity 3372K, committed 3456K, reserved 1048576K
}
Event: 53.410 GC heap before
{Heap before GC invocations=9 (full 0):
 garbage-first heap   total 53248K, used 36051K [0x0000000701200000, 0x0000000800000000)
  region size 2048K, 14 young (28672K), 1 survivors (2048K)
 Metaspace       used 29860K, capacity 30249K, committed 30384K, reserved 1077248K
  class space    used 3404K, capacity 3548K, committed 3584K, reserved 1048576K
}
Event: 53.415 GC heap after
{Heap after GC invocations=10 (full 0):
 garbage-first heap   total 53248K, used 12577K [0x0000000701200000, 0x0000000800000000)
  region size 2048K, 2 young (4096K), 2 survivors (4096K)
 Metaspace       used 29860K, capacity 30249K, committed 30384K, reserved 1077248K
  class space    used 3404K, capacity 3548K, committed 3584K, reserved 1048576K
}
Event: 56.505 GC heap before
{Heap before GC invocations=10 (full 0):
 garbage-first heap   total 53248K, used 37153K [0x0000000701200000, 0x0000000800000000)
  region size 2048K, 14 young (28672K), 2 survivors (4096K)
 Metaspace       used 31125K, capacity 31537K, committed 31664K, reserved 1077248K
  class space    used 3586K, capacity 3758K, committed 3840K, reserved 1048576K
}
Event: 56.513 GC heap after
{Heap after GC invocations=11 (full 0):
 garbage-first heap   total 53248K, used 12864K [0x0000000701200000, 0x0000000800000000)
  region size 2048K, 2 young (4096K), 2 survivors (4096K)
 Metaspace       used 31125K, capacity 31537K, committed 31664K, reserved 1077248K
  class space    used 3586K, capacity 3758K, committed 3840K, reserved 1048576K
}
Event: 60.917 GC heap before
{Heap before GC invocations=11 (full 0):
 garbage-first heap   total 53248K, used 39488K [0x0000000701200000, 0x0000000800000000)
  region size 2048K, 15 young (30720K), 2 survivors (4096K)
 Metaspace       used 33022K, capacity 33402K, committed 33712K, reserved 1079296K
  class space    used 3872K, capacity 4016K, committed 4096K, reserved 1048576K
}
Event: 60.926 GC heap after
{Heap after GC invocations=12 (full 0):
 garbage-first heap   total 53248K, used 13835K [0x0000000701200000, 0x0000000800000000)
  region size 2048K, 2 young (4096K), 2 survivors (4096K)
 Metaspace       used 33022K, capacity 33402K, committed 33712K, reserved 1079296K
  class space    used 3872K, capacity 4016K, committed 4096K, reserved 1048576K
}
Event: 64.725 GC heap before
{Heap before GC invocations=12 (full 0):
 garbage-first heap   total 53248K, used 36363K [0x0000000701200000, 0x0000000800000000)
  region size 2048K, 14 young (28672K), 2 survivors (4096K)
 Metaspace       used 35124K, capacity 35531K, committed 35760K, reserved 1081344K
  class space    used 4180K, capacity 4352K, committed 4352K, reserved 1048576K
}
Event: 64.735 GC heap after
{Heap after GC invocations=13 (full 0):
 garbage-first heap   total 53248K, used 15198K [0x0000000701200000, 0x0000000800000000)
  region size 2048K, 2 young (4096K), 2 survivors (4096K)
 Metaspace       used 35124K, capacity 35531K, committed 35760K, reserved 1081344K
  class space    used 4180K, capacity 4352K, committed 4352K, reserved 1048576K
}
Event: 65.974 GC heap before
{Heap before GC invocations=13 (full 0):
 garbage-first heap   total 53248K, used 17246K [0x0000000701200000, 0x0000000800000000)
  region size 2048K, 4 young (8192K), 2 survivors (4096K)
 Metaspace       used 35397K, capacity 35799K, committed 35888K, reserved 1081344K
  class space    used 4246K, capacity 4420K, committed 4480K, reserved 1048576K
}
Event: 65.986 GC heap after
{Heap after GC invocations=14 (full 0):
 garbage-first heap   total 53248K, used 15874K [0x0000000701200000, 0x0000000800000000)
  region size 2048K, 2 young (4096K), 2 survivors (4096K)
 Metaspace       used 35397K, capacity 35799K, committed 35888K, reserved 1081344K
  class space    used 4246K, capacity 4420K, committed 4480K, reserved 1048576K
}

Deoptimization events (20 events):
Event: 64.709 Thread 0x0000024855f3ce50 DEOPT PACKING pc=0x000002485a634c6c sp=0x000000543f8fcad0
Event: 64.709 Thread 0x0000024855f3ce50 DEOPT UNPACKING pc=0x000002485998e23f sp=0x000000543f8fc1c0 mode 1
Event: 64.709 Thread 0x0000024855f3ce50 DEOPT PACKING pc=0x000002485a57d684 sp=0x000000543f8fcdf0
Event: 64.709 Thread 0x0000024855f3ce50 DEOPT UNPACKING pc=0x000002485998e23f sp=0x000000543f8fc2b8 mode 1
Event: 64.735 Thread 0x0000024855f3ce50 DEOPT PACKING pc=0x000002485a532304 sp=0x000000543f8fdc40
Event: 64.735 Thread 0x0000024855f3ce50 DEOPT UNPACKING pc=0x000002485998e23f sp=0x000000543f8fd1b8 mode 1
Event: 64.735 Thread 0x0000024855f3ce50 DEOPT PACKING pc=0x000002485a532304 sp=0x000000543f8fdc40
Event: 64.735 Thread 0x0000024855f3ce50 DEOPT UNPACKING pc=0x000002485998e23f sp=0x000000543f8fd1b8 mode 1
Event: 64.737 Thread 0x0000024855f3ce50 DEOPT PACKING pc=0x000002485a532304 sp=0x000000543f8fdc40
Event: 64.737 Thread 0x0000024855f3ce50 DEOPT UNPACKING pc=0x000002485998e23f sp=0x000000543f8fd1b8 mode 1
Event: 64.737 Thread 0x0000024855f3ce50 DEOPT PACKING pc=0x000002485a532304 sp=0x000000543f8fdc40
Event: 64.737 Thread 0x0000024855f3ce50 DEOPT UNPACKING pc=0x000002485998e23f sp=0x000000543f8fd1b8 mode 1
Event: 64.741 Thread 0x0000024855f3ce50 DEOPT PACKING pc=0x000002485a532304 sp=0x000000543f8fdc40
Event: 64.742 Thread 0x0000024855f3ce50 DEOPT UNPACKING pc=0x000002485998e23f sp=0x000000543f8fd1b8 mode 1
Event: 64.742 Thread 0x0000024855f3ce50 DEOPT PACKING pc=0x000002485a532304 sp=0x000000543f8fdc40
Event: 64.742 Thread 0x0000024855f3ce50 DEOPT UNPACKING pc=0x000002485998e23f sp=0x000000543f8fd1b8 mode 1
Event: 64.743 Thread 0x0000024855f3ce50 DEOPT PACKING pc=0x000002485a532304 sp=0x000000543f8fdc40
Event: 64.743 Thread 0x0000024855f3ce50 DEOPT UNPACKING pc=0x000002485998e23f sp=0x000000543f8fd1b8 mode 1
Event: 64.743 Thread 0x0000024855f3ce50 DEOPT PACKING pc=0x000002485a532304 sp=0x000000543f8fdc40
Event: 64.743 Thread 0x0000024855f3ce50 DEOPT UNPACKING pc=0x000002485998e23f sp=0x000000543f8fd1b8 mode 1

Classes unloaded (0 events):
No events

Classes redefined (0 events):
No events

Internal exceptions (20 events):
Event: 61.701 Thread 0x0000024855f3ce50 Exception <a 'java/lang/ClassNotFoundException'{0x0000000703efc5b8}: org/springframework/beans/factory/config/BeanPostProcessorCustomizer> (0x0000000703efc5b8) 
thrown [./open/src/hotspot/share/classfile/systemDictionary.cpp, line 295]
Event: 61.702 Thread 0x0000024855f3ce50 Exception <a 'java/lang/ClassNotFoundException'{0x0000000703f01a40}: org/springframework/beans/factory/BeanFactoryAwareCustomizer> (0x0000000703f01a40) 
thrown [./open/src/hotspot/share/classfile/systemDictionary.cpp, line 295]
Event: 61.705 Thread 0x0000024855f3ce50 Exception <a 'java/lang/ClassNotFoundException'{0x0000000703f06da8}: org/springframework/beans/factory/AwareCustomizer> (0x0000000703f06da8) 
thrown [./open/src/hotspot/share/classfile/systemDictionary.cpp, line 295]
Event: 61.706 Thread 0x0000024855f3ce50 Exception <a 'java/lang/ClassNotFoundException'{0x0000000703f0a558}: org/springframework/core/OrderedCustomizer> (0x0000000703f0a558) 
thrown [./open/src/hotspot/share/classfile/systemDictionary.cpp, line 295]
Event: 61.706 Thread 0x0000024855f3ce50 Exception <a 'java/lang/ClassNotFoundException'{0x0000000703f0eca8}: org/springframework/beans/factory/BeanClassLoaderAwareCustomizer> (0x0000000703f0eca8) 
thrown [./open/src/hotspot/share/classfile/systemDictionary.cpp, line 295]
Event: 61.707 Thread 0x0000024855f3ce50 Exception <a 'java/lang/ClassNotFoundException'{0x0000000703f13468}: org/springframework/beans/factory/AwareCustomizer> (0x0000000703f13468) 
thrown [./open/src/hotspot/share/classfile/systemDictionary.cpp, line 295]
Event: 61.707 Thread 0x0000024855f3ce50 Exception <a 'java/lang/ClassNotFoundException'{0x0000000703f17058}: org/springframework/aop/framework/AopInfrastructureBeanCustomizer> (0x0000000703f17058) 
thrown [./open/src/hotspot/share/classfile/systemDictionary.cpp, line 295]
Event: 61.828 Thread 0x0000024855f3ce50 Exception <a 'java/lang/ClassNotFoundException'{0x0000000703801cd0}: java/lang/ObjectCustomizer> (0x0000000703801cd0) 
thrown [./open/src/hotspot/share/classfile/systemDictionary.cpp, line 295]
Event: 61.829 Thread 0x0000024855f3ce50 Exception <a 'java/lang/ClassNotFoundException'{0x00000007038093b8}: org/springframework/transaction/annotation/AbstractTransactionManagementConfigurationCustomizer> (0x00000007038093b8) 
thrown [./open/src/hotspot/share/classfile/systemDictionary.cpp, line 295]
Event: 61.830 Thread 0x0000024855f3ce50 Exception <a 'java/lang/ClassNotFoundException'{0x000000070380fab8}: org/springframework/transaction/annotation/ProxyTransactionManagementConfigurationCustomizer> (0x000000070380fab8) 
thrown [./open/src/hotspot/share/classfile/systemDictionary.cpp, line 295]
Event: 61.833 Thread 0x0000024855f3ce50 Exception <a 'java/lang/ClassNotFoundException'{0x00000007038178b0}: org/springframework/context/annotation/ImportAwareCustomizer> (0x00000007038178b0) 
thrown [./open/src/hotspot/share/classfile/systemDictionary.cpp, line 295]
Event: 61.833 Thread 0x0000024855f3ce50 Exception <a 'java/lang/ClassNotFoundException'{0x000000070381c490}: org/springframework/beans/factory/AwareCustomizer> (0x000000070381c490) 
thrown [./open/src/hotspot/share/classfile/systemDictionary.cpp, line 295]
Event: 62.622 Thread 0x0000024855f3ce50 Exception <a 'java/lang/NoSuchMethodError'{0x00000007034b7378}: 'java.lang.Object java.lang.invoke.DirectMethodHandle$Holder.invokeSpecialIFC(java.lang.Object, java.lang.Object, java.lang.Object)'> (0x00000007034b7378) 
thrown [./open/src/hotspot/share/interpreter/linkResolver.cpp, line 782]
Event: 64.429 Thread 0x0000024876f87ff0 Exception <a 'java/lang/reflect/InvocationTargetException'{0x0000000703369ba8}> (0x0000000703369ba8) 
thrown [./open/src/hotspot/share/runtime/reflection.cpp, line 1157]
Event: 64.627 Thread 0x0000024855f3ce50 Exception <a 'java/lang/NoSuchMethodError'{0x0000000703381490}: 'int java.lang.invoke.DirectMethodHandle$Holder.invokeSpecial(java.lang.Object, java.lang.Object, java.lang.Object, java.lang.Object, java.lang.Object)'> (0x0000000703381490) 
thrown [./open/src/hotspot/share/interpreter/linkResolver.cpp, line 782]
Event: 65.191 Thread 0x0000024855f3ce50 Exception <a 'java/lang/NoSuchMethodError'{0x00000007110efa00}: 'void java.lang.invoke.DirectMethodHandle$Holder.invokeInterface(java.lang.Object, java.lang.Object, int)'> (0x00000007110efa00) 
thrown [./open/src/hotspot/share/interpreter/linkResolver.cpp, line 782]
Event: 65.193 Thread 0x0000024855f3ce50 Exception <a 'java/lang/NoSuchMethodError'{0x000000071110b160}: 'int java.lang.invoke.DirectMethodHandle$Holder.invokeVirtual(java.lang.Object, java.lang.Object)'> (0x000000071110b160) 
thrown [./open/src/hotspot/share/interpreter/linkResolver.cpp, line 782]
Event: 65.197 Thread 0x0000024855f3ce50 Exception <a 'java/lang/IncompatibleClassChangeError'{0x0000000711148f10}: Found class java.lang.Object, but interface was expected> (0x0000000711148f10) 
thrown [./open/src/hotspot/share/interpreter/linkResolver.cpp, line 848]
Event: 65.198 Thread 0x0000024855f3ce50 Exception <a 'java/lang/NoSuchMethodError'{0x000000071114e5f8}: 'void java.lang.invoke.DirectMethodHandle$Holder.invokeStatic(java.lang.Object, int, java.lang.Object)'> (0x000000071114e5f8) 
thrown [./open/src/hotspot/share/interpreter/linkResolver.cpp, line 782]
Event: 65.201 Thread 0x0000024855f3ce50 Exception <a 'java/lang/NoSuchMethodError'{0x0000000711184ff8}: 'int java.lang.invoke.DirectMethodHandle$Holder.invokeSpecial(java.lang.Object, java.lang.Object, int)'> (0x0000000711184ff8) 
thrown [./open/src/hotspot/share/interpreter/linkResolver.cpp, line 782]

Events (20 events):
Event: 62.665 loading class java/util/spi/ResourceBundleControlProvider done
Event: 62.665 loading class java/util/ResourceBundle$Control$2
Event: 62.666 loading class java/util/ResourceBundle$Control$2 done
Event: 62.666 loading class java/util/PropertyResourceBundle
Event: 62.666 loading class java/util/PropertyResourceBundle done
Event: 62.666 loading class sun/util/PropertyResourceBundleCharset
Event: 62.666 loading class sun/util/PropertyResourceBundleCharset done
Event: 62.667 loading class sun/util/PropertyResourceBundleCharset$PropertiesFileDecoder
Event: 62.667 loading class sun/util/PropertyResourceBundleCharset$PropertiesFileDecoder done
Event: 64.628 loading class java/util/stream/SortedOps
Event: 64.628 loading class java/util/stream/SortedOps done
Event: 64.628 loading class java/util/stream/SortedOps$OfRef
Event: 64.628 loading class java/util/stream/SortedOps$OfRef done
Event: 64.628 loading class java/util/stream/SortedOps$RefSortingSink
Event: 64.628 loading class java/util/stream/SortedOps$AbstractRefSortingSink
Event: 64.628 loading class java/util/stream/SortedOps$AbstractRefSortingSink done
Event: 64.628 loading class java/util/stream/SortedOps$RefSortingSink done
Event: 64.725 Executing VM operation: G1CollectForAllocation
Event: 64.735 Executing VM operation: G1CollectForAllocation done
Event: 65.974 Executing VM operation: CollectForMetadataAllocation


Dynamic libraries:
0x00007ff7464c0000 - 0x00007ff7464cd000 	D:\ProgramFiles\SpringTools4\sts-4.10.0.RELEASE\plugins\org.eclipse.justj.openjdk.hotspot.jre.full.win32.x86_64_15.0.2.v20210201-0955\jre\bin\javaw.exe
0x00007ffd2dd50000 - 0x00007ffd2df45000 	C:\WINDOWS\SYSTEM32\ntdll.dll
0x00007ffd2c310000 - 0x00007ffd2c3cd000 	C:\WINDOWS\System32\KERNEL32.DLL
0x00007ffd2bab0000 - 0x00007ffd2bd78000 	C:\WINDOWS\System32\KERNELBASE.dll
0x00007ffd2b7a0000 - 0x00007ffd2b8a0000 	C:\WINDOWS\System32\ucrtbase.dll
0x00007ffd14250000 - 0x00007ffd14268000 	D:\ProgramFiles\SpringTools4\sts-4.10.0.RELEASE\plugins\org.eclipse.justj.openjdk.hotspot.jre.full.win32.x86_64_15.0.2.v20210201-0955\jre\bin\jli.dll
0x00007ffd2d860000 - 0x00007ffd2da00000 	C:\WINDOWS\System32\USER32.dll
0x00007ffd01f50000 - 0x00007ffd01f69000 	D:\ProgramFiles\SpringTools4\sts-4.10.0.RELEASE\plugins\org.eclipse.justj.openjdk.hotspot.jre.full.win32.x86_64_15.0.2.v20210201-0955\jre\bin\VCRUNTIME140.dll
0x00007ffd2bd80000 - 0x00007ffd2bda2000 	C:\WINDOWS\System32\win32u.dll
0x00007ffd2c090000 - 0x00007ffd2c0ba000 	C:\WINDOWS\System32\GDI32.dll
0x00007ffd1df60000 - 0x00007ffd1e1fa000 	C:\WINDOWS\WinSxS\amd64_microsoft.windows.common-controls_6595b64144ccf1df_6.0.19041.844_none_ca00b6081b84eb1d\COMCTL32.dll
0x00007ffd2b8f0000 - 0x00007ffd2b9fb000 	C:\WINDOWS\System32\gdi32full.dll
0x00007ffd2d730000 - 0x00007ffd2d7ce000 	C:\WINDOWS\System32\msvcrt.dll
0x00007ffd2b700000 - 0x00007ffd2b79d000 	C:\WINDOWS\System32\msvcp_win.dll
0x00007ffd2c480000 - 0x00007ffd2c4b0000 	C:\WINDOWS\System32\IMM32.DLL
0x00007ffd154a0000 - 0x00007ffd154ac000 	D:\ProgramFiles\SpringTools4\sts-4.10.0.RELEASE\plugins\org.eclipse.justj.openjdk.hotspot.jre.full.win32.x86_64_15.0.2.v20210201-0955\jre\bin\vcruntime140_1.dll
0x00007ffcdaa30000 - 0x00007ffcdaac1000 	D:\ProgramFiles\SpringTools4\sts-4.10.0.RELEASE\plugins\org.eclipse.justj.openjdk.hotspot.jre.full.win32.x86_64_15.0.2.v20210201-0955\jre\bin\msvcp140.dll
0x00007ffcbc010000 - 0x00007ffcbcb6e000 	D:\ProgramFiles\SpringTools4\sts-4.10.0.RELEASE\plugins\org.eclipse.justj.openjdk.hotspot.jre.full.win32.x86_64_15.0.2.v20210201-0955\jre\bin\server\jvm.dll
0x00007ffd2c3d0000 - 0x00007ffd2c47c000 	C:\WINDOWS\System32\ADVAPI32.dll
0x00007ffd2c270000 - 0x00007ffd2c30b000 	C:\WINDOWS\System32\sechost.dll
0x00007ffd2dac0000 - 0x00007ffd2dbeb000 	C:\WINDOWS\System32\RPCRT4.dll
0x00007ffd2c4b0000 - 0x00007ffd2c4b8000 	C:\WINDOWS\System32\PSAPI.DLL
0x00007ffd11b20000 - 0x00007ffd11b29000 	C:\WINDOWS\SYSTEM32\WSOCK32.dll
0x00007ffd1e570000 - 0x00007ffd1e597000 	C:\WINDOWS\SYSTEM32\WINMM.dll
0x00007ffd21110000 - 0x00007ffd2111a000 	C:\WINDOWS\SYSTEM32\VERSION.dll
0x00007ffd2c0c0000 - 0x00007ffd2c12b000 	C:\WINDOWS\System32\WS2_32.dll
0x00007ffd29400000 - 0x00007ffd29412000 	C:\WINDOWS\SYSTEM32\kernel.appcore.dll
0x00007ffd15740000 - 0x00007ffd1574a000 	D:\ProgramFiles\SpringTools4\sts-4.10.0.RELEASE\plugins\org.eclipse.justj.openjdk.hotspot.jre.full.win32.x86_64_15.0.2.v20210201-0955\jre\bin\jimage.dll
0x00007ffd28cd0000 - 0x00007ffd28eb4000 	C:\WINDOWS\SYSTEM32\DBGHELP.DLL
0x00007ffd08170000 - 0x00007ffd0819c000 	C:\WINDOWS\SYSTEM32\dbgcore.DLL
0x00007ffd2b520000 - 0x00007ffd2b5a0000 	C:\WINDOWS\System32\bcryptPrimitives.dll
0x00007ffd02900000 - 0x00007ffd02939000 	D:\ProgramFiles\SpringTools4\sts-4.10.0.RELEASE\plugins\org.eclipse.justj.openjdk.hotspot.jre.full.win32.x86_64_15.0.2.v20210201-0955\jre\bin\jdwp.dll
0x00007ffd15640000 - 0x00007ffd1564e000 	D:\ProgramFiles\SpringTools4\sts-4.10.0.RELEASE\plugins\org.eclipse.justj.openjdk.hotspot.jre.full.win32.x86_64_15.0.2.v20210201-0955\jre\bin\instrument.dll
0x00007ffcff4d0000 - 0x00007ffcff4f5000 	D:\ProgramFiles\SpringTools4\sts-4.10.0.RELEASE\plugins\org.eclipse.justj.openjdk.hotspot.jre.full.win32.x86_64_15.0.2.v20210201-0955\jre\bin\java.dll
0x00007ffd02dc0000 - 0x00007ffd02dd8000 	D:\ProgramFiles\SpringTools4\sts-4.10.0.RELEASE\plugins\org.eclipse.justj.openjdk.hotspot.jre.full.win32.x86_64_15.0.2.v20210201-0955\jre\bin\zip.dll
0x00007ffd2c960000 - 0x00007ffd2d0a2000 	C:\WINDOWS\System32\SHELL32.dll
0x00007ffd29590000 - 0x00007ffd29d21000 	C:\WINDOWS\SYSTEM32\windows.storage.dll
0x00007ffd2c600000 - 0x00007ffd2c955000 	C:\WINDOWS\System32\combase.dll
0x00007ffd2ae30000 - 0x00007ffd2ae5c000 	C:\WINDOWS\SYSTEM32\Wldp.dll
0x00007ffd2bf10000 - 0x00007ffd2bfbe000 	C:\WINDOWS\System32\SHCORE.dll
0x00007ffd2d0b0000 - 0x00007ffd2d105000 	C:\WINDOWS\System32\shlwapi.dll
0x00007ffd2b3d0000 - 0x00007ffd2b3ef000 	C:\WINDOWS\SYSTEM32\profapi.dll
0x00007ffd26070000 - 0x00007ffd2607b000 	D:\ProgramFiles\SpringTools4\sts-4.10.0.RELEASE\plugins\org.eclipse.justj.openjdk.hotspot.jre.full.win32.x86_64_15.0.2.v20210201-0955\jre\bin\dt_socket.dll
0x00007ffd2a8d0000 - 0x00007ffd2a90b000 	C:\WINDOWS\SYSTEM32\IPHLPAPI.DLL
0x00007ffd2ac10000 - 0x00007ffd2ac7a000 	C:\WINDOWS\system32\mswsock.dll
0x00007ffd2a910000 - 0x00007ffd2a9dc000 	C:\WINDOWS\SYSTEM32\DNSAPI.dll
0x00007ffd2dbf0000 - 0x00007ffd2dbf8000 	C:\WINDOWS\System32\NSI.dll
0x00007ffd22f40000 - 0x00007ffd22f4a000 	C:\Windows\System32\rasadhlp.dll
0x00007ffd19800000 - 0x00007ffd1987f000 	C:\WINDOWS\System32\fwpuclnt.dll
0x00007ffd2b4f0000 - 0x00007ffd2b517000 	C:\WINDOWS\System32\bcrypt.dll
0x00007ffd00540000 - 0x00007ffd00559000 	D:\ProgramFiles\SpringTools4\sts-4.10.0.RELEASE\plugins\org.eclipse.justj.openjdk.hotspot.jre.full.win32.x86_64_15.0.2.v20210201-0955\jre\bin\net.dll
0x00007ffd19ff0000 - 0x00007ffd1a0fb000 	C:\WINDOWS\SYSTEM32\WINHTTP.dll
0x00007ffcfe430000 - 0x00007ffcfe442000 	D:\ProgramFiles\SpringTools4\sts-4.10.0.RELEASE\plugins\org.eclipse.justj.openjdk.hotspot.jre.full.win32.x86_64_15.0.2.v20210201-0955\jre\bin\nio.dll
0x00007ffd14de0000 - 0x00007ffd14de9000 	D:\ProgramFiles\SpringTools4\sts-4.10.0.RELEASE\plugins\org.eclipse.justj.openjdk.hotspot.jre.full.win32.x86_64_15.0.2.v20210201-0955\jre\bin\management.dll
0x00007ffd08350000 - 0x00007ffd0835b000 	D:\ProgramFiles\SpringTools4\sts-4.10.0.RELEASE\plugins\org.eclipse.justj.openjdk.hotspot.jre.full.win32.x86_64_15.0.2.v20210201-0955\jre\bin\management_ext.dll
0x00007ffd085e0000 - 0x00007ffd085f7000 	C:\WINDOWS\system32\napinsp.dll
0x00007ffd085c0000 - 0x00007ffd085db000 	C:\WINDOWS\system32\pnrpnsp.dll
0x00007ffd25520000 - 0x00007ffd25535000 	C:\WINDOWS\system32\wshbth.dll
0x00007ffd25f20000 - 0x00007ffd25f3d000 	C:\WINDOWS\system32\NLAapi.dll
0x00007ffd083f0000 - 0x00007ffd08402000 	C:\WINDOWS\System32\winrnr.dll
0x00007ffd2b160000 - 0x00007ffd2b178000 	C:\WINDOWS\SYSTEM32\CRYPTSP.dll
0x00007ffd2a560000 - 0x00007ffd2a594000 	C:\WINDOWS\system32\rsaenh.dll
0x00007ffd2b390000 - 0x00007ffd2b3be000 	C:\WINDOWS\SYSTEM32\USERENV.dll
0x00007ffd2ad90000 - 0x00007ffd2ad9c000 	C:\WINDOWS\SYSTEM32\CRYPTBASE.dll
0x00007ffd234d0000 - 0x00007ffd234e7000 	C:\WINDOWS\SYSTEM32\dhcpcsvc6.DLL
0x00007ffd22f90000 - 0x00007ffd22fad000 	C:\WINDOWS\SYSTEM32\dhcpcsvc.DLL
0x00007ffd15630000 - 0x00007ffd15640000 	D:\ProgramFiles\SpringTools4\sts-4.10.0.RELEASE\plugins\org.eclipse.justj.openjdk.hotspot.jre.full.win32.x86_64_15.0.2.v20210201-0955\jre\bin\verify.dll

dbghelp: loaded successfully - version: 4.0.5 - missing functions: none
symbol engine: initialized successfully - sym options: 0x614 - pdb path: .;D:\ProgramFiles\SpringTools4\sts-4.10.0.RELEASE\plugins\org.eclipse.justj.openjdk.hotspot.jre.full.win32.x86_64_15.0.2.v20210201-0955\jre\bin;C:\WINDOWS\SYSTEM32;C:\WINDOWS\WinSxS\amd64_microsoft.windows.common-controls_6595b64144ccf1df_6.0.19041.844_none_ca00b6081b84eb1d;D:\ProgramFiles\SpringTools4\sts-4.10.0.RELEASE\plugins\org.eclipse.justj.openjdk.hotspot.jre.full.win32.x86_64_15.0.2.v20210201-0955\jre\bin\server

VM Arguments:
jvm_args: -XX:+ShowCodeDetailsInExceptionMessages -agentlib:jdwp=transport=dt_socket,suspend=y,address=localhost:56101 -Dcom.sun.management.jmxremote -Dcom.sun.management.jmxremote.port=56002 -Dcom.sun.management.jmxremote.authenticate=false -Dcom.sun.management.jmxremote.ssl=false -Djava.rmi.server.hostname=localhost -Dspring.jmx.enabled=true -Dspring.application.admin.enabled=true -XX:TieredStopAtLevel=1 -Dspring.boot.project.name=Bank -javaagent:D:\ProgramFiles\SpringTools4\sts-4.10.0.RELEASE\configuration\org.eclipse.osgi\254\0\.cp\lib\javaagent-shaded.jar -Dfile.encoding=Cp1252 
java_command: com.intership.bank.BankApplication --spring.output.ansi.enabled=always
java_class_path (initial): D:\MyData\Camilo\workspace\Java\workspace-spring-tool-suite-4-4.10.0.RELEASE\Bank\bin\main;C:\Users\camilo\.gradle\caches\modules-2\files-2.1\org.projectlombok\lombok\1.18.20\18bcea7d5df4d49227b4a0743a536208ce4825bb\lombok-1.18.20.jar;C:\Users\camilo\.gradle\caches\modules-2\files-2.1\io.springfox\springfox-swagger2\2.9.2\362676bc7f4c6f9f1d568741becab0dfc198c898\springfox-swagger2-2.9.2.jar;C:\Users\camilo\.gradle\caches\modules-2\files-2.1\io.springfox\springfox-swagger-ui\2.9.2\d542382a88ff3ea8d4032c28b2b0325797fada7d\springfox-swagger-ui-2.9.2.jar;C:\Users\camilo\.gradle\caches\modules-2\files-2.1\org.springframework.boot\spring-boot-starter-web\2.4.5\93cf2655557534e35723fbafa069bed2ee125832\spring-boot-starter-web-2.4.5.jar;C:\Users\camilo\.gradle\caches\modules-2\files-2.1\org.springframework.boot\spring-boot-starter-data-jpa\2.4.5\cba91e070e601c55eec0d8a1948dcca15703ad37\spring-boot-starter-data-jpa-2.4.5.jar;C:\Users\camilo\.gradle\caches\modules-2\files-2.1\com.oracle.database.jdbc\ojdbc10\19.10.0.0\4174e8d8acc29676b9d0784a61138408da7f626b\ojdbc10-19.10.0.0.jar;C:\Users\camilo\.gradle\caches\modules-2\files-2.1\io.springfox\springfox-swagger-common\2.9.2\b38a41b3044af80cb7f41f67be5d158c9f6491ec\springfox-swagger-common-2.9.2.jar;C:\Users\camilo\.gradle\caches\modules-2\files-2.1\io.swagger\swagger-models\1.5.20\fb3a23bad80c5ed84db9dd150db2cba699531458\swagger-models-1.5.20.jar;C:\Users\camilo\.gradle\caches\modules-2\files-2.1\io.swagger\swagger-annotations\1.5.20\16051f93ce11ca489a5313775d825f82fcc2cd6c\swagger-annotations-1.5.20.jar;C:\Users\camilo\.gradle\caches\modules-2\files-2.1\io.springfox\springfox-schema\2.9.2\e268f38774b16bb51a92ccaef0dcf3dc651c0cee\springfox-schema-2.9.2.jar;C:\Users\camilo\.gradle\caches\modules-2\files-2.1\io.springfox\springfox-spring-web\2.9.2\ed2ed714a6cba8804d00f80f0534901e4c7a3211\springfox-spring-web-2.9.2.jar;C:\Users\camilo\.gradle\caches\modules-2\files-2.1\io.springfox\springfox-spi\2.9.2\
Launcher Type: SUN_STANDARD

[Global flags]
     intx CICompilerCount                          = 4                                         {product} {ergonomic}
     uint ConcGCThreads                            = 2                                         {product} {ergonomic}
     uint G1ConcRefinementThreads                  = 8                                         {product} {ergonomic}
   size_t G1HeapRegionSize                         = 2097152                                   {product} {ergonomic}
    uintx GCDrainStackTargetSize                   = 64                                        {product} {ergonomic}
   size_t InitialHeapSize                          = 268435456                                 {product} {ergonomic}
     bool ManagementServer                         = true                                      {product} {command line}
   size_t MarkStackSize                            = 4194304                                   {product} {ergonomic}
   size_t MaxHeapSize                              = 4276092928                                {product} {ergonomic}
   size_t MaxNewSize                               = 2564816896                                {product} {ergonomic}
   size_t MinHeapDeltaBytes                        = 2097152                                   {product} {ergonomic}
   size_t MinHeapSize                              = 8388608                                   {product} {ergonomic}
    uintx NonNMethodCodeHeapSize                   = 7549744                                {pd product} {ergonomic}
    uintx NonProfiledCodeHeapSize                  = 244108496                              {pd product} {ergonomic}
    uintx ProfiledCodeHeapSize                     = 0                                      {pd product} {ergonomic}
    uintx ReservedCodeCacheSize                    = 251658240                              {pd product} {ergonomic}
     bool SegmentedCodeCache                       = true                                      {product} {ergonomic}
     bool ShowCodeDetailsInExceptionMessages       = true                                   {manageable} {command line}
   size_t SoftMaxHeapSize                          = 4276092928                             {manageable} {ergonomic}
     intx TieredStopAtLevel                        = 1                                         {product} {command line}
     bool UseCompressedClassPointers               = true                                 {lp64_product} {ergonomic}
     bool UseCompressedOops                        = true                                 {lp64_product} {ergonomic}
     bool UseG1GC                                  = true                                      {product} {ergonomic}
     bool UseLargePagesIndividualAllocation        = false                                  {pd product} {ergonomic}

Logging:
Log output configuration:
 #0: stdout all=warning uptime,level,tags
 #1: stderr all=off uptime,level,tags

Environment Variables:
JAVA_HOME=C:\Program Files\Java\jdk-11.0.11
PATH=D:\ProgramFiles\SpringTools4\sts-4.10.0.RELEASE\plugins\org.eclipse.justj.openjdk.hotspot.jre.full.win32.x86_64_15.0.2.v20210201-0955\jre\bin;D:/ProgramFiles/SpringTools4/sts-4.10.0.RELEASE//plugins/org.eclipse.justj.openjdk.hotspot.jre.full.win32.x86_64_15.0.2.v20210201-0955/jre/bin/server;D:/ProgramFiles/SpringTools4/sts-4.10.0.RELEASE//plugins/org.eclipse.justj.openjdk.hotspot.jre.full.win32.x86_64_15.0.2.v20210201-0955/jre/bin;D:\ProgramFiles\Oracle\Oracle18c\dbhomeXE\bin;D:\ProgramFiles\Oracle18cXE\dbhomeXE\bin;C:\WINDOWS\system32;C:\WINDOWS;C:\WINDOWS\System32\Wbem;C:\WINDOWS\System32\WindowsPowerShell\v1.0\;D:\Archivos de Programa\Git\cmd;C:\WINDOWS\System32\OpenSSH\;C:\Program Files\NVIDIA Corporation\NVIDIA NvDLISR;C:\Program Files\Java\jdk-11.0.11\bin;C:\Python27;C:\Program Files\gradle-6.6\bin;C:\Users\camilo\AppData\Roaming\nvm;C:\Program Files\nodejs;C:\Program Files\Git\cmd;D:\ProgramFiles\xampp\php;C:\Program Files\mongodb4.0.20x64\bin;C:\WINDOWS\system32;C:\WINDOWS;C:\WINDOWS\System32\Wbem;C:\WINDOWS\System32\WindowsPowerShell\v1.0\;C:\WINDOWS\System32\OpenSSH\;C:\Program Files\dotnet\;C:\Program Files\Microsoft SQL Server\130\Tools\Binn\;C:\Program Files\Docker\Docker\resources\bin;C:\ProgramData\DockerDesktop\version-bin;D:\ProgramFiles\heroku\bin;C:\Program Files\MySQL\MySQL Shell 8.0\bin\;C:\Users\camilo\AppData\Local\Programs\Python\Python39\Scripts\;C:\Users\camilo\AppData\Local\Programs\Python\Python39\;C:\WINDOWS\system32;C:\WINDOWS;C:\WINDOWS\System32\Wbem;C:\WINDOWS\System32\WindowsPowerShell\v1.0\;D:\Archivos de Programa\Git\cmd;C:\WINDOWS\System32\OpenSSH\;C:\Program Files\NVIDIA Corporation\NVIDIA NvDLISR;C:\Python27;C:\Program Files\gradle-6.6\bin;C:\Users\camilo\AppData\Roaming\nvm;C:\Program Files\nodejs;C:\Program Files\dotnet\;C:\Program Files\Microsoft SQL Server\130\Tools\Binn\;C:\Program Files\Microsoft SQL Server\Client SDK\ODBC\170\Tools\Binn\;C:\Program Files\Git\cmd;C:\ProgramData\ComposerSetup\bin;C:\Program Files\mongodb4
USERNAME=camilo
OS=Windows_NT
PROCESSOR_IDENTIFIER=Intel64 Family 6 Model 158 Stepping 10, GenuineIntel



---------------  S Y S T E M  ---------------

OS:
 Windows 10 , 64 bit Build 19041 (10.0.19041.928)
OS uptime: 0 days 18:24 hours
HyperV virtualization detected

CPU: total 8 (initial active 8) (4 cores per cpu, 2 threads per core) family 6 model 158 stepping 10 microcode 0xde, cmov, cx8, fxsr, mmx, sse, sse2, sse3, ssse3, sse4.1, sse4.2, popcnt, vzeroupper, avx, avx2, aes, clmul, erms, 3dnowpref, lzcnt, ht, tsc, tscinvbit, bmi1, bmi2, adx, fma, clflush, clflushopt

Memory: 4k page, system-wide physical 16304M (477M free)
TotalPageFile size 31431M (AvailPageFile size 0M)
current process WorkingSet (physical memory assigned to process): 145M, peak: 145M
current process commit charge ("private bytes"): 180M, peak: 364M

vm_info: OpenJDK 64-Bit Server VM (15.0.2+7-27) for windows-amd64 JRE (15.0.2+7-27), built on Dec  7 2020 20:02:38 by "mach5one" with unknown MS VC++:1925

END.
