#
# There is insufficient memory for the Java Runtime Environment to continue.
# Native memory allocation (malloc) failed to allocate 1048576 bytes for AllocateHeap
# Possible reasons:
#   The system is out of physical RAM or swap space
#   The process is running with CompressedOops enabled, and the Java Heap may be blocking the growth of the native heap
# Possible solutions:
#   Reduce memory load on the system
#   Increase physical memory or swap space
#   Check if swap backing store is full
#   Decrease Java heap size (-Xmx/-Xms)
#   Decrease number of Java threads
#   Decrease Java thread stack sizes (-Xss)
#   Set larger code cache with -XX:ReservedCodeCacheSize=
#   JVM is running with Zero Based Compressed Oops mode in which the Java heap is
#     placed in the first 32GB address space. The Java Heap base address is the
#     maximum limit for the native heap growth. Please use -XX:HeapBaseMinAddress
#     to set the Java Heap base and to place the Java Heap above 32GB virtual address.
# This output file may be truncated or incomplete.
#
#  Out of Memory Error (./open/src/hotspot/share/memory/allocation.cpp:44), pid=25776, tid=26252
#
# JRE version: OpenJDK Runtime Environment (15.0.2+7) (build 15.0.2+7-27)
# Java VM: OpenJDK 64-Bit Server VM (15.0.2+7-27, mixed mode, tiered, compressed oops, g1 gc, windows-amd64)
# No core dump will be written. Minidumps are not enabled by default on client versions of Windows
#

---------------  S U M M A R Y ------------

Command Line: -XX:+ShowCodeDetailsInExceptionMessages -agentlib:jdwp=transport=dt_socket,suspend=y,address=localhost:56221 -Dcom.sun.management.jmxremote -Dcom.sun.management.jmxremote.port=55993 -Dcom.sun.management.jmxremote.authenticate=false -Dcom.sun.management.jmxremote.ssl=false -Djava.rmi.server.hostname=localhost -Dspring.jmx.enabled=true -Dspring.application.admin.enabled=true -XX:TieredStopAtLevel=1 -Dspring.boot.project.name=Bank -javaagent:D:\ProgramFiles\SpringTools4\sts-4.10.0.RELEASE\configuration\org.eclipse.osgi\254\0\.cp\lib\javaagent-shaded.jar -Dfile.encoding=Cp1252 com.intership.bank.BankApplication --spring.output.ansi.enabled=always

Host: Intel(R) Core(TM) i5-9300H CPU @ 2.40GHz, 8 cores, 15G,  Windows 10 , 64 bit Build 19041 (10.0.19041.928)
Time: Wed May 12 09:23:51 2021 Hora est. Pacífico, Sudamérica elapsed time: 24.970147 seconds (0d 0h 0m 24s)

---------------  T H R E A D  ---------------

Current thread (0x0000028620d85c00):  VMThread "VM Thread" [stack: 0x0000008d87900000,0x0000008d87a00000] [id=26252]

Stack: [0x0000008d87900000,0x0000008d87a00000]
[error occurred during error reporting (printing stack bounds), id 0xc0000005, EXCEPTION_ACCESS_VIOLATION (0xc0000005) at pc=0x0000028604d510ad]

Native frames: (J=compiled Java code, j=interpreted, Vv=VM code, C=native code)
V  [jvm.dll+0x62ae9a]
V  [jvm.dll+0x7817a9]
V  [jvm.dll+0x782f03]
V  [jvm.dll+0x7834c5]
V  [jvm.dll+0x78347b]
V  [jvm.dll+0x62a2b9]
V  [jvm.dll+0x62aa88]
C  [ntdll.dll+0xa207f]
C  [ntdll.dll+0x51454]
C  [ntdll.dll+0xa0bae]
C  0x0000028604d510ad

VM_Operation (0x0000008d895f90d0): CollectForMetadataAllocation, mode: safepoint, requested by thread 0x0000028622ad5260


---------------  P R O C E S S  ---------------

Threads class SMR info:
_java_thread_list=0x0000028622b1c340, length=21, elements={
0x000002867f9ca7a0, 0x0000028620dbb130, 0x0000028620dbdb20, 0x0000028620de00a0,
0x0000028620de0960, 0x0000028620de3230, 0x0000028620de6ff0, 0x0000028620def900,
0x000002862051f5f0, 0x0000028620fce2d0, 0x0000028620fd0f90, 0x0000028620fd54a0,
0x000002862188acd0, 0x0000028621a78f00, 0x0000028621a88600, 0x0000028621a81160,
0x0000028621ac0060, 0x0000028621ac0f30, 0x0000028621ad5de0, 0x0000028621a71ac0,
0x0000028622ad5260
}

Java Threads: ( => current thread )
  0x000002867f9ca7a0 JavaThread "main" [_thread_blocked, id=25944, stack(0x0000008d87300000,0x0000008d87400000)]
  0x0000028620dbb130 JavaThread "Reference Handler" daemon [_thread_blocked, id=26296, stack(0x0000008d87a00000,0x0000008d87b00000)]
  0x0000028620dbdb20 JavaThread "Finalizer" daemon [_thread_blocked, id=26300, stack(0x0000008d87b00000,0x0000008d87c00000)]
  0x0000028620de00a0 JavaThread "Signal Dispatcher" daemon [_thread_blocked, id=26304, stack(0x0000008d87c00000,0x0000008d87d00000)]
  0x0000028620de0960 JavaThread "Attach Listener" daemon [_thread_blocked, id=26308, stack(0x0000008d87d00000,0x0000008d87e00000)]
  0x0000028620de3230 JavaThread "Service Thread" daemon [_thread_blocked, id=26312, stack(0x0000008d87e00000,0x0000008d87f00000)]
  0x0000028620de6ff0 JavaThread "C1 CompilerThread0" daemon [_thread_blocked, id=26316, stack(0x0000008d87f00000,0x0000008d88000000)]
  0x0000028620def900 JavaThread "Sweeper thread" daemon [_thread_blocked, id=26320, stack(0x0000008d88000000,0x0000008d88100000)]
  0x000002862051f5f0 JavaThread "Common-Cleaner" daemon [_thread_blocked, id=26392, stack(0x0000008d88100000,0x0000008d88200000)]
  0x0000028620fce2d0 JavaThread "JDWP Transport Listener: dt_socket" daemon [_thread_blocked, id=26984, stack(0x0000008d88200000,0x0000008d88300000)]
  0x0000028620fd0f90 JavaThread "JDWP Event Helper Thread" daemon [_thread_blocked, id=26992, stack(0x0000008d88300000,0x0000008d88400000)]
  0x0000028620fd54a0 JavaThread "JDWP Command Reader" daemon [_thread_in_native, id=27088, stack(0x0000008d88400000,0x0000008d88500000)]
  0x000002862188acd0 JavaThread "Notification Thread" daemon [_thread_blocked, id=27544, stack(0x0000008d88500000,0x0000008d88600000)]
  0x0000028621a78f00 JavaThread "RMI TCP Accept-0" daemon [_thread_in_native, id=11396, stack(0x0000008d88600000,0x0000008d88700000)]
  0x0000028621a88600 JavaThread "RMI TCP Accept-55993" daemon [_thread_in_native, id=11424, stack(0x0000008d88700000,0x0000008d88800000)]
  0x0000028621a81160 JavaThread "RMI TCP Connection(1)-127.0.0.1" daemon [_thread_in_native, id=16144, stack(0x0000008d88800000,0x0000008d88900000)]
  0x0000028621ac0060 JavaThread "RMI TCP Accept-0" daemon [_thread_in_native, id=17324, stack(0x0000008d88900000,0x0000008d88a00000)]
  0x0000028621ac0f30 JavaThread "RMI Scheduler(0)" daemon [_thread_blocked, id=15452, stack(0x0000008d88b00000,0x0000008d88c00000)]
  0x0000028621ad5de0 JavaThread "RMI TCP Connection(2)-127.0.0.1" daemon [_thread_in_native, id=7940, stack(0x0000008d88c00000,0x0000008d88d00000)]
  0x0000028621a71ac0 JavaThread "JMX server connection timeout 24" daemon [_thread_blocked, id=1104, stack(0x0000008d88d00000,0x0000008d88e00000)]
  0x0000028622ad5260 JavaThread "background-preinit" [_thread_blocked, id=27840, stack(0x0000008d89500000,0x0000008d89600000)]

Other Threads:
=>0x0000028620d85c00 VMThread "VM Thread" [stack: 0x0000008d87900000,0x0000008d87a00000] [id=26252]
  0x000002867f9cb9f0 WatcherThread [stack: 0x0000008d88a00000,0x0000008d88b00000] [id=7636]
  0x000002867fa1de40 GCTaskThread "GC Thread#0" [stack: 0x0000008d87400000,0x0000008d87500000] [id=26044]
  0x0000028621b26050 GCTaskThread "GC Thread#1" [stack: 0x0000008d88e00000,0x0000008d88f00000] [id=18808]
  0x0000028621b276a0 GCTaskThread "GC Thread#2" [stack: 0x0000008d88f00000,0x0000008d89000000] [id=12644]
  0x0000028621b24070 GCTaskThread "GC Thread#3" [stack: 0x0000008d89000000,0x0000008d89100000] [id=22024]
  0x0000028621b256c0 GCTaskThread "GC Thread#4" [stack: 0x0000008d89100000,0x0000008d89200000] [id=27408]
  0x0000028621b279d0 GCTaskThread "GC Thread#5" [stack: 0x0000008d89200000,0x0000008d89300000] [id=21236]
  0x000002867fa30620 ConcurrentGCThread "G1 Main Marker" [stack: 0x0000008d87500000,0x0000008d87600000] [id=26048]
  0x000002867fa31120 ConcurrentGCThread "G1 Conc#0" [stack: 0x0000008d87600000,0x0000008d87700000] [id=26052]
  0x0000028621b243a0 ConcurrentGCThread "G1 Conc#1" [stack: 0x0000008d89400000,0x0000008d89500000] [id=27816]
  0x000002867fa83aa0 ConcurrentGCThread "G1 Refine#0" [stack: 0x0000008d87700000,0x0000008d87800000] [id=26056]
  0x0000028621c86b70 ConcurrentGCThread "G1 Refine#1" [stack: 0x0000008d89300000,0x0000008d89400000] [id=1960]
  0x00000286203b4630 ConcurrentGCThread "G1 Young RemSet Sampling" [stack: 0x0000008d87800000,0x0000008d87900000] [id=26060]

Threads with active compile tasks:
C1 CompilerThread0    24997 2143       1       java.util.zip.ZipEntry::setExtra0 (493 bytes)

VM state: at safepoint (normal execution)

VM Mutex/Monitor currently owned by a thread:  ([mutex/lock_event])
[0x000002867f9c5bb0] Threads_lock - owner thread: 0x0000028620d85c00
[0x000002867f9c57c0] Heap_lock - owner thread: 0x0000028622ad5260

Heap address: 0x0000000701200000, size: 4078 MB, Compressed Oops mode: Zero based, Oop shift amount: 3
CDS disabled.
Compressed class space mapped at: 0x0000000800000000-0x0000000840000000, size: 1073741824
Narrow klass base: 0x0000000800000000, Narrow klass shift: 0, Narrow klass range: 0x40000000

GC Precious Log:
 CPUs: 8 total, 8 available
 Memory: 16304M
 Large Page Support: Disabled
 NUMA Support: Disabled
 Compressed Oops: Enabled (Zero based)
 Heap Region Size: 2M
 Heap Min Capacity: 8M
 Heap Initial Capacity: 256M
 Heap Max Capacity: 4078M
 Pre-touch: Disabled
 Parallel Workers: 8
 Concurrent Workers: 2
 Concurrent Refinement Workers: 8
 Periodic GC: Disabled

Heap:
 garbage-first heap   total 55296K, used 9796K [0x0000000701200000, 0x0000000800000000)
  region size 2048K, 2 young (4096K), 2 survivors (4096K)
 Metaspace       used 24887K, capacity 25187K, committed 25340K, reserved 1081344K
  class space    used 2734K, capacity 2845K, committed 2892K, reserved 1048576K

Heap Regions: E=young(eden), S=young(survivor), O=old, HS=humongous(starts), HC=humongous(continues), CS=collection set, F=free, OA=open archive, CA=closed archive, TAMS=top-at-mark-start (previous, next)
|   0|0x0000000701200000, 0x0000000701400000, 0x0000000701400000|100%| O|  |TAMS 0x0000000701400000, 0x0000000701400000| Untracked 
|   1|0x0000000701400000, 0x0000000701600000, 0x0000000701600000|100%| O|  |TAMS 0x0000000701600000, 0x0000000701600000| Untracked 
|   2|0x0000000701600000, 0x0000000701800000, 0x0000000701800000|100%| O|  |TAMS 0x0000000701800000, 0x0000000701800000| Untracked 
|   3|0x0000000701800000, 0x00000007018b9a00, 0x0000000701a00000| 36%| O|  |TAMS 0x00000007018b9a00, 0x00000007018b9a00| Untracked 
|   4|0x0000000701a00000, 0x0000000701a00000, 0x0000000701c00000|  0%| F|  |TAMS 0x0000000701a00000, 0x0000000701a00000| Untracked 
|   5|0x0000000701c00000, 0x0000000701c00000, 0x0000000701e00000|  0%| F|  |TAMS 0x0000000701c00000, 0x0000000701c00000| Untracked 
|   6|0x0000000701e00000, 0x0000000701e00000, 0x0000000702000000|  0%| F|  |TAMS 0x0000000701e00000, 0x0000000701e00000| Untracked 
|   7|0x0000000702000000, 0x0000000702000000, 0x0000000702200000|  0%| F|  |TAMS 0x0000000702000000, 0x0000000702000000| Untracked 
|   8|0x0000000702200000, 0x0000000702200000, 0x0000000702400000|  0%| F|  |TAMS 0x0000000702200000, 0x0000000702200000| Untracked 
|   9|0x0000000702400000, 0x0000000702400000, 0x0000000702600000|  0%| F|  |TAMS 0x0000000702400000, 0x0000000702400000| Untracked 
|  10|0x0000000702600000, 0x0000000702600000, 0x0000000702800000|  0%| F|  |TAMS 0x0000000702600000, 0x0000000702600000| Untracked 
|  11|0x0000000702800000, 0x0000000702800000, 0x0000000702a00000|  0%| F|  |TAMS 0x0000000702800000, 0x0000000702800000| Untracked 
|  12|0x0000000702a00000, 0x0000000702a00000, 0x0000000702c00000|  0%| F|  |TAMS 0x0000000702a00000, 0x0000000702a00000| Untracked 
|  13|0x0000000702c00000, 0x0000000702c00000, 0x0000000702e00000|  0%| F|  |TAMS 0x0000000702c00000, 0x0000000702c00000| Untracked 
|  14|0x0000000702e00000, 0x0000000702e00000, 0x0000000703000000|  0%| F|  |TAMS 0x0000000702e00000, 0x0000000702e00000| Untracked 
|  15|0x0000000703000000, 0x0000000703000000, 0x0000000703200000|  0%| F|  |TAMS 0x0000000703000000, 0x0000000703000000| Untracked 
|  16|0x0000000703200000, 0x0000000703200000, 0x0000000703400000|  0%| F|  |TAMS 0x0000000703200000, 0x0000000703200000| Untracked 
|  17|0x0000000703400000, 0x0000000703400000, 0x0000000703600000|  0%| F|  |TAMS 0x0000000703400000, 0x0000000703400000| Untracked 
|  18|0x0000000703600000, 0x00000007036d77a0, 0x0000000703800000| 42%| S|CS|TAMS 0x0000000703600000, 0x0000000703600000| Complete 
|  19|0x0000000703800000, 0x0000000703a00000, 0x0000000703a00000|100%| S|CS|TAMS 0x0000000703800000, 0x0000000703800000| Complete 
|  20|0x0000000703a00000, 0x0000000703a00000, 0x0000000703c00000|  0%| F|  |TAMS 0x0000000703a00000, 0x0000000703a00000| Untracked 
|  21|0x0000000703c00000, 0x0000000703c00000, 0x0000000703e00000|  0%| F|  |TAMS 0x0000000703c00000, 0x0000000703c00000| Untracked 
|  22|0x0000000703e00000, 0x0000000703e00000, 0x0000000704000000|  0%| F|  |TAMS 0x0000000703e00000, 0x0000000703e00000| Untracked 
|  23|0x0000000704000000, 0x0000000704000000, 0x0000000704200000|  0%| F|  |TAMS 0x0000000704000000, 0x0000000704000000| Untracked 
|  24|0x0000000704200000, 0x0000000704200000, 0x0000000704400000|  0%| F|  |TAMS 0x0000000704200000, 0x0000000704200000| Untracked 
| 126|0x0000000710e00000, 0x0000000710e00000, 0x0000000711000000|  0%| F|  |TAMS 0x0000000710e00000, 0x0000000710e00000| Untracked 
| 127|0x0000000711000000, 0x0000000711000000, 0x0000000711200000|  0%| F|  |TAMS 0x0000000711000000, 0x0000000711000000| Untracked 

Card table byte_map: [0x0000028614aa0000,0x00000286152a0000] _byte_map_base: 0x0000028611297000

Marking Bits (Prev, Next): (CMBitMap*) 0x000002867fa1e5c0, (CMBitMap*) 0x000002867fa1e600
 Prev Bits: [0x0000028615aa0000, 0x0000028619a58000)
 Next Bits: [0x0000028619a60000, 0x000002861da18000)

Polling page: 0x000002867f590000

Metaspace:

Usage:
  Non-class:     21.82 MB capacity,    21.63 MB (>99%) used,   152.45 KB ( <1%) free+waste,    36.44 KB ( <1%) overhead. 
      Class:      2.78 MB capacity,     2.67 MB ( 96%) used,    97.16 KB (  3%) free+waste,    13.75 KB ( <1%) overhead. 
       Both:     24.60 MB capacity,    24.30 MB ( 99%) used,   249.61 KB ( <1%) free+waste,    50.19 KB ( <1%) overhead. 

Virtual space:
  Non-class space:       32.00 MB reserved,      21.92 MB ( 69%) committed 
      Class space:        1.00 GB reserved,       2.82 MB ( <1%) committed 
             Both:        1.03 GB reserved,      24.75 MB (  2%) committed 

Chunk freelists:
   Non-Class:  106.00 KB
       Class:  3.00 KB
        Both:  109.00 KB

MaxMetaspaceSize: 17179869184.00 GB
CompressedClassSpaceSize: 1.00 GB

CodeHeap 'non-profiled nmethods': size=238336Kb used=3547Kb max_used=3547Kb free=234788Kb
 bounds [0x0000028605490000, 0x0000028605810000, 0x0000028613d50000]
CodeHeap 'non-nmethods': size=7424Kb used=1277Kb max_used=1277Kb free=6146Kb
 bounds [0x0000028604d50000, 0x0000028604fc0000, 0x0000028605490000]
 total_blobs=2591 nmethods=2138 adapters=380
 compilation: enabled
              stopped_count=0, restarted_count=0
 full_count=0

Compilation events (20 events):
Event: 24.329 Thread 0x0000028620de6ff0 nmethod 2132 0x00000286057ffd90 code [0x00000286057fff20, 0x00000286057fffb8]
Event: 24.850 Thread 0x0000028620de6ff0 2135       1       java.lang.CharacterDataLatin1::isJavaIdentifierPart (20 bytes)
Event: 24.850 Thread 0x0000028620de6ff0 nmethod 2135 0x0000028605800090 code [0x0000028605800220, 0x0000028605800338]
Event: 24.850 Thread 0x0000028620de6ff0 2134       1       java.lang.Character::isJavaIdentifierPart (9 bytes)
Event: 24.850 Thread 0x0000028620de6ff0 nmethod 2134 0x0000028605800410 code [0x00000286058005c0, 0x0000028605800698]
Event: 24.850 Thread 0x0000028620de6ff0 2136       1       java.lang.Character::isJavaIdentifierPart (5 bytes)
Event: 24.850 Thread 0x0000028620de6ff0 nmethod 2136 0x0000028605800710 code [0x00000286058008c0, 0x0000028605800998]
Event: 24.850 Thread 0x0000028620de6ff0 2137       1       org.eclipse.jdt.launching.internal.org.objectweb.asm.SymbolTable::addConstantIntegerOrFloat (100 bytes)
Event: 24.851 Thread 0x0000028620de6ff0 nmethod 2137 0x0000028605800a90 code [0x0000028605800c60, 0x0000028605800f78]
Event: 24.851 Thread 0x0000028620de6ff0 2138       1       org.springframework.util.ConcurrentReferenceHashMap$SoftEntryReference::getHash (5 bytes)
Event: 24.851 Thread 0x0000028620de6ff0 nmethod 2138 0x0000028605801190 code [0x0000028605801320, 0x00000286058013d8]
Event: 24.856 Thread 0x0000028620de6ff0 2139       1       org.springframework.core.ResolvableType::resolveType (151 bytes)
Event: 24.857 Thread 0x0000028620de6ff0 nmethod 2139 0x0000028605801490 code [0x0000028605801740, 0x00000286058023e8]
Event: 24.858 Thread 0x0000028620de6ff0 2140       1       ch.qos.logback.classic.Logger::getChildByName (68 bytes)
Event: 24.858 Thread 0x0000028620de6ff0 nmethod 2140 0x0000028605802890 code [0x0000028605802a60, 0x0000028605802c88]
Event: 24.863 Thread 0x0000028620de6ff0 2141 % !   1       java.util.concurrent.ConcurrentHashMap::transfer @ 96 (849 bytes)
Event: 24.866 Thread 0x0000028620de6ff0 nmethod 2141% 0x0000028605802e10 code [0x0000028605803120, 0x0000028605805668]
Event: 24.881 Thread 0x0000028620de6ff0 2142       1       org.eclipse.jdt.launching.internal.org.objectweb.asm.SymbolTable::hash (14 bytes)
Event: 24.881 Thread 0x0000028620de6ff0 nmethod 2142 0x0000028605806a90 code [0x0000028605806c20, 0x0000028605806cd8]
Event: 24.962 Thread 0x0000028620de6ff0 2143       1       java.util.zip.ZipEntry::setExtra0 (493 bytes)

GC Heap History (10 events):
Event: 17.149 GC heap before
{Heap before GC invocations=0 (full 0):
 garbage-first heap   total 262144K, used 20480K [0x0000000701200000, 0x0000000800000000)
  region size 2048K, 11 young (22528K), 0 survivors (0K)
 Metaspace       used 15006K, capacity 15255K, committed 15488K, reserved 1062912K
  class space    used 1490K, capacity 1555K, committed 1664K, reserved 1048576K
}
Event: 17.342 GC heap after
{Heap after GC invocations=1 (full 0):
 garbage-first heap   total 262144K, used 6516K [0x0000000701200000, 0x0000000800000000)
  region size 2048K, 2 young (4096K), 2 survivors (4096K)
 Metaspace       used 15006K, capacity 15255K, committed 15488K, reserved 1062912K
  class space    used 1490K, capacity 1555K, committed 1664K, reserved 1048576K
}
Event: 19.260 GC heap before
{Heap before GC invocations=1 (full 0):
 garbage-first heap   total 262144K, used 29044K [0x0000000701200000, 0x0000000800000000)
  region size 2048K, 13 young (26624K), 2 survivors (4096K)
 Metaspace       used 17733K, capacity 18002K, committed 18048K, reserved 1064960K
  class space    used 1825K, capacity 1904K, committed 1920K, reserved 1048576K
}
Event: 19.265 GC heap after
{Heap after GC invocations=2 (full 0):
 garbage-first heap   total 262144K, used 8112K [0x0000000701200000, 0x0000000800000000)
  region size 2048K, 1 young (2048K), 1 survivors (2048K)
 Metaspace       used 17733K, capacity 18002K, committed 18048K, reserved 1064960K
  class space    used 1825K, capacity 1904K, committed 1920K, reserved 1048576K
}
Event: 22.119 GC heap before
{Heap before GC invocations=2 (full 0):
 garbage-first heap   total 262144K, used 34736K [0x0000000701200000, 0x0000000800000000)
  region size 2048K, 15 young (30720K), 1 survivors (2048K)
 Metaspace       used 20902K, capacity 21182K, committed 21296K, reserved 1069056K
  class space    used 2271K, capacity 2386K, committed 2432K, reserved 1048576K
}
Event: 22.127 GC heap after
{Heap after GC invocations=3 (full 0):
 garbage-first heap   total 262144K, used 9059K [0x0000000701200000, 0x0000000800000000)
  region size 2048K, 2 young (4096K), 2 survivors (4096K)
 Metaspace       used 20902K, capacity 21182K, committed 21296K, reserved 1069056K
  class space    used 2271K, capacity 2386K, committed 2432K, reserved 1048576K
}
Event: 24.330 GC heap before
{Heap before GC invocations=4 (full 0):
 garbage-first heap   total 61440K, used 41827K [0x0000000701200000, 0x0000000800000000)
  region size 2048K, 18 young (36864K), 2 survivors (4096K)
 Metaspace       used 23764K, capacity 24099K, committed 24444K, reserved 1071104K
  class space    used 2603K, capacity 2717K, committed 2764K, reserved 1048576K
}
Event: 24.333 GC heap after
{Heap after GC invocations=5 (full 0):
 garbage-first heap   total 61440K, used 9726K [0x0000000701200000, 0x0000000800000000)
  region size 2048K, 2 young (4096K), 2 survivors (4096K)
 Metaspace       used 23764K, capacity 24099K, committed 24444K, reserved 1071104K
  class space    used 2603K, capacity 2717K, committed 2764K, reserved 1048576K
}
Event: 24.964 GC heap before
{Heap before GC invocations=6 (full 0):
 garbage-first heap   total 55296K, used 22014K [0x0000000701200000, 0x0000000800000000)
  region size 2048K, 9 young (18432K), 2 survivors (4096K)
 Metaspace       used 24887K, capacity 25187K, committed 25340K, reserved 1079296K
  class space    used 2734K, capacity 2845K, committed 2892K, reserved 1048576K
}
Event: 24.968 GC heap after
{Heap after GC invocations=7 (full 0):
 garbage-first heap   total 55296K, used 9796K [0x0000000701200000, 0x0000000800000000)
  region size 2048K, 2 young (4096K), 2 survivors (4096K)
 Metaspace       used 24887K, capacity 25187K, committed 25340K, reserved 1079296K
  class space    used 2734K, capacity 2845K, committed 2892K, reserved 1048576K
}

Deoptimization events (20 events):
Event: 24.307 Thread 0x000002867f9ca7a0 DEOPT PACKING pc=0x00000286056ed55c sp=0x0000008d873fed80
Event: 24.307 Thread 0x000002867f9ca7a0 DEOPT UNPACKING pc=0x0000028604d9e23f sp=0x0000008d873fe270 mode 1
Event: 24.307 Thread 0x000002867f9ca7a0 DEOPT PACKING pc=0x000002860569db64 sp=0x0000008d873fe2a0
Event: 24.307 Thread 0x000002867f9ca7a0 DEOPT UNPACKING pc=0x0000028604d9e23f sp=0x0000008d873fd738 mode 1
Event: 24.307 Thread 0x000002867f9ca7a0 DEOPT PACKING pc=0x00000286056938fc sp=0x0000008d873fe370
Event: 24.307 Thread 0x000002867f9ca7a0 DEOPT UNPACKING pc=0x0000028604d9e23f sp=0x0000008d873fd828 mode 1
Event: 24.307 Thread 0x000002867f9ca7a0 DEOPT PACKING pc=0x00000286056ed55c sp=0x0000008d873fed80
Event: 24.307 Thread 0x000002867f9ca7a0 DEOPT UNPACKING pc=0x0000028604d9e23f sp=0x0000008d873fe270 mode 1
Event: 24.328 Thread 0x000002867f9ca7a0 DEOPT PACKING pc=0x000002860569db64 sp=0x0000008d873fe2f0
Event: 24.328 Thread 0x000002867f9ca7a0 DEOPT UNPACKING pc=0x0000028604d9e23f sp=0x0000008d873fd788 mode 1
Event: 24.328 Thread 0x000002867f9ca7a0 DEOPT PACKING pc=0x00000286056938fc sp=0x0000008d873fe3c0
Event: 24.328 Thread 0x000002867f9ca7a0 DEOPT UNPACKING pc=0x0000028604d9e23f sp=0x0000008d873fd878 mode 1
Event: 24.328 Thread 0x000002867f9ca7a0 DEOPT PACKING pc=0x00000286056ed55c sp=0x0000008d873fedd0
Event: 24.328 Thread 0x000002867f9ca7a0 DEOPT UNPACKING pc=0x0000028604d9e23f sp=0x0000008d873fe2c0 mode 1
Event: 24.329 Thread 0x000002867f9ca7a0 DEOPT PACKING pc=0x000002860569db64 sp=0x0000008d873fe2f0
Event: 24.329 Thread 0x000002867f9ca7a0 DEOPT UNPACKING pc=0x0000028604d9e23f sp=0x0000008d873fd788 mode 1
Event: 24.329 Thread 0x000002867f9ca7a0 DEOPT PACKING pc=0x00000286056938fc sp=0x0000008d873fe3c0
Event: 24.329 Thread 0x000002867f9ca7a0 DEOPT UNPACKING pc=0x0000028604d9e23f sp=0x0000008d873fd878 mode 1
Event: 24.329 Thread 0x000002867f9ca7a0 DEOPT PACKING pc=0x00000286056ed55c sp=0x0000008d873fedd0
Event: 24.329 Thread 0x000002867f9ca7a0 DEOPT UNPACKING pc=0x0000028604d9e23f sp=0x0000008d873fe2c0 mode 1

Classes unloaded (0 events):
No events

Classes redefined (0 events):
No events

Internal exceptions (20 events):
Event: 21.046 Thread 0x000002867f9ca7a0 Exception <a 'java/lang/NoSuchMethodError'{0x00000007102b6b88}: 'java.lang.Object java.lang.invoke.DirectMethodHandle$Holder.newInvokeSpecial(java.lang.Object, java.lang.Object, java.lang.Object, java.lang.Object, java.lang.Object, java.lang.Object)'> (0x00000007102b6b88) 
thrown [./open/src/hotspot/share/interpreter/linkResolver.cpp, line 782]
Event: 21.068 Thread 0x000002867f9ca7a0 Exception <a 'java/lang/NoSuchMethodError'{0x000000071003feb8}: 'java.lang.Object java.lang.invoke.DirectMethodHandle$Holder.invokeSpecial(java.lang.Object, java.lang.Object, java.lang.Object, java.lang.Object, java.lang.Object, java.lang.Object, int)'> (0x000000071003feb8) 
thrown [./open/src/hotspot/share/interpreter/linkResolver.cpp, line 782]
Event: 21.068 Thread 0x000002867f9ca7a0 Exception <a 'java/lang/NoSuchMethodError'{0x000000071004b528}: 'java.lang.Object java.lang.invoke.DirectMethodHandle$Holder.newInvokeSpecial(java.lang.Object, java.lang.Object, java.lang.Object, java.lang.Object, java.lang.Object, java.lang.Object, int)'> (0x000000071004b528) 
thrown [./open/src/hotspot/share/interpreter/linkResolver.cpp, line 782]
Event: 21.069 Thread 0x000002867f9ca7a0 Exception <a 'java/lang/NoSuchMethodError'{0x0000000710050670}: 'java.lang.Object java.lang.invoke.DirectMethodHandle$Holder.invokeSpecial(java.lang.Object, java.lang.Object, java.lang.Object, java.lang.Object, java.lang.Object, java.lang.Object, java.lang.Object, int)'> (0x0000000710050670) 
thrown [./open/src/hotspot/share/interpreter/linkResolver.cpp, line 782]
Event: 21.269 Thread 0x0000028621ad5de0 Exception <a 'java/lang/reflect/InvocationTargetException'{0x0000000711147c40}> (0x0000000711147c40) 
thrown [./open/src/hotspot/share/runtime/reflection.cpp, line 1157]
Event: 21.681 Thread 0x000002867f9ca7a0 Exception <a 'java/lang/NoSuchMethodError'{0x000000070fd21728}: 'java.lang.Object java.lang.invoke.DirectMethodHandle$Holder.invokeSpecial(java.lang.Object, java.lang.Object, java.lang.Object, java.lang.Object, int)'> (0x000000070fd21728) 
thrown [./open/src/hotspot/share/interpreter/linkResolver.cpp, line 782]
Event: 21.682 Thread 0x000002867f9ca7a0 Exception <a 'java/lang/NoSuchMethodError'{0x000000070fd2a5e0}: 'java.lang.Object java.lang.invoke.DirectMethodHandle$Holder.newInvokeSpecial(java.lang.Object, java.lang.Object, java.lang.Object, java.lang.Object, int)'> (0x000000070fd2a5e0) 
thrown [./open/src/hotspot/share/interpreter/linkResolver.cpp, line 782]
Event: 21.683 Thread 0x000002867f9ca7a0 Exception <a 'java/lang/NoSuchMethodError'{0x000000070fd2e938}: 'java.lang.Object java.lang.invoke.DirectMethodHandle$Holder.invokeSpecial(java.lang.Object, java.lang.Object, java.lang.Object, java.lang.Object, java.lang.Object, int)'> (0x000000070fd2e938) 
thrown [./open/src/hotspot/share/interpreter/linkResolver.cpp, line 782]
Event: 21.683 Thread 0x000002867f9ca7a0 Exception <a 'java/lang/NoSuchMethodError'{0x000000070fd32620}: 'java.lang.Object java.lang.invoke.Invokers$Holder.linkToTargetMethod(java.lang.Object, java.lang.Object, java.lang.Object, int, java.lang.Object)'> (0x000000070fd32620) 
thrown [./open/src/hotspot/share/interpreter/linkResolver.cpp, line 782]
Event: 21.685 Thread 0x000002867f9ca7a0 Exception <a 'java/lang/NoSuchMethodError'{0x000000070fd495b8}: 'java.lang.Object java.lang.invoke.DirectMethodHandle$Holder.newInvokeSpecial(java.lang.Object, int, java.lang.Object)'> (0x000000070fd495b8) 
thrown [./open/src/hotspot/share/interpreter/linkResolver.cpp, line 782]
Event: 21.685 Thread 0x000002867f9ca7a0 Exception <a 'java/lang/NoSuchMethodError'{0x000000070fd4d790}: 'int java.lang.invoke.DirectMethodHandle$Holder.invokeSpecialIFC(java.lang.Object, java.lang.Object, java.lang.Object, java.lang.Object)'> (0x000000070fd4d790) 
thrown [./open/src/hotspot/share/interpreter/linkResolver.cpp, line 782]
Event: 21.865 Thread 0x000002867f9ca7a0 Exception <a 'java/lang/NoSuchMethodError'{0x000000070fa5bd00}: 'void java.lang.invoke.DirectMethodHandle$Holder.invokeInterface(java.lang.Object, java.lang.Object, java.lang.Object)'> (0x000000070fa5bd00) 
thrown [./open/src/hotspot/share/interpreter/linkResolver.cpp, line 782]
Event: 21.962 Thread 0x000002867f9ca7a0 Exception <a 'java/lang/NoSuchMethodError'{0x000000070f89dfc8}: 'void java.lang.invoke.DirectMethodHandle$Holder.invokeStatic(java.lang.Object, java.lang.Object, int)'> (0x000000070f89dfc8) 
thrown [./open/src/hotspot/share/interpreter/linkResolver.cpp, line 782]
Event: 21.965 Thread 0x000002867f9ca7a0 Exception <a 'java/lang/NoSuchMethodError'{0x000000070f8bc068}: 'void java.lang.invoke.DirectMethodHandle$Holder.invokeStaticInit(java.lang.Object, java.lang.Object, java.lang.Object)'> (0x000000070f8bc068) 
thrown [./open/src/hotspot/share/interpreter/linkResolver.cpp, line 782]
Event: 21.981 Thread 0x000002867f9ca7a0 Exception <a 'java/lang/NoSuchMethodError'{0x000000070f95bef8}: 'void java.lang.invoke.DirectMethodHandle$Holder.invokeVirtual(java.lang.Object, java.lang.Object, java.lang.Object, java.lang.Object)'> (0x000000070f95bef8) 
thrown [./open/src/hotspot/share/interpreter/linkResolver.cpp, line 782]
Event: 22.341 Thread 0x000002867f9ca7a0 Exception <a 'java/lang/NoSuchMethodError'{0x0000000710e31d68}: 'void java.lang.invoke.DirectMethodHandle$Holder.invokeSpecial(java.lang.Object, java.lang.Object, java.lang.Object, java.lang.Object, java.lang.Object)'> (0x0000000710e31d68) 
thrown [./open/src/hotspot/share/interpreter/linkResolver.cpp, line 782]
Event: 23.702 Thread 0x0000028621ad5de0 Exception <a 'java/lang/reflect/InvocationTargetException'{0x0000000710dbfa58}> (0x0000000710dbfa58) 
thrown [./open/src/hotspot/share/runtime/reflection.cpp, line 1157]
Event: 23.719 Thread 0x0000028622ad5260 Exception <a 'java/lang/NoClassDefFoundError'{0x0000000710d1f250}: javax/validation/Validation> (0x0000000710d1f250) 
thrown [./open/src/hotspot/share/classfile/systemDictionary.cpp, line 284]
Event: 23.806 Thread 0x0000028622ad5260 Exception <a 'java/lang/NoSuchMethodError'{0x0000000703e25840}: 'java.lang.Object java.lang.invoke.DirectMethodHandle$Holder.invokeStaticInit(java.lang.Object, java.lang.Object, java.lang.Object, java.lang.Object, java.lang.Object)'> (0x0000000703e25840) 
thrown [./open/src/hotspot/share/interpreter/linkResolver.cpp, line 782]
Event: 24.864 Thread 0x000002867f9ca7a0 Exception <a 'java/lang/NoSuchMethodError'{0x0000000704336f70}: 'org.slf4j.impl.StaticMDCBinder org.slf4j.impl.StaticMDCBinder.getSingleton()'> (0x0000000704336f70) 
thrown [./open/src/hotspot/share/interpreter/linkResolver.cpp, line 782]

Events (20 events):
Event: 24.303 loading class java/beans/Transient done
Event: 24.303 loading class java/beans/ConstructorProperties
Event: 24.303 loading class java/beans/ConstructorProperties done
Event: 24.317 loading class sun/text/resources/cldr/FormatData_en
Event: 24.317 loading class sun/text/resources/cldr/FormatData_en done
Event: 24.317 loading class sun/text/resources/cldr/FormatData_en_US
Event: 24.317 loading class sun/text/resources/cldr/FormatData_en_US done
Event: 24.325 loading class java/io/CharArrayReader
Event: 24.325 loading class java/io/CharArrayReader done
Event: 24.329 Executing VM operation: G1CollectForAllocation
Event: 24.335 Executing VM operation: G1CollectForAllocation done
Event: 24.335 Executing VM operation: HandshakeAllThreads
Event: 24.335 Executing VM operation: HandshakeAllThreads done
Event: 24.342 Executing VM operation: G1Concurrent
Event: 24.346 Executing VM operation: G1Concurrent done
Event: 24.349 Executing VM operation: G1Concurrent
Event: 24.850 Executing VM operation: G1Concurrent done
Event: 24.851 loading class java/util/concurrent/atomic/AtomicReference
Event: 24.851 loading class java/util/concurrent/atomic/AtomicReference done
Event: 24.964 Executing VM operation: CollectForMetadataAllocation


Dynamic libraries:
0x00007ff7464c0000 - 0x00007ff7464cd000 	D:\ProgramFiles\SpringTools4\sts-4.10.0.RELEASE\plugins\org.eclipse.justj.openjdk.hotspot.jre.full.win32.x86_64_15.0.2.v20210201-0955\jre\bin\javaw.exe
0x00007ffd2dd50000 - 0x00007ffd2df45000 	C:\WINDOWS\SYSTEM32\ntdll.dll
0x00007ffd2c310000 - 0x00007ffd2c3cd000 	C:\WINDOWS\System32\KERNEL32.DLL
0x00007ffd2bab0000 - 0x00007ffd2bd78000 	C:\WINDOWS\System32\KERNELBASE.dll
0x00007ffd2b7a0000 - 0x00007ffd2b8a0000 	C:\WINDOWS\System32\ucrtbase.dll
0x00007ffd14250000 - 0x00007ffd14268000 	D:\ProgramFiles\SpringTools4\sts-4.10.0.RELEASE\plugins\org.eclipse.justj.openjdk.hotspot.jre.full.win32.x86_64_15.0.2.v20210201-0955\jre\bin\jli.dll
0x00007ffd01f50000 - 0x00007ffd01f69000 	D:\ProgramFiles\SpringTools4\sts-4.10.0.RELEASE\plugins\org.eclipse.justj.openjdk.hotspot.jre.full.win32.x86_64_15.0.2.v20210201-0955\jre\bin\VCRUNTIME140.dll
0x00007ffd2d860000 - 0x00007ffd2da00000 	C:\WINDOWS\System32\USER32.dll
0x00007ffd1df60000 - 0x00007ffd1e1fa000 	C:\WINDOWS\WinSxS\amd64_microsoft.windows.common-controls_6595b64144ccf1df_6.0.19041.844_none_ca00b6081b84eb1d\COMCTL32.dll
0x00007ffd2bd80000 - 0x00007ffd2bda2000 	C:\WINDOWS\System32\win32u.dll
0x00007ffd2d730000 - 0x00007ffd2d7ce000 	C:\WINDOWS\System32\msvcrt.dll
0x00007ffd2c090000 - 0x00007ffd2c0ba000 	C:\WINDOWS\System32\GDI32.dll
0x00007ffd2b8f0000 - 0x00007ffd2b9fb000 	C:\WINDOWS\System32\gdi32full.dll
0x00007ffd2b700000 - 0x00007ffd2b79d000 	C:\WINDOWS\System32\msvcp_win.dll
0x00007ffd2c480000 - 0x00007ffd2c4b0000 	C:\WINDOWS\System32\IMM32.DLL
0x00007ffd154a0000 - 0x00007ffd154ac000 	D:\ProgramFiles\SpringTools4\sts-4.10.0.RELEASE\plugins\org.eclipse.justj.openjdk.hotspot.jre.full.win32.x86_64_15.0.2.v20210201-0955\jre\bin\vcruntime140_1.dll
0x00007ffcdaa30000 - 0x00007ffcdaac1000 	D:\ProgramFiles\SpringTools4\sts-4.10.0.RELEASE\plugins\org.eclipse.justj.openjdk.hotspot.jre.full.win32.x86_64_15.0.2.v20210201-0955\jre\bin\msvcp140.dll
0x00007ffcbc010000 - 0x00007ffcbcb6e000 	D:\ProgramFiles\SpringTools4\sts-4.10.0.RELEASE\plugins\org.eclipse.justj.openjdk.hotspot.jre.full.win32.x86_64_15.0.2.v20210201-0955\jre\bin\server\jvm.dll
0x00007ffd2c3d0000 - 0x00007ffd2c47c000 	C:\WINDOWS\System32\ADVAPI32.dll
0x00007ffd2c270000 - 0x00007ffd2c30b000 	C:\WINDOWS\System32\sechost.dll
0x00007ffd2dac0000 - 0x00007ffd2dbeb000 	C:\WINDOWS\System32\RPCRT4.dll
0x00007ffd2c4b0000 - 0x00007ffd2c4b8000 	C:\WINDOWS\System32\PSAPI.DLL
0x00007ffd11b20000 - 0x00007ffd11b29000 	C:\WINDOWS\SYSTEM32\WSOCK32.dll
0x00007ffd1e570000 - 0x00007ffd1e597000 	C:\WINDOWS\SYSTEM32\WINMM.dll
0x00007ffd21110000 - 0x00007ffd2111a000 	C:\WINDOWS\SYSTEM32\VERSION.dll
0x00007ffd2c0c0000 - 0x00007ffd2c12b000 	C:\WINDOWS\System32\WS2_32.dll
0x00007ffd29400000 - 0x00007ffd29412000 	C:\WINDOWS\SYSTEM32\kernel.appcore.dll
0x00007ffd15740000 - 0x00007ffd1574a000 	D:\ProgramFiles\SpringTools4\sts-4.10.0.RELEASE\plugins\org.eclipse.justj.openjdk.hotspot.jre.full.win32.x86_64_15.0.2.v20210201-0955\jre\bin\jimage.dll
0x00007ffd28cd0000 - 0x00007ffd28eb4000 	C:\WINDOWS\SYSTEM32\DBGHELP.DLL
0x00007ffd08170000 - 0x00007ffd0819c000 	C:\WINDOWS\SYSTEM32\dbgcore.DLL
0x00007ffd2b520000 - 0x00007ffd2b5a0000 	C:\WINDOWS\System32\bcryptPrimitives.dll
0x00007ffd02900000 - 0x00007ffd02939000 	D:\ProgramFiles\SpringTools4\sts-4.10.0.RELEASE\plugins\org.eclipse.justj.openjdk.hotspot.jre.full.win32.x86_64_15.0.2.v20210201-0955\jre\bin\jdwp.dll
0x00007ffd15640000 - 0x00007ffd1564e000 	D:\ProgramFiles\SpringTools4\sts-4.10.0.RELEASE\plugins\org.eclipse.justj.openjdk.hotspot.jre.full.win32.x86_64_15.0.2.v20210201-0955\jre\bin\instrument.dll
0x00007ffcff4d0000 - 0x00007ffcff4f5000 	D:\ProgramFiles\SpringTools4\sts-4.10.0.RELEASE\plugins\org.eclipse.justj.openjdk.hotspot.jre.full.win32.x86_64_15.0.2.v20210201-0955\jre\bin\java.dll
0x00007ffd02dc0000 - 0x00007ffd02dd8000 	D:\ProgramFiles\SpringTools4\sts-4.10.0.RELEASE\plugins\org.eclipse.justj.openjdk.hotspot.jre.full.win32.x86_64_15.0.2.v20210201-0955\jre\bin\zip.dll
0x00007ffd2c960000 - 0x00007ffd2d0a2000 	C:\WINDOWS\System32\SHELL32.dll
0x00007ffd29590000 - 0x00007ffd29d21000 	C:\WINDOWS\SYSTEM32\windows.storage.dll
0x00007ffd2c600000 - 0x00007ffd2c955000 	C:\WINDOWS\System32\combase.dll
0x00007ffd2ae30000 - 0x00007ffd2ae5c000 	C:\WINDOWS\SYSTEM32\Wldp.dll
0x00007ffd2bf10000 - 0x00007ffd2bfbe000 	C:\WINDOWS\System32\SHCORE.dll
0x00007ffd2d0b0000 - 0x00007ffd2d105000 	C:\WINDOWS\System32\shlwapi.dll
0x00007ffd2b3d0000 - 0x00007ffd2b3ef000 	C:\WINDOWS\SYSTEM32\profapi.dll
0x00007ffd26070000 - 0x00007ffd2607b000 	D:\ProgramFiles\SpringTools4\sts-4.10.0.RELEASE\plugins\org.eclipse.justj.openjdk.hotspot.jre.full.win32.x86_64_15.0.2.v20210201-0955\jre\bin\dt_socket.dll
0x00007ffd2a8d0000 - 0x00007ffd2a90b000 	C:\WINDOWS\SYSTEM32\IPHLPAPI.DLL
0x00007ffd2ac10000 - 0x00007ffd2ac7a000 	C:\WINDOWS\system32\mswsock.dll
0x00007ffd2a910000 - 0x00007ffd2a9dc000 	C:\WINDOWS\SYSTEM32\DNSAPI.dll
0x00007ffd2dbf0000 - 0x00007ffd2dbf8000 	C:\WINDOWS\System32\NSI.dll
0x00007ffd22f40000 - 0x00007ffd22f4a000 	C:\Windows\System32\rasadhlp.dll
0x00007ffd19800000 - 0x00007ffd1987f000 	C:\WINDOWS\System32\fwpuclnt.dll
0x00007ffd2b4f0000 - 0x00007ffd2b517000 	C:\WINDOWS\System32\bcrypt.dll
0x00007ffd00540000 - 0x00007ffd00559000 	D:\ProgramFiles\SpringTools4\sts-4.10.0.RELEASE\plugins\org.eclipse.justj.openjdk.hotspot.jre.full.win32.x86_64_15.0.2.v20210201-0955\jre\bin\net.dll
0x00007ffd19ff0000 - 0x00007ffd1a0fb000 	C:\WINDOWS\SYSTEM32\WINHTTP.dll
0x00007ffcfe430000 - 0x00007ffcfe442000 	D:\ProgramFiles\SpringTools4\sts-4.10.0.RELEASE\plugins\org.eclipse.justj.openjdk.hotspot.jre.full.win32.x86_64_15.0.2.v20210201-0955\jre\bin\nio.dll
0x00007ffd14de0000 - 0x00007ffd14de9000 	D:\ProgramFiles\SpringTools4\sts-4.10.0.RELEASE\plugins\org.eclipse.justj.openjdk.hotspot.jre.full.win32.x86_64_15.0.2.v20210201-0955\jre\bin\management.dll
0x00007ffd08350000 - 0x00007ffd0835b000 	D:\ProgramFiles\SpringTools4\sts-4.10.0.RELEASE\plugins\org.eclipse.justj.openjdk.hotspot.jre.full.win32.x86_64_15.0.2.v20210201-0955\jre\bin\management_ext.dll
0x00007ffd085e0000 - 0x00007ffd085f7000 	C:\WINDOWS\system32\napinsp.dll
0x00007ffd085c0000 - 0x00007ffd085db000 	C:\WINDOWS\system32\pnrpnsp.dll
0x00007ffd25520000 - 0x00007ffd25535000 	C:\WINDOWS\system32\wshbth.dll
0x00007ffd25f20000 - 0x00007ffd25f3d000 	C:\WINDOWS\system32\NLAapi.dll
0x00007ffd083f0000 - 0x00007ffd08402000 	C:\WINDOWS\System32\winrnr.dll
0x00007ffd2b160000 - 0x00007ffd2b178000 	C:\WINDOWS\SYSTEM32\CRYPTSP.dll
0x00007ffd2a560000 - 0x00007ffd2a594000 	C:\WINDOWS\system32\rsaenh.dll
0x00007ffd2b390000 - 0x00007ffd2b3be000 	C:\WINDOWS\SYSTEM32\USERENV.dll
0x00007ffd2ad90000 - 0x00007ffd2ad9c000 	C:\WINDOWS\SYSTEM32\CRYPTBASE.dll
0x00007ffd234d0000 - 0x00007ffd234e7000 	C:\WINDOWS\SYSTEM32\dhcpcsvc6.DLL
0x00007ffd22f90000 - 0x00007ffd22fad000 	C:\WINDOWS\SYSTEM32\dhcpcsvc.DLL
0x00007ffd15630000 - 0x00007ffd15640000 	D:\ProgramFiles\SpringTools4\sts-4.10.0.RELEASE\plugins\org.eclipse.justj.openjdk.hotspot.jre.full.win32.x86_64_15.0.2.v20210201-0955\jre\bin\verify.dll

dbghelp: loaded successfully - version: 4.0.5 - missing functions: none
symbol engine: initialized successfully - sym options: 0x614 - pdb path: .;D:\ProgramFiles\SpringTools4\sts-4.10.0.RELEASE\plugins\org.eclipse.justj.openjdk.hotspot.jre.full.win32.x86_64_15.0.2.v20210201-0955\jre\bin;C:\WINDOWS\SYSTEM32;C:\WINDOWS\WinSxS\amd64_microsoft.windows.common-controls_6595b64144ccf1df_6.0.19041.844_none_ca00b6081b84eb1d;D:\ProgramFiles\SpringTools4\sts-4.10.0.RELEASE\plugins\org.eclipse.justj.openjdk.hotspot.jre.full.win32.x86_64_15.0.2.v20210201-0955\jre\bin\server

VM Arguments:
jvm_args: -XX:+ShowCodeDetailsInExceptionMessages -agentlib:jdwp=transport=dt_socket,suspend=y,address=localhost:56221 -Dcom.sun.management.jmxremote -Dcom.sun.management.jmxremote.port=55993 -Dcom.sun.management.jmxremote.authenticate=false -Dcom.sun.management.jmxremote.ssl=false -Djava.rmi.server.hostname=localhost -Dspring.jmx.enabled=true -Dspring.application.admin.enabled=true -XX:TieredStopAtLevel=1 -Dspring.boot.project.name=Bank -javaagent:D:\ProgramFiles\SpringTools4\sts-4.10.0.RELEASE\configuration\org.eclipse.osgi\254\0\.cp\lib\javaagent-shaded.jar -Dfile.encoding=Cp1252 
java_command: com.intership.bank.BankApplication --spring.output.ansi.enabled=always
java_class_path (initial): D:\MyData\Camilo\workspace\Java\workspace-spring-tool-suite-4-4.10.0.RELEASE\Bank\bin\main;C:\Users\camilo\.gradle\caches\modules-2\files-2.1\org.projectlombok\lombok\1.18.20\18bcea7d5df4d49227b4a0743a536208ce4825bb\lombok-1.18.20.jar;C:\Users\camilo\.gradle\caches\modules-2\files-2.1\io.springfox\springfox-swagger2\2.9.2\362676bc7f4c6f9f1d568741becab0dfc198c898\springfox-swagger2-2.9.2.jar;C:\Users\camilo\.gradle\caches\modules-2\files-2.1\io.springfox\springfox-swagger-ui\2.9.2\d542382a88ff3ea8d4032c28b2b0325797fada7d\springfox-swagger-ui-2.9.2.jar;C:\Users\camilo\.gradle\caches\modules-2\files-2.1\org.springframework.boot\spring-boot-starter-web\2.4.5\93cf2655557534e35723fbafa069bed2ee125832\spring-boot-starter-web-2.4.5.jar;C:\Users\camilo\.gradle\caches\modules-2\files-2.1\org.springframework.boot\spring-boot-starter-data-jpa\2.4.5\cba91e070e601c55eec0d8a1948dcca15703ad37\spring-boot-starter-data-jpa-2.4.5.jar;C:\Users\camilo\.gradle\caches\modules-2\files-2.1\com.oracle.database.jdbc\ojdbc10\19.10.0.0\4174e8d8acc29676b9d0784a61138408da7f626b\ojdbc10-19.10.0.0.jar;C:\Users\camilo\.gradle\caches\modules-2\files-2.1\io.springfox\springfox-swagger-common\2.9.2\b38a41b3044af80cb7f41f67be5d158c9f6491ec\springfox-swagger-common-2.9.2.jar;C:\Users\camilo\.gradle\caches\modules-2\files-2.1\io.swagger\swagger-models\1.5.20\fb3a23bad80c5ed84db9dd150db2cba699531458\swagger-models-1.5.20.jar;C:\Users\camilo\.gradle\caches\modules-2\files-2.1\io.swagger\swagger-annotations\1.5.20\16051f93ce11ca489a5313775d825f82fcc2cd6c\swagger-annotations-1.5.20.jar;C:\Users\camilo\.gradle\caches\modules-2\files-2.1\io.springfox\springfox-schema\2.9.2\e268f38774b16bb51a92ccaef0dcf3dc651c0cee\springfox-schema-2.9.2.jar;C:\Users\camilo\.gradle\caches\modules-2\files-2.1\io.springfox\springfox-spring-web\2.9.2\ed2ed714a6cba8804d00f80f0534901e4c7a3211\springfox-spring-web-2.9.2.jar;C:\Users\camilo\.gradle\caches\modules-2\files-2.1\io.springfox\springfox-spi\2.9.2\
Launcher Type: SUN_STANDARD

[Global flags]
     intx CICompilerCount                          = 4                                         {product} {ergonomic}
     uint ConcGCThreads                            = 2                                         {product} {ergonomic}
     uint G1ConcRefinementThreads                  = 8                                         {product} {ergonomic}
   size_t G1HeapRegionSize                         = 2097152                                   {product} {ergonomic}
    uintx GCDrainStackTargetSize                   = 64                                        {product} {ergonomic}
   size_t InitialHeapSize                          = 268435456                                 {product} {ergonomic}
     bool ManagementServer                         = true                                      {product} {command line}
   size_t MarkStackSize                            = 4194304                                   {product} {ergonomic}
   size_t MaxHeapSize                              = 4276092928                                {product} {ergonomic}
   size_t MaxNewSize                               = 2564816896                                {product} {ergonomic}
   size_t MinHeapDeltaBytes                        = 2097152                                   {product} {ergonomic}
   size_t MinHeapSize                              = 8388608                                   {product} {ergonomic}
    uintx NonNMethodCodeHeapSize                   = 7549744                                {pd product} {ergonomic}
    uintx NonProfiledCodeHeapSize                  = 244108496                              {pd product} {ergonomic}
    uintx ProfiledCodeHeapSize                     = 0                                      {pd product} {ergonomic}
    uintx ReservedCodeCacheSize                    = 251658240                              {pd product} {ergonomic}
     bool SegmentedCodeCache                       = true                                      {product} {ergonomic}
     bool ShowCodeDetailsInExceptionMessages       = true                                   {manageable} {command line}
   size_t SoftMaxHeapSize                          = 4276092928                             {manageable} {ergonomic}
     intx TieredStopAtLevel                        = 1                                         {product} {command line}
     bool UseCompressedClassPointers               = true                                 {lp64_product} {ergonomic}
     bool UseCompressedOops                        = true                                 {lp64_product} {ergonomic}
     bool UseG1GC                                  = true                                      {product} {ergonomic}
     bool UseLargePagesIndividualAllocation        = false                                  {pd product} {ergonomic}

Logging:
Log output configuration:
 #0: stdout all=warning uptime,level,tags
 #1: stderr all=off uptime,level,tags

Environment Variables:
JAVA_HOME=C:\Program Files\Java\jdk-11.0.11
PATH=D:\ProgramFiles\SpringTools4\sts-4.10.0.RELEASE\plugins\org.eclipse.justj.openjdk.hotspot.jre.full.win32.x86_64_15.0.2.v20210201-0955\jre\bin;D:/ProgramFiles/SpringTools4/sts-4.10.0.RELEASE//plugins/org.eclipse.justj.openjdk.hotspot.jre.full.win32.x86_64_15.0.2.v20210201-0955/jre/bin/server;D:/ProgramFiles/SpringTools4/sts-4.10.0.RELEASE//plugins/org.eclipse.justj.openjdk.hotspot.jre.full.win32.x86_64_15.0.2.v20210201-0955/jre/bin;D:\ProgramFiles\Oracle\Oracle18c\dbhomeXE\bin;D:\ProgramFiles\Oracle18cXE\dbhomeXE\bin;C:\WINDOWS\system32;C:\WINDOWS;C:\WINDOWS\System32\Wbem;C:\WINDOWS\System32\WindowsPowerShell\v1.0\;D:\Archivos de Programa\Git\cmd;C:\WINDOWS\System32\OpenSSH\;C:\Program Files\NVIDIA Corporation\NVIDIA NvDLISR;C:\Program Files\Java\jdk-11.0.11\bin;C:\Python27;C:\Program Files\gradle-6.6\bin;C:\Users\camilo\AppData\Roaming\nvm;C:\Program Files\nodejs;C:\Program Files\Git\cmd;D:\ProgramFiles\xampp\php;C:\Program Files\mongodb4.0.20x64\bin;C:\WINDOWS\system32;C:\WINDOWS;C:\WINDOWS\System32\Wbem;C:\WINDOWS\System32\WindowsPowerShell\v1.0\;C:\WINDOWS\System32\OpenSSH\;C:\Program Files\dotnet\;C:\Program Files\Microsoft SQL Server\130\Tools\Binn\;C:\Program Files\Docker\Docker\resources\bin;C:\ProgramData\DockerDesktop\version-bin;D:\ProgramFiles\heroku\bin;C:\Program Files\MySQL\MySQL Shell 8.0\bin\;C:\Users\camilo\AppData\Local\Programs\Python\Python39\Scripts\;C:\Users\camilo\AppData\Local\Programs\Python\Python39\;C:\WINDOWS\system32;C:\WINDOWS;C:\WINDOWS\System32\Wbem;C:\WINDOWS\System32\WindowsPowerShell\v1.0\;D:\Archivos de Programa\Git\cmd;C:\WINDOWS\System32\OpenSSH\;C:\Program Files\NVIDIA Corporation\NVIDIA NvDLISR;C:\Python27;C:\Program Files\gradle-6.6\bin;C:\Users\camilo\AppData\Roaming\nvm;C:\Program Files\nodejs;C:\Program Files\dotnet\;C:\Program Files\Microsoft SQL Server\130\Tools\Binn\;C:\Program Files\Microsoft SQL Server\Client SDK\ODBC\170\Tools\Binn\;C:\Program Files\Git\cmd;C:\ProgramData\ComposerSetup\bin;C:\Program Files\mongodb4
USERNAME=camilo
OS=Windows_NT
PROCESSOR_IDENTIFIER=Intel64 Family 6 Model 158 Stepping 10, GenuineIntel



---------------  S Y S T E M  ---------------

OS:
 Windows 10 , 64 bit Build 19041 (10.0.19041.928)
OS uptime: 0 days 18:23 hours
HyperV virtualization detected

CPU: total 8 (initial active 8) (4 cores per cpu, 2 threads per core) family 6 model 158 stepping 10 microcode 0xde, cmov, cx8, fxsr, mmx, sse, sse2, sse3, ssse3, sse4.1, sse4.2, popcnt, vzeroupper, avx, avx2, aes, clmul, erms, 3dnowpref, lzcnt, ht, tsc, tscinvbit, bmi1, bmi2, adx, fma, clflush, clflushopt

Memory: 4k page, system-wide physical 16304M (431M free)
TotalPageFile size 31431M (AvailPageFile size 0M)
current process WorkingSet (physical memory assigned to process): 115M, peak: 117M
current process commit charge ("private bytes"): 164M, peak: 365M

vm_info: OpenJDK 64-Bit Server VM (15.0.2+7-27) for windows-amd64 JRE (15.0.2+7-27), built on Dec  7 2020 20:02:38 by "mach5one" with unknown MS VC++:1925

END.
