#
# There is insufficient memory for the Java Runtime Environment to continue.
# Native memory allocation (malloc) failed to allocate 32744 bytes for ChunkPool::allocate
# Possible reasons:
#   The system is out of physical RAM or swap space
#   The process is running with CompressedOops enabled, and the Java Heap may be blocking the growth of the native heap
# Possible solutions:
#   Reduce memory load on the system
#   Increase physical memory or swap space
#   Check if swap backing store is full
#   Decrease Java heap size (-Xmx/-Xms)
#   Decrease number of Java threads
#   Decrease Java thread stack sizes (-Xss)
#   Set larger code cache with -XX:ReservedCodeCacheSize=
#   JVM is running with Zero Based Compressed Oops mode in which the Java heap is
#     placed in the first 32GB address space. The Java Heap base address is the
#     maximum limit for the native heap growth. Please use -XX:HeapBaseMinAddress
#     to set the Java Heap base and to place the Java Heap above 32GB virtual address.
# This output file may be truncated or incomplete.
#
#  Out of Memory Error (./open/src/hotspot/share/memory/arena.cpp:79), pid=2692, tid=18284
#
# JRE version: OpenJDK Runtime Environment (15.0.2+7) (build 15.0.2+7-27)
# Java VM: OpenJDK 64-Bit Server VM (15.0.2+7-27, mixed mode, tiered, compressed oops, g1 gc, windows-amd64)
# No core dump will be written. Minidumps are not enabled by default on client versions of Windows
#

---------------  S U M M A R Y ------------

Command Line: -XX:+ShowCodeDetailsInExceptionMessages -agentlib:jdwp=transport=dt_socket,suspend=y,address=localhost:56111 -Dcom.sun.management.jmxremote -Dcom.sun.management.jmxremote.port=56004 -Dcom.sun.management.jmxremote.authenticate=false -Dcom.sun.management.jmxremote.ssl=false -Djava.rmi.server.hostname=localhost -Dspring.jmx.enabled=true -Dspring.application.admin.enabled=true -XX:TieredStopAtLevel=1 -Dspring.boot.project.name=Bank -javaagent:D:\ProgramFiles\SpringTools4\sts-4.10.0.RELEASE\configuration\org.eclipse.osgi\254\0\.cp\lib\javaagent-shaded.jar -Dfile.encoding=Cp1252 com.intership.bank.BankApplication --spring.output.ansi.enabled=always

Host: Intel(R) Core(TM) i5-9300H CPU @ 2.40GHz, 8 cores, 15G,  Windows 10 , 64 bit Build 19041 (10.0.19041.928)
Time: Wed May 12 09:23:51 2021 Hora est. Pacífico, Sudamérica elapsed time: 35.905679 seconds (0d 0h 0m 35s)

---------------  T H R E A D  ---------------

Current thread (0x000001e70a96d010):  JavaThread "main" [_thread_in_vm, id=18284, stack(0x000000d4a6900000,0x000000d4a6a00000)]

Stack: [0x000000d4a6900000,0x000000d4a6a00000]
Native frames: (J=compiled Java code, j=interpreted, Vv=VM code, C=native code)
V  [jvm.dll+0x62ae9a]
V  [jvm.dll+0x7817a9]
V  [jvm.dll+0x782f03]
V  [jvm.dll+0x783563]
V  [jvm.dll+0x216325]
V  [jvm.dll+0x982cf]
V  [jvm.dll+0x9861c]
V  [jvm.dll+0x1bf09b]
V  [jvm.dll+0x1bfbb9]
V  [jvm.dll+0x1b2e51]
V  [jvm.dll+0x504b08]
V  [jvm.dll+0x706d7a]
V  [jvm.dll+0x3da1ba]
V  [jvm.dll+0x3ee170]
C  [java.dll+0x1611]

Java frames: (J=compiled Java code, j=interpreted, Vv=VM code)
j  java.lang.ClassLoader.defineClass0(Ljava/lang/ClassLoader;Ljava/lang/Class;Ljava/lang/String;[BIILjava/security/ProtectionDomain;ZILjava/lang/Object;)Ljava/lang/Class;+0 java.base@15.0.2
j  java.lang.System$2.defineClass(Ljava/lang/ClassLoader;Ljava/lang/Class;Ljava/lang/String;[BLjava/security/ProtectionDomain;ZILjava/lang/Object;)Ljava/lang/Class;+17 java.base@15.0.2
j  java.lang.invoke.MethodHandles$Lookup$ClassDefiner.defineClass(ZLjava/lang/Object;)Ljava/lang/Class;+54 java.base@15.0.2
j  java.lang.invoke.MethodHandles$Lookup$ClassDefiner.defineClassAsLookup(Z)Ljava/lang/invoke/MethodHandles$Lookup;+3 java.base@15.0.2
j  java.lang.invoke.MethodHandles$Lookup.defineHiddenClass([BZ[Ljava/lang/invoke/MethodHandles$Lookup$ClassOption;)Ljava/lang/invoke/MethodHandles$Lookup;+65 java.base@15.0.2
j  java.lang.invoke.InnerClassLambdaMetafactory.generateInnerClass()Ljava/lang/Class;+540 java.base@15.0.2
j  java.lang.invoke.InnerClassLambdaMetafactory.spinInnerClass()Ljava/lang/Class;+110 java.base@15.0.2
j  java.lang.invoke.InnerClassLambdaMetafactory.buildCallSite()Ljava/lang/invoke/CallSite;+1 java.base@15.0.2
j  java.lang.invoke.LambdaMetafactory.metafactory(Ljava/lang/invoke/MethodHandles$Lookup;Ljava/lang/String;Ljava/lang/invoke/MethodType;Ljava/lang/invoke/MethodType;Ljava/lang/invoke/MethodHandle;Ljava/lang/invoke/MethodType;)Ljava/lang/invoke/CallSite;+31 java.base@15.0.2
j  java.lang.invoke.LambdaForm$DMH+0x000000080019d040.invokeStatic(Ljava/lang/Object;Ljava/lang/Object;Ljava/lang/Object;Ljava/lang/Object;Ljava/lang/Object;Ljava/lang/Object;Ljava/lang/Object;)Ljava/lang/Object;+27 java.base@15.0.2
j  java.lang.invoke.Invokers$Holder.invokeExact_MT(Ljava/lang/Object;Ljava/lang/Object;Ljava/lang/Object;Ljava/lang/Object;Ljava/lang/Object;Ljava/lang/Object;Ljava/lang/Object;Ljava/lang/Object;)Ljava/lang/Object;+28 java.base@15.0.2
j  java.lang.invoke.BootstrapMethodInvoker.invoke(Ljava/lang/Class;Ljava/lang/invoke/MethodHandle;Ljava/lang/String;Ljava/lang/Object;Ljava/lang/Object;Ljava/lang/Class;)Ljava/lang/Object;+262 java.base@15.0.2
j  java.lang.invoke.CallSite.makeSite(Ljava/lang/invoke/MethodHandle;Ljava/lang/String;Ljava/lang/invoke/MethodType;Ljava/lang/Object;Ljava/lang/Class;)Ljava/lang/invoke/CallSite;+8 java.base@15.0.2
j  java.lang.invoke.MethodHandleNatives.linkCallSiteImpl(Ljava/lang/Class;Ljava/lang/invoke/MethodHandle;Ljava/lang/String;Ljava/lang/invoke/MethodType;Ljava/lang/Object;[Ljava/lang/Object;)Ljava/lang/invoke/MemberName;+6 java.base@15.0.2
j  java.lang.invoke.MethodHandleNatives.linkCallSite(Ljava/lang/Object;ILjava/lang/Object;Ljava/lang/Object;Ljava/lang/Object;Ljava/lang/Object;[Ljava/lang/Object;)Ljava/lang/invoke/MemberName;+46 java.base@15.0.2
v  ~StubRoutines::call_stub
j  org.springframework.boot.BootstrapRegistry$InstanceSupplier.from(Ljava/util/function/Supplier;)Lorg/springframework/boot/BootstrapRegistry$InstanceSupplier;+1
j  org.springframework.boot.context.config.ConfigDataEnvironment.registerBootstrapBinder(Lorg/springframework/boot/context/config/ConfigDataEnvironmentContributors;Lorg/springframework/boot/context/config/ConfigDataActivationContext;[Lorg/springframework/boot/context/config/ConfigDataEnvironmentContributors$BinderOption;)V+14
j  org.springframework.boot.context.config.ConfigDataEnvironment.processAndApply()V+33
j  org.springframework.boot.context.config.ConfigDataEnvironmentPostProcessor.postProcessEnvironment(Lorg/springframework/core/env/ConfigurableEnvironment;Lorg/springframework/core/io/ResourceLoader;Ljava/util/Collection;)V+34
j  org.springframework.boot.context.config.ConfigDataEnvironmentPostProcessor.postProcessEnvironment(Lorg/springframework/core/env/ConfigurableEnvironment;Lorg/springframework/boot/SpringApplication;)V+10
j  org.springframework.boot.env.EnvironmentPostProcessorApplicationListener.onApplicationEnvironmentPreparedEvent(Lorg/springframework/boot/context/event/ApplicationEnvironmentPreparedEvent;)V+51
j  org.springframework.boot.env.EnvironmentPostProcessorApplicationListener.onApplicationEvent(Lorg/springframework/context/ApplicationEvent;)V+12
j  org.springframework.context.event.SimpleApplicationEventMulticaster.doInvokeListener(Lorg/springframework/context/ApplicationListener;Lorg/springframework/context/ApplicationEvent;)V+2
j  org.springframework.context.event.SimpleApplicationEventMulticaster.invokeListener(Lorg/springframework/context/ApplicationListener;Lorg/springframework/context/ApplicationEvent;)V+34
j  org.springframework.context.event.SimpleApplicationEventMulticaster.multicastEvent(Lorg/springframework/context/ApplicationEvent;Lorg/springframework/core/ResolvableType;)V+83
j  org.springframework.context.event.SimpleApplicationEventMulticaster.multicastEvent(Lorg/springframework/context/ApplicationEvent;)V+7
j  org.springframework.boot.context.event.EventPublishingRunListener.environmentPrepared(Lorg/springframework/boot/ConfigurableBootstrapContext;Lorg/springframework/core/env/ConfigurableEnvironment;)V+21
j  org.springframework.boot.SpringApplicationRunListeners.lambda$environmentPrepared$2(Lorg/springframework/boot/ConfigurableBootstrapContext;Lorg/springframework/core/env/ConfigurableEnvironment;Lorg/springframework/boot/SpringApplicationRunListener;)V+3
j  org.springframework.boot.SpringApplicationRunListeners$$Lambda$168+0x0000000800205be0.accept(Ljava/lang/Object;)V+12
j  java.util.ArrayList.forEach(Ljava/util/function/Consumer;)V+46 java.base@15.0.2
j  org.springframework.boot.SpringApplicationRunListeners.doWithListeners(Ljava/lang/String;Ljava/util/function/Consumer;Ljava/util/function/Consumer;)V+17
j  org.springframework.boot.SpringApplicationRunListeners.doWithListeners(Ljava/lang/String;Ljava/util/function/Consumer;)V+4
j  org.springframework.boot.SpringApplicationRunListeners.environmentPrepared(Lorg/springframework/boot/ConfigurableBootstrapContext;Lorg/springframework/core/env/ConfigurableEnvironment;)V+10
j  org.springframework.boot.SpringApplication.prepareEnvironment(Lorg/springframework/boot/SpringApplicationRunListeners;Lorg/springframework/boot/DefaultBootstrapContext;Lorg/springframework/boot/ApplicationArguments;)Lorg/springframework/core/env/ConfigurableEnvironment;+27
j  org.springframework.boot.SpringApplication.run([Ljava/lang/String;)Lorg/springframework/context/ConfigurableApplicationContext;+57
j  org.springframework.boot.SpringApplication.run([Ljava/lang/Class;[Ljava/lang/String;)Lorg/springframework/context/ConfigurableApplicationContext;+9
j  org.springframework.boot.SpringApplication.run(Ljava/lang/Class;[Ljava/lang/String;)Lorg/springframework/context/ConfigurableApplicationContext;+9
j  com.intership.bank.BankApplication.main([Ljava/lang/String;)V+3
v  ~StubRoutines::call_stub

---------------  P R O C E S S  ---------------

Threads class SMR info:
_java_thread_list=0x000001e72ae20b10, length=20, elements={
0x000001e70a96d010, 0x000001e72a137130, 0x000001e72a116270, 0x000001e72a1606e0,
0x000001e72a1610a0, 0x000001e72a163a70, 0x000001e72a1663f0, 0x000001e72a197010,
0x000001e72989ccd0, 0x000001e72a334040, 0x000001e72a34ea30, 0x000001e72a34f6c0,
0x000001e72ac3a050, 0x000001e72adeca80, 0x000001e72adf6c20, 0x000001e72ae036d0,
0x000001e72ade6470, 0x000001e72ae650a0, 0x000001e72ade8350, 0x000001e72af2cd80
}

Java Threads: ( => current thread )
=>0x000001e70a96d010 JavaThread "main" [_thread_in_vm, id=18284, stack(0x000000d4a6900000,0x000000d4a6a00000)]
  0x000001e72a137130 JavaThread "Reference Handler" daemon [_thread_blocked, id=22820, stack(0x000000d4a7000000,0x000000d4a7100000)]
  0x000001e72a116270 JavaThread "Finalizer" daemon [_thread_blocked, id=8152, stack(0x000000d4a7100000,0x000000d4a7200000)]
  0x000001e72a1606e0 JavaThread "Signal Dispatcher" daemon [_thread_blocked, id=17796, stack(0x000000d4a7200000,0x000000d4a7300000)]
  0x000001e72a1610a0 JavaThread "Attach Listener" daemon [_thread_blocked, id=21480, stack(0x000000d4a7300000,0x000000d4a7400000)]
  0x000001e72a163a70 JavaThread "Service Thread" daemon [_thread_blocked, id=23640, stack(0x000000d4a7400000,0x000000d4a7500000)]
  0x000001e72a1663f0 JavaThread "C1 CompilerThread0" daemon [_thread_in_native, id=25220, stack(0x000000d4a7500000,0x000000d4a7600000)]
  0x000001e72a197010 JavaThread "Sweeper thread" daemon [_thread_blocked, id=12672, stack(0x000000d4a7600000,0x000000d4a7700000)]
  0x000001e72989ccd0 JavaThread "Common-Cleaner" daemon [_thread_blocked, id=25536, stack(0x000000d4a7700000,0x000000d4a7800000)]
  0x000001e72a334040 JavaThread "JDWP Transport Listener: dt_socket" daemon [_thread_blocked, id=25820, stack(0x000000d4a7800000,0x000000d4a7900000)]
  0x000001e72a34ea30 JavaThread "JDWP Event Helper Thread" daemon [_thread_blocked, id=25824, stack(0x000000d4a7900000,0x000000d4a7a00000)]
  0x000001e72a34f6c0 JavaThread "JDWP Command Reader" daemon [_thread_in_native, id=25952, stack(0x000000d4a7a00000,0x000000d4a7b00000)]
  0x000001e72ac3a050 JavaThread "Notification Thread" daemon [_thread_blocked, id=27500, stack(0x000000d4a7b00000,0x000000d4a7c00000)]
  0x000001e72adeca80 JavaThread "RMI TCP Accept-0" daemon [_thread_in_native, id=16860, stack(0x000000d4a7c00000,0x000000d4a7d00000)]
  0x000001e72adf6c20 JavaThread "RMI TCP Accept-56004" daemon [_thread_in_native, id=8644, stack(0x000000d4a7d00000,0x000000d4a7e00000)]
  0x000001e72ae036d0 JavaThread "RMI TCP Connection(1)-127.0.0.1" daemon [_thread_in_native, id=11412, stack(0x000000d4a7e00000,0x000000d4a7f00000)]
  0x000001e72ade6470 JavaThread "RMI Scheduler(0)" daemon [_thread_blocked, id=23680, stack(0x000000d4a7f00000,0x000000d4a8000000)]
  0x000001e72ae650a0 JavaThread "RMI TCP Connection(2)-127.0.0.1" daemon [_thread_in_native, id=27504, stack(0x000000d4a8000000,0x000000d4a8100000)]
  0x000001e72ade8350 JavaThread "RMI TCP Accept-0" daemon [_thread_in_native, id=27548, stack(0x000000d4a8100000,0x000000d4a8200000)]
  0x000001e72af2cd80 JavaThread "JMX server connection timeout 24" daemon [_thread_blocked, id=1784, stack(0x000000d4a8900000,0x000000d4a8a00000)]

Other Threads:
  0x000001e72a102400 VMThread "VM Thread" [stack: 0x000000d4a6f00000,0x000000d4a7000000] [id=7280]
  0x000001e70a96e260 WatcherThread [stack: 0x000000d4a8200000,0x000000d4a8300000] [id=27572]
  0x000001e70a9bf680 GCTaskThread "GC Thread#0" [stack: 0x000000d4a6a00000,0x000000d4a6b00000] [id=4552]
  0x000001e72ae82120 GCTaskThread "GC Thread#1" [stack: 0x000000d4a8300000,0x000000d4a8400000] [id=14544]
  0x000001e72ae81df0 GCTaskThread "GC Thread#2" [stack: 0x000000d4a8400000,0x000000d4a8500000] [id=9080]
  0x000001e72ae84430 GCTaskThread "GC Thread#3" [stack: 0x000000d4a8500000,0x000000d4a8600000] [id=15484]
  0x000001e72ae82450 GCTaskThread "GC Thread#4" [stack: 0x000000d4a8600000,0x000000d4a8700000] [id=7716]
  0x000001e72ae82780 GCTaskThread "GC Thread#5" [stack: 0x000000d4a8700000,0x000000d4a8800000] [id=17772]
  0x000001e70a9d1640 ConcurrentGCThread "G1 Main Marker" [stack: 0x000000d4a6b00000,0x000000d4a6c00000] [id=18996]
  0x000001e70a9d2140 ConcurrentGCThread "G1 Conc#0" [stack: 0x000000d4a6c00000,0x000000d4a6d00000] [id=836]
  0x000001e70aa26110 ConcurrentGCThread "G1 Refine#0" [stack: 0x000000d4a6d00000,0x000000d4a6e00000] [id=13204]
  0x000001e72af14e40 ConcurrentGCThread "G1 Refine#1" [stack: 0x000000d4a8800000,0x000000d4a8900000] [id=15896]
  0x000001e70aa26c20 ConcurrentGCThread "G1 Young RemSet Sampling" [stack: 0x000000d4a6e00000,0x000000d4a6f00000] [id=22088]

Threads with active compile tasks:
C1 CompilerThread0    36228 1817       1       jdk.internal.org.objectweb.asm.ClassWriter::toByteArray (1515 bytes)

VM state: not at safepoint (normal execution)

VM Mutex/Monitor currently owned by a thread: None

Heap address: 0x0000000701200000, size: 4078 MB, Compressed Oops mode: Zero based, Oop shift amount: 3
CDS disabled.
Compressed class space mapped at: 0x0000000800000000-0x0000000840000000, size: 1073741824
Narrow klass base: 0x0000000800000000, Narrow klass shift: 0, Narrow klass range: 0x40000000

GC Precious Log:
 CPUs: 8 total, 8 available
 Memory: 16304M
 Large Page Support: Disabled
 NUMA Support: Disabled
 Compressed Oops: Enabled (Zero based)
 Heap Region Size: 2M
 Heap Min Capacity: 8M
 Heap Initial Capacity: 256M
 Heap Max Capacity: 4078M
 Pre-touch: Disabled
 Parallel Workers: 8
 Concurrent Workers: 2
 Concurrent Refinement Workers: 8
 Periodic GC: Disabled

Heap:
 garbage-first heap   total 262144K, used 28546K [0x0000000701200000, 0x0000000800000000)
  region size 2048K, 12 young (24576K), 1 survivors (2048K)
 Metaspace       used 20263K, capacity 20573K, committed 20736K, reserved 1067008K
  class space    used 2143K, capacity 2247K, committed 2304K, reserved 1048576K

Heap Regions: E=young(eden), S=young(survivor), O=old, HS=humongous(starts), HC=humongous(continues), CS=collection set, F=free, OA=open archive, CA=closed archive, TAMS=top-at-mark-start (previous, next)
|   0|0x0000000701200000, 0x0000000701400000, 0x0000000701400000|100%| O|  |TAMS 0x0000000701200000, 0x0000000701200000| Untracked 
|   1|0x0000000701400000, 0x0000000701600000, 0x0000000701600000|100%| O|  |TAMS 0x0000000701400000, 0x0000000701400000| Untracked 
|   2|0x0000000701600000, 0x0000000701800000, 0x0000000701800000|100%| O|  |TAMS 0x0000000701600000, 0x0000000701600000| Untracked 
|   3|0x0000000701800000, 0x0000000701868e00, 0x0000000701a00000| 20%| O|  |TAMS 0x0000000701800000, 0x0000000701800000| Untracked 
|   4|0x0000000701a00000, 0x0000000701a00000, 0x0000000701c00000|  0%| F|  |TAMS 0x0000000701a00000, 0x0000000701a00000| Untracked 
|   5|0x0000000701c00000, 0x0000000701c00000, 0x0000000701e00000|  0%| F|  |TAMS 0x0000000701c00000, 0x0000000701c00000| Untracked 
|   6|0x0000000701e00000, 0x0000000701e00000, 0x0000000702000000|  0%| F|  |TAMS 0x0000000701e00000, 0x0000000701e00000| Untracked 
|   7|0x0000000702000000, 0x0000000702000000, 0x0000000702200000|  0%| F|  |TAMS 0x0000000702000000, 0x0000000702000000| Untracked 
|   8|0x0000000702200000, 0x0000000702200000, 0x0000000702400000|  0%| F|  |TAMS 0x0000000702200000, 0x0000000702200000| Untracked 
|   9|0x0000000702400000, 0x0000000702400000, 0x0000000702600000|  0%| F|  |TAMS 0x0000000702400000, 0x0000000702400000| Untracked 
|  10|0x0000000702600000, 0x0000000702600000, 0x0000000702800000|  0%| F|  |TAMS 0x0000000702600000, 0x0000000702600000| Untracked 
|  11|0x0000000702800000, 0x0000000702800000, 0x0000000702a00000|  0%| F|  |TAMS 0x0000000702800000, 0x0000000702800000| Untracked 
|  12|0x0000000702a00000, 0x0000000702a00000, 0x0000000702c00000|  0%| F|  |TAMS 0x0000000702a00000, 0x0000000702a00000| Untracked 
|  13|0x0000000702c00000, 0x0000000702c00000, 0x0000000702e00000|  0%| F|  |TAMS 0x0000000702c00000, 0x0000000702c00000| Untracked 
|  14|0x0000000702e00000, 0x0000000702e00000, 0x0000000703000000|  0%| F|  |TAMS 0x0000000702e00000, 0x0000000702e00000| Untracked 
|  15|0x0000000703000000, 0x0000000703000000, 0x0000000703200000|  0%| F|  |TAMS 0x0000000703000000, 0x0000000703000000| Untracked 
|  16|0x0000000703200000, 0x0000000703200000, 0x0000000703400000|  0%| F|  |TAMS 0x0000000703200000, 0x0000000703200000| Untracked 
|  17|0x0000000703400000, 0x0000000703400000, 0x0000000703600000|  0%| F|  |TAMS 0x0000000703400000, 0x0000000703400000| Untracked 
|  18|0x0000000703600000, 0x0000000703600000, 0x0000000703800000|  0%| F|  |TAMS 0x0000000703600000, 0x0000000703600000| Untracked 
|  19|0x0000000703800000, 0x0000000703800000, 0x0000000703a00000|  0%| F|  |TAMS 0x0000000703800000, 0x0000000703800000| Untracked 
|  20|0x0000000703a00000, 0x0000000703a00000, 0x0000000703c00000|  0%| F|  |TAMS 0x0000000703a00000, 0x0000000703a00000| Untracked 
|  21|0x0000000703c00000, 0x0000000703c00000, 0x0000000703e00000|  0%| F|  |TAMS 0x0000000703c00000, 0x0000000703c00000| Untracked 
|  22|0x0000000703e00000, 0x0000000703e00000, 0x0000000704000000|  0%| F|  |TAMS 0x0000000703e00000, 0x0000000703e00000| Untracked 
|  23|0x0000000704000000, 0x0000000704000000, 0x0000000704200000|  0%| F|  |TAMS 0x0000000704000000, 0x0000000704000000| Untracked 
|  24|0x0000000704200000, 0x0000000704200000, 0x0000000704400000|  0%| F|  |TAMS 0x0000000704200000, 0x0000000704200000| Untracked 
|  25|0x0000000704400000, 0x0000000704400000, 0x0000000704600000|  0%| F|  |TAMS 0x0000000704400000, 0x0000000704400000| Untracked 
|  26|0x0000000704600000, 0x0000000704600000, 0x0000000704800000|  0%| F|  |TAMS 0x0000000704600000, 0x0000000704600000| Untracked 
|  27|0x0000000704800000, 0x0000000704800000, 0x0000000704a00000|  0%| F|  |TAMS 0x0000000704800000, 0x0000000704800000| Untracked 
|  28|0x0000000704a00000, 0x0000000704a00000, 0x0000000704c00000|  0%| F|  |TAMS 0x0000000704a00000, 0x0000000704a00000| Untracked 
|  29|0x0000000704c00000, 0x0000000704c00000, 0x0000000704e00000|  0%| F|  |TAMS 0x0000000704c00000, 0x0000000704c00000| Untracked 
|  30|0x0000000704e00000, 0x0000000704e00000, 0x0000000705000000|  0%| F|  |TAMS 0x0000000704e00000, 0x0000000704e00000| Untracked 
|  31|0x0000000705000000, 0x0000000705000000, 0x0000000705200000|  0%| F|  |TAMS 0x0000000705000000, 0x0000000705000000| Untracked 
|  32|0x0000000705200000, 0x0000000705200000, 0x0000000705400000|  0%| F|  |TAMS 0x0000000705200000, 0x0000000705200000| Untracked 
|  33|0x0000000705400000, 0x0000000705400000, 0x0000000705600000|  0%| F|  |TAMS 0x0000000705400000, 0x0000000705400000| Untracked 
|  34|0x0000000705600000, 0x0000000705600000, 0x0000000705800000|  0%| F|  |TAMS 0x0000000705600000, 0x0000000705600000| Untracked 
|  35|0x0000000705800000, 0x0000000705800000, 0x0000000705a00000|  0%| F|  |TAMS 0x0000000705800000, 0x0000000705800000| Untracked 
|  36|0x0000000705a00000, 0x0000000705a00000, 0x0000000705c00000|  0%| F|  |TAMS 0x0000000705a00000, 0x0000000705a00000| Untracked 
|  37|0x0000000705c00000, 0x0000000705c00000, 0x0000000705e00000|  0%| F|  |TAMS 0x0000000705c00000, 0x0000000705c00000| Untracked 
|  38|0x0000000705e00000, 0x0000000705e00000, 0x0000000706000000|  0%| F|  |TAMS 0x0000000705e00000, 0x0000000705e00000| Untracked 
|  39|0x0000000706000000, 0x0000000706000000, 0x0000000706200000|  0%| F|  |TAMS 0x0000000706000000, 0x0000000706000000| Untracked 
|  40|0x0000000706200000, 0x0000000706200000, 0x0000000706400000|  0%| F|  |TAMS 0x0000000706200000, 0x0000000706200000| Untracked 
|  41|0x0000000706400000, 0x0000000706400000, 0x0000000706600000|  0%| F|  |TAMS 0x0000000706400000, 0x0000000706400000| Untracked 
|  42|0x0000000706600000, 0x0000000706600000, 0x0000000706800000|  0%| F|  |TAMS 0x0000000706600000, 0x0000000706600000| Untracked 
|  43|0x0000000706800000, 0x0000000706800000, 0x0000000706a00000|  0%| F|  |TAMS 0x0000000706800000, 0x0000000706800000| Untracked 
|  44|0x0000000706a00000, 0x0000000706a00000, 0x0000000706c00000|  0%| F|  |TAMS 0x0000000706a00000, 0x0000000706a00000| Untracked 
|  45|0x0000000706c00000, 0x0000000706c00000, 0x0000000706e00000|  0%| F|  |TAMS 0x0000000706c00000, 0x0000000706c00000| Untracked 
|  46|0x0000000706e00000, 0x0000000706e00000, 0x0000000707000000|  0%| F|  |TAMS 0x0000000706e00000, 0x0000000706e00000| Untracked 
|  47|0x0000000707000000, 0x0000000707000000, 0x0000000707200000|  0%| F|  |TAMS 0x0000000707000000, 0x0000000707000000| Untracked 
|  48|0x0000000707200000, 0x0000000707200000, 0x0000000707400000|  0%| F|  |TAMS 0x0000000707200000, 0x0000000707200000| Untracked 
|  49|0x0000000707400000, 0x0000000707400000, 0x0000000707600000|  0%| F|  |TAMS 0x0000000707400000, 0x0000000707400000| Untracked 
|  50|0x0000000707600000, 0x0000000707600000, 0x0000000707800000|  0%| F|  |TAMS 0x0000000707600000, 0x0000000707600000| Untracked 
|  51|0x0000000707800000, 0x0000000707800000, 0x0000000707a00000|  0%| F|  |TAMS 0x0000000707800000, 0x0000000707800000| Untracked 
|  52|0x0000000707a00000, 0x0000000707a00000, 0x0000000707c00000|  0%| F|  |TAMS 0x0000000707a00000, 0x0000000707a00000| Untracked 
|  53|0x0000000707c00000, 0x0000000707c00000, 0x0000000707e00000|  0%| F|  |TAMS 0x0000000707c00000, 0x0000000707c00000| Untracked 
|  54|0x0000000707e00000, 0x0000000707e00000, 0x0000000708000000|  0%| F|  |TAMS 0x0000000707e00000, 0x0000000707e00000| Untracked 
|  55|0x0000000708000000, 0x0000000708000000, 0x0000000708200000|  0%| F|  |TAMS 0x0000000708000000, 0x0000000708000000| Untracked 
|  56|0x0000000708200000, 0x0000000708200000, 0x0000000708400000|  0%| F|  |TAMS 0x0000000708200000, 0x0000000708200000| Untracked 
|  57|0x0000000708400000, 0x0000000708400000, 0x0000000708600000|  0%| F|  |TAMS 0x0000000708400000, 0x0000000708400000| Untracked 
|  58|0x0000000708600000, 0x0000000708600000, 0x0000000708800000|  0%| F|  |TAMS 0x0000000708600000, 0x0000000708600000| Untracked 
|  59|0x0000000708800000, 0x0000000708800000, 0x0000000708a00000|  0%| F|  |TAMS 0x0000000708800000, 0x0000000708800000| Untracked 
|  60|0x0000000708a00000, 0x0000000708a00000, 0x0000000708c00000|  0%| F|  |TAMS 0x0000000708a00000, 0x0000000708a00000| Untracked 
|  61|0x0000000708c00000, 0x0000000708c00000, 0x0000000708e00000|  0%| F|  |TAMS 0x0000000708c00000, 0x0000000708c00000| Untracked 
|  62|0x0000000708e00000, 0x0000000708e00000, 0x0000000709000000|  0%| F|  |TAMS 0x0000000708e00000, 0x0000000708e00000| Untracked 
|  63|0x0000000709000000, 0x0000000709000000, 0x0000000709200000|  0%| F|  |TAMS 0x0000000709000000, 0x0000000709000000| Untracked 
|  64|0x0000000709200000, 0x0000000709200000, 0x0000000709400000|  0%| F|  |TAMS 0x0000000709200000, 0x0000000709200000| Untracked 
|  65|0x0000000709400000, 0x0000000709400000, 0x0000000709600000|  0%| F|  |TAMS 0x0000000709400000, 0x0000000709400000| Untracked 
|  66|0x0000000709600000, 0x0000000709600000, 0x0000000709800000|  0%| F|  |TAMS 0x0000000709600000, 0x0000000709600000| Untracked 
|  67|0x0000000709800000, 0x0000000709800000, 0x0000000709a00000|  0%| F|  |TAMS 0x0000000709800000, 0x0000000709800000| Untracked 
|  68|0x0000000709a00000, 0x0000000709a00000, 0x0000000709c00000|  0%| F|  |TAMS 0x0000000709a00000, 0x0000000709a00000| Untracked 
|  69|0x0000000709c00000, 0x0000000709c00000, 0x0000000709e00000|  0%| F|  |TAMS 0x0000000709c00000, 0x0000000709c00000| Untracked 
|  70|0x0000000709e00000, 0x0000000709e00000, 0x000000070a000000|  0%| F|  |TAMS 0x0000000709e00000, 0x0000000709e00000| Untracked 
|  71|0x000000070a000000, 0x000000070a000000, 0x000000070a200000|  0%| F|  |TAMS 0x000000070a000000, 0x000000070a000000| Untracked 
|  72|0x000000070a200000, 0x000000070a200000, 0x000000070a400000|  0%| F|  |TAMS 0x000000070a200000, 0x000000070a200000| Untracked 
|  73|0x000000070a400000, 0x000000070a400000, 0x000000070a600000|  0%| F|  |TAMS 0x000000070a400000, 0x000000070a400000| Untracked 
|  74|0x000000070a600000, 0x000000070a600000, 0x000000070a800000|  0%| F|  |TAMS 0x000000070a600000, 0x000000070a600000| Untracked 
|  75|0x000000070a800000, 0x000000070a800000, 0x000000070aa00000|  0%| F|  |TAMS 0x000000070a800000, 0x000000070a800000| Untracked 
|  76|0x000000070aa00000, 0x000000070aa00000, 0x000000070ac00000|  0%| F|  |TAMS 0x000000070aa00000, 0x000000070aa00000| Untracked 
|  77|0x000000070ac00000, 0x000000070ac00000, 0x000000070ae00000|  0%| F|  |TAMS 0x000000070ac00000, 0x000000070ac00000| Untracked 
|  78|0x000000070ae00000, 0x000000070ae00000, 0x000000070b000000|  0%| F|  |TAMS 0x000000070ae00000, 0x000000070ae00000| Untracked 
|  79|0x000000070b000000, 0x000000070b000000, 0x000000070b200000|  0%| F|  |TAMS 0x000000070b000000, 0x000000070b000000| Untracked 
|  80|0x000000070b200000, 0x000000070b200000, 0x000000070b400000|  0%| F|  |TAMS 0x000000070b200000, 0x000000070b200000| Untracked 
|  81|0x000000070b400000, 0x000000070b400000, 0x000000070b600000|  0%| F|  |TAMS 0x000000070b400000, 0x000000070b400000| Untracked 
|  82|0x000000070b600000, 0x000000070b600000, 0x000000070b800000|  0%| F|  |TAMS 0x000000070b600000, 0x000000070b600000| Untracked 
|  83|0x000000070b800000, 0x000000070b800000, 0x000000070ba00000|  0%| F|  |TAMS 0x000000070b800000, 0x000000070b800000| Untracked 
|  84|0x000000070ba00000, 0x000000070ba00000, 0x000000070bc00000|  0%| F|  |TAMS 0x000000070ba00000, 0x000000070ba00000| Untracked 
|  85|0x000000070bc00000, 0x000000070bc00000, 0x000000070be00000|  0%| F|  |TAMS 0x000000070bc00000, 0x000000070bc00000| Untracked 
|  86|0x000000070be00000, 0x000000070be00000, 0x000000070c000000|  0%| F|  |TAMS 0x000000070be00000, 0x000000070be00000| Untracked 
|  87|0x000000070c000000, 0x000000070c000000, 0x000000070c200000|  0%| F|  |TAMS 0x000000070c000000, 0x000000070c000000| Untracked 
|  88|0x000000070c200000, 0x000000070c200000, 0x000000070c400000|  0%| F|  |TAMS 0x000000070c200000, 0x000000070c200000| Untracked 
|  89|0x000000070c400000, 0x000000070c400000, 0x000000070c600000|  0%| F|  |TAMS 0x000000070c400000, 0x000000070c400000| Untracked 
|  90|0x000000070c600000, 0x000000070c600000, 0x000000070c800000|  0%| F|  |TAMS 0x000000070c600000, 0x000000070c600000| Untracked 
|  91|0x000000070c800000, 0x000000070c800000, 0x000000070ca00000|  0%| F|  |TAMS 0x000000070c800000, 0x000000070c800000| Untracked 
|  92|0x000000070ca00000, 0x000000070ca00000, 0x000000070cc00000|  0%| F|  |TAMS 0x000000070ca00000, 0x000000070ca00000| Untracked 
|  93|0x000000070cc00000, 0x000000070cc00000, 0x000000070ce00000|  0%| F|  |TAMS 0x000000070cc00000, 0x000000070cc00000| Untracked 
|  94|0x000000070ce00000, 0x000000070ce00000, 0x000000070d000000|  0%| F|  |TAMS 0x000000070ce00000, 0x000000070ce00000| Untracked 
|  95|0x000000070d000000, 0x000000070d000000, 0x000000070d200000|  0%| F|  |TAMS 0x000000070d000000, 0x000000070d000000| Untracked 
|  96|0x000000070d200000, 0x000000070d200000, 0x000000070d400000|  0%| F|  |TAMS 0x000000070d200000, 0x000000070d200000| Untracked 
|  97|0x000000070d400000, 0x000000070d400000, 0x000000070d600000|  0%| F|  |TAMS 0x000000070d400000, 0x000000070d400000| Untracked 
|  98|0x000000070d600000, 0x000000070d600000, 0x000000070d800000|  0%| F|  |TAMS 0x000000070d600000, 0x000000070d600000| Untracked 
|  99|0x000000070d800000, 0x000000070d800000, 0x000000070da00000|  0%| F|  |TAMS 0x000000070d800000, 0x000000070d800000| Untracked 
| 100|0x000000070da00000, 0x000000070da00000, 0x000000070dc00000|  0%| F|  |TAMS 0x000000070da00000, 0x000000070da00000| Untracked 
| 101|0x000000070dc00000, 0x000000070dc00000, 0x000000070de00000|  0%| F|  |TAMS 0x000000070dc00000, 0x000000070dc00000| Untracked 
| 102|0x000000070de00000, 0x000000070de00000, 0x000000070e000000|  0%| F|  |TAMS 0x000000070de00000, 0x000000070de00000| Untracked 
| 103|0x000000070e000000, 0x000000070e000000, 0x000000070e200000|  0%| F|  |TAMS 0x000000070e000000, 0x000000070e000000| Untracked 
| 104|0x000000070e200000, 0x000000070e200000, 0x000000070e400000|  0%| F|  |TAMS 0x000000070e200000, 0x000000070e200000| Untracked 
| 105|0x000000070e400000, 0x000000070e400000, 0x000000070e600000|  0%| F|  |TAMS 0x000000070e400000, 0x000000070e400000| Untracked 
| 106|0x000000070e600000, 0x000000070e600000, 0x000000070e800000|  0%| F|  |TAMS 0x000000070e600000, 0x000000070e600000| Untracked 
| 107|0x000000070e800000, 0x000000070e800000, 0x000000070ea00000|  0%| F|  |TAMS 0x000000070e800000, 0x000000070e800000| Untracked 
| 108|0x000000070ea00000, 0x000000070ea00000, 0x000000070ec00000|  0%| F|  |TAMS 0x000000070ea00000, 0x000000070ea00000| Untracked 
| 109|0x000000070ec00000, 0x000000070ec00000, 0x000000070ee00000|  0%| F|  |TAMS 0x000000070ec00000, 0x000000070ec00000| Untracked 
| 110|0x000000070ee00000, 0x000000070ee00000, 0x000000070f000000|  0%| F|  |TAMS 0x000000070ee00000, 0x000000070ee00000| Untracked 
| 111|0x000000070f000000, 0x000000070f000000, 0x000000070f200000|  0%| F|  |TAMS 0x000000070f000000, 0x000000070f000000| Untracked 
| 112|0x000000070f200000, 0x000000070f200000, 0x000000070f400000|  0%| F|  |TAMS 0x000000070f200000, 0x000000070f200000| Untracked 
| 113|0x000000070f400000, 0x000000070f400000, 0x000000070f600000|  0%| F|  |TAMS 0x000000070f400000, 0x000000070f400000| Untracked 
| 114|0x000000070f600000, 0x000000070f600000, 0x000000070f800000|  0%| F|  |TAMS 0x000000070f600000, 0x000000070f600000| Untracked 
| 115|0x000000070f800000, 0x000000070f800000, 0x000000070fa00000|  0%| F|  |TAMS 0x000000070f800000, 0x000000070f800000| Untracked 
| 116|0x000000070fa00000, 0x000000070fbc1728, 0x000000070fc00000| 87%| E|  |TAMS 0x000000070fa00000, 0x000000070fa00000| Complete 
| 117|0x000000070fc00000, 0x000000070fd77a00, 0x000000070fe00000| 73%| S|CS|TAMS 0x000000070fc00000, 0x000000070fc00000| Complete 
| 118|0x000000070fe00000, 0x0000000710000000, 0x0000000710000000|100%| E|CS|TAMS 0x000000070fe00000, 0x000000070fe00000| Complete 
| 119|0x0000000710000000, 0x0000000710200000, 0x0000000710200000|100%| E|CS|TAMS 0x0000000710000000, 0x0000000710000000| Complete 
| 120|0x0000000710200000, 0x0000000710400000, 0x0000000710400000|100%| E|CS|TAMS 0x0000000710200000, 0x0000000710200000| Complete 
| 121|0x0000000710400000, 0x0000000710600000, 0x0000000710600000|100%| E|CS|TAMS 0x0000000710400000, 0x0000000710400000| Complete 
| 122|0x0000000710600000, 0x0000000710800000, 0x0000000710800000|100%| E|CS|TAMS 0x0000000710600000, 0x0000000710600000| Complete 
| 123|0x0000000710800000, 0x0000000710a00000, 0x0000000710a00000|100%| E|CS|TAMS 0x0000000710800000, 0x0000000710800000| Complete 
| 124|0x0000000710a00000, 0x0000000710c00000, 0x0000000710c00000|100%| E|CS|TAMS 0x0000000710a00000, 0x0000000710a00000| Complete 
| 125|0x0000000710c00000, 0x0000000710e00000, 0x0000000710e00000|100%| E|CS|TAMS 0x0000000710c00000, 0x0000000710c00000| Complete 
| 126|0x0000000710e00000, 0x0000000711000000, 0x0000000711000000|100%| E|CS|TAMS 0x0000000710e00000, 0x0000000710e00000| Complete 
| 127|0x0000000711000000, 0x0000000711200000, 0x0000000711200000|100%| E|CS|TAMS 0x0000000711000000, 0x0000000711000000| Complete 

Card table byte_map: [0x000001e71deb0000,0x000001e71e6b0000] _byte_map_base: 0x000001e71a6a7000

Marking Bits (Prev, Next): (CMBitMap*) 0x000001e70a9bfe00, (CMBitMap*) 0x000001e70a9bfe40
 Prev Bits: [0x000001e71eeb0000, 0x000001e722e68000)
 Next Bits: [0x000001e722e70000, 0x000001e726e28000)

Polling page: 0x000001e7088c0000

Metaspace:

Usage:
  Non-class:     17.90 MB capacity,    17.70 MB ( 99%) used,   176.15 KB ( <1%) free+waste,    29.56 KB ( <1%) overhead. 
      Class:      2.19 MB capacity,     2.09 MB ( 95%) used,    92.09 KB (  4%) free+waste,    11.25 KB ( <1%) overhead. 
       Both:     20.09 MB capacity,    19.79 MB ( 98%) used,   268.24 KB (  1%) free+waste,    40.81 KB ( <1%) overhead. 

Virtual space:
  Non-class space:       18.00 MB reserved,      18.00 MB (100%) committed 
      Class space:        1.00 GB reserved,       2.25 MB ( <1%) committed 
             Both:        1.02 GB reserved,      20.25 MB (  2%) committed 

Chunk freelists:
   Non-Class:  42.00 KB
       Class:  25.00 KB
        Both:  67.00 KB

MaxMetaspaceSize: 17179869184.00 GB
CompressedClassSpaceSize: 1.00 GB

CodeHeap 'non-profiled nmethods': size=238336Kb used=2861Kb max_used=2861Kb free=235474Kb
 bounds [0x000001e70eab0000, 0x000001e70ed80000, 0x000001e71d370000]
CodeHeap 'non-nmethods': size=7424Kb used=1273Kb max_used=1273Kb free=6151Kb
 bounds [0x000001e70e370000, 0x000001e70e5e0000, 0x000001e70eab0000]
 total_blobs=2253 nmethods=1806 adapters=374
 compilation: enabled
              stopped_count=0, restarted_count=0
 full_count=0

Compilation events (20 events):
Event: 35.897 Thread 0x000001e72a1663f0 nmethod 1807 0x000001e70ed78610 code [0x000001e70ed787a0, 0x000001e70ed78978]
Event: 35.897 Thread 0x000001e72a1663f0 1808       1       java.util.Collections::singletonIterator (9 bytes)
Event: 35.897 Thread 0x000001e72a1663f0 nmethod 1808 0x000001e70ed78a10 code [0x000001e70ed78ba0, 0x000001e70ed78cf8]
Event: 35.897 Thread 0x000001e72a1663f0 1810       1       java.util.Collections$1::next (25 bytes)
Event: 35.897 Thread 0x000001e72a1663f0 nmethod 1810 0x000001e70ed78d90 code [0x000001e70ed78f40, 0x000001e70ed790e8]
Event: 35.897 Thread 0x000001e72a1663f0 1812       1       java.util.function.BiPredicate$$Lambda$184/0x00000008002096d0::test (16 bytes)
Event: 35.897 Thread 0x000001e72a1663f0 nmethod 1812 0x000001e70ed79210 code [0x000001e70ed793a0, 0x000001e70ed794a8]
Event: 35.897 Thread 0x000001e72a1663f0 1813       1       java.util.function.BiPredicate::lambda$or$2 (28 bytes)
Event: 35.898 Thread 0x000001e72a1663f0 nmethod 1813 0x000001e70ed79510 code [0x000001e70ed796c0, 0x000001e70ed79818]
Event: 35.898 Thread 0x000001e72a1663f0 1814       1       org.springframework.boot.context.properties.source.SystemEnvironmentPropertyMapper$$Lambda$183/0x0000000800214750::test (16 bytes)
Event: 35.898 Thread 0x000001e72a1663f0 nmethod 1814 0x000001e70ed79910 code [0x000001e70ed79ae0, 0x000001e70ed79de8]
Event: 35.898 Thread 0x000001e72a1663f0 1815       1       org.springframework.boot.context.properties.source.SystemEnvironmentPropertyMapper::isAncestorOf (23 bytes)
Event: 35.898 Thread 0x000001e72a1663f0 nmethod 1815 0x000001e70ed7a090 code [0x000001e70ed7a2a0, 0x000001e70ed7a698]
Event: 35.898 Thread 0x000001e72a1663f0 1809       1       java.util.Collections$1::<init> (15 bytes)
Event: 35.899 Thread 0x000001e72a1663f0 nmethod 1809 0x000001e70ed7aa10 code [0x000001e70ed7aba0, 0x000001e70ed7acb8]
Event: 35.899 Thread 0x000001e72a1663f0 1811       1       java.util.Arrays$ArrayItr::next (36 bytes)
Event: 35.899 Thread 0x000001e72a1663f0 nmethod 1811 0x000001e70ed7ad10 code [0x000001e70ed7aec0, 0x000001e70ed7b088]
Event: 35.900 Thread 0x000001e72a1663f0 1816       1       sun.invoke.util.VerifyAccess::getClassModifiers (24 bytes)
Event: 35.901 Thread 0x000001e72a1663f0 nmethod 1816 0x000001e70ed7b190 code [0x000001e70ed7b340, 0x000001e70ed7b488]
Event: 35.901 Thread 0x000001e72a1663f0 1817       1       jdk.internal.org.objectweb.asm.ClassWriter::toByteArray (1515 bytes)

GC Heap History (4 events):
Event: 28.438 GC heap before
{Heap before GC invocations=0 (full 0):
 garbage-first heap   total 262144K, used 20480K [0x0000000701200000, 0x0000000800000000)
  region size 2048K, 11 young (22528K), 0 survivors (0K)
 Metaspace       used 14820K, capacity 15059K, committed 15104K, reserved 1062912K
  class space    used 1464K, capacity 1514K, committed 1536K, reserved 1048576K
}
Event: 28.893 GC heap after
{Heap after GC invocations=1 (full 0):
 garbage-first heap   total 262144K, used 6532K [0x0000000701200000, 0x0000000800000000)
  region size 2048K, 2 young (4096K), 2 survivors (4096K)
 Metaspace       used 14820K, capacity 15059K, committed 15104K, reserved 1062912K
  class space    used 1464K, capacity 1514K, committed 1536K, reserved 1048576K
}
Event: 33.232 GC heap before
{Heap before GC invocations=1 (full 0):
 garbage-first heap   total 262144K, used 27012K [0x0000000701200000, 0x0000000800000000)
  region size 2048K, 12 young (24576K), 2 survivors (4096K)
 Metaspace       used 17615K, capacity 17906K, committed 18048K, reserved 1064960K
  class space    used 1789K, capacity 1872K, committed 1920K, reserved 1048576K
}
Event: 33.235 GC heap after
{Heap after GC invocations=2 (full 0):
 garbage-first heap   total 262144K, used 8066K [0x0000000701200000, 0x0000000800000000)
  region size 2048K, 1 young (2048K), 1 survivors (2048K)
 Metaspace       used 17615K, capacity 17906K, committed 18048K, reserved 1064960K
  class space    used 1789K, capacity 1872K, committed 1920K, reserved 1048576K
}

Deoptimization events (20 events):
Event: 34.147 Thread 0x000001e70a96d010 DEOPT PACKING pc=0x000001e70ece23e4 sp=0x000000d4a69fda60
Event: 34.147 Thread 0x000001e70a96d010 DEOPT UNPACKING pc=0x000001e70e3be23f sp=0x000000d4a69fcef8 mode 1
Event: 34.147 Thread 0x000001e70a96d010 DEOPT PACKING pc=0x000001e70ecde67c sp=0x000000d4a69fdb30
Event: 34.147 Thread 0x000001e70a96d010 DEOPT UNPACKING pc=0x000001e70e3be23f sp=0x000000d4a69fcfe8 mode 1
Event: 34.147 Thread 0x000001e70a96d010 DEOPT PACKING pc=0x000001e70ec6d1dc sp=0x000000d4a69fe540
Event: 34.147 Thread 0x000001e70a96d010 DEOPT UNPACKING pc=0x000001e70e3be23f sp=0x000000d4a69fda30 mode 1
Event: 34.148 Thread 0x000001e70a96d010 DEOPT PACKING pc=0x000001e70ece23e4 sp=0x000000d4a69fda60
Event: 34.148 Thread 0x000001e70a96d010 DEOPT UNPACKING pc=0x000001e70e3be23f sp=0x000000d4a69fcef8 mode 1
Event: 34.148 Thread 0x000001e70a96d010 DEOPT PACKING pc=0x000001e70ecde67c sp=0x000000d4a69fdb30
Event: 34.148 Thread 0x000001e70a96d010 DEOPT UNPACKING pc=0x000001e70e3be23f sp=0x000000d4a69fcfe8 mode 1
Event: 34.148 Thread 0x000001e70a96d010 DEOPT PACKING pc=0x000001e70ec6d1dc sp=0x000000d4a69fe540
Event: 34.148 Thread 0x000001e70a96d010 DEOPT UNPACKING pc=0x000001e70e3be23f sp=0x000000d4a69fda30 mode 1
Event: 34.148 Thread 0x000001e70a96d010 DEOPT PACKING pc=0x000001e70ece23e4 sp=0x000000d4a69fda60
Event: 34.148 Thread 0x000001e70a96d010 DEOPT UNPACKING pc=0x000001e70e3be23f sp=0x000000d4a69fcef8 mode 1
Event: 34.148 Thread 0x000001e70a96d010 DEOPT PACKING pc=0x000001e70ecde67c sp=0x000000d4a69fdb30
Event: 34.148 Thread 0x000001e70a96d010 DEOPT UNPACKING pc=0x000001e70e3be23f sp=0x000000d4a69fcfe8 mode 1
Event: 34.148 Thread 0x000001e70a96d010 DEOPT PACKING pc=0x000001e70ec6d1dc sp=0x000000d4a69fe540
Event: 34.148 Thread 0x000001e70a96d010 DEOPT UNPACKING pc=0x000001e70e3be23f sp=0x000000d4a69fda30 mode 1
Event: 35.559 Thread 0x000001e70a96d010 DEOPT PACKING pc=0x000001e70ecf6474 sp=0x000000d4a69fe2a0
Event: 35.559 Thread 0x000001e70a96d010 DEOPT UNPACKING pc=0x000001e70e3be23f sp=0x000000d4a69fd7e8 mode 1

Classes unloaded (0 events):
No events

Classes redefined (0 events):
No events

Internal exceptions (20 events):
Event: 29.912 Thread 0x000001e70a96d010 Exception <a 'java/lang/ClassNotFoundException'{0x0000000710fef790}: javax/smartcardio/CardPermission> (0x0000000710fef790) 
thrown [./open/src/hotspot/share/classfile/systemDictionary.cpp, line 295]
Event: 29.916 Thread 0x000001e70a96d010 Exception <a 'java/io/FileNotFoundException'{0x0000000710c3e098}> (0x0000000710c3e098) 
thrown [./open/src/hotspot/share/prims/jni.cpp, line 578]
Event: 32.011 Thread 0x000001e70a96d010 Exception <a 'java/lang/NoSuchMethodError'{0x00000007104000a8}: 'java.lang.Object java.lang.invoke.DirectMethodHandle$Holder.invokeSpecialIFC(java.lang.Object, java.lang.Object, java.lang.Object, java.lang.Object)'> (0x00000007104000a8) 
thrown [./open/src/hotspot/share/interpreter/linkResolver.cpp, line 782]
Event: 32.019 Thread 0x000001e70a96d010 Exception <a 'java/lang/NoSuchMethodError'{0x0000000710465328}: 'int java.lang.invoke.DirectMethodHandle$Holder.invokeVirtual(java.lang.Object, java.lang.Object, java.lang.Object)'> (0x0000000710465328) 
thrown [./open/src/hotspot/share/interpreter/linkResolver.cpp, line 782]
Event: 32.445 Thread 0x000001e70a96d010 Exception <a 'java/lang/NoSuchMethodError'{0x00000007105a0848}: 'int java.lang.invoke.DirectMethodHandle$Holder.invokeStaticInit(java.lang.Object, java.lang.Object)'> (0x00000007105a0848) 
thrown [./open/src/hotspot/share/interpreter/linkResolver.cpp, line 782]
Event: 33.003 Thread 0x000001e70a96d010 Exception <a 'java/lang/NoSuchMethodError'{0x000000070fe3bc80}: 'int java.lang.invoke.DirectMethodHandle$Holder.invokeStaticInit(java.lang.Object, java.lang.Object, java.lang.Object)'> (0x000000070fe3bc80) 
thrown [./open/src/hotspot/share/interpreter/linkResolver.cpp, line 782]
Event: 33.009 Thread 0x000001e70a96d010 Exception <a 'java/lang/NoSuchMethodError'{0x000000070fe91e30}: 'java.lang.Object java.lang.invoke.DirectMethodHandle$Holder.invokeVirtual(java.lang.Object, java.lang.Object, java.lang.Object)'> (0x000000070fe91e30) 
thrown [./open/src/hotspot/share/interpreter/linkResolver.cpp, line 782]
Event: 33.016 Thread 0x000001e70a96d010 Exception <a 'java/lang/NoSuchMethodError'{0x000000070ff00710}: 'java.lang.Object java.lang.invoke.DirectMethodHandle$Holder.newInvokeSpecial(java.lang.Object, java.lang.Object, java.lang.Object, java.lang.Object, java.lang.Object)'> (0x000000070ff00710) 
thrown [./open/src/hotspot/share/interpreter/linkResolver.cpp, line 782]
Event: 33.246 Thread 0x000001e72ae650a0 Exception <a 'java/lang/reflect/InvocationTargetException'{0x0000000711002338}> (0x0000000711002338) 
thrown [./open/src/hotspot/share/runtime/reflection.cpp, line 1157]
Event: 33.766 Thread 0x000001e70a96d010 Exception <a 'java/io/FileNotFoundException'{0x0000000710ccc1b0}> (0x0000000710ccc1b0) 
thrown [./open/src/hotspot/share/prims/jni.cpp, line 578]
Event: 34.685 Thread 0x000001e72ae650a0 Exception <a 'java/lang/reflect/InvocationTargetException'{0x0000000711006600}> (0x0000000711006600) 
thrown [./open/src/hotspot/share/runtime/reflection.cpp, line 1157]
Event: 34.952 Thread 0x000001e70a96d010 Exception <a 'java/lang/NoSuchMethodError'{0x00000007107f7cd0}: 'void java.lang.invoke.DirectMethodHandle$Holder.invokeStatic(java.lang.Object, java.lang.Object, java.lang.Object, java.lang.Object)'> (0x00000007107f7cd0) 
thrown [./open/src/hotspot/share/interpreter/linkResolver.cpp, line 782]
Event: 34.955 Thread 0x000001e70a96d010 Exception <a 'java/lang/NoSuchMethodError'{0x0000000710423d40}: 'java.lang.Object java.lang.invoke.Invokers$Holder.invokeExact_MT(java.lang.Object, java.lang.Object, java.lang.Object, java.lang.Object, java.lang.Object, java.lang.Object)'> (0x0000000710423d40) 
thrown [./open/src/hotspot/share/interpreter/linkResolver.cpp, line 782]
Event: 34.962 Thread 0x000001e70a96d010 Exception <a 'java/lang/NoSuchMethodError'{0x0000000710447898}: 'java.lang.Object java.lang.invoke.DirectMethodHandle$Holder.invokeInterface(java.lang.Object, java.lang.Object, java.lang.Object)'> (0x0000000710447898) 
thrown [./open/src/hotspot/share/interpreter/linkResolver.cpp, line 782]
Event: 34.963 Thread 0x000001e70a96d010 Exception <a 'java/lang/IncompatibleClassChangeError'{0x000000071044b130}: Found class java.lang.Object, but interface was expected> (0x000000071044b130) 
thrown [./open/src/hotspot/share/interpreter/linkResolver.cpp, line 848]
Event: 35.507 Thread 0x000001e70a96d010 Exception <a 'java/lang/NoSuchMethodError'{0x00000007102445b0}: 'int java.lang.invoke.DirectMethodHandle$Holder.invokeSpecial(java.lang.Object, java.lang.Object, java.lang.Object, java.lang.Object)'> (0x00000007102445b0) 
thrown [./open/src/hotspot/share/interpreter/linkResolver.cpp, line 782]
Event: 35.556 Thread 0x000001e70a96d010 Exception <a 'java/lang/NoSuchMethodError'{0x00000007101f9ba8}: 'java.lang.Object java.lang.invoke.DirectMethodHandle$Holder.newInvokeSpecial(java.lang.Object, java.lang.Object, java.lang.Object, java.lang.Object, java.lang.Object, java.lang.Object)'> (0x00000007101f9ba8) 
thrown [./open/src/hotspot/share/interpreter/linkResolver.cpp, line 782]
Event: 35.877 Thread 0x000001e70a96d010 Exception <a 'java/lang/NoSuchMethodError'{0x000000070ff842e0}: 'java.lang.Object java.lang.invoke.DirectMethodHandle$Holder.invokeSpecial(java.lang.Object, java.lang.Object, java.lang.Object, java.lang.Object, java.lang.Object, java.lang.Object, int)'> (0x000000070ff842e0) 
thrown [./open/src/hotspot/share/interpreter/linkResolver.cpp, line 782]
Event: 35.878 Thread 0x000001e70a96d010 Exception <a 'java/lang/NoSuchMethodError'{0x000000070ff8f950}: 'java.lang.Object java.lang.invoke.DirectMethodHandle$Holder.newInvokeSpecial(java.lang.Object, java.lang.Object, java.lang.Object, java.lang.Object, java.lang.Object, java.lang.Object, int)'> (0x000000070ff8f950) 
thrown [./open/src/hotspot/share/interpreter/linkResolver.cpp, line 782]
Event: 35.878 Thread 0x000001e70a96d010 Exception <a 'java/lang/NoSuchMethodError'{0x000000070ff94a98}: 'java.lang.Object java.lang.invoke.DirectMethodHandle$Holder.invokeSpecial(java.lang.Object, java.lang.Object, java.lang.Object, java.lang.Object, java.lang.Object, java.lang.Object, java.lang.Object, int)'> (0x000000070ff94a98) 
thrown [./open/src/hotspot/share/interpreter/linkResolver.cpp, line 782]

Events (20 events):
Event: 35.541 loading class java/beans/PropertyEditor done
Event: 35.541 loading class java/beans/PropertyEditorSupport done
Event: 35.567 loading class java/util/regex/Pattern$Curly
Event: 35.567 loading class java/util/regex/Pattern$Curly done
Event: 35.567 loading class java/util/regex/Pattern$Dollar
Event: 35.567 loading class java/util/regex/Pattern$Dollar done
Event: 35.568 loading class java/util/regex/Pattern$Neg
Event: 35.568 loading class java/util/regex/Pattern$Neg done
Event: 35.874 loading class java/util/stream/StreamSpliterators$WrappingSpliterator
Event: 35.875 loading class java/util/stream/StreamSpliterators$AbstractWrappingSpliterator
Event: 35.875 loading class java/util/stream/StreamSpliterators$AbstractWrappingSpliterator done
Event: 35.875 loading class java/util/stream/StreamSpliterators$WrappingSpliterator done
Event: 35.875 loading class java/util/stream/SpinedBuffer
Event: 35.875 loading class java/util/stream/AbstractSpinedBuffer
Event: 35.875 loading class java/util/stream/AbstractSpinedBuffer done
Event: 35.875 loading class java/util/stream/SpinedBuffer done
Event: 35.876 loading class java/util/stream/StreamSpliterators
Event: 35.876 loading class java/util/stream/StreamSpliterators done
Event: 35.876 loading class java/util/function/BooleanSupplier
Event: 35.876 loading class java/util/function/BooleanSupplier done


Dynamic libraries:
0x00007ff7464c0000 - 0x00007ff7464cd000 	D:\ProgramFiles\SpringTools4\sts-4.10.0.RELEASE\plugins\org.eclipse.justj.openjdk.hotspot.jre.full.win32.x86_64_15.0.2.v20210201-0955\jre\bin\javaw.exe
0x00007ffd2dd50000 - 0x00007ffd2df45000 	C:\WINDOWS\SYSTEM32\ntdll.dll
0x00007ffd2c310000 - 0x00007ffd2c3cd000 	C:\WINDOWS\System32\KERNEL32.DLL
0x00007ffd2bab0000 - 0x00007ffd2bd78000 	C:\WINDOWS\System32\KERNELBASE.dll
0x00007ffd2b7a0000 - 0x00007ffd2b8a0000 	C:\WINDOWS\System32\ucrtbase.dll
0x00007ffd01f50000 - 0x00007ffd01f69000 	D:\ProgramFiles\SpringTools4\sts-4.10.0.RELEASE\plugins\org.eclipse.justj.openjdk.hotspot.jre.full.win32.x86_64_15.0.2.v20210201-0955\jre\bin\VCRUNTIME140.dll
0x00007ffd14250000 - 0x00007ffd14268000 	D:\ProgramFiles\SpringTools4\sts-4.10.0.RELEASE\plugins\org.eclipse.justj.openjdk.hotspot.jre.full.win32.x86_64_15.0.2.v20210201-0955\jre\bin\jli.dll
0x00007ffd2d860000 - 0x00007ffd2da00000 	C:\WINDOWS\System32\USER32.dll
0x00007ffd2bd80000 - 0x00007ffd2bda2000 	C:\WINDOWS\System32\win32u.dll
0x00007ffd2c090000 - 0x00007ffd2c0ba000 	C:\WINDOWS\System32\GDI32.dll
0x00007ffd2b8f0000 - 0x00007ffd2b9fb000 	C:\WINDOWS\System32\gdi32full.dll
0x00007ffd2b700000 - 0x00007ffd2b79d000 	C:\WINDOWS\System32\msvcp_win.dll
0x00007ffd1df60000 - 0x00007ffd1e1fa000 	C:\WINDOWS\WinSxS\amd64_microsoft.windows.common-controls_6595b64144ccf1df_6.0.19041.844_none_ca00b6081b84eb1d\COMCTL32.dll
0x00007ffd2d730000 - 0x00007ffd2d7ce000 	C:\WINDOWS\System32\msvcrt.dll
0x00007ffd2c480000 - 0x00007ffd2c4b0000 	C:\WINDOWS\System32\IMM32.DLL
0x00007ffd154a0000 - 0x00007ffd154ac000 	D:\ProgramFiles\SpringTools4\sts-4.10.0.RELEASE\plugins\org.eclipse.justj.openjdk.hotspot.jre.full.win32.x86_64_15.0.2.v20210201-0955\jre\bin\vcruntime140_1.dll
0x00007ffcdaa30000 - 0x00007ffcdaac1000 	D:\ProgramFiles\SpringTools4\sts-4.10.0.RELEASE\plugins\org.eclipse.justj.openjdk.hotspot.jre.full.win32.x86_64_15.0.2.v20210201-0955\jre\bin\msvcp140.dll
0x00007ffcbc010000 - 0x00007ffcbcb6e000 	D:\ProgramFiles\SpringTools4\sts-4.10.0.RELEASE\plugins\org.eclipse.justj.openjdk.hotspot.jre.full.win32.x86_64_15.0.2.v20210201-0955\jre\bin\server\jvm.dll
0x00007ffd2c3d0000 - 0x00007ffd2c47c000 	C:\WINDOWS\System32\ADVAPI32.dll
0x00007ffd2c270000 - 0x00007ffd2c30b000 	C:\WINDOWS\System32\sechost.dll
0x00007ffd2dac0000 - 0x00007ffd2dbeb000 	C:\WINDOWS\System32\RPCRT4.dll
0x00007ffd2c4b0000 - 0x00007ffd2c4b8000 	C:\WINDOWS\System32\PSAPI.DLL
0x00007ffd11b20000 - 0x00007ffd11b29000 	C:\WINDOWS\SYSTEM32\WSOCK32.dll
0x00007ffd1e570000 - 0x00007ffd1e597000 	C:\WINDOWS\SYSTEM32\WINMM.dll
0x00007ffd21110000 - 0x00007ffd2111a000 	C:\WINDOWS\SYSTEM32\VERSION.dll
0x00007ffd2c0c0000 - 0x00007ffd2c12b000 	C:\WINDOWS\System32\WS2_32.dll
0x00007ffd29400000 - 0x00007ffd29412000 	C:\WINDOWS\SYSTEM32\kernel.appcore.dll
0x00007ffd15740000 - 0x00007ffd1574a000 	D:\ProgramFiles\SpringTools4\sts-4.10.0.RELEASE\plugins\org.eclipse.justj.openjdk.hotspot.jre.full.win32.x86_64_15.0.2.v20210201-0955\jre\bin\jimage.dll
0x00007ffd28cd0000 - 0x00007ffd28eb4000 	C:\WINDOWS\SYSTEM32\DBGHELP.DLL
0x00007ffd08170000 - 0x00007ffd0819c000 	C:\WINDOWS\SYSTEM32\dbgcore.DLL
0x00007ffd2b520000 - 0x00007ffd2b5a0000 	C:\WINDOWS\System32\bcryptPrimitives.dll
0x00007ffd02900000 - 0x00007ffd02939000 	D:\ProgramFiles\SpringTools4\sts-4.10.0.RELEASE\plugins\org.eclipse.justj.openjdk.hotspot.jre.full.win32.x86_64_15.0.2.v20210201-0955\jre\bin\jdwp.dll
0x00007ffd15640000 - 0x00007ffd1564e000 	D:\ProgramFiles\SpringTools4\sts-4.10.0.RELEASE\plugins\org.eclipse.justj.openjdk.hotspot.jre.full.win32.x86_64_15.0.2.v20210201-0955\jre\bin\instrument.dll
0x00007ffcff4d0000 - 0x00007ffcff4f5000 	D:\ProgramFiles\SpringTools4\sts-4.10.0.RELEASE\plugins\org.eclipse.justj.openjdk.hotspot.jre.full.win32.x86_64_15.0.2.v20210201-0955\jre\bin\java.dll
0x00007ffd02dc0000 - 0x00007ffd02dd8000 	D:\ProgramFiles\SpringTools4\sts-4.10.0.RELEASE\plugins\org.eclipse.justj.openjdk.hotspot.jre.full.win32.x86_64_15.0.2.v20210201-0955\jre\bin\zip.dll
0x00007ffd2c960000 - 0x00007ffd2d0a2000 	C:\WINDOWS\System32\SHELL32.dll
0x00007ffd29590000 - 0x00007ffd29d21000 	C:\WINDOWS\SYSTEM32\windows.storage.dll
0x00007ffd2c600000 - 0x00007ffd2c955000 	C:\WINDOWS\System32\combase.dll
0x00007ffd2ae30000 - 0x00007ffd2ae5c000 	C:\WINDOWS\SYSTEM32\Wldp.dll
0x00007ffd2bf10000 - 0x00007ffd2bfbe000 	C:\WINDOWS\System32\SHCORE.dll
0x00007ffd2d0b0000 - 0x00007ffd2d105000 	C:\WINDOWS\System32\shlwapi.dll
0x00007ffd2b3d0000 - 0x00007ffd2b3ef000 	C:\WINDOWS\SYSTEM32\profapi.dll
0x00007ffd26070000 - 0x00007ffd2607b000 	D:\ProgramFiles\SpringTools4\sts-4.10.0.RELEASE\plugins\org.eclipse.justj.openjdk.hotspot.jre.full.win32.x86_64_15.0.2.v20210201-0955\jre\bin\dt_socket.dll
0x00007ffd2a8d0000 - 0x00007ffd2a90b000 	C:\WINDOWS\SYSTEM32\IPHLPAPI.DLL
0x00007ffd2ac10000 - 0x00007ffd2ac7a000 	C:\WINDOWS\system32\mswsock.dll
0x00007ffd2a910000 - 0x00007ffd2a9dc000 	C:\WINDOWS\SYSTEM32\DNSAPI.dll
0x00007ffd2dbf0000 - 0x00007ffd2dbf8000 	C:\WINDOWS\System32\NSI.dll
0x00007ffd22f40000 - 0x00007ffd22f4a000 	C:\Windows\System32\rasadhlp.dll
0x00007ffd19800000 - 0x00007ffd1987f000 	C:\WINDOWS\System32\fwpuclnt.dll
0x00007ffd2b4f0000 - 0x00007ffd2b517000 	C:\WINDOWS\System32\bcrypt.dll
0x00007ffd00540000 - 0x00007ffd00559000 	D:\ProgramFiles\SpringTools4\sts-4.10.0.RELEASE\plugins\org.eclipse.justj.openjdk.hotspot.jre.full.win32.x86_64_15.0.2.v20210201-0955\jre\bin\net.dll
0x00007ffd19ff0000 - 0x00007ffd1a0fb000 	C:\WINDOWS\SYSTEM32\WINHTTP.dll
0x00007ffcfe430000 - 0x00007ffcfe442000 	D:\ProgramFiles\SpringTools4\sts-4.10.0.RELEASE\plugins\org.eclipse.justj.openjdk.hotspot.jre.full.win32.x86_64_15.0.2.v20210201-0955\jre\bin\nio.dll
0x00007ffd14de0000 - 0x00007ffd14de9000 	D:\ProgramFiles\SpringTools4\sts-4.10.0.RELEASE\plugins\org.eclipse.justj.openjdk.hotspot.jre.full.win32.x86_64_15.0.2.v20210201-0955\jre\bin\management.dll
0x00007ffd08350000 - 0x00007ffd0835b000 	D:\ProgramFiles\SpringTools4\sts-4.10.0.RELEASE\plugins\org.eclipse.justj.openjdk.hotspot.jre.full.win32.x86_64_15.0.2.v20210201-0955\jre\bin\management_ext.dll
0x00007ffd085e0000 - 0x00007ffd085f7000 	C:\WINDOWS\system32\napinsp.dll
0x00007ffd085c0000 - 0x00007ffd085db000 	C:\WINDOWS\system32\pnrpnsp.dll
0x00007ffd25520000 - 0x00007ffd25535000 	C:\WINDOWS\system32\wshbth.dll
0x00007ffd25f20000 - 0x00007ffd25f3d000 	C:\WINDOWS\system32\NLAapi.dll
0x00007ffd083f0000 - 0x00007ffd08402000 	C:\WINDOWS\System32\winrnr.dll
0x00007ffd2b160000 - 0x00007ffd2b178000 	C:\WINDOWS\SYSTEM32\CRYPTSP.dll
0x00007ffd2a560000 - 0x00007ffd2a594000 	C:\WINDOWS\system32\rsaenh.dll
0x00007ffd2b390000 - 0x00007ffd2b3be000 	C:\WINDOWS\SYSTEM32\USERENV.dll
0x00007ffd2ad90000 - 0x00007ffd2ad9c000 	C:\WINDOWS\SYSTEM32\CRYPTBASE.dll
0x00007ffd234d0000 - 0x00007ffd234e7000 	C:\WINDOWS\SYSTEM32\dhcpcsvc6.DLL
0x00007ffd22f90000 - 0x00007ffd22fad000 	C:\WINDOWS\SYSTEM32\dhcpcsvc.DLL
0x00007ffd15630000 - 0x00007ffd15640000 	D:\ProgramFiles\SpringTools4\sts-4.10.0.RELEASE\plugins\org.eclipse.justj.openjdk.hotspot.jre.full.win32.x86_64_15.0.2.v20210201-0955\jre\bin\verify.dll

dbghelp: loaded successfully - version: 4.0.5 - missing functions: none
symbol engine: initialized successfully - sym options: 0x614 - pdb path: .;D:\ProgramFiles\SpringTools4\sts-4.10.0.RELEASE\plugins\org.eclipse.justj.openjdk.hotspot.jre.full.win32.x86_64_15.0.2.v20210201-0955\jre\bin;C:\WINDOWS\SYSTEM32;C:\WINDOWS\WinSxS\amd64_microsoft.windows.common-controls_6595b64144ccf1df_6.0.19041.844_none_ca00b6081b84eb1d;D:\ProgramFiles\SpringTools4\sts-4.10.0.RELEASE\plugins\org.eclipse.justj.openjdk.hotspot.jre.full.win32.x86_64_15.0.2.v20210201-0955\jre\bin\server

VM Arguments:
jvm_args: -XX:+ShowCodeDetailsInExceptionMessages -agentlib:jdwp=transport=dt_socket,suspend=y,address=localhost:56111 -Dcom.sun.management.jmxremote -Dcom.sun.management.jmxremote.port=56004 -Dcom.sun.management.jmxremote.authenticate=false -Dcom.sun.management.jmxremote.ssl=false -Djava.rmi.server.hostname=localhost -Dspring.jmx.enabled=true -Dspring.application.admin.enabled=true -XX:TieredStopAtLevel=1 -Dspring.boot.project.name=Bank -javaagent:D:\ProgramFiles\SpringTools4\sts-4.10.0.RELEASE\configuration\org.eclipse.osgi\254\0\.cp\lib\javaagent-shaded.jar -Dfile.encoding=Cp1252 
java_command: com.intership.bank.BankApplication --spring.output.ansi.enabled=always
java_class_path (initial): D:\MyData\Camilo\workspace\Java\workspace-spring-tool-suite-4-4.10.0.RELEASE\Bank\bin\main;C:\Users\camilo\.gradle\caches\modules-2\files-2.1\org.projectlombok\lombok\1.18.20\18bcea7d5df4d49227b4a0743a536208ce4825bb\lombok-1.18.20.jar;C:\Users\camilo\.gradle\caches\modules-2\files-2.1\io.springfox\springfox-swagger2\2.9.2\362676bc7f4c6f9f1d568741becab0dfc198c898\springfox-swagger2-2.9.2.jar;C:\Users\camilo\.gradle\caches\modules-2\files-2.1\io.springfox\springfox-swagger-ui\2.9.2\d542382a88ff3ea8d4032c28b2b0325797fada7d\springfox-swagger-ui-2.9.2.jar;C:\Users\camilo\.gradle\caches\modules-2\files-2.1\org.springframework.boot\spring-boot-starter-web\2.4.5\93cf2655557534e35723fbafa069bed2ee125832\spring-boot-starter-web-2.4.5.jar;C:\Users\camilo\.gradle\caches\modules-2\files-2.1\org.springframework.boot\spring-boot-starter-data-jpa\2.4.5\cba91e070e601c55eec0d8a1948dcca15703ad37\spring-boot-starter-data-jpa-2.4.5.jar;C:\Users\camilo\.gradle\caches\modules-2\files-2.1\com.oracle.database.jdbc\ojdbc10\19.10.0.0\4174e8d8acc29676b9d0784a61138408da7f626b\ojdbc10-19.10.0.0.jar;C:\Users\camilo\.gradle\caches\modules-2\files-2.1\io.springfox\springfox-swagger-common\2.9.2\b38a41b3044af80cb7f41f67be5d158c9f6491ec\springfox-swagger-common-2.9.2.jar;C:\Users\camilo\.gradle\caches\modules-2\files-2.1\io.swagger\swagger-models\1.5.20\fb3a23bad80c5ed84db9dd150db2cba699531458\swagger-models-1.5.20.jar;C:\Users\camilo\.gradle\caches\modules-2\files-2.1\io.swagger\swagger-annotations\1.5.20\16051f93ce11ca489a5313775d825f82fcc2cd6c\swagger-annotations-1.5.20.jar;C:\Users\camilo\.gradle\caches\modules-2\files-2.1\io.springfox\springfox-schema\2.9.2\e268f38774b16bb51a92ccaef0dcf3dc651c0cee\springfox-schema-2.9.2.jar;C:\Users\camilo\.gradle\caches\modules-2\files-2.1\io.springfox\springfox-spring-web\2.9.2\ed2ed714a6cba8804d00f80f0534901e4c7a3211\springfox-spring-web-2.9.2.jar;C:\Users\camilo\.gradle\caches\modules-2\files-2.1\io.springfox\springfox-spi\2.9.2\
Launcher Type: SUN_STANDARD

[Global flags]
     intx CICompilerCount                          = 4                                         {product} {ergonomic}
     uint ConcGCThreads                            = 2                                         {product} {ergonomic}
     uint G1ConcRefinementThreads                  = 8                                         {product} {ergonomic}
   size_t G1HeapRegionSize                         = 2097152                                   {product} {ergonomic}
    uintx GCDrainStackTargetSize                   = 64                                        {product} {ergonomic}
   size_t InitialHeapSize                          = 268435456                                 {product} {ergonomic}
     bool ManagementServer                         = true                                      {product} {command line}
   size_t MarkStackSize                            = 4194304                                   {product} {ergonomic}
   size_t MaxHeapSize                              = 4276092928                                {product} {ergonomic}
   size_t MaxNewSize                               = 2564816896                                {product} {ergonomic}
   size_t MinHeapDeltaBytes                        = 2097152                                   {product} {ergonomic}
   size_t MinHeapSize                              = 8388608                                   {product} {ergonomic}
    uintx NonNMethodCodeHeapSize                   = 7549744                                {pd product} {ergonomic}
    uintx NonProfiledCodeHeapSize                  = 244108496                              {pd product} {ergonomic}
    uintx ProfiledCodeHeapSize                     = 0                                      {pd product} {ergonomic}
    uintx ReservedCodeCacheSize                    = 251658240                              {pd product} {ergonomic}
     bool SegmentedCodeCache                       = true                                      {product} {ergonomic}
     bool ShowCodeDetailsInExceptionMessages       = true                                   {manageable} {command line}
   size_t SoftMaxHeapSize                          = 4276092928                             {manageable} {ergonomic}
     intx TieredStopAtLevel                        = 1                                         {product} {command line}
     bool UseCompressedClassPointers               = true                                 {lp64_product} {ergonomic}
     bool UseCompressedOops                        = true                                 {lp64_product} {ergonomic}
     bool UseG1GC                                  = true                                      {product} {ergonomic}
     bool UseLargePagesIndividualAllocation        = false                                  {pd product} {ergonomic}

Logging:
Log output configuration:
 #0: stdout all=warning uptime,level,tags
 #1: stderr all=off uptime,level,tags

Environment Variables:
JAVA_HOME=C:\Program Files\Java\jdk-11.0.11
PATH=D:\ProgramFiles\SpringTools4\sts-4.10.0.RELEASE\plugins\org.eclipse.justj.openjdk.hotspot.jre.full.win32.x86_64_15.0.2.v20210201-0955\jre\bin;D:/ProgramFiles/SpringTools4/sts-4.10.0.RELEASE//plugins/org.eclipse.justj.openjdk.hotspot.jre.full.win32.x86_64_15.0.2.v20210201-0955/jre/bin/server;D:/ProgramFiles/SpringTools4/sts-4.10.0.RELEASE//plugins/org.eclipse.justj.openjdk.hotspot.jre.full.win32.x86_64_15.0.2.v20210201-0955/jre/bin;D:\ProgramFiles\Oracle\Oracle18c\dbhomeXE\bin;D:\ProgramFiles\Oracle18cXE\dbhomeXE\bin;C:\WINDOWS\system32;C:\WINDOWS;C:\WINDOWS\System32\Wbem;C:\WINDOWS\System32\WindowsPowerShell\v1.0\;D:\Archivos de Programa\Git\cmd;C:\WINDOWS\System32\OpenSSH\;C:\Program Files\NVIDIA Corporation\NVIDIA NvDLISR;C:\Program Files\Java\jdk-11.0.11\bin;C:\Python27;C:\Program Files\gradle-6.6\bin;C:\Users\camilo\AppData\Roaming\nvm;C:\Program Files\nodejs;C:\Program Files\Git\cmd;D:\ProgramFiles\xampp\php;C:\Program Files\mongodb4.0.20x64\bin;C:\WINDOWS\system32;C:\WINDOWS;C:\WINDOWS\System32\Wbem;C:\WINDOWS\System32\WindowsPowerShell\v1.0\;C:\WINDOWS\System32\OpenSSH\;C:\Program Files\dotnet\;C:\Program Files\Microsoft SQL Server\130\Tools\Binn\;C:\Program Files\Docker\Docker\resources\bin;C:\ProgramData\DockerDesktop\version-bin;D:\ProgramFiles\heroku\bin;C:\Program Files\MySQL\MySQL Shell 8.0\bin\;C:\Users\camilo\AppData\Local\Programs\Python\Python39\Scripts\;C:\Users\camilo\AppData\Local\Programs\Python\Python39\;C:\WINDOWS\system32;C:\WINDOWS;C:\WINDOWS\System32\Wbem;C:\WINDOWS\System32\WindowsPowerShell\v1.0\;D:\Archivos de Programa\Git\cmd;C:\WINDOWS\System32\OpenSSH\;C:\Program Files\NVIDIA Corporation\NVIDIA NvDLISR;C:\Python27;C:\Program Files\gradle-6.6\bin;C:\Users\camilo\AppData\Roaming\nvm;C:\Program Files\nodejs;C:\Program Files\dotnet\;C:\Program Files\Microsoft SQL Server\130\Tools\Binn\;C:\Program Files\Microsoft SQL Server\Client SDK\ODBC\170\Tools\Binn\;C:\Program Files\Git\cmd;C:\ProgramData\ComposerSetup\bin;C:\Program Files\mongodb4
USERNAME=camilo
OS=Windows_NT
PROCESSOR_IDENTIFIER=Intel64 Family 6 Model 158 Stepping 10, GenuineIntel



---------------  S Y S T E M  ---------------

OS:
 Windows 10 , 64 bit Build 19041 (10.0.19041.928)
OS uptime: 0 days 18:23 hours
HyperV virtualization detected

CPU: total 8 (initial active 8) (4 cores per cpu, 2 threads per core) family 6 model 158 stepping 10 microcode 0xde, cmov, cx8, fxsr, mmx, sse, sse2, sse3, ssse3, sse4.1, sse4.2, popcnt, vzeroupper, avx, avx2, aes, clmul, erms, 3dnowpref, lzcnt, ht, tsc, tscinvbit, bmi1, bmi2, adx, fma, clflush, clflushopt

Memory: 4k page, system-wide physical 16304M (381M free)
TotalPageFile size 31431M (AvailPageFile size 326M)
current process WorkingSet (physical memory assigned to process): 95M, peak: 95M
current process commit charge ("private bytes"): 362M, peak: 362M

vm_info: OpenJDK 64-Bit Server VM (15.0.2+7-27) for windows-amd64 JRE (15.0.2+7-27), built on Dec  7 2020 20:02:38 by "mach5one" with unknown MS VC++:1925

END.
