#
# There is insufficient memory for the Java Runtime Environment to continue.
# Native memory allocation (malloc) failed to allocate 32744 bytes for ChunkPool::allocate
# Possible reasons:
#   The system is out of physical RAM or swap space
#   The process is running with CompressedOops enabled, and the Java Heap may be blocking the growth of the native heap
# Possible solutions:
#   Reduce memory load on the system
#   Increase physical memory or swap space
#   Check if swap backing store is full
#   Decrease Java heap size (-Xmx/-Xms)
#   Decrease number of Java threads
#   Decrease Java thread stack sizes (-Xss)
#   Set larger code cache with -XX:ReservedCodeCacheSize=
#   JVM is running with Zero Based Compressed Oops mode in which the Java heap is
#     placed in the first 32GB address space. The Java Heap base address is the
#     maximum limit for the native heap growth. Please use -XX:HeapBaseMinAddress
#     to set the Java Heap base and to place the Java Heap above 32GB virtual address.
# This output file may be truncated or incomplete.
#
#  Out of Memory Error (./open/src/hotspot/share/memory/arena.cpp:79), pid=17144, tid=26244
#
# JRE version: OpenJDK Runtime Environment (15.0.2+7) (build 15.0.2+7-27)
# Java VM: OpenJDK 64-Bit Server VM (15.0.2+7-27, mixed mode, tiered, compressed oops, g1 gc, windows-amd64)
# No core dump will be written. Minidumps are not enabled by default on client versions of Windows
#

---------------  S U M M A R Y ------------

Command Line: -XX:+ShowCodeDetailsInExceptionMessages -agentlib:jdwp=transport=dt_socket,suspend=y,address=localhost:56215 -Dcom.sun.management.jmxremote -Dcom.sun.management.jmxremote.port=56013 -Dcom.sun.management.jmxremote.authenticate=false -Dcom.sun.management.jmxremote.ssl=false -Djava.rmi.server.hostname=localhost -Dspring.jmx.enabled=true -Dspring.application.admin.enabled=true -XX:TieredStopAtLevel=1 -Dspring.boot.project.name=Bank -javaagent:D:\ProgramFiles\SpringTools4\sts-4.10.0.RELEASE\configuration\org.eclipse.osgi\254\0\.cp\lib\javaagent-shaded.jar -Dfile.encoding=Cp1252 com.intership.bank.BankApplication --spring.output.ansi.enabled=always

Host: Intel(R) Core(TM) i5-9300H CPU @ 2.40GHz, 8 cores, 15G,  Windows 10 , 64 bit Build 19041 (10.0.19041.928)
Time: Wed May 12 09:23:51 2021 Hora est. Pacífico, Sudamérica elapsed time: 24.987883 seconds (0d 0h 0m 24s)

---------------  T H R E A D  ---------------

Current thread (0x000001ae8908ee70):  JavaThread "C1 CompilerThread0" daemon [_thread_in_native, id=26244, stack(0x00000010fb600000,0x00000010fb700000)]


Current CompileTask:
C1:  24987 2059       1       org.eclipse.jdt.launching.internal.org.objectweb.asm.ClassReader::readCode (5109 bytes)

Stack: [0x00000010fb600000,0x00000010fb700000]
Native frames: (J=compiled Java code, j=interpreted, Vv=VM code, C=native code)
V  [jvm.dll+0x62ae9a]
V  [jvm.dll+0x7817a9]
V  [jvm.dll+0x782f03]
V  [jvm.dll+0x783563]
V  [jvm.dll+0x216325]
V  [jvm.dll+0x982cf]
V  [jvm.dll+0x9861c]
V  [jvm.dll+0x160308]
V  [jvm.dll+0x15faa7]
V  [jvm.dll+0x160251]
V  [jvm.dll+0x15fec0]
V  [jvm.dll+0x160251]
V  [jvm.dll+0x15fec0]
V  [jvm.dll+0x160251]
V  [jvm.dll+0x16221f]
V  [jvm.dll+0x15f224]
V  [jvm.dll+0x15f359]
V  [jvm.dll+0x15f781]
V  [jvm.dll+0x15f781]
V  [jvm.dll+0x15f781]
V  [jvm.dll+0x15f781]
V  [jvm.dll+0x15f0cc]
V  [jvm.dll+0x160130]
V  [jvm.dll+0x10f6af]
V  [jvm.dll+0x10f890]
V  [jvm.dll+0x10fb54]
V  [jvm.dll+0x10ee92]
V  [jvm.dll+0x110d2c]
V  [jvm.dll+0x1f9225]
V  [jvm.dll+0x1f72cc]
V  [jvm.dll+0x74495d]
V  [jvm.dll+0x73d75a]
V  [jvm.dll+0x629c56]
C  [ucrtbase.dll+0x21bb2]
C  [KERNEL32.DLL+0x17034]
C  [ntdll.dll+0x52651]


---------------  P R O C E S S  ---------------

Threads class SMR info:
_java_thread_list=0x000001ae89ffc6f0, length=21, elements={
0x000001aee984aa00, 0x000001ae89064130, 0x000001ae890692a0, 0x000001ae8908b320,
0x000001ae8908bbe0, 0x000001ae8908e4b0, 0x000001ae8908ee70, 0x000001ae890afe10,
0x000001ae89225020, 0x000001ae892662f0, 0x000001ae8928c1b0, 0x000001ae8928ee50,
0x000001ae89b7d030, 0x000001ae89d3ee30, 0x000001ae89d22d00, 0x000001ae89d3a850,
0x000001ae89e5df00, 0x000001ae89f581f0, 0x000001ae89f586c0, 0x000001ae8a839ea0,
0x000001ae8a00bcb0
}

Java Threads: ( => current thread )
  0x000001aee984aa00 JavaThread "main" [_thread_blocked, id=25976, stack(0x00000010faa00000,0x00000010fab00000)]
  0x000001ae89064130 JavaThread "Reference Handler" daemon [_thread_blocked, id=26224, stack(0x00000010fb100000,0x00000010fb200000)]
  0x000001ae890692a0 JavaThread "Finalizer" daemon [_thread_blocked, id=26228, stack(0x00000010fb200000,0x00000010fb300000)]
  0x000001ae8908b320 JavaThread "Signal Dispatcher" daemon [_thread_blocked, id=26232, stack(0x00000010fb300000,0x00000010fb400000)]
  0x000001ae8908bbe0 JavaThread "Attach Listener" daemon [_thread_blocked, id=26236, stack(0x00000010fb400000,0x00000010fb500000)]
  0x000001ae8908e4b0 JavaThread "Service Thread" daemon [_thread_blocked, id=26240, stack(0x00000010fb500000,0x00000010fb600000)]
=>0x000001ae8908ee70 JavaThread "C1 CompilerThread0" daemon [_thread_in_native, id=26244, stack(0x00000010fb600000,0x00000010fb700000)]
  0x000001ae890afe10 JavaThread "Sweeper thread" daemon [_thread_blocked, id=26248, stack(0x00000010fb700000,0x00000010fb800000)]
  0x000001ae89225020 JavaThread "Common-Cleaner" daemon [_thread_blocked, id=26348, stack(0x00000010fb800000,0x00000010fb900000)]
  0x000001ae892662f0 JavaThread "JDWP Transport Listener: dt_socket" daemon [_thread_blocked, id=26840, stack(0x00000010fb900000,0x00000010fba00000)]
  0x000001ae8928c1b0 JavaThread "JDWP Event Helper Thread" daemon [_thread_blocked, id=26852, stack(0x00000010fba00000,0x00000010fbb00000)]
  0x000001ae8928ee50 JavaThread "JDWP Command Reader" daemon [_thread_in_native, id=27044, stack(0x00000010fbb00000,0x00000010fbc00000)]
  0x000001ae89b7d030 JavaThread "Notification Thread" daemon [_thread_blocked, id=27508, stack(0x00000010fbc00000,0x00000010fbd00000)]
  0x000001ae89d3ee30 JavaThread "RMI TCP Accept-0" daemon [_thread_in_native, id=2584, stack(0x00000010fbd00000,0x00000010fbe00000)]
  0x000001ae89d22d00 JavaThread "RMI TCP Accept-56013" daemon [_thread_in_native, id=7648, stack(0x00000010fbe00000,0x00000010fbf00000)]
  0x000001ae89d3a850 JavaThread "RMI TCP Accept-0" daemon [_thread_in_native, id=16308, stack(0x00000010fbf00000,0x00000010fc000000)]
  0x000001ae89e5df00 JavaThread "RMI TCP Connection(1)-127.0.0.1" daemon [_thread_in_native, id=1472, stack(0x00000010fc700000,0x00000010fc800000)]
  0x000001ae89f581f0 JavaThread "RMI Scheduler(0)" daemon [_thread_blocked, id=8480, stack(0x00000010fc800000,0x00000010fc900000)]
  0x000001ae89f586c0 JavaThread "RMI TCP Connection(2)-127.0.0.1" daemon [_thread_in_native, id=16764, stack(0x00000010fc900000,0x00000010fca00000)]
  0x000001ae8a839ea0 JavaThread "JMX server connection timeout 24" daemon [_thread_blocked, id=13076, stack(0x00000010fca00000,0x00000010fcb00000)]
  0x000001ae8a00bcb0 JavaThread "background-preinit" [_thread_in_vm, id=29296, stack(0x00000010fcc00000,0x00000010fcd00000)]

Other Threads:
  0x000001ae89031120 VMThread "VM Thread" [stack: 0x00000010fb000000,0x00000010fb100000] [id=26220]
  0x000001ae89d6a460 WatcherThread [stack: 0x00000010fc000000,0x00000010fc100000] [id=15996]
  0x000001aee989ddc0 GCTaskThread "GC Thread#0" [stack: 0x00000010fab00000,0x00000010fac00000] [id=26116]
  0x000001ae89e2d910 GCTaskThread "GC Thread#1" [stack: 0x00000010fc100000,0x00000010fc200000] [id=14488]
  0x000001ae89e31270 GCTaskThread "GC Thread#2" [stack: 0x00000010fc200000,0x00000010fc300000] [id=15016]
  0x000001ae89e30c10 GCTaskThread "GC Thread#3" [stack: 0x00000010fc300000,0x00000010fc400000] [id=18280]
  0x000001ae89e30280 GCTaskThread "GC Thread#4" [stack: 0x00000010fc400000,0x00000010fc500000] [id=2800]
  0x000001ae89e2dc40 GCTaskThread "GC Thread#5" [stack: 0x00000010fc500000,0x00000010fc600000] [id=16480]
  0x000001aee98afe00 ConcurrentGCThread "G1 Main Marker" [stack: 0x00000010fac00000,0x00000010fad00000] [id=26120]
  0x000001aee98b0900 ConcurrentGCThread "G1 Conc#0" [stack: 0x00000010fad00000,0x00000010fae00000] [id=26124]
  0x000001ae89e2e5d0 ConcurrentGCThread "G1 Conc#1" [stack: 0x00000010fcb00000,0x00000010fcc00000] [id=29236]
  0x000001aee9904f30 ConcurrentGCThread "G1 Refine#0" [stack: 0x00000010fae00000,0x00000010faf00000] [id=26128]
  0x000001ae89e5dba0 ConcurrentGCThread "G1 Refine#1" [stack: 0x00000010fc600000,0x00000010fc700000] [id=18408]
  0x000001aee9905a40 ConcurrentGCThread "G1 Young RemSet Sampling" [stack: 0x00000010faf00000,0x00000010fb000000] [id=26132]

Threads with active compile tasks:
C1 CompilerThread0    25040 2059       1       org.eclipse.jdt.launching.internal.org.objectweb.asm.ClassReader::readCode (5109 bytes)

VM state: not at safepoint (normal execution)

VM Mutex/Monitor currently owned by a thread: None

Heap address: 0x0000000701200000, size: 4078 MB, Compressed Oops mode: Zero based, Oop shift amount: 3
CDS disabled.
Compressed class space mapped at: 0x0000000800000000-0x0000000840000000, size: 1073741824
Narrow klass base: 0x0000000800000000, Narrow klass shift: 0, Narrow klass range: 0x40000000

GC Precious Log:
 CPUs: 8 total, 8 available
 Memory: 16304M
 Large Page Support: Disabled
 NUMA Support: Disabled
 Compressed Oops: Enabled (Zero based)
 Heap Region Size: 2M
 Heap Min Capacity: 8M
 Heap Initial Capacity: 256M
 Heap Max Capacity: 4078M
 Pre-touch: Disabled
 Parallel Workers: 8
 Concurrent Workers: 2
 Concurrent Refinement Workers: 8
 Periodic GC: Disabled

Heap:
 garbage-first heap   total 49152K, used 17027K [0x0000000701200000, 0x0000000800000000)
  region size 2048K, 7 young (14336K), 2 survivors (4096K)
 Metaspace       used 21534K, capacity 21860K, committed 22192K, reserved 1073152K
  class space    used 2387K, capacity 2484K, committed 2560K, reserved 1048576K

Heap Regions: E=young(eden), S=young(survivor), O=old, HS=humongous(starts), HC=humongous(continues), CS=collection set, F=free, OA=open archive, CA=closed archive, TAMS=top-at-mark-start (previous, next)
|   0|0x0000000701200000, 0x0000000701400000, 0x0000000701400000|100%| O|  |TAMS 0x0000000701400000, 0x0000000701200000| Untracked 
|   1|0x0000000701400000, 0x0000000701600000, 0x0000000701600000|100%| O|  |TAMS 0x0000000701600000, 0x0000000701400000| Untracked 
|   2|0x0000000701600000, 0x0000000701800000, 0x0000000701800000|100%| O|  |TAMS 0x0000000701800000, 0x0000000701600000| Untracked 
|   3|0x0000000701800000, 0x0000000701860e00, 0x0000000701a00000| 18%| O|  |TAMS 0x0000000701860e00, 0x0000000701800000| Untracked 
|   4|0x0000000701a00000, 0x0000000701a00000, 0x0000000701c00000|  0%| F|  |TAMS 0x0000000701a00000, 0x0000000701a00000| Untracked 
|   5|0x0000000701c00000, 0x0000000701c00000, 0x0000000701e00000|  0%| F|  |TAMS 0x0000000701c00000, 0x0000000701c00000| Untracked 
|   6|0x0000000701e00000, 0x0000000701e00000, 0x0000000702000000|  0%| F|  |TAMS 0x0000000701e00000, 0x0000000701e00000| Untracked 
|   7|0x0000000702000000, 0x0000000702000000, 0x0000000702200000|  0%| F|  |TAMS 0x0000000702000000, 0x0000000702000000| Untracked 
|   8|0x0000000702200000, 0x0000000702200000, 0x0000000702400000|  0%| F|  |TAMS 0x0000000702200000, 0x0000000702200000| Untracked 
|   9|0x0000000702400000, 0x0000000702400000, 0x0000000702600000|  0%| F|  |TAMS 0x0000000702400000, 0x0000000702400000| Untracked 
|  10|0x0000000702600000, 0x0000000702600000, 0x0000000702800000|  0%| F|  |TAMS 0x0000000702600000, 0x0000000702600000| Untracked 
|  11|0x0000000702800000, 0x0000000702800000, 0x0000000702a00000|  0%| F|  |TAMS 0x0000000702800000, 0x0000000702800000| Untracked 
|  12|0x0000000702a00000, 0x0000000702a00000, 0x0000000702c00000|  0%| F|  |TAMS 0x0000000702a00000, 0x0000000702a00000| Untracked 
|  13|0x0000000702c00000, 0x0000000702c00000, 0x0000000702e00000|  0%| F|  |TAMS 0x0000000702c00000, 0x0000000702c00000| Untracked 
|  14|0x0000000702e00000, 0x0000000702e00000, 0x0000000703000000|  0%| F|  |TAMS 0x0000000702e00000, 0x0000000702e00000| Untracked 
|  15|0x0000000703000000, 0x0000000703000000, 0x0000000703200000|  0%| F|  |TAMS 0x0000000703000000, 0x0000000703000000| Untracked 
|  16|0x0000000703200000, 0x0000000703200000, 0x0000000703400000|  0%| F|  |TAMS 0x0000000703200000, 0x0000000703200000| Untracked 
|  17|0x0000000703400000, 0x0000000703500800, 0x0000000703600000| 50%| E|  |TAMS 0x0000000703400000, 0x0000000703400000| Complete 
|  18|0x0000000703600000, 0x0000000703800000, 0x0000000703800000|100%| E|CS|TAMS 0x0000000703600000, 0x0000000703600000| Complete 
|  19|0x0000000703800000, 0x0000000703a00000, 0x0000000703a00000|100%| E|CS|TAMS 0x0000000703800000, 0x0000000703800000| Complete 
|  20|0x0000000703a00000, 0x0000000703c00000, 0x0000000703c00000|100%| E|CS|TAMS 0x0000000703a00000, 0x0000000703a00000| Complete 
| 111|0x000000070f000000, 0x000000070f0401b8, 0x000000070f200000| 12%| S|CS|TAMS 0x000000070f000000, 0x000000070f000000| Complete 
| 112|0x000000070f200000, 0x000000070f400000, 0x000000070f400000|100%| S|CS|TAMS 0x000000070f200000, 0x000000070f200000| Complete 
| 127|0x0000000711000000, 0x0000000711200000, 0x0000000711200000|100%| E|CS|TAMS 0x0000000711000000, 0x0000000711000000| Complete 

Card table byte_map: [0x000001aefcd80000,0x000001aefd580000] _byte_map_base: 0x000001aef9577000

Marking Bits (Prev, Next): (CMBitMap*) 0x000001aee989e580, (CMBitMap*) 0x000001aee989e540
 Prev Bits: [0x000001ae83fc0000, 0x000001ae87f78000)
 Next Bits: [0x000001ae80000000, 0x000001ae83fb8000)

Polling page: 0x000001aee7850000

Metaspace:

Usage:
  Non-class:     18.92 MB capacity,    18.71 MB ( 99%) used,   184.39 KB ( <1%) free+waste,    32.19 KB ( <1%) overhead. 
      Class:      2.43 MB capacity,     2.33 MB ( 96%) used,    81.19 KB (  3%) free+waste,    12.50 KB ( <1%) overhead. 
       Both:     21.35 MB capacity,    21.04 MB ( 99%) used,   265.58 KB (  1%) free+waste,    44.69 KB ( <1%) overhead. 

Virtual space:
  Non-class space:       24.00 MB reserved,      19.17 MB ( 80%) committed 
      Class space:        1.00 GB reserved,       2.50 MB ( <1%) committed 
             Both:        1.02 GB reserved,      21.67 MB (  2%) committed 

Chunk freelists:
   Non-Class:  64.00 KB
       Class:  12.00 KB
        Both:  76.00 KB

MaxMetaspaceSize: 17179869184.00 GB
CompressedClassSpaceSize: 1.00 GB

CodeHeap 'non-profiled nmethods': size=238336Kb used=3308Kb max_used=3308Kb free=235027Kb
 bounds [0x000001aeed990000, 0x000001aeedcd0000, 0x000001aefc250000]
CodeHeap 'non-nmethods': size=7424Kb used=1273Kb max_used=1273Kb free=6151Kb
 bounds [0x000001aeed250000, 0x000001aeed4c0000, 0x000001aeed990000]
 total_blobs=2501 nmethods=2054 adapters=374
 compilation: enabled
              stopped_count=0, restarted_count=0
 full_count=0

Compilation events (20 events):
Event: 24.703 Thread 0x000001ae8908ee70 nmethod 2038 0x000001aeedcc5010 code [0x000001aeedcc52c0, 0x000001aeedcc5dc8]
Event: 24.705 Thread 0x000001ae8908ee70 2050       1       java.util.ArrayDeque::<init> (14 bytes)
Event: 24.706 Thread 0x000001ae8908ee70 nmethod 2050 0x000001aeedcc6590 code [0x000001aeedcc6720, 0x000001aeedcc68d8]
Event: 24.706 Thread 0x000001ae8908ee70 2051   !   1       jdk.internal.loader.BuiltinClassLoader$2::run (114 bytes)
Event: 24.706 Thread 0x000001ae8908ee70 nmethod 2051 0x000001aeedcc6990 code [0x000001aeedcc6bc0, 0x000001aeedcc70d8]
Event: 24.707 Thread 0x000001ae8908ee70 2052       1       sun.nio.cs.SingleByte$Encoder::encode (32 bytes)
Event: 24.707 Thread 0x000001ae8908ee70 nmethod 2052 0x000001aeedcc7490 code [0x000001aeedcc7620, 0x000001aeedcc7778]
Event: 24.708 Thread 0x000001ae8908ee70 2053       1       java.util.BitSet::wordIndex (5 bytes)
Event: 24.709 Thread 0x000001ae8908ee70 nmethod 2053 0x000001aeedcc7890 code [0x000001aeedcc7a20, 0x000001aeedcc7ab8]
Event: 24.709 Thread 0x000001ae8908ee70 2054       1       java.util.BitSet::checkInvariants (111 bytes)
Event: 24.709 Thread 0x000001ae8908ee70 nmethod 2054 0x000001aeedcc7b90 code [0x000001aeedcc7d20, 0x000001aeedcc7dd8]
Event: 24.711 Thread 0x000001ae8908ee70 2055   !   1       java.lang.invoke.MethodHandles$Lookup::canBeCached (150 bytes)
Event: 24.713 Thread 0x000001ae8908ee70 nmethod 2055 0x000001aeedcc7e90 code [0x000001aeedcc8100, 0x000001aeedcc89c8]
Event: 24.713 Thread 0x000001ae8908ee70 2056       1       java.util.BitSet::get (69 bytes)
Event: 24.714 Thread 0x000001ae8908ee70 nmethod 2056 0x000001aeedcc9090 code [0x000001aeedcc92a0, 0x000001aeedcc9788]
Event: 24.714 Thread 0x000001ae8908ee70 2057       1       java.lang.reflect.Constructor::getRoot (5 bytes)
Event: 24.714 Thread 0x000001ae8908ee70 nmethod 2057 0x000001aeedcc9a90 code [0x000001aeedcc9c20, 0x000001aeedcc9cd8]
Event: 24.976 Thread 0x000001ae8908ee70 2058       1       org.eclipse.jdt.launching.internal.org.objectweb.asm.MethodWriter::visitLocalVariable (222 bytes)
Event: 24.977 Thread 0x000001ae8908ee70 nmethod 2058 0x000001aeedcc9d90 code [0x000001aeedcca040, 0x000001aeedcca9f8]
Event: 24.978 Thread 0x000001ae8908ee70 2059       1       org.eclipse.jdt.launching.internal.org.objectweb.asm.ClassReader::readCode (5109 bytes)

GC Heap History (6 events):
Event: 17.361 GC heap before
{Heap before GC invocations=0 (full 0):
 garbage-first heap   total 262144K, used 20480K [0x0000000701200000, 0x0000000800000000)
  region size 2048K, 11 young (22528K), 0 survivors (0K)
 Metaspace       used 14595K, capacity 14794K, committed 14848K, reserved 1062912K
  class space    used 1433K, capacity 1512K, committed 1536K, reserved 1048576K
}
Event: 17.633 GC heap after
{Heap after GC invocations=1 (full 0):
 garbage-first heap   total 262144K, used 6406K [0x0000000701200000, 0x0000000800000000)
  region size 2048K, 2 young (4096K), 2 survivors (4096K)
 Metaspace       used 14595K, capacity 14794K, committed 14848K, reserved 1062912K
  class space    used 1433K, capacity 1512K, committed 1536K, reserved 1048576K
}
Event: 21.268 GC heap before
{Heap before GC invocations=1 (full 0):
 garbage-first heap   total 262144K, used 26886K [0x0000000701200000, 0x0000000800000000)
  region size 2048K, 12 young (24576K), 2 survivors (4096K)
 Metaspace       used 17572K, capacity 17874K, committed 18048K, reserved 1064960K
  class space    used 1802K, capacity 1904K, committed 1920K, reserved 1048576K
}
Event: 21.272 GC heap after
{Heap after GC invocations=2 (full 0):
 garbage-first heap   total 262144K, used 7922K [0x0000000701200000, 0x0000000800000000)
  region size 2048K, 1 young (2048K), 1 survivors (2048K)
 Metaspace       used 17572K, capacity 17874K, committed 18048K, reserved 1064960K
  class space    used 1802K, capacity 1904K, committed 1920K, reserved 1048576K
}
Event: 24.654 GC heap before
{Heap before GC invocations=2 (full 0):
 garbage-first heap   total 262144K, used 34546K [0x0000000701200000, 0x0000000800000000)
  region size 2048K, 15 young (30720K), 1 survivors (2048K)
 Metaspace       used 20882K, capacity 21182K, committed 21296K, reserved 1069056K
  class space    used 2270K, capacity 2386K, committed 2432K, reserved 1048576K
}
Event: 24.657 GC heap after
{Heap after GC invocations=3 (full 0):
 garbage-first heap   total 262144K, used 8835K [0x0000000701200000, 0x0000000800000000)
  region size 2048K, 2 young (4096K), 2 survivors (4096K)
 Metaspace       used 20882K, capacity 21182K, committed 21296K, reserved 1069056K
  class space    used 2270K, capacity 2386K, committed 2432K, reserved 1048576K
}

Deoptimization events (20 events):
Event: 24.700 Thread 0x000001ae8a00bcb0 DEOPT PACKING pc=0x000001aeedb9836c sp=0x00000010fccfe3c0
Event: 24.700 Thread 0x000001ae8a00bcb0 DEOPT UNPACKING pc=0x000001aeed29e23f sp=0x00000010fccfd858 mode 1
Event: 24.700 Thread 0x000001ae8a00bcb0 DEOPT PACKING pc=0x000001aeedbbfbfc sp=0x00000010fccfe490
Event: 24.700 Thread 0x000001ae8a00bcb0 DEOPT UNPACKING pc=0x000001aeed29e23f sp=0x00000010fccfd948 mode 1
Event: 24.704 Thread 0x000001aee984aa00 DEOPT PACKING pc=0x000001aeedb0a5ac sp=0x00000010faafef60
Event: 24.704 Thread 0x000001aee984aa00 DEOPT UNPACKING pc=0x000001aeed29e23f sp=0x00000010faafe588 mode 1
Event: 24.704 Thread 0x000001aee984aa00 DEOPT PACKING pc=0x000001aeedb0f7fc sp=0x00000010faaff190
Event: 24.704 Thread 0x000001aee984aa00 DEOPT UNPACKING pc=0x000001aeed29e23f sp=0x00000010faafe658 mode 1
Event: 24.705 Thread 0x000001aee984aa00 DEOPT PACKING pc=0x000001aeedb0a5ac sp=0x00000010faafef60
Event: 24.705 Thread 0x000001aee984aa00 DEOPT UNPACKING pc=0x000001aeed29e23f sp=0x00000010faafe588 mode 1
Event: 24.705 Thread 0x000001aee984aa00 DEOPT PACKING pc=0x000001aeedb0f7fc sp=0x00000010faaff190
Event: 24.705 Thread 0x000001aee984aa00 DEOPT UNPACKING pc=0x000001aeed29e23f sp=0x00000010faafe658 mode 1
Event: 24.706 Thread 0x000001aee984aa00 DEOPT PACKING pc=0x000001aeedb0a5ac sp=0x00000010faafef60
Event: 24.706 Thread 0x000001aee984aa00 DEOPT UNPACKING pc=0x000001aeed29e23f sp=0x00000010faafe588 mode 1
Event: 24.706 Thread 0x000001aee984aa00 DEOPT PACKING pc=0x000001aeedb0f7fc sp=0x00000010faaff190
Event: 24.706 Thread 0x000001aee984aa00 DEOPT UNPACKING pc=0x000001aeed29e23f sp=0x00000010faafe658 mode 1
Event: 24.706 Thread 0x000001aee984aa00 DEOPT PACKING pc=0x000001aeedb0a5ac sp=0x00000010faafef70
Event: 24.706 Thread 0x000001aee984aa00 DEOPT UNPACKING pc=0x000001aeed29e23f sp=0x00000010faafe598 mode 1
Event: 24.706 Thread 0x000001aee984aa00 DEOPT PACKING pc=0x000001aeedb0f7fc sp=0x00000010faaff1a0
Event: 24.706 Thread 0x000001aee984aa00 DEOPT UNPACKING pc=0x000001aeed29e23f sp=0x00000010faafe668 mode 1

Classes unloaded (0 events):
No events

Classes redefined (0 events):
No events

Internal exceptions (20 events):
Event: 22.295 Thread 0x000001aee984aa00 Exception <a 'java/lang/IncompatibleClassChangeError'{0x00000007109f8f18}: Found class java.lang.Object, but interface was expected> (0x00000007109f8f18) 
thrown [./open/src/hotspot/share/interpreter/linkResolver.cpp, line 848]
Event: 22.362 Thread 0x000001ae89f586c0 Exception <a 'java/lang/reflect/InvocationTargetException'{0x00000007106f4378}> (0x00000007106f4378) 
thrown [./open/src/hotspot/share/runtime/reflection.cpp, line 1157]
Event: 22.486 Thread 0x000001aee984aa00 Exception <a 'java/lang/NoSuchMethodError'{0x00000007104333c8}: 'int java.lang.invoke.DirectMethodHandle$Holder.invokeSpecial(java.lang.Object, java.lang.Object, java.lang.Object, java.lang.Object)'> (0x00000007104333c8) 
thrown [./open/src/hotspot/share/interpreter/linkResolver.cpp, line 782]
Event: 22.949 Thread 0x000001aee984aa00 Exception <a 'java/lang/NoSuchMethodError'{0x00000007103e77a0}: 'java.lang.Object java.lang.invoke.DirectMethodHandle$Holder.newInvokeSpecial(java.lang.Object, java.lang.Object, java.lang.Object, java.lang.Object, java.lang.Object, java.lang.Object)'> (0x00000007103e77a0) 
thrown [./open/src/hotspot/share/interpreter/linkResolver.cpp, line 782]
Event: 23.030 Thread 0x000001aee984aa00 Exception <a 'java/lang/NoSuchMethodError'{0x0000000710170438}: 'java.lang.Object java.lang.invoke.DirectMethodHandle$Holder.invokeSpecial(java.lang.Object, java.lang.Object, java.lang.Object, java.lang.Object, java.lang.Object, java.lang.Object, int)'> (0x0000000710170438) 
thrown [./open/src/hotspot/share/interpreter/linkResolver.cpp, line 782]
Event: 23.031 Thread 0x000001aee984aa00 Exception <a 'java/lang/NoSuchMethodError'{0x000000071017baa8}: 'java.lang.Object java.lang.invoke.DirectMethodHandle$Holder.newInvokeSpecial(java.lang.Object, java.lang.Object, java.lang.Object, java.lang.Object, java.lang.Object, java.lang.Object, int)'> (0x000000071017baa8) 
thrown [./open/src/hotspot/share/interpreter/linkResolver.cpp, line 782]
Event: 23.032 Thread 0x000001aee984aa00 Exception <a 'java/lang/NoSuchMethodError'{0x0000000710183a60}: 'java.lang.Object java.lang.invoke.DirectMethodHandle$Holder.invokeSpecial(java.lang.Object, java.lang.Object, java.lang.Object, java.lang.Object, java.lang.Object, java.lang.Object, java.lang.Object, int)'> (0x0000000710183a60) 
thrown [./open/src/hotspot/share/interpreter/linkResolver.cpp, line 782]
Event: 23.290 Thread 0x000001aee984aa00 Exception <a 'java/lang/NoSuchMethodError'{0x000000070fbd5030}: 'java.lang.Object java.lang.invoke.DirectMethodHandle$Holder.invokeSpecial(java.lang.Object, java.lang.Object, java.lang.Object, java.lang.Object, int)'> (0x000000070fbd5030) 
thrown [./open/src/hotspot/share/interpreter/linkResolver.cpp, line 782]
Event: 23.291 Thread 0x000001aee984aa00 Exception <a 'java/lang/NoSuchMethodError'{0x000000070fbddee8}: 'java.lang.Object java.lang.invoke.DirectMethodHandle$Holder.newInvokeSpecial(java.lang.Object, java.lang.Object, java.lang.Object, java.lang.Object, int)'> (0x000000070fbddee8) 
thrown [./open/src/hotspot/share/interpreter/linkResolver.cpp, line 782]
Event: 23.291 Thread 0x000001aee984aa00 Exception <a 'java/lang/NoSuchMethodError'{0x000000070fbe2480}: 'java.lang.Object java.lang.invoke.DirectMethodHandle$Holder.invokeSpecial(java.lang.Object, java.lang.Object, java.lang.Object, java.lang.Object, java.lang.Object, int)'> (0x000000070fbe2480) 
thrown [./open/src/hotspot/share/interpreter/linkResolver.cpp, line 782]
Event: 23.291 Thread 0x000001aee984aa00 Exception <a 'java/lang/NoSuchMethodError'{0x000000070fbe6168}: 'java.lang.Object java.lang.invoke.Invokers$Holder.linkToTargetMethod(java.lang.Object, java.lang.Object, java.lang.Object, int, java.lang.Object)'> (0x000000070fbe6168) 
thrown [./open/src/hotspot/share/interpreter/linkResolver.cpp, line 782]
Event: 23.293 Thread 0x000001aee984aa00 Exception <a 'java/lang/NoSuchMethodError'{0x000000070fbfd100}: 'java.lang.Object java.lang.invoke.DirectMethodHandle$Holder.newInvokeSpecial(java.lang.Object, int, java.lang.Object)'> (0x000000070fbfd100) 
thrown [./open/src/hotspot/share/interpreter/linkResolver.cpp, line 782]
Event: 23.293 Thread 0x000001aee984aa00 Exception <a 'java/lang/NoSuchMethodError'{0x000000070f801838}: 'int java.lang.invoke.DirectMethodHandle$Holder.invokeSpecialIFC(java.lang.Object, java.lang.Object, java.lang.Object, java.lang.Object)'> (0x000000070f801838) 
thrown [./open/src/hotspot/share/interpreter/linkResolver.cpp, line 782]
Event: 23.493 Thread 0x000001aee984aa00 Exception <a 'java/lang/NoSuchMethodError'{0x000000070f90f860}: 'void java.lang.invoke.DirectMethodHandle$Holder.invokeInterface(java.lang.Object, java.lang.Object, java.lang.Object)'> (0x000000070f90f860) 
thrown [./open/src/hotspot/share/interpreter/linkResolver.cpp, line 782]
Event: 23.732 Thread 0x000001ae89f586c0 Exception <a 'java/lang/reflect/InvocationTargetException'{0x00000007106f8610}> (0x00000007106f8610) 
thrown [./open/src/hotspot/share/runtime/reflection.cpp, line 1157]
Event: 24.087 Thread 0x000001aee984aa00 Exception <a 'java/lang/NoSuchMethodError'{0x000000070f7518b8}: 'void java.lang.invoke.DirectMethodHandle$Holder.invokeStatic(java.lang.Object, java.lang.Object, int)'> (0x000000070f7518b8) 
thrown [./open/src/hotspot/share/interpreter/linkResolver.cpp, line 782]
Event: 24.093 Thread 0x000001aee984aa00 Exception <a 'java/lang/NoSuchMethodError'{0x000000070f76f9d8}: 'void java.lang.invoke.DirectMethodHandle$Holder.invokeStaticInit(java.lang.Object, java.lang.Object, java.lang.Object)'> (0x000000070f76f9d8) 
thrown [./open/src/hotspot/share/interpreter/linkResolver.cpp, line 782]
Event: 24.111 Thread 0x000001aee984aa00 Exception <a 'java/lang/NoSuchMethodError'{0x000000070f410118}: 'void java.lang.invoke.DirectMethodHandle$Holder.invokeVirtual(java.lang.Object, java.lang.Object, java.lang.Object, java.lang.Object)'> (0x000000070f410118) 
thrown [./open/src/hotspot/share/interpreter/linkResolver.cpp, line 782]
Event: 24.690 Thread 0x000001aee984aa00 Exception <a 'java/lang/NoSuchMethodError'{0x0000000703a4c388}: 'void java.lang.invoke.DirectMethodHandle$Holder.invokeSpecial(java.lang.Object, java.lang.Object, java.lang.Object, java.lang.Object, java.lang.Object)'> (0x0000000703a4c388) 
thrown [./open/src/hotspot/share/interpreter/linkResolver.cpp, line 782]
Event: 24.700 Thread 0x000001ae8a00bcb0 Exception <a 'java/lang/NoClassDefFoundError'{0x0000000703b1f7c0}: javax/validation/Validation> (0x0000000703b1f7c0) 
thrown [./open/src/hotspot/share/classfile/systemDictionary.cpp, line 284]

Events (20 events):
Event: 24.097 loading class java/util/stream/ReduceOps$2
Event: 24.097 loading class java/util/stream/ReduceOps$2 done
Event: 24.097 loading class java/util/stream/ReduceOps$2ReducingSink
Event: 24.097 loading class java/util/stream/ReduceOps$2ReducingSink done
Event: 24.642 loading class java/util/Stack
Event: 24.642 loading class java/util/Stack done
Event: 24.642 Executing VM operation: HandshakeAllThreads
Event: 24.642 Executing VM operation: HandshakeAllThreads done
Event: 24.646 loading class java/util/Vector$Itr
Event: 24.646 loading class java/util/Vector$Itr done
Event: 24.654 Executing VM operation: CollectForMetadataAllocation
Event: 24.657 Executing VM operation: CollectForMetadataAllocation done
Event: 24.666 Executing VM operation: G1Concurrent
Event: 24.673 Executing VM operation: G1Concurrent done
Event: 24.675 Executing VM operation: G1Concurrent
Event: 24.676 Executing VM operation: G1Concurrent done
Event: 24.694 Thread 0x000001ae8a00bcb0 Thread added: 0x000001ae8a00bcb0
Event: 24.696 Loaded shared library D:\ProgramFiles\SpringTools4\sts-4.10.0.RELEASE\plugins\org.eclipse.justj.openjdk.hotspot.jre.full.win32.x86_64_15.0.2.v20210201-0955\jre\bin\java.dll
Event: 24.711 Executing VM operation: HandshakeAllThreads
Event: 24.711 Executing VM operation: HandshakeAllThreads done


Dynamic libraries:
0x00007ff7464c0000 - 0x00007ff7464cd000 	D:\ProgramFiles\SpringTools4\sts-4.10.0.RELEASE\plugins\org.eclipse.justj.openjdk.hotspot.jre.full.win32.x86_64_15.0.2.v20210201-0955\jre\bin\javaw.exe
0x00007ffd2dd50000 - 0x00007ffd2df45000 	C:\WINDOWS\SYSTEM32\ntdll.dll
0x00007ffd2c310000 - 0x00007ffd2c3cd000 	C:\WINDOWS\System32\KERNEL32.DLL
0x00007ffd2bab0000 - 0x00007ffd2bd78000 	C:\WINDOWS\System32\KERNELBASE.dll
0x00007ffd2b7a0000 - 0x00007ffd2b8a0000 	C:\WINDOWS\System32\ucrtbase.dll
0x00007ffd14250000 - 0x00007ffd14268000 	D:\ProgramFiles\SpringTools4\sts-4.10.0.RELEASE\plugins\org.eclipse.justj.openjdk.hotspot.jre.full.win32.x86_64_15.0.2.v20210201-0955\jre\bin\jli.dll
0x00007ffd01f50000 - 0x00007ffd01f69000 	D:\ProgramFiles\SpringTools4\sts-4.10.0.RELEASE\plugins\org.eclipse.justj.openjdk.hotspot.jre.full.win32.x86_64_15.0.2.v20210201-0955\jre\bin\VCRUNTIME140.dll
0x00007ffd2d860000 - 0x00007ffd2da00000 	C:\WINDOWS\System32\USER32.dll
0x00007ffd2bd80000 - 0x00007ffd2bda2000 	C:\WINDOWS\System32\win32u.dll
0x00007ffd1df60000 - 0x00007ffd1e1fa000 	C:\WINDOWS\WinSxS\amd64_microsoft.windows.common-controls_6595b64144ccf1df_6.0.19041.844_none_ca00b6081b84eb1d\COMCTL32.dll
0x00007ffd2c090000 - 0x00007ffd2c0ba000 	C:\WINDOWS\System32\GDI32.dll
0x00007ffd2d730000 - 0x00007ffd2d7ce000 	C:\WINDOWS\System32\msvcrt.dll
0x00007ffd2b8f0000 - 0x00007ffd2b9fb000 	C:\WINDOWS\System32\gdi32full.dll
0x00007ffd2b700000 - 0x00007ffd2b79d000 	C:\WINDOWS\System32\msvcp_win.dll
0x00007ffd2c480000 - 0x00007ffd2c4b0000 	C:\WINDOWS\System32\IMM32.DLL
0x00007ffd154a0000 - 0x00007ffd154ac000 	D:\ProgramFiles\SpringTools4\sts-4.10.0.RELEASE\plugins\org.eclipse.justj.openjdk.hotspot.jre.full.win32.x86_64_15.0.2.v20210201-0955\jre\bin\vcruntime140_1.dll
0x00007ffcdaa30000 - 0x00007ffcdaac1000 	D:\ProgramFiles\SpringTools4\sts-4.10.0.RELEASE\plugins\org.eclipse.justj.openjdk.hotspot.jre.full.win32.x86_64_15.0.2.v20210201-0955\jre\bin\msvcp140.dll
0x00007ffcbc010000 - 0x00007ffcbcb6e000 	D:\ProgramFiles\SpringTools4\sts-4.10.0.RELEASE\plugins\org.eclipse.justj.openjdk.hotspot.jre.full.win32.x86_64_15.0.2.v20210201-0955\jre\bin\server\jvm.dll
0x00007ffd2c3d0000 - 0x00007ffd2c47c000 	C:\WINDOWS\System32\ADVAPI32.dll
0x00007ffd2c270000 - 0x00007ffd2c30b000 	C:\WINDOWS\System32\sechost.dll
0x00007ffd2dac0000 - 0x00007ffd2dbeb000 	C:\WINDOWS\System32\RPCRT4.dll
0x00007ffd2c4b0000 - 0x00007ffd2c4b8000 	C:\WINDOWS\System32\PSAPI.DLL
0x00007ffd11b20000 - 0x00007ffd11b29000 	C:\WINDOWS\SYSTEM32\WSOCK32.dll
0x00007ffd2c0c0000 - 0x00007ffd2c12b000 	C:\WINDOWS\System32\WS2_32.dll
0x00007ffd1e570000 - 0x00007ffd1e597000 	C:\WINDOWS\SYSTEM32\WINMM.dll
0x00007ffd21110000 - 0x00007ffd2111a000 	C:\WINDOWS\SYSTEM32\VERSION.dll
0x00007ffd29400000 - 0x00007ffd29412000 	C:\WINDOWS\SYSTEM32\kernel.appcore.dll
0x00007ffd15740000 - 0x00007ffd1574a000 	D:\ProgramFiles\SpringTools4\sts-4.10.0.RELEASE\plugins\org.eclipse.justj.openjdk.hotspot.jre.full.win32.x86_64_15.0.2.v20210201-0955\jre\bin\jimage.dll
0x00007ffd28cd0000 - 0x00007ffd28eb4000 	C:\WINDOWS\SYSTEM32\DBGHELP.DLL
0x00007ffd08170000 - 0x00007ffd0819c000 	C:\WINDOWS\SYSTEM32\dbgcore.DLL
0x00007ffd2b520000 - 0x00007ffd2b5a0000 	C:\WINDOWS\System32\bcryptPrimitives.dll
0x00007ffd02900000 - 0x00007ffd02939000 	D:\ProgramFiles\SpringTools4\sts-4.10.0.RELEASE\plugins\org.eclipse.justj.openjdk.hotspot.jre.full.win32.x86_64_15.0.2.v20210201-0955\jre\bin\jdwp.dll
0x00007ffd15640000 - 0x00007ffd1564e000 	D:\ProgramFiles\SpringTools4\sts-4.10.0.RELEASE\plugins\org.eclipse.justj.openjdk.hotspot.jre.full.win32.x86_64_15.0.2.v20210201-0955\jre\bin\instrument.dll
0x00007ffcff4d0000 - 0x00007ffcff4f5000 	D:\ProgramFiles\SpringTools4\sts-4.10.0.RELEASE\plugins\org.eclipse.justj.openjdk.hotspot.jre.full.win32.x86_64_15.0.2.v20210201-0955\jre\bin\java.dll
0x00007ffd02dc0000 - 0x00007ffd02dd8000 	D:\ProgramFiles\SpringTools4\sts-4.10.0.RELEASE\plugins\org.eclipse.justj.openjdk.hotspot.jre.full.win32.x86_64_15.0.2.v20210201-0955\jre\bin\zip.dll
0x00007ffd2c960000 - 0x00007ffd2d0a2000 	C:\WINDOWS\System32\SHELL32.dll
0x00007ffd29590000 - 0x00007ffd29d21000 	C:\WINDOWS\SYSTEM32\windows.storage.dll
0x00007ffd2c600000 - 0x00007ffd2c955000 	C:\WINDOWS\System32\combase.dll
0x00007ffd2ae30000 - 0x00007ffd2ae5c000 	C:\WINDOWS\SYSTEM32\Wldp.dll
0x00007ffd2bf10000 - 0x00007ffd2bfbe000 	C:\WINDOWS\System32\SHCORE.dll
0x00007ffd2d0b0000 - 0x00007ffd2d105000 	C:\WINDOWS\System32\shlwapi.dll
0x00007ffd2b3d0000 - 0x00007ffd2b3ef000 	C:\WINDOWS\SYSTEM32\profapi.dll
0x00007ffd26070000 - 0x00007ffd2607b000 	D:\ProgramFiles\SpringTools4\sts-4.10.0.RELEASE\plugins\org.eclipse.justj.openjdk.hotspot.jre.full.win32.x86_64_15.0.2.v20210201-0955\jre\bin\dt_socket.dll
0x00007ffd2a8d0000 - 0x00007ffd2a90b000 	C:\WINDOWS\SYSTEM32\IPHLPAPI.DLL
0x00007ffd2ac10000 - 0x00007ffd2ac7a000 	C:\WINDOWS\system32\mswsock.dll
0x00007ffd2a910000 - 0x00007ffd2a9dc000 	C:\WINDOWS\SYSTEM32\DNSAPI.dll
0x00007ffd2dbf0000 - 0x00007ffd2dbf8000 	C:\WINDOWS\System32\NSI.dll
0x00007ffd22f40000 - 0x00007ffd22f4a000 	C:\Windows\System32\rasadhlp.dll
0x00007ffd19800000 - 0x00007ffd1987f000 	C:\WINDOWS\System32\fwpuclnt.dll
0x00007ffd2b4f0000 - 0x00007ffd2b517000 	C:\WINDOWS\System32\bcrypt.dll
0x00007ffd00540000 - 0x00007ffd00559000 	D:\ProgramFiles\SpringTools4\sts-4.10.0.RELEASE\plugins\org.eclipse.justj.openjdk.hotspot.jre.full.win32.x86_64_15.0.2.v20210201-0955\jre\bin\net.dll
0x00007ffd19ff0000 - 0x00007ffd1a0fb000 	C:\WINDOWS\SYSTEM32\WINHTTP.dll
0x00007ffcfe430000 - 0x00007ffcfe442000 	D:\ProgramFiles\SpringTools4\sts-4.10.0.RELEASE\plugins\org.eclipse.justj.openjdk.hotspot.jre.full.win32.x86_64_15.0.2.v20210201-0955\jre\bin\nio.dll
0x00007ffd14de0000 - 0x00007ffd14de9000 	D:\ProgramFiles\SpringTools4\sts-4.10.0.RELEASE\plugins\org.eclipse.justj.openjdk.hotspot.jre.full.win32.x86_64_15.0.2.v20210201-0955\jre\bin\management.dll
0x00007ffd08350000 - 0x00007ffd0835b000 	D:\ProgramFiles\SpringTools4\sts-4.10.0.RELEASE\plugins\org.eclipse.justj.openjdk.hotspot.jre.full.win32.x86_64_15.0.2.v20210201-0955\jre\bin\management_ext.dll
0x00007ffd085e0000 - 0x00007ffd085f7000 	C:\WINDOWS\system32\napinsp.dll
0x00007ffd085c0000 - 0x00007ffd085db000 	C:\WINDOWS\system32\pnrpnsp.dll
0x00007ffd25520000 - 0x00007ffd25535000 	C:\WINDOWS\system32\wshbth.dll
0x00007ffd25f20000 - 0x00007ffd25f3d000 	C:\WINDOWS\system32\NLAapi.dll
0x00007ffd083f0000 - 0x00007ffd08402000 	C:\WINDOWS\System32\winrnr.dll
0x00007ffd2b160000 - 0x00007ffd2b178000 	C:\WINDOWS\SYSTEM32\CRYPTSP.dll
0x00007ffd2a560000 - 0x00007ffd2a594000 	C:\WINDOWS\system32\rsaenh.dll
0x00007ffd2b390000 - 0x00007ffd2b3be000 	C:\WINDOWS\SYSTEM32\USERENV.dll
0x00007ffd2ad90000 - 0x00007ffd2ad9c000 	C:\WINDOWS\SYSTEM32\CRYPTBASE.dll
0x00007ffd234d0000 - 0x00007ffd234e7000 	C:\WINDOWS\SYSTEM32\dhcpcsvc6.DLL
0x00007ffd22f90000 - 0x00007ffd22fad000 	C:\WINDOWS\SYSTEM32\dhcpcsvc.DLL
0x00007ffd15630000 - 0x00007ffd15640000 	D:\ProgramFiles\SpringTools4\sts-4.10.0.RELEASE\plugins\org.eclipse.justj.openjdk.hotspot.jre.full.win32.x86_64_15.0.2.v20210201-0955\jre\bin\verify.dll

dbghelp: loaded successfully - version: 4.0.5 - missing functions: none
symbol engine: initialized successfully - sym options: 0x614 - pdb path: .;D:\ProgramFiles\SpringTools4\sts-4.10.0.RELEASE\plugins\org.eclipse.justj.openjdk.hotspot.jre.full.win32.x86_64_15.0.2.v20210201-0955\jre\bin;C:\WINDOWS\SYSTEM32;C:\WINDOWS\WinSxS\amd64_microsoft.windows.common-controls_6595b64144ccf1df_6.0.19041.844_none_ca00b6081b84eb1d;D:\ProgramFiles\SpringTools4\sts-4.10.0.RELEASE\plugins\org.eclipse.justj.openjdk.hotspot.jre.full.win32.x86_64_15.0.2.v20210201-0955\jre\bin\server

VM Arguments:
jvm_args: -XX:+ShowCodeDetailsInExceptionMessages -agentlib:jdwp=transport=dt_socket,suspend=y,address=localhost:56215 -Dcom.sun.management.jmxremote -Dcom.sun.management.jmxremote.port=56013 -Dcom.sun.management.jmxremote.authenticate=false -Dcom.sun.management.jmxremote.ssl=false -Djava.rmi.server.hostname=localhost -Dspring.jmx.enabled=true -Dspring.application.admin.enabled=true -XX:TieredStopAtLevel=1 -Dspring.boot.project.name=Bank -javaagent:D:\ProgramFiles\SpringTools4\sts-4.10.0.RELEASE\configuration\org.eclipse.osgi\254\0\.cp\lib\javaagent-shaded.jar -Dfile.encoding=Cp1252 
java_command: com.intership.bank.BankApplication --spring.output.ansi.enabled=always
java_class_path (initial): D:\MyData\Camilo\workspace\Java\workspace-spring-tool-suite-4-4.10.0.RELEASE\Bank\bin\main;C:\Users\camilo\.gradle\caches\modules-2\files-2.1\org.projectlombok\lombok\1.18.20\18bcea7d5df4d49227b4a0743a536208ce4825bb\lombok-1.18.20.jar;C:\Users\camilo\.gradle\caches\modules-2\files-2.1\io.springfox\springfox-swagger2\2.9.2\362676bc7f4c6f9f1d568741becab0dfc198c898\springfox-swagger2-2.9.2.jar;C:\Users\camilo\.gradle\caches\modules-2\files-2.1\io.springfox\springfox-swagger-ui\2.9.2\d542382a88ff3ea8d4032c28b2b0325797fada7d\springfox-swagger-ui-2.9.2.jar;C:\Users\camilo\.gradle\caches\modules-2\files-2.1\org.springframework.boot\spring-boot-starter-web\2.4.5\93cf2655557534e35723fbafa069bed2ee125832\spring-boot-starter-web-2.4.5.jar;C:\Users\camilo\.gradle\caches\modules-2\files-2.1\org.springframework.boot\spring-boot-starter-data-jpa\2.4.5\cba91e070e601c55eec0d8a1948dcca15703ad37\spring-boot-starter-data-jpa-2.4.5.jar;C:\Users\camilo\.gradle\caches\modules-2\files-2.1\com.oracle.database.jdbc\ojdbc10\19.10.0.0\4174e8d8acc29676b9d0784a61138408da7f626b\ojdbc10-19.10.0.0.jar;C:\Users\camilo\.gradle\caches\modules-2\files-2.1\io.springfox\springfox-swagger-common\2.9.2\b38a41b3044af80cb7f41f67be5d158c9f6491ec\springfox-swagger-common-2.9.2.jar;C:\Users\camilo\.gradle\caches\modules-2\files-2.1\io.swagger\swagger-models\1.5.20\fb3a23bad80c5ed84db9dd150db2cba699531458\swagger-models-1.5.20.jar;C:\Users\camilo\.gradle\caches\modules-2\files-2.1\io.swagger\swagger-annotations\1.5.20\16051f93ce11ca489a5313775d825f82fcc2cd6c\swagger-annotations-1.5.20.jar;C:\Users\camilo\.gradle\caches\modules-2\files-2.1\io.springfox\springfox-schema\2.9.2\e268f38774b16bb51a92ccaef0dcf3dc651c0cee\springfox-schema-2.9.2.jar;C:\Users\camilo\.gradle\caches\modules-2\files-2.1\io.springfox\springfox-spring-web\2.9.2\ed2ed714a6cba8804d00f80f0534901e4c7a3211\springfox-spring-web-2.9.2.jar;C:\Users\camilo\.gradle\caches\modules-2\files-2.1\io.springfox\springfox-spi\2.9.2\
Launcher Type: SUN_STANDARD

[Global flags]
     intx CICompilerCount                          = 4                                         {product} {ergonomic}
     uint ConcGCThreads                            = 2                                         {product} {ergonomic}
     uint G1ConcRefinementThreads                  = 8                                         {product} {ergonomic}
   size_t G1HeapRegionSize                         = 2097152                                   {product} {ergonomic}
    uintx GCDrainStackTargetSize                   = 64                                        {product} {ergonomic}
   size_t InitialHeapSize                          = 268435456                                 {product} {ergonomic}
     bool ManagementServer                         = true                                      {product} {command line}
   size_t MarkStackSize                            = 4194304                                   {product} {ergonomic}
   size_t MaxHeapSize                              = 4276092928                                {product} {ergonomic}
   size_t MaxNewSize                               = 2564816896                                {product} {ergonomic}
   size_t MinHeapDeltaBytes                        = 2097152                                   {product} {ergonomic}
   size_t MinHeapSize                              = 8388608                                   {product} {ergonomic}
    uintx NonNMethodCodeHeapSize                   = 7549744                                {pd product} {ergonomic}
    uintx NonProfiledCodeHeapSize                  = 244108496                              {pd product} {ergonomic}
    uintx ProfiledCodeHeapSize                     = 0                                      {pd product} {ergonomic}
    uintx ReservedCodeCacheSize                    = 251658240                              {pd product} {ergonomic}
     bool SegmentedCodeCache                       = true                                      {product} {ergonomic}
     bool ShowCodeDetailsInExceptionMessages       = true                                   {manageable} {command line}
   size_t SoftMaxHeapSize                          = 4276092928                             {manageable} {ergonomic}
     intx TieredStopAtLevel                        = 1                                         {product} {command line}
     bool UseCompressedClassPointers               = true                                 {lp64_product} {ergonomic}
     bool UseCompressedOops                        = true                                 {lp64_product} {ergonomic}
     bool UseG1GC                                  = true                                      {product} {ergonomic}
     bool UseLargePagesIndividualAllocation        = false                                  {pd product} {ergonomic}

Logging:
Log output configuration:
 #0: stdout all=warning uptime,level,tags
 #1: stderr all=off uptime,level,tags

Environment Variables:
JAVA_HOME=C:\Program Files\Java\jdk-11.0.11
PATH=D:\ProgramFiles\SpringTools4\sts-4.10.0.RELEASE\plugins\org.eclipse.justj.openjdk.hotspot.jre.full.win32.x86_64_15.0.2.v20210201-0955\jre\bin;D:/ProgramFiles/SpringTools4/sts-4.10.0.RELEASE//plugins/org.eclipse.justj.openjdk.hotspot.jre.full.win32.x86_64_15.0.2.v20210201-0955/jre/bin/server;D:/ProgramFiles/SpringTools4/sts-4.10.0.RELEASE//plugins/org.eclipse.justj.openjdk.hotspot.jre.full.win32.x86_64_15.0.2.v20210201-0955/jre/bin;D:\ProgramFiles\Oracle\Oracle18c\dbhomeXE\bin;D:\ProgramFiles\Oracle18cXE\dbhomeXE\bin;C:\WINDOWS\system32;C:\WINDOWS;C:\WINDOWS\System32\Wbem;C:\WINDOWS\System32\WindowsPowerShell\v1.0\;D:\Archivos de Programa\Git\cmd;C:\WINDOWS\System32\OpenSSH\;C:\Program Files\NVIDIA Corporation\NVIDIA NvDLISR;C:\Program Files\Java\jdk-11.0.11\bin;C:\Python27;C:\Program Files\gradle-6.6\bin;C:\Users\camilo\AppData\Roaming\nvm;C:\Program Files\nodejs;C:\Program Files\Git\cmd;D:\ProgramFiles\xampp\php;C:\Program Files\mongodb4.0.20x64\bin;C:\WINDOWS\system32;C:\WINDOWS;C:\WINDOWS\System32\Wbem;C:\WINDOWS\System32\WindowsPowerShell\v1.0\;C:\WINDOWS\System32\OpenSSH\;C:\Program Files\dotnet\;C:\Program Files\Microsoft SQL Server\130\Tools\Binn\;C:\Program Files\Docker\Docker\resources\bin;C:\ProgramData\DockerDesktop\version-bin;D:\ProgramFiles\heroku\bin;C:\Program Files\MySQL\MySQL Shell 8.0\bin\;C:\Users\camilo\AppData\Local\Programs\Python\Python39\Scripts\;C:\Users\camilo\AppData\Local\Programs\Python\Python39\;C:\WINDOWS\system32;C:\WINDOWS;C:\WINDOWS\System32\Wbem;C:\WINDOWS\System32\WindowsPowerShell\v1.0\;D:\Archivos de Programa\Git\cmd;C:\WINDOWS\System32\OpenSSH\;C:\Program Files\NVIDIA Corporation\NVIDIA NvDLISR;C:\Python27;C:\Program Files\gradle-6.6\bin;C:\Users\camilo\AppData\Roaming\nvm;C:\Program Files\nodejs;C:\Program Files\dotnet\;C:\Program Files\Microsoft SQL Server\130\Tools\Binn\;C:\Program Files\Microsoft SQL Server\Client SDK\ODBC\170\Tools\Binn\;C:\Program Files\Git\cmd;C:\ProgramData\ComposerSetup\bin;C:\Program Files\mongodb4
USERNAME=camilo
OS=Windows_NT
PROCESSOR_IDENTIFIER=Intel64 Family 6 Model 158 Stepping 10, GenuineIntel



---------------  S Y S T E M  ---------------

OS:
 Windows 10 , 64 bit Build 19041 (10.0.19041.928)
OS uptime: 0 days 18:23 hours
HyperV virtualization detected

CPU: total 8 (initial active 8) (4 cores per cpu, 2 threads per core) family 6 model 158 stepping 10 microcode 0xde, cmov, cx8, fxsr, mmx, sse, sse2, sse3, ssse3, sse4.1, sse4.2, popcnt, vzeroupper, avx, avx2, aes, clmul, erms, 3dnowpref, lzcnt, ht, tsc, tscinvbit, bmi1, bmi2, adx, fma, clflush, clflushopt

Memory: 4k page, system-wide physical 16304M (409M free)
TotalPageFile size 31431M (AvailPageFile size 11M)
current process WorkingSet (physical memory assigned to process): 88M, peak: 104M
current process commit charge ("private bytes"): 151M, peak: 364M

vm_info: OpenJDK 64-Bit Server VM (15.0.2+7-27) for windows-amd64 JRE (15.0.2+7-27), built on Dec  7 2020 20:02:38 by "mach5one" with unknown MS VC++:1925

END.
