#
# There is insufficient memory for the Java Runtime Environment to continue.
# Native memory allocation (malloc) failed to allocate 1048576 bytes for AllocateHeap
# Possible reasons:
#   The system is out of physical RAM or swap space
#   The process is running with CompressedOops enabled, and the Java Heap may be blocking the growth of the native heap
# Possible solutions:
#   Reduce memory load on the system
#   Increase physical memory or swap space
#   Check if swap backing store is full
#   Decrease Java heap size (-Xmx/-Xms)
#   Decrease number of Java threads
#   Decrease Java thread stack sizes (-Xss)
#   Set larger code cache with -XX:ReservedCodeCacheSize=
#   JVM is running with Zero Based Compressed Oops mode in which the Java heap is
#     placed in the first 32GB address space. The Java Heap base address is the
#     maximum limit for the native heap growth. Please use -XX:HeapBaseMinAddress
#     to set the Java Heap base and to place the Java Heap above 32GB virtual address.
# This output file may be truncated or incomplete.
#
#  Out of Memory Error (./open/src/hotspot/share/memory/allocation.cpp:44), pid=10408, tid=26136
#
# JRE version: OpenJDK Runtime Environment (15.0.2+7) (build 15.0.2+7-27)
# Java VM: OpenJDK 64-Bit Server VM (15.0.2+7-27, mixed mode, tiered, compressed oops, g1 gc, windows-amd64)
# No core dump will be written. Minidumps are not enabled by default on client versions of Windows
#

---------------  S U M M A R Y ------------

Command Line: -XX:+ShowCodeDetailsInExceptionMessages -agentlib:jdwp=transport=dt_socket,suspend=y,address=localhost:56216 -Dcom.sun.management.jmxremote -Dcom.sun.management.jmxremote.port=55986 -Dcom.sun.management.jmxremote.authenticate=false -Dcom.sun.management.jmxremote.ssl=false -Djava.rmi.server.hostname=localhost -Dspring.jmx.enabled=true -Dspring.application.admin.enabled=true -XX:TieredStopAtLevel=1 -Dspring.boot.project.name=Bank -javaagent:D:\ProgramFiles\SpringTools4\sts-4.10.0.RELEASE\configuration\org.eclipse.osgi\254\0\.cp\lib\javaagent-shaded.jar -Dfile.encoding=Cp1252 com.intership.bank.BankApplication --spring.output.ansi.enabled=always

Host: Intel(R) Core(TM) i5-9300H CPU @ 2.40GHz, 8 cores, 15G,  Windows 10 , 64 bit Build 19041 (10.0.19041.928)
Time: Wed May 12 09:24:19 2021 Hora est. Pacífico, Sudamérica elapsed time: 52.948900 seconds (0d 0h 0m 52s)

---------------  T H R E A D  ---------------

Current thread (0x0000023d999d2710):  VMThread "VM Thread" [stack: 0x000000cfc2b00000,0x000000cfc2c00000] [id=26136]

Stack: [0x000000cfc2b00000,0x000000cfc2c00000]
[error occurred during error reporting (printing stack bounds), id 0xc0000005, EXCEPTION_ACCESS_VIOLATION (0xc0000005) at pc=0x0000023d800010ad]

Native frames: (J=compiled Java code, j=interpreted, Vv=VM code, C=native code)
V  [jvm.dll+0x62ae9a]
V  [jvm.dll+0x7817a9]
V  [jvm.dll+0x782f03]
V  [jvm.dll+0x7834c5]
V  [jvm.dll+0x78347b]
V  [jvm.dll+0x62a2b9]
V  [jvm.dll+0x62aa88]
C  [ntdll.dll+0xa207f]
C  [ntdll.dll+0x51454]
C  [ntdll.dll+0xa0bae]
C  0x0000023d800010ad

VM_Operation (0x000000cfc25f99e0): CollectForMetadataAllocation, mode: safepoint, requested by thread 0x0000023dfa20b4c0


---------------  P R O C E S S  ---------------

Threads class SMR info:
_java_thread_list=0x0000023d9be536f0, length=20, elements={
0x0000023dfa20b4c0, 0x0000023d99a08130, 0x0000023d999e7270, 0x0000023d99a2d9b0,
0x0000023d99a2f280, 0x0000023d99a30160, 0x0000023d99a39650, 0x0000023d99a6eb00,
0x0000023d99a30fd0, 0x0000023d99c36850, 0x0000023d99c376f0, 0x0000023d99c37be0,
0x0000023d99a314a0, 0x0000023d99a2fc90, 0x0000023d99a31e40, 0x0000023d99a30630,
0x0000023d99a327e0, 0x0000023d99a30b00, 0x0000023d99a32cb0, 0x0000023d99a31970
}

Java Threads: ( => current thread )
  0x0000023dfa20b4c0 JavaThread "main" [_thread_blocked, id=25972, stack(0x000000cfc2500000,0x000000cfc2600000)]
  0x0000023d99a08130 JavaThread "Reference Handler" daemon [_thread_blocked, id=26140, stack(0x000000cfc2c00000,0x000000cfc2d00000)]
  0x0000023d999e7270 JavaThread "Finalizer" daemon [_thread_blocked, id=26144, stack(0x000000cfc2d00000,0x000000cfc2e00000)]
  0x0000023d99a2d9b0 JavaThread "Signal Dispatcher" daemon [_thread_blocked, id=26148, stack(0x000000cfc2e00000,0x000000cfc2f00000)]
  0x0000023d99a2f280 JavaThread "Attach Listener" daemon [_thread_blocked, id=26152, stack(0x000000cfc2f00000,0x000000cfc3000000)]
  0x0000023d99a30160 JavaThread "Service Thread" daemon [_thread_blocked, id=26156, stack(0x000000cfc3000000,0x000000cfc3100000)]
  0x0000023d99a39650 JavaThread "C1 CompilerThread0" daemon [_thread_blocked, id=26160, stack(0x000000cfc3100000,0x000000cfc3200000)]
  0x0000023d99a6eb00 JavaThread "Sweeper thread" daemon [_thread_blocked, id=26216, stack(0x000000cfc3200000,0x000000cfc3300000)]
  0x0000023d99a30fd0 JavaThread "Common-Cleaner" daemon [_thread_blocked, id=26436, stack(0x000000cfc3300000,0x000000cfc3400000)]
  0x0000023d99c36850 JavaThread "JDWP Transport Listener: dt_socket" daemon [_thread_blocked, id=26816, stack(0x000000cfc3400000,0x000000cfc3500000)]
  0x0000023d99c376f0 JavaThread "JDWP Event Helper Thread" daemon [_thread_blocked, id=26820, stack(0x000000cfc3500000,0x000000cfc3600000)]
  0x0000023d99c37be0 JavaThread "JDWP Command Reader" daemon [_thread_in_native, id=27032, stack(0x000000cfc3600000,0x000000cfc3700000)]
  0x0000023d99a314a0 JavaThread "Notification Thread" daemon [_thread_blocked, id=27424, stack(0x000000cfc3700000,0x000000cfc3800000)]
  0x0000023d99a2fc90 JavaThread "RMI TCP Accept-0" daemon [_thread_in_native, id=24848, stack(0x000000cfc3800000,0x000000cfc3900000)]
  0x0000023d99a31e40 JavaThread "RMI TCP Accept-55986" daemon [_thread_in_native, id=6512, stack(0x000000cfc3900000,0x000000cfc3a00000)]
  0x0000023d99a30630 JavaThread "RMI TCP Accept-0" daemon [_thread_in_native, id=22596, stack(0x000000cfc3a00000,0x000000cfc3b00000)]
  0x0000023d99a327e0 JavaThread "RMI TCP Connection(1)-127.0.0.1" daemon [_thread_in_native, id=27980, stack(0x000000cfc4200000,0x000000cfc4300000)]
  0x0000023d99a30b00 JavaThread "RMI TCP Connection(2)-127.0.0.1" daemon [_thread_in_native, id=28244, stack(0x000000cfc4300000,0x000000cfc4400000)]
  0x0000023d99a32cb0 JavaThread "RMI Scheduler(0)" daemon [_thread_blocked, id=28248, stack(0x000000cfc4400000,0x000000cfc4500000)]
  0x0000023d99a31970 JavaThread "JMX server connection timeout 24" daemon [_thread_blocked, id=28552, stack(0x000000cfc4500000,0x000000cfc4600000)]

Other Threads:
=>0x0000023d999d2710 VMThread "VM Thread" [stack: 0x000000cfc2b00000,0x000000cfc2c00000] [id=26136]
  0x0000023dfa20c480 WatcherThread [stack: 0x000000cfc3b00000,0x000000cfc3c00000] [id=18632]
  0x0000023dfa25f930 GCTaskThread "GC Thread#0" [stack: 0x000000cfc2600000,0x000000cfc2700000] [id=26096]
  0x0000023d9a7b4160 GCTaskThread "GC Thread#1" [stack: 0x000000cfc3c00000,0x000000cfc3d00000] [id=20596]
  0x0000023d9a7b4490 GCTaskThread "GC Thread#2" [stack: 0x000000cfc3d00000,0x000000cfc3e00000] [id=11180]
  0x0000023d9a7b4e20 GCTaskThread "GC Thread#3" [stack: 0x000000cfc3e00000,0x000000cfc3f00000] [id=5436]
  0x0000023d9a7b47c0 GCTaskThread "GC Thread#4" [stack: 0x000000cfc3f00000,0x000000cfc4000000] [id=16568]
  0x0000023d9a7b5150 GCTaskThread "GC Thread#5" [stack: 0x000000cfc4000000,0x000000cfc4100000] [id=18244]
  0x0000023dfa272110 ConcurrentGCThread "G1 Main Marker" [stack: 0x000000cfc2700000,0x000000cfc2800000] [id=26100]
  0x0000023dfa272c10 ConcurrentGCThread "G1 Conc#0" [stack: 0x000000cfc2800000,0x000000cfc2900000] [id=26104]
  0x0000023d9a7b4af0 ConcurrentGCThread "G1 Conc#1" [stack: 0x000000cfc4600000,0x000000cfc4700000] [id=26056]
  0x0000023dfa2c5590 ConcurrentGCThread "G1 Refine#0" [stack: 0x000000cfc2900000,0x000000cfc2a00000] [id=26108]
  0x0000023d9a6bab30 ConcurrentGCThread "G1 Refine#1" [stack: 0x000000cfc4100000,0x000000cfc4200000] [id=27704]
  0x0000023dfa2c60a0 ConcurrentGCThread "G1 Young RemSet Sampling" [stack: 0x000000cfc2a00000,0x000000cfc2b00000] [id=26112]

Threads with active compile tasks:

VM state: at safepoint (normal execution)

VM Mutex/Monitor currently owned by a thread:  ([mutex/lock_event])
[0x0000023dfa207ec0] Threads_lock - owner thread: 0x0000023d999d2710
[0x0000023dfa207fe0] Heap_lock - owner thread: 0x0000023dfa20b4c0

Heap address: 0x0000000701200000, size: 4078 MB, Compressed Oops mode: Zero based, Oop shift amount: 3
CDS disabled.
Compressed class space mapped at: 0x0000000800000000-0x0000000840000000, size: 1073741824
Narrow klass base: 0x0000000800000000, Narrow klass shift: 0, Narrow klass range: 0x40000000

GC Precious Log:
 CPUs: 8 total, 8 available
 Memory: 16304M
 Large Page Support: Disabled
 NUMA Support: Disabled
 Compressed Oops: Enabled (Zero based)
 Heap Region Size: 2M
 Heap Min Capacity: 8M
 Heap Initial Capacity: 256M
 Heap Max Capacity: 4078M
 Pre-touch: Disabled
 Parallel Workers: 8
 Concurrent Workers: 2
 Concurrent Refinement Workers: 8
 Periodic GC: Disabled

Heap:
 garbage-first heap   total 65536K, used 15995K [0x0000000701200000, 0x0000000800000000)
  region size 2048K, 2 young (4096K), 2 survivors (4096K)
 Metaspace       used 35694K, capacity 36087K, committed 36220K, reserved 1081344K
  class space    used 4297K, capacity 4452K, committed 4480K, reserved 1048576K

Heap Regions: E=young(eden), S=young(survivor), O=old, HS=humongous(starts), HC=humongous(continues), CS=collection set, F=free, OA=open archive, CA=closed archive, TAMS=top-at-mark-start (previous, next)
|   0|0x0000000701200000, 0x0000000701400000, 0x0000000701400000|100%| O|  |TAMS 0x0000000701400000, 0x0000000701400000| Untracked 
|   1|0x0000000701400000, 0x0000000701600000, 0x0000000701600000|100%| O|  |TAMS 0x0000000701600000, 0x0000000701600000| Untracked 
|   2|0x0000000701600000, 0x0000000701800000, 0x0000000701800000|100%| O|  |TAMS 0x0000000701800000, 0x0000000701800000| Untracked 
|   3|0x0000000701800000, 0x0000000701851a00, 0x0000000701a00000| 15%| O|  |TAMS 0x0000000701851a00, 0x0000000701851a00| Untracked 
|   4|0x0000000701a00000, 0x0000000701c00000, 0x0000000701c00000|100%| O|  |TAMS 0x0000000701c00000, 0x0000000701c00000| Untracked 
|   5|0x0000000701c00000, 0x0000000701e00000, 0x0000000701e00000|100%| O|  |TAMS 0x0000000701dc0400, 0x0000000701e00000| Untracked 
|   6|0x0000000701e00000, 0x0000000701fc5c00, 0x0000000702000000| 88%| O|  |TAMS 0x0000000701e00000, 0x0000000701e58200| Untracked 
|   7|0x0000000702000000, 0x0000000702000000, 0x0000000702200000|  0%| F|  |TAMS 0x0000000702000000, 0x0000000702000000| Untracked 
|   8|0x0000000702200000, 0x0000000702200000, 0x0000000702400000|  0%| F|  |TAMS 0x0000000702200000, 0x0000000702200000| Untracked 
|   9|0x0000000702400000, 0x0000000702400000, 0x0000000702600000|  0%| F|  |TAMS 0x0000000702400000, 0x0000000702400000| Untracked 
|  10|0x0000000702600000, 0x0000000702600000, 0x0000000702800000|  0%| F|  |TAMS 0x0000000702600000, 0x0000000702600000| Untracked 
|  11|0x0000000702800000, 0x0000000702800000, 0x0000000702a00000|  0%| F|  |TAMS 0x0000000702800000, 0x0000000702800000| Untracked 
|  12|0x0000000702a00000, 0x0000000702a00000, 0x0000000702c00000|  0%| F|  |TAMS 0x0000000702a00000, 0x0000000702a00000| Untracked 
|  13|0x0000000702c00000, 0x0000000702c00000, 0x0000000702e00000|  0%| F|  |TAMS 0x0000000702c00000, 0x0000000702c00000| Untracked 
|  14|0x0000000702e00000, 0x0000000702e00000, 0x0000000703000000|  0%| F|  |TAMS 0x0000000702e00000, 0x0000000702e00000| Untracked 
|  15|0x0000000703000000, 0x0000000703000000, 0x0000000703200000|  0%| F|  |TAMS 0x0000000703000000, 0x0000000703000000| Untracked 
|  16|0x0000000703200000, 0x0000000703200000, 0x0000000703400000|  0%| F|  |TAMS 0x0000000703200000, 0x0000000703200000| Untracked 
|  17|0x0000000703400000, 0x0000000703400000, 0x0000000703600000|  0%| F|  |TAMS 0x0000000703400000, 0x0000000703400000| Untracked 
|  18|0x0000000703600000, 0x0000000703600000, 0x0000000703800000|  0%| F|  |TAMS 0x0000000703600000, 0x0000000703600000| Untracked 
|  19|0x0000000703800000, 0x0000000703800000, 0x0000000703a00000|  0%| F|  |TAMS 0x0000000703800000, 0x0000000703800000| Untracked 
|  20|0x0000000703a00000, 0x0000000703a00000, 0x0000000703c00000|  0%| F|  |TAMS 0x0000000703a00000, 0x0000000703a00000| Untracked 
|  21|0x0000000703c00000, 0x0000000703c00000, 0x0000000703e00000|  0%| F|  |TAMS 0x0000000703c00000, 0x0000000703c00000| Untracked 
|  22|0x0000000703e00000, 0x0000000703e00000, 0x0000000704000000|  0%| F|  |TAMS 0x0000000703e00000, 0x0000000703e00000| Untracked 
|  23|0x0000000704000000, 0x0000000704000000, 0x0000000704200000|  0%| F|  |TAMS 0x0000000704000000, 0x0000000704000000| Untracked 
|  24|0x0000000704200000, 0x0000000704200000, 0x0000000704400000|  0%| F|  |TAMS 0x0000000704200000, 0x0000000704200000| Untracked 
|  25|0x0000000704400000, 0x0000000704400000, 0x0000000704600000|  0%| F|  |TAMS 0x0000000704400000, 0x0000000704400000| Untracked 
|  26|0x0000000704600000, 0x0000000704600000, 0x0000000704800000|  0%| F|  |TAMS 0x0000000704600000, 0x0000000704600000| Untracked 
| 112|0x000000070f200000, 0x000000070f200000, 0x000000070f400000|  0%| F|  |TAMS 0x000000070f200000, 0x000000070f200000| Untracked 
| 113|0x000000070f400000, 0x000000070f5878e0, 0x000000070f600000| 76%| S|CS|TAMS 0x000000070f400000, 0x000000070f400000| Complete 
| 125|0x0000000710c00000, 0x0000000710e00000, 0x0000000710e00000|100%| S|CS|TAMS 0x0000000710c00000, 0x0000000710c00000| Complete 
| 126|0x0000000710e00000, 0x0000000710e00000, 0x0000000711000000|  0%| F|  |TAMS 0x0000000710e00000, 0x0000000710e00000| Untracked 
| 127|0x0000000711000000, 0x0000000711000000, 0x0000000711200000|  0%| F|  |TAMS 0x0000000711000000, 0x0000000711000000| Untracked 

Card table byte_map: [0x0000023dfe740000,0x0000023dfef40000] _byte_map_base: 0x0000023dfaf37000

Marking Bits (Prev, Next): (CMBitMap*) 0x0000023dfa2600b0, (CMBitMap*) 0x0000023dfa2600f0
 Prev Bits: [0x0000023d8f000000, 0x0000023d92fb8000)
 Next Bits: [0x0000023d92fc0000, 0x0000023d96f78000)

Polling page: 0x0000023df81a0000

Metaspace:

Usage:
  Non-class:     30.89 MB capacity,    30.66 MB (>99%) used,   183.48 KB ( <1%) free+waste,    53.62 KB ( <1%) overhead. 
      Class:      4.35 MB capacity,     4.20 MB ( 97%) used,   133.91 KB (  3%) free+waste,    21.06 KB ( <1%) overhead. 
       Both:     35.24 MB capacity,    34.86 MB ( 99%) used,   317.40 KB ( <1%) free+waste,    74.69 KB ( <1%) overhead. 

Virtual space:
  Non-class space:       32.00 MB reserved,      31.00 MB ( 97%) committed 
      Class space:        1.00 GB reserved,       4.38 MB ( <1%) committed 
             Both:        1.03 GB reserved,      35.37 MB (  3%) committed 

Chunk freelists:
   Non-Class:  41.00 KB
       Class:  28.00 KB
        Both:  69.00 KB

MaxMetaspaceSize: 17179869184.00 GB
CompressedClassSpaceSize: 1.00 GB

CodeHeap 'non-profiled nmethods': size=238336Kb used=6642Kb max_used=6642Kb free=231693Kb
 bounds [0x0000023d80740000, 0x0000023d80dc0000, 0x0000023d8f000000]
CodeHeap 'non-nmethods': size=7424Kb used=1287Kb max_used=1287Kb free=6136Kb
 bounds [0x0000023d80000000, 0x0000023d80270000, 0x0000023d80740000]
 total_blobs=4321 nmethods=3855 adapters=393
 compilation: enabled
              stopped_count=0, restarted_count=0
 full_count=0

Compilation events (20 events):
Event: 52.202 Thread 0x0000023d99a39650 3847       1       org.springframework.orm.jpa.support.PersistenceAnnotationBeanPostProcessor$$Lambda$522/0x0000000800400ab0::doWith (13 bytes)
Event: 52.202 Thread 0x0000023d99a39650 nmethod 3847 0x0000023d80db8690 code [0x0000023d80db8820, 0x0000023d80db8928]
Event: 52.202 Thread 0x0000023d99a39650 3848       1       org.springframework.orm.jpa.support.PersistenceAnnotationBeanPostProcessor::lambda$buildPersistenceMetadata$0 (57 bytes)
Event: 52.203 Thread 0x0000023d99a39650 nmethod 3848 0x0000023d80db8a10 code [0x0000023d80db8c80, 0x0000023d80db9358]
Event: 52.205 Thread 0x0000023d99a39650 3849       1       org.springframework.context.annotation.CommonAnnotationBeanPostProcessor$$Lambda$525/0x0000000800401110::doWith (13 bytes)
Event: 52.205 Thread 0x0000023d99a39650 nmethod 3849 0x0000023d80db9710 code [0x0000023d80db98a0, 0x0000023d80db99a8]
Event: 52.205 Thread 0x0000023d99a39650 3850       1       org.springframework.context.annotation.CommonAnnotationBeanPostProcessor::lambda$buildResourceMetadata$0 (181 bytes)
Event: 52.206 Thread 0x0000023d99a39650 nmethod 3850 0x0000023d80db9a90 code [0x0000023d80db9ce0, 0x0000023d80dba238]
Event: 52.206 Thread 0x0000023d99a39650 3851       1       org.springframework.beans.factory.annotation.AutowiredAnnotationBeanPostProcessor$$Lambda$527/0x0000000800401550::doWith (13 bytes)
Event: 52.206 Thread 0x0000023d99a39650 nmethod 3851 0x0000023d80dba590 code [0x0000023d80dba720, 0x0000023d80dba828]
Event: 52.206 Thread 0x0000023d99a39650 3852       1       org.springframework.beans.factory.annotation.AutowiredAnnotationBeanPostProcessor::lambda$buildAutowiringMetadata$1 (87 bytes)
Event: 52.207 Thread 0x0000023d99a39650 nmethod 3852 0x0000023d80dba910 code [0x0000023d80dbab60, 0x0000023d80dbb2f8]
Event: 52.207 Thread 0x0000023d99a39650 3853       1       org.springframework.beans.factory.config.InstantiationAwareBeanPostProcessor::postProcessAfterInstantiation (2 bytes)
Event: 52.207 Thread 0x0000023d99a39650 nmethod 3853 0x0000023d80dbb710 code [0x0000023d80dbb8a0, 0x0000023d80dbb958]
Event: 52.908 Thread 0x0000023d99a39650 3854       1       org.eclipse.jdt.launching.internal.org.objectweb.asm.SymbolTable::addConstantLongOrDouble (109 bytes)
Event: 52.908 Thread 0x0000023d99a39650 nmethod 3854 0x0000023d80dbba10 code [0x0000023d80dbbbe0, 0x0000023d80dbbef8]
Event: 52.921 Thread 0x0000023d99a39650 3855       1       jdk.internal.loader.ClassLoaders::bootLoader (4 bytes)
Event: 52.921 Thread 0x0000023d99a39650 nmethod 3855 0x0000023d80dbc190 code [0x0000023d80dbc320, 0x0000023d80dbc3b8]
Event: 52.927 Thread 0x0000023d99a39650 3856   !   1       java.security.AccessController::doPrivileged (22 bytes)
Event: 52.928 Thread 0x0000023d99a39650 nmethod 3856 0x0000023d80dbc490 code [0x0000023d80dbc660, 0x0000023d80dbc848]

GC Heap History (20 events):
Event: 25.236 GC heap before
{Heap before GC invocations=1 (full 0):
 garbage-first heap   total 262144K, used 28927K [0x0000000701200000, 0x0000000800000000)
  region size 2048K, 13 young (26624K), 2 survivors (4096K)
 Metaspace       used 17756K, capacity 18066K, committed 18304K, reserved 1064960K
  class space    used 1824K, capacity 1904K, committed 1920K, reserved 1048576K
}
Event: 25.240 GC heap after
{Heap after GC invocations=2 (full 0):
 garbage-first heap   total 262144K, used 7816K [0x0000000701200000, 0x0000000800000000)
  region size 2048K, 1 young (2048K), 1 survivors (2048K)
 Metaspace       used 17756K, capacity 18066K, committed 18304K, reserved 1064960K
  class space    used 1824K, capacity 1904K, committed 1920K, reserved 1048576K
}
Event: 26.939 GC heap before
{Heap before GC invocations=2 (full 0):
 garbage-first heap   total 262144K, used 32392K [0x0000000701200000, 0x0000000800000000)
  region size 2048K, 14 young (28672K), 1 survivors (2048K)
 Metaspace       used 20735K, capacity 21013K, committed 21248K, reserved 1069056K
  class space    used 2219K, capacity 2287K, committed 2304K, reserved 1048576K
}
Event: 26.943 GC heap after
{Heap after GC invocations=3 (full 0):
 garbage-first heap   total 262144K, used 8876K [0x0000000701200000, 0x0000000800000000)
  region size 2048K, 2 young (4096K), 2 survivors (4096K)
 Metaspace       used 20735K, capacity 21013K, committed 21248K, reserved 1069056K
  class space    used 2219K, capacity 2287K, committed 2304K, reserved 1048576K
}
Event: 28.123 GC heap before
{Heap before GC invocations=4 (full 0):
 garbage-first heap   total 61440K, used 58028K [0x0000000701200000, 0x0000000800000000)
  region size 2048K, 26 young (53248K), 2 survivors (4096K)
 Metaspace       used 25161K, capacity 25539K, committed 25724K, reserved 1073152K
  class space    used 2755K, capacity 2877K, committed 2944K, reserved 1048576K
}
Event: 28.127 GC heap after
{Heap after GC invocations=5 (full 0):
 garbage-first heap   total 65536K, used 9647K [0x0000000701200000, 0x0000000800000000)
  region size 2048K, 2 young (4096K), 2 survivors (4096K)
 Metaspace       used 25161K, capacity 25539K, committed 25724K, reserved 1073152K
  class space    used 2755K, capacity 2877K, committed 2944K, reserved 1048576K
}
Event: 38.284 GC heap before
{Heap before GC invocations=5 (full 0):
 garbage-first heap   total 65536K, used 42415K [0x0000000701200000, 0x0000000800000000)
  region size 2048K, 19 young (38912K), 2 survivors (4096K)
 Metaspace       used 28015K, capacity 28340K, committed 28668K, reserved 1075200K
  class space    used 3168K, capacity 3276K, committed 3328K, reserved 1048576K
}
Event: 38.290 GC heap after
{Heap after GC invocations=6 (full 0):
 garbage-first heap   total 65536K, used 10497K [0x0000000701200000, 0x0000000800000000)
  region size 2048K, 2 young (4096K), 2 survivors (4096K)
 Metaspace       used 28015K, capacity 28340K, committed 28668K, reserved 1075200K
  class space    used 3168K, capacity 3276K, committed 3328K, reserved 1048576K
}
Event: 39.194 GC heap before
{Heap before GC invocations=6 (full 0):
 garbage-first heap   total 65536K, used 43265K [0x0000000701200000, 0x0000000800000000)
  region size 2048K, 19 young (38912K), 2 survivors (4096K)
 Metaspace       used 28184K, capacity 28500K, committed 28668K, reserved 1075200K
  class space    used 3194K, capacity 3308K, committed 3328K, reserved 1048576K
}
Event: 39.200 GC heap after
{Heap after GC invocations=7 (full 0):
 garbage-first heap   total 65536K, used 11480K [0x0000000701200000, 0x0000000800000000)
  region size 2048K, 2 young (4096K), 2 survivors (4096K)
 Metaspace       used 28184K, capacity 28500K, committed 28668K, reserved 1075200K
  class space    used 3194K, capacity 3308K, committed 3328K, reserved 1048576K
}
Event: 39.683 GC heap before
{Heap before GC invocations=7 (full 0):
 garbage-first heap   total 65536K, used 44248K [0x0000000701200000, 0x0000000800000000)
  region size 2048K, 19 young (38912K), 2 survivors (4096K)
 Metaspace       used 29053K, capacity 29463K, committed 29564K, reserved 1075200K
  class space    used 3290K, capacity 3437K, committed 3456K, reserved 1048576K
}
Event: 39.690 GC heap after
{Heap after GC invocations=8 (full 0):
 garbage-first heap   total 65536K, used 12269K [0x0000000701200000, 0x0000000800000000)
  region size 2048K, 2 young (4096K), 2 survivors (4096K)
 Metaspace       used 29053K, capacity 29463K, committed 29564K, reserved 1075200K
  class space    used 3290K, capacity 3437K, committed 3456K, reserved 1048576K
}
Event: 42.757 GC heap before
{Heap before GC invocations=8 (full 0):
 garbage-first heap   total 65536K, used 45037K [0x0000000701200000, 0x0000000800000000)
  region size 2048K, 19 young (38912K), 2 survivors (4096K)
 Metaspace       used 30870K, capacity 31225K, committed 31484K, reserved 1077248K
  class space    used 3544K, capacity 3719K, committed 3840K, reserved 1048576K
}
Event: 42.766 GC heap after
{Heap after GC invocations=9 (full 0):
 garbage-first heap   total 65536K, used 12875K [0x0000000701200000, 0x0000000800000000)
  region size 2048K, 2 young (4096K), 2 survivors (4096K)
 Metaspace       used 30870K, capacity 31225K, committed 31484K, reserved 1077248K
  class space    used 3544K, capacity 3719K, committed 3840K, reserved 1048576K
}
Event: 48.811 GC heap before
{Heap before GC invocations=9 (full 0):
 garbage-first heap   total 65536K, used 47691K [0x0000000701200000, 0x0000000800000000)
  region size 2048K, 19 young (38912K), 2 survivors (4096K)
 Metaspace       used 33399K, capacity 33786K, committed 34044K, reserved 1079296K
  class space    used 3912K, capacity 4080K, committed 4096K, reserved 1048576K
}
Event: 48.821 GC heap after
{Heap after GC invocations=10 (full 0):
 garbage-first heap   total 65536K, used 13796K [0x0000000701200000, 0x0000000800000000)
  region size 2048K, 2 young (4096K), 2 survivors (4096K)
 Metaspace       used 33399K, capacity 33786K, committed 34044K, reserved 1079296K
  class space    used 3912K, capacity 4080K, committed 4096K, reserved 1048576K
}
Event: 52.159 GC heap before
{Heap before GC invocations=10 (full 0):
 garbage-first heap   total 65536K, used 38372K [0x0000000701200000, 0x0000000800000000)
  region size 2048K, 15 young (30720K), 2 survivors (4096K)
 Metaspace       used 35505K, capacity 35895K, committed 35964K, reserved 1081344K
  class space    used 4264K, capacity 4452K, committed 4480K, reserved 1048576K
}
Event: 52.172 GC heap after
{Heap after GC invocations=11 (full 0):
 garbage-first heap   total 65536K, used 15345K [0x0000000701200000, 0x0000000800000000)
  region size 2048K, 3 young (6144K), 3 survivors (6144K)
 Metaspace       used 35505K, capacity 35895K, committed 35964K, reserved 1081344K
  class space    used 4264K, capacity 4452K, committed 4480K, reserved 1048576K
}
Event: 52.936 GC heap before
{Heap before GC invocations=12 (full 0):
 garbage-first heap   total 65536K, used 17393K [0x0000000701200000, 0x0000000800000000)
  region size 2048K, 5 young (10240K), 3 survivors (6144K)
 Metaspace       used 35694K, capacity 36087K, committed 36220K, reserved 1081344K
  class space    used 4297K, capacity 4452K, committed 4480K, reserved 1048576K
}
Event: 52.947 GC heap after
{Heap after GC invocations=13 (full 0):
 garbage-first heap   total 65536K, used 15995K [0x0000000701200000, 0x0000000800000000)
  region size 2048K, 2 young (4096K), 2 survivors (4096K)
 Metaspace       used 35694K, capacity 36087K, committed 36220K, reserved 1081344K
  class space    used 4297K, capacity 4452K, committed 4480K, reserved 1048576K
}

Deoptimization events (20 events):
Event: 52.928 Thread 0x0000023dfa20b4c0 DEOPT PACKING pc=0x0000023d809383ec sp=0x000000cfc25fd400
Event: 52.928 Thread 0x0000023dfa20b4c0 DEOPT UNPACKING pc=0x0000023d8004e23f sp=0x000000cfc25fc898 mode 1
Event: 52.928 Thread 0x0000023dfa20b4c0 DEOPT PACKING pc=0x0000023d80932afc sp=0x000000cfc25fd4d0
Event: 52.928 Thread 0x0000023dfa20b4c0 DEOPT UNPACKING pc=0x0000023d8004e23f sp=0x000000cfc25fc988 mode 1
Event: 52.929 Thread 0x0000023dfa20b4c0 DEOPT PACKING pc=0x0000023d809383ec sp=0x000000cfc25fd4d0
Event: 52.929 Thread 0x0000023dfa20b4c0 DEOPT UNPACKING pc=0x0000023d8004e23f sp=0x000000cfc25fc968 mode 1
Event: 52.929 Thread 0x0000023dfa20b4c0 DEOPT PACKING pc=0x0000023d80932afc sp=0x000000cfc25fd5a0
Event: 52.929 Thread 0x0000023dfa20b4c0 DEOPT UNPACKING pc=0x0000023d8004e23f sp=0x000000cfc25fca58 mode 1
Event: 52.929 Thread 0x0000023dfa20b4c0 DEOPT PACKING pc=0x0000023d809383ec sp=0x000000cfc25fd110
Event: 52.929 Thread 0x0000023dfa20b4c0 DEOPT UNPACKING pc=0x0000023d8004e23f sp=0x000000cfc25fc5a8 mode 1
Event: 52.929 Thread 0x0000023dfa20b4c0 DEOPT PACKING pc=0x0000023d80932afc sp=0x000000cfc25fd1e0
Event: 52.929 Thread 0x0000023dfa20b4c0 DEOPT UNPACKING pc=0x0000023d8004e23f sp=0x000000cfc25fc698 mode 1
Event: 52.929 Thread 0x0000023dfa20b4c0 DEOPT PACKING pc=0x0000023d80adf224 sp=0x000000cfc25fdbf0
Event: 52.929 Thread 0x0000023dfa20b4c0 DEOPT UNPACKING pc=0x0000023d8004e23f sp=0x000000cfc25fd0c0 mode 1
Event: 52.931 Thread 0x0000023dfa20b4c0 DEOPT PACKING pc=0x0000023d809383ec sp=0x000000cfc25fc5e0
Event: 52.931 Thread 0x0000023dfa20b4c0 DEOPT UNPACKING pc=0x0000023d8004e23f sp=0x000000cfc25fba78 mode 1
Event: 52.931 Thread 0x0000023dfa20b4c0 DEOPT PACKING pc=0x0000023d80932afc sp=0x000000cfc25fc6b0
Event: 52.931 Thread 0x0000023dfa20b4c0 DEOPT UNPACKING pc=0x0000023d8004e23f sp=0x000000cfc25fbb68 mode 1
Event: 52.931 Thread 0x0000023dfa20b4c0 DEOPT PACKING pc=0x0000023d80adf224 sp=0x000000cfc25fd0c0
Event: 52.931 Thread 0x0000023dfa20b4c0 DEOPT UNPACKING pc=0x0000023d8004e23f sp=0x000000cfc25fc590 mode 1

Classes unloaded (0 events):
No events

Classes redefined (0 events):
No events

Internal exceptions (20 events):
Event: 49.103 Thread 0x0000023dfa20b4c0 Exception <a 'java/lang/ClassNotFoundException'{0x0000000710f53ce0}: org/springframework/beans/factory/config/BeanPostProcessorCustomizer> (0x0000000710f53ce0) 
thrown [./open/src/hotspot/share/classfile/systemDictionary.cpp, line 295]
Event: 49.103 Thread 0x0000023dfa20b4c0 Exception <a 'java/lang/ClassNotFoundException'{0x0000000710f59168}: org/springframework/beans/factory/BeanFactoryAwareCustomizer> (0x0000000710f59168) 
thrown [./open/src/hotspot/share/classfile/systemDictionary.cpp, line 295]
Event: 49.104 Thread 0x0000023dfa20b4c0 Exception <a 'java/lang/ClassNotFoundException'{0x0000000710f5e4d0}: org/springframework/beans/factory/AwareCustomizer> (0x0000000710f5e4d0) 
thrown [./open/src/hotspot/share/classfile/systemDictionary.cpp, line 295]
Event: 49.105 Thread 0x0000023dfa20b4c0 Exception <a 'java/lang/ClassNotFoundException'{0x0000000710f61c80}: org/springframework/core/OrderedCustomizer> (0x0000000710f61c80) 
thrown [./open/src/hotspot/share/classfile/systemDictionary.cpp, line 295]
Event: 49.105 Thread 0x0000023dfa20b4c0 Exception <a 'java/lang/ClassNotFoundException'{0x0000000710f663d0}: org/springframework/beans/factory/BeanClassLoaderAwareCustomizer> (0x0000000710f663d0) 
thrown [./open/src/hotspot/share/classfile/systemDictionary.cpp, line 295]
Event: 49.106 Thread 0x0000023dfa20b4c0 Exception <a 'java/lang/ClassNotFoundException'{0x0000000710f6ab90}: org/springframework/beans/factory/AwareCustomizer> (0x0000000710f6ab90) 
thrown [./open/src/hotspot/share/classfile/systemDictionary.cpp, line 295]
Event: 49.106 Thread 0x0000023dfa20b4c0 Exception <a 'java/lang/ClassNotFoundException'{0x0000000710f6e780}: org/springframework/aop/framework/AopInfrastructureBeanCustomizer> (0x0000000710f6e780) 
thrown [./open/src/hotspot/share/classfile/systemDictionary.cpp, line 295]
Event: 49.723 Thread 0x0000023dfa20b4c0 Exception <a 'java/lang/ClassNotFoundException'{0x000000070f258c20}: java/lang/ObjectCustomizer> (0x000000070f258c20) 
thrown [./open/src/hotspot/share/classfile/systemDictionary.cpp, line 295]
Event: 49.726 Thread 0x0000023dfa20b4c0 Exception <a 'java/lang/ClassNotFoundException'{0x000000070f260308}: org/springframework/transaction/annotation/AbstractTransactionManagementConfigurationCustomizer> (0x000000070f260308) 
thrown [./open/src/hotspot/share/classfile/systemDictionary.cpp, line 295]
Event: 49.727 Thread 0x0000023dfa20b4c0 Exception <a 'java/lang/ClassNotFoundException'{0x000000070f266a08}: org/springframework/transaction/annotation/ProxyTransactionManagementConfigurationCustomizer> (0x000000070f266a08) 
thrown [./open/src/hotspot/share/classfile/systemDictionary.cpp, line 295]
Event: 49.728 Thread 0x0000023dfa20b4c0 Exception <a 'java/lang/ClassNotFoundException'{0x000000070f26e800}: org/springframework/context/annotation/ImportAwareCustomizer> (0x000000070f26e800) 
thrown [./open/src/hotspot/share/classfile/systemDictionary.cpp, line 295]
Event: 49.731 Thread 0x0000023dfa20b4c0 Exception <a 'java/lang/ClassNotFoundException'{0x000000070f2733e0}: org/springframework/beans/factory/AwareCustomizer> (0x000000070f2733e0) 
thrown [./open/src/hotspot/share/classfile/systemDictionary.cpp, line 295]
Event: 49.875 Thread 0x0000023dfa20b4c0 Exception <a 'java/lang/NoSuchMethodError'{0x000000070450dc88}: 'java.lang.Object java.lang.invoke.DirectMethodHandle$Holder.invokeSpecialIFC(java.lang.Object, java.lang.Object, java.lang.Object)'> (0x000000070450dc88) 
thrown [./open/src/hotspot/share/interpreter/linkResolver.cpp, line 782]
Event: 51.363 Thread 0x0000023d99a30b00 Exception <a 'java/lang/reflect/InvocationTargetException'{0x00000007043f7688}> (0x00000007043f7688) 
thrown [./open/src/hotspot/share/runtime/reflection.cpp, line 1157]
Event: 51.532 Thread 0x0000023dfa20b4c0 Exception <a 'java/lang/NoSuchMethodError'{0x00000007043cf168}: 'int java.lang.invoke.DirectMethodHandle$Holder.invokeSpecial(java.lang.Object, java.lang.Object, java.lang.Object, java.lang.Object, java.lang.Object)'> (0x00000007043cf168) 
thrown [./open/src/hotspot/share/interpreter/linkResolver.cpp, line 782]
Event: 51.653 Thread 0x0000023dfa20b4c0 Exception <a 'java/lang/NoSuchMethodError'{0x0000000703d44ef0}: 'void java.lang.invoke.DirectMethodHandle$Holder.invokeInterface(java.lang.Object, java.lang.Object, int)'> (0x0000000703d44ef0) 
thrown [./open/src/hotspot/share/interpreter/linkResolver.cpp, line 782]
Event: 51.655 Thread 0x0000023dfa20b4c0 Exception <a 'java/lang/NoSuchMethodError'{0x0000000703d60720}: 'int java.lang.invoke.DirectMethodHandle$Holder.invokeVirtual(java.lang.Object, java.lang.Object)'> (0x0000000703d60720) 
thrown [./open/src/hotspot/share/interpreter/linkResolver.cpp, line 782]
Event: 51.659 Thread 0x0000023dfa20b4c0 Exception <a 'java/lang/IncompatibleClassChangeError'{0x0000000703d9e570}: Found class java.lang.Object, but interface was expected> (0x0000000703d9e570) 
thrown [./open/src/hotspot/share/interpreter/linkResolver.cpp, line 848]
Event: 51.660 Thread 0x0000023dfa20b4c0 Exception <a 'java/lang/NoSuchMethodError'{0x0000000703da9b28}: 'void java.lang.invoke.DirectMethodHandle$Holder.invokeStatic(java.lang.Object, int, java.lang.Object)'> (0x0000000703da9b28) 
thrown [./open/src/hotspot/share/interpreter/linkResolver.cpp, line 782]
Event: 51.663 Thread 0x0000023dfa20b4c0 Exception <a 'java/lang/NoSuchMethodError'{0x0000000703dda530}: 'int java.lang.invoke.DirectMethodHandle$Holder.invokeSpecial(java.lang.Object, java.lang.Object, int)'> (0x0000000703dda530) 
thrown [./open/src/hotspot/share/interpreter/linkResolver.cpp, line 782]

Events (20 events):
Event: 52.932 loading class javax/net/ssl/SSLParameters done
Event: 52.932 loading class javax/net/ssl/SSLEngine
Event: 52.932 loading class javax/net/ssl/SSLEngine done
Event: 52.932 loading class javax/net/ssl/SSLEngineResult
Event: 52.932 loading class javax/net/ssl/SSLEngineResult done
Event: 52.932 loading class javax/net/ssl/SSLException
Event: 52.932 loading class javax/net/ssl/SSLException done
Event: 52.932 loading class javax/net/ssl/SSLSession
Event: 52.932 loading class javax/net/ssl/SSLSession done
Event: 52.932 loading class javax/net/ssl/SSLEngineResult$HandshakeStatus
Event: 52.932 loading class javax/net/ssl/SSLEngineResult$HandshakeStatus done
Event: 52.933 loading class java/nio/file/TempFileHelper
Event: 52.933 loading class java/nio/file/TempFileHelper done
Event: 52.934 loading class sun/nio/fs/WindowsPath$1
Event: 52.934 loading class sun/nio/fs/WindowsPath$1 done
Event: 52.934 loading class java/io/DeleteOnExitHook
Event: 52.934 loading class java/io/DeleteOnExitHook done
Event: 52.935 loading class java/io/DeleteOnExitHook$1
Event: 52.935 loading class java/io/DeleteOnExitHook$1 done
Event: 52.936 Executing VM operation: CollectForMetadataAllocation


Dynamic libraries:
0x00007ff7464c0000 - 0x00007ff7464cd000 	D:\ProgramFiles\SpringTools4\sts-4.10.0.RELEASE\plugins\org.eclipse.justj.openjdk.hotspot.jre.full.win32.x86_64_15.0.2.v20210201-0955\jre\bin\javaw.exe
0x00007ffd2dd50000 - 0x00007ffd2df45000 	C:\WINDOWS\SYSTEM32\ntdll.dll
0x00007ffd2c310000 - 0x00007ffd2c3cd000 	C:\WINDOWS\System32\KERNEL32.DLL
0x00007ffd2bab0000 - 0x00007ffd2bd78000 	C:\WINDOWS\System32\KERNELBASE.dll
0x00007ffd2b7a0000 - 0x00007ffd2b8a0000 	C:\WINDOWS\System32\ucrtbase.dll
0x00007ffd14250000 - 0x00007ffd14268000 	D:\ProgramFiles\SpringTools4\sts-4.10.0.RELEASE\plugins\org.eclipse.justj.openjdk.hotspot.jre.full.win32.x86_64_15.0.2.v20210201-0955\jre\bin\jli.dll
0x00007ffd2d860000 - 0x00007ffd2da00000 	C:\WINDOWS\System32\USER32.dll
0x00007ffd2bd80000 - 0x00007ffd2bda2000 	C:\WINDOWS\System32\win32u.dll
0x00007ffd2c090000 - 0x00007ffd2c0ba000 	C:\WINDOWS\System32\GDI32.dll
0x00007ffd2b8f0000 - 0x00007ffd2b9fb000 	C:\WINDOWS\System32\gdi32full.dll
0x00007ffd2b700000 - 0x00007ffd2b79d000 	C:\WINDOWS\System32\msvcp_win.dll
0x00007ffd01f50000 - 0x00007ffd01f69000 	D:\ProgramFiles\SpringTools4\sts-4.10.0.RELEASE\plugins\org.eclipse.justj.openjdk.hotspot.jre.full.win32.x86_64_15.0.2.v20210201-0955\jre\bin\VCRUNTIME140.dll
0x00007ffd1df60000 - 0x00007ffd1e1fa000 	C:\WINDOWS\WinSxS\amd64_microsoft.windows.common-controls_6595b64144ccf1df_6.0.19041.844_none_ca00b6081b84eb1d\COMCTL32.dll
0x00007ffd2d730000 - 0x00007ffd2d7ce000 	C:\WINDOWS\System32\msvcrt.dll
0x00007ffd2c480000 - 0x00007ffd2c4b0000 	C:\WINDOWS\System32\IMM32.DLL
0x00007ffd154a0000 - 0x00007ffd154ac000 	D:\ProgramFiles\SpringTools4\sts-4.10.0.RELEASE\plugins\org.eclipse.justj.openjdk.hotspot.jre.full.win32.x86_64_15.0.2.v20210201-0955\jre\bin\vcruntime140_1.dll
0x00007ffcdaa30000 - 0x00007ffcdaac1000 	D:\ProgramFiles\SpringTools4\sts-4.10.0.RELEASE\plugins\org.eclipse.justj.openjdk.hotspot.jre.full.win32.x86_64_15.0.2.v20210201-0955\jre\bin\msvcp140.dll
0x00007ffcbc010000 - 0x00007ffcbcb6e000 	D:\ProgramFiles\SpringTools4\sts-4.10.0.RELEASE\plugins\org.eclipse.justj.openjdk.hotspot.jre.full.win32.x86_64_15.0.2.v20210201-0955\jre\bin\server\jvm.dll
0x00007ffd2c3d0000 - 0x00007ffd2c47c000 	C:\WINDOWS\System32\ADVAPI32.dll
0x00007ffd2c270000 - 0x00007ffd2c30b000 	C:\WINDOWS\System32\sechost.dll
0x00007ffd2dac0000 - 0x00007ffd2dbeb000 	C:\WINDOWS\System32\RPCRT4.dll
0x00007ffd2c4b0000 - 0x00007ffd2c4b8000 	C:\WINDOWS\System32\PSAPI.DLL
0x00007ffd1e570000 - 0x00007ffd1e597000 	C:\WINDOWS\SYSTEM32\WINMM.dll
0x00007ffd11b20000 - 0x00007ffd11b29000 	C:\WINDOWS\SYSTEM32\WSOCK32.dll
0x00007ffd2c0c0000 - 0x00007ffd2c12b000 	C:\WINDOWS\System32\WS2_32.dll
0x00007ffd21110000 - 0x00007ffd2111a000 	C:\WINDOWS\SYSTEM32\VERSION.dll
0x00007ffd29400000 - 0x00007ffd29412000 	C:\WINDOWS\SYSTEM32\kernel.appcore.dll
0x00007ffd15740000 - 0x00007ffd1574a000 	D:\ProgramFiles\SpringTools4\sts-4.10.0.RELEASE\plugins\org.eclipse.justj.openjdk.hotspot.jre.full.win32.x86_64_15.0.2.v20210201-0955\jre\bin\jimage.dll
0x00007ffd28cd0000 - 0x00007ffd28eb4000 	C:\WINDOWS\SYSTEM32\DBGHELP.DLL
0x00007ffd08170000 - 0x00007ffd0819c000 	C:\WINDOWS\SYSTEM32\dbgcore.DLL
0x00007ffd2b520000 - 0x00007ffd2b5a0000 	C:\WINDOWS\System32\bcryptPrimitives.dll
0x00007ffd02900000 - 0x00007ffd02939000 	D:\ProgramFiles\SpringTools4\sts-4.10.0.RELEASE\plugins\org.eclipse.justj.openjdk.hotspot.jre.full.win32.x86_64_15.0.2.v20210201-0955\jre\bin\jdwp.dll
0x00007ffd15640000 - 0x00007ffd1564e000 	D:\ProgramFiles\SpringTools4\sts-4.10.0.RELEASE\plugins\org.eclipse.justj.openjdk.hotspot.jre.full.win32.x86_64_15.0.2.v20210201-0955\jre\bin\instrument.dll
0x00007ffcff4d0000 - 0x00007ffcff4f5000 	D:\ProgramFiles\SpringTools4\sts-4.10.0.RELEASE\plugins\org.eclipse.justj.openjdk.hotspot.jre.full.win32.x86_64_15.0.2.v20210201-0955\jre\bin\java.dll
0x00007ffd02dc0000 - 0x00007ffd02dd8000 	D:\ProgramFiles\SpringTools4\sts-4.10.0.RELEASE\plugins\org.eclipse.justj.openjdk.hotspot.jre.full.win32.x86_64_15.0.2.v20210201-0955\jre\bin\zip.dll
0x00007ffd2c960000 - 0x00007ffd2d0a2000 	C:\WINDOWS\System32\SHELL32.dll
0x00007ffd29590000 - 0x00007ffd29d21000 	C:\WINDOWS\SYSTEM32\windows.storage.dll
0x00007ffd2c600000 - 0x00007ffd2c955000 	C:\WINDOWS\System32\combase.dll
0x00007ffd2ae30000 - 0x00007ffd2ae5c000 	C:\WINDOWS\SYSTEM32\Wldp.dll
0x00007ffd2bf10000 - 0x00007ffd2bfbe000 	C:\WINDOWS\System32\SHCORE.dll
0x00007ffd2d0b0000 - 0x00007ffd2d105000 	C:\WINDOWS\System32\shlwapi.dll
0x00007ffd2b3d0000 - 0x00007ffd2b3ef000 	C:\WINDOWS\SYSTEM32\profapi.dll
0x00007ffd26070000 - 0x00007ffd2607b000 	D:\ProgramFiles\SpringTools4\sts-4.10.0.RELEASE\plugins\org.eclipse.justj.openjdk.hotspot.jre.full.win32.x86_64_15.0.2.v20210201-0955\jre\bin\dt_socket.dll
0x00007ffd2a8d0000 - 0x00007ffd2a90b000 	C:\WINDOWS\SYSTEM32\IPHLPAPI.DLL
0x00007ffd2ac10000 - 0x00007ffd2ac7a000 	C:\WINDOWS\system32\mswsock.dll
0x00007ffd2a910000 - 0x00007ffd2a9dc000 	C:\WINDOWS\SYSTEM32\DNSAPI.dll
0x00007ffd2dbf0000 - 0x00007ffd2dbf8000 	C:\WINDOWS\System32\NSI.dll
0x00007ffd22f40000 - 0x00007ffd22f4a000 	C:\Windows\System32\rasadhlp.dll
0x00007ffd19800000 - 0x00007ffd1987f000 	C:\WINDOWS\System32\fwpuclnt.dll
0x00007ffd2b4f0000 - 0x00007ffd2b517000 	C:\WINDOWS\System32\bcrypt.dll
0x00007ffd00540000 - 0x00007ffd00559000 	D:\ProgramFiles\SpringTools4\sts-4.10.0.RELEASE\plugins\org.eclipse.justj.openjdk.hotspot.jre.full.win32.x86_64_15.0.2.v20210201-0955\jre\bin\net.dll
0x00007ffd19ff0000 - 0x00007ffd1a0fb000 	C:\WINDOWS\SYSTEM32\WINHTTP.dll
0x00007ffcfe430000 - 0x00007ffcfe442000 	D:\ProgramFiles\SpringTools4\sts-4.10.0.RELEASE\plugins\org.eclipse.justj.openjdk.hotspot.jre.full.win32.x86_64_15.0.2.v20210201-0955\jre\bin\nio.dll
0x00007ffd14de0000 - 0x00007ffd14de9000 	D:\ProgramFiles\SpringTools4\sts-4.10.0.RELEASE\plugins\org.eclipse.justj.openjdk.hotspot.jre.full.win32.x86_64_15.0.2.v20210201-0955\jre\bin\management.dll
0x00007ffd08350000 - 0x00007ffd0835b000 	D:\ProgramFiles\SpringTools4\sts-4.10.0.RELEASE\plugins\org.eclipse.justj.openjdk.hotspot.jre.full.win32.x86_64_15.0.2.v20210201-0955\jre\bin\management_ext.dll
0x00007ffd085e0000 - 0x00007ffd085f7000 	C:\WINDOWS\system32\napinsp.dll
0x00007ffd085c0000 - 0x00007ffd085db000 	C:\WINDOWS\system32\pnrpnsp.dll
0x00007ffd25520000 - 0x00007ffd25535000 	C:\WINDOWS\system32\wshbth.dll
0x00007ffd25f20000 - 0x00007ffd25f3d000 	C:\WINDOWS\system32\NLAapi.dll
0x00007ffd083f0000 - 0x00007ffd08402000 	C:\WINDOWS\System32\winrnr.dll
0x00007ffd2b160000 - 0x00007ffd2b178000 	C:\WINDOWS\SYSTEM32\CRYPTSP.dll
0x00007ffd2a560000 - 0x00007ffd2a594000 	C:\WINDOWS\system32\rsaenh.dll
0x00007ffd2b390000 - 0x00007ffd2b3be000 	C:\WINDOWS\SYSTEM32\USERENV.dll
0x00007ffd2ad90000 - 0x00007ffd2ad9c000 	C:\WINDOWS\SYSTEM32\CRYPTBASE.dll
0x00007ffd234d0000 - 0x00007ffd234e7000 	C:\WINDOWS\SYSTEM32\dhcpcsvc6.DLL
0x00007ffd22f90000 - 0x00007ffd22fad000 	C:\WINDOWS\SYSTEM32\dhcpcsvc.DLL
0x00007ffd15630000 - 0x00007ffd15640000 	D:\ProgramFiles\SpringTools4\sts-4.10.0.RELEASE\plugins\org.eclipse.justj.openjdk.hotspot.jre.full.win32.x86_64_15.0.2.v20210201-0955\jre\bin\verify.dll

dbghelp: loaded successfully - version: 4.0.5 - missing functions: none
symbol engine: initialized successfully - sym options: 0x614 - pdb path: .;D:\ProgramFiles\SpringTools4\sts-4.10.0.RELEASE\plugins\org.eclipse.justj.openjdk.hotspot.jre.full.win32.x86_64_15.0.2.v20210201-0955\jre\bin;C:\WINDOWS\SYSTEM32;C:\WINDOWS\WinSxS\amd64_microsoft.windows.common-controls_6595b64144ccf1df_6.0.19041.844_none_ca00b6081b84eb1d;D:\ProgramFiles\SpringTools4\sts-4.10.0.RELEASE\plugins\org.eclipse.justj.openjdk.hotspot.jre.full.win32.x86_64_15.0.2.v20210201-0955\jre\bin\server

VM Arguments:
jvm_args: -XX:+ShowCodeDetailsInExceptionMessages -agentlib:jdwp=transport=dt_socket,suspend=y,address=localhost:56216 -Dcom.sun.management.jmxremote -Dcom.sun.management.jmxremote.port=55986 -Dcom.sun.management.jmxremote.authenticate=false -Dcom.sun.management.jmxremote.ssl=false -Djava.rmi.server.hostname=localhost -Dspring.jmx.enabled=true -Dspring.application.admin.enabled=true -XX:TieredStopAtLevel=1 -Dspring.boot.project.name=Bank -javaagent:D:\ProgramFiles\SpringTools4\sts-4.10.0.RELEASE\configuration\org.eclipse.osgi\254\0\.cp\lib\javaagent-shaded.jar -Dfile.encoding=Cp1252 
java_command: com.intership.bank.BankApplication --spring.output.ansi.enabled=always
java_class_path (initial): D:\MyData\Camilo\workspace\Java\workspace-spring-tool-suite-4-4.10.0.RELEASE\Bank\bin\main;C:\Users\camilo\.gradle\caches\modules-2\files-2.1\org.projectlombok\lombok\1.18.20\18bcea7d5df4d49227b4a0743a536208ce4825bb\lombok-1.18.20.jar;C:\Users\camilo\.gradle\caches\modules-2\files-2.1\io.springfox\springfox-swagger2\2.9.2\362676bc7f4c6f9f1d568741becab0dfc198c898\springfox-swagger2-2.9.2.jar;C:\Users\camilo\.gradle\caches\modules-2\files-2.1\io.springfox\springfox-swagger-ui\2.9.2\d542382a88ff3ea8d4032c28b2b0325797fada7d\springfox-swagger-ui-2.9.2.jar;C:\Users\camilo\.gradle\caches\modules-2\files-2.1\org.springframework.boot\spring-boot-starter-web\2.4.5\93cf2655557534e35723fbafa069bed2ee125832\spring-boot-starter-web-2.4.5.jar;C:\Users\camilo\.gradle\caches\modules-2\files-2.1\org.springframework.boot\spring-boot-starter-data-jpa\2.4.5\cba91e070e601c55eec0d8a1948dcca15703ad37\spring-boot-starter-data-jpa-2.4.5.jar;C:\Users\camilo\.gradle\caches\modules-2\files-2.1\com.oracle.database.jdbc\ojdbc10\19.10.0.0\4174e8d8acc29676b9d0784a61138408da7f626b\ojdbc10-19.10.0.0.jar;C:\Users\camilo\.gradle\caches\modules-2\files-2.1\io.springfox\springfox-swagger-common\2.9.2\b38a41b3044af80cb7f41f67be5d158c9f6491ec\springfox-swagger-common-2.9.2.jar;C:\Users\camilo\.gradle\caches\modules-2\files-2.1\io.swagger\swagger-models\1.5.20\fb3a23bad80c5ed84db9dd150db2cba699531458\swagger-models-1.5.20.jar;C:\Users\camilo\.gradle\caches\modules-2\files-2.1\io.swagger\swagger-annotations\1.5.20\16051f93ce11ca489a5313775d825f82fcc2cd6c\swagger-annotations-1.5.20.jar;C:\Users\camilo\.gradle\caches\modules-2\files-2.1\io.springfox\springfox-schema\2.9.2\e268f38774b16bb51a92ccaef0dcf3dc651c0cee\springfox-schema-2.9.2.jar;C:\Users\camilo\.gradle\caches\modules-2\files-2.1\io.springfox\springfox-spring-web\2.9.2\ed2ed714a6cba8804d00f80f0534901e4c7a3211\springfox-spring-web-2.9.2.jar;C:\Users\camilo\.gradle\caches\modules-2\files-2.1\io.springfox\springfox-spi\2.9.2\
Launcher Type: SUN_STANDARD

[Global flags]
     intx CICompilerCount                          = 4                                         {product} {ergonomic}
     uint ConcGCThreads                            = 2                                         {product} {ergonomic}
     uint G1ConcRefinementThreads                  = 8                                         {product} {ergonomic}
   size_t G1HeapRegionSize                         = 2097152                                   {product} {ergonomic}
    uintx GCDrainStackTargetSize                   = 64                                        {product} {ergonomic}
   size_t InitialHeapSize                          = 268435456                                 {product} {ergonomic}
     bool ManagementServer                         = true                                      {product} {command line}
   size_t MarkStackSize                            = 4194304                                   {product} {ergonomic}
   size_t MaxHeapSize                              = 4276092928                                {product} {ergonomic}
   size_t MaxNewSize                               = 2564816896                                {product} {ergonomic}
   size_t MinHeapDeltaBytes                        = 2097152                                   {product} {ergonomic}
   size_t MinHeapSize                              = 8388608                                   {product} {ergonomic}
    uintx NonNMethodCodeHeapSize                   = 7549744                                {pd product} {ergonomic}
    uintx NonProfiledCodeHeapSize                  = 244108496                              {pd product} {ergonomic}
    uintx ProfiledCodeHeapSize                     = 0                                      {pd product} {ergonomic}
    uintx ReservedCodeCacheSize                    = 251658240                              {pd product} {ergonomic}
     bool SegmentedCodeCache                       = true                                      {product} {ergonomic}
     bool ShowCodeDetailsInExceptionMessages       = true                                   {manageable} {command line}
   size_t SoftMaxHeapSize                          = 4276092928                             {manageable} {ergonomic}
     intx TieredStopAtLevel                        = 1                                         {product} {command line}
     bool UseCompressedClassPointers               = true                                 {lp64_product} {ergonomic}
     bool UseCompressedOops                        = true                                 {lp64_product} {ergonomic}
     bool UseG1GC                                  = true                                      {product} {ergonomic}
     bool UseLargePagesIndividualAllocation        = false                                  {pd product} {ergonomic}

Logging:
Log output configuration:
 #0: stdout all=warning uptime,level,tags
 #1: stderr all=off uptime,level,tags

Environment Variables:
JAVA_HOME=C:\Program Files\Java\jdk-11.0.11
PATH=D:\ProgramFiles\SpringTools4\sts-4.10.0.RELEASE\plugins\org.eclipse.justj.openjdk.hotspot.jre.full.win32.x86_64_15.0.2.v20210201-0955\jre\bin;D:/ProgramFiles/SpringTools4/sts-4.10.0.RELEASE//plugins/org.eclipse.justj.openjdk.hotspot.jre.full.win32.x86_64_15.0.2.v20210201-0955/jre/bin/server;D:/ProgramFiles/SpringTools4/sts-4.10.0.RELEASE//plugins/org.eclipse.justj.openjdk.hotspot.jre.full.win32.x86_64_15.0.2.v20210201-0955/jre/bin;D:\ProgramFiles\Oracle\Oracle18c\dbhomeXE\bin;D:\ProgramFiles\Oracle18cXE\dbhomeXE\bin;C:\WINDOWS\system32;C:\WINDOWS;C:\WINDOWS\System32\Wbem;C:\WINDOWS\System32\WindowsPowerShell\v1.0\;D:\Archivos de Programa\Git\cmd;C:\WINDOWS\System32\OpenSSH\;C:\Program Files\NVIDIA Corporation\NVIDIA NvDLISR;C:\Program Files\Java\jdk-11.0.11\bin;C:\Python27;C:\Program Files\gradle-6.6\bin;C:\Users\camilo\AppData\Roaming\nvm;C:\Program Files\nodejs;C:\Program Files\Git\cmd;D:\ProgramFiles\xampp\php;C:\Program Files\mongodb4.0.20x64\bin;C:\WINDOWS\system32;C:\WINDOWS;C:\WINDOWS\System32\Wbem;C:\WINDOWS\System32\WindowsPowerShell\v1.0\;C:\WINDOWS\System32\OpenSSH\;C:\Program Files\dotnet\;C:\Program Files\Microsoft SQL Server\130\Tools\Binn\;C:\Program Files\Docker\Docker\resources\bin;C:\ProgramData\DockerDesktop\version-bin;D:\ProgramFiles\heroku\bin;C:\Program Files\MySQL\MySQL Shell 8.0\bin\;C:\Users\camilo\AppData\Local\Programs\Python\Python39\Scripts\;C:\Users\camilo\AppData\Local\Programs\Python\Python39\;C:\WINDOWS\system32;C:\WINDOWS;C:\WINDOWS\System32\Wbem;C:\WINDOWS\System32\WindowsPowerShell\v1.0\;D:\Archivos de Programa\Git\cmd;C:\WINDOWS\System32\OpenSSH\;C:\Program Files\NVIDIA Corporation\NVIDIA NvDLISR;C:\Python27;C:\Program Files\gradle-6.6\bin;C:\Users\camilo\AppData\Roaming\nvm;C:\Program Files\nodejs;C:\Program Files\dotnet\;C:\Program Files\Microsoft SQL Server\130\Tools\Binn\;C:\Program Files\Microsoft SQL Server\Client SDK\ODBC\170\Tools\Binn\;C:\Program Files\Git\cmd;C:\ProgramData\ComposerSetup\bin;C:\Program Files\mongodb4
USERNAME=camilo
OS=Windows_NT
PROCESSOR_IDENTIFIER=Intel64 Family 6 Model 158 Stepping 10, GenuineIntel



---------------  S Y S T E M  ---------------

OS:
 Windows 10 , 64 bit Build 19041 (10.0.19041.928)
OS uptime: 0 days 18:24 hours
HyperV virtualization detected

CPU: total 8 (initial active 8) (4 cores per cpu, 2 threads per core) family 6 model 158 stepping 10 microcode 0xde, cmov, cx8, fxsr, mmx, sse, sse2, sse3, ssse3, sse4.1, sse4.2, popcnt, vzeroupper, avx, avx2, aes, clmul, erms, 3dnowpref, lzcnt, ht, tsc, tscinvbit, bmi1, bmi2, adx, fma, clflush, clflushopt

Memory: 4k page, system-wide physical 16304M (471M free)
TotalPageFile size 31431M (AvailPageFile size 0M)
current process WorkingSet (physical memory assigned to process): 158M, peak: 158M
current process commit charge ("private bytes"): 193M, peak: 364M

vm_info: OpenJDK 64-Bit Server VM (15.0.2+7-27) for windows-amd64 JRE (15.0.2+7-27), built on Dec  7 2020 20:02:38 by "mach5one" with unknown MS VC++:1925

END.
