#
# A fatal error has been detected by the Java Runtime Environment:
#
#  EXCEPTION_ACCESS_VIOLATION (0xc0000005) at pc=0x00007ffcbc3613f3, pid=17040, tid=19352
#
# JRE version:  (15.0.2+7) (build )
# Java VM: OpenJDK 64-Bit Server VM (15.0.2+7-27, mixed mode, tiered, compressed oops, g1 gc, windows-amd64)
# Problematic frame:
# V  [jvm.dll+0x3513f3]
#
# No core dump will be written. Minidumps are not enabled by default on client versions of Windows
#
#

---------------  S U M M A R Y ------------

Command Line: -XX:+ShowCodeDetailsInExceptionMessages -agentlib:jdwp=transport=dt_socket,suspend=y,address=localhost:56105 -Dcom.sun.management.jmxremote -Dcom.sun.management.jmxremote.port=55996 -Dcom.sun.management.jmxremote.authenticate=false -Dcom.sun.management.jmxremote.ssl=false -Djava.rmi.server.hostname=localhost -Dspring.jmx.enabled=true -Dspring.application.admin.enabled=true -XX:TieredStopAtLevel=1 -Dspring.boot.project.name=Bank -javaagent:D:\ProgramFiles\SpringTools4\sts-4.10.0.RELEASE\configuration\org.eclipse.osgi\254\0\.cp\lib\javaagent-shaded.jar -Dfile.encoding=Cp1252 com.intership.bank.BankApplication --spring.output.ansi.enabled=always

Host: Intel(R) Core(TM) i5-9300H CPU @ 2.40GHz, 8 cores, 15G,  Windows 10 , 64 bit Build 19041 (10.0.19041.928)
Time: Wed May 12 09:23:15 2021 Hora est. Pacífico, Sudamérica elapsed time: 0.516278 seconds (0d 0h 0m 0s)

---------------  T H R E A D  ---------------

Current thread (0x000001a555638130):  JavaThread "Reference Handler" daemon [_thread_in_vm, id=19352, stack(0x000000448f100000,0x000000448f200000)]

Stack: [0x000000448f100000,0x000000448f200000],  sp=0x000000448f1ff380,  free space=1020k
Native frames: (J=compiled Java code, j=interpreted, Vv=VM code, C=native code)
V  [jvm.dll+0x3513f3]
V  [jvm.dll+0x62adc2]
V  [jvm.dll+0x351ed1]
V  [jvm.dll+0x352167]
V  [jvm.dll+0x3da791]
V  [jvm.dll+0x74495d]
V  [jvm.dll+0x73d75a]
